<?xml version="1.0" encoding="utf-8"?><testsuites><testsuite errors="0" failures="0" hostname="runner-kzzanpnu-project-12501706-concurrent-0" name="pytest" skipped="20" tests="168" time="13184.354" timestamp="2022-05-24T01:53:15.509879"><testcase classname="test_bootimg.TestBootImg" name="test_bootimg_creation" time="447.144" /><testcase classname="test_build.TestBuild" name="test_default_server_certificate" time="0.028" /><testcase classname="test_build.TestBuild" name="test_certificate_split" time="9.884" /><testcase classname="test_build.TestBuild" name="test_bootloader_embed" time="0.002"><skipped message="no supported filesystem in tar.bz2, ext4, mender, mender.bmap, uefiimg, uefiimg.bmap, uefiimg.bz2, ext4 (supports sdimg)" type="pytest.skip">/builds/Northern.tech/Mender/meta-mender/tests/acceptance/image-tests/tests/utils/fixtures/fixtures.py:595: no supported filesystem in tar.bz2, ext4, mender, mender.bmap, uefiimg, uefiimg.bmap, uefiimg.bz2, ext4 (supports sdimg)</skipped></testcase><testcase classname="test_build.TestBuild" name="test_image_rootfs_extra_space" time="150.122" /><testcase classname="test_build.TestBuild" name="test_tenant_token" time="166.451" /><testcase classname="test_build.TestBuild" name="test_artifact_signing_keys" time="194.401" /><testcase classname="test_build.TestBuild" name="test_state_scripts" time="173.780" /><testcase classname="test_build.TestBuild" name="test_preferred_versions[mender-client-3.2.0]" time="64.448" /><testcase classname="test_build.TestBuild" name="test_preferred_versions[mender-client-3.1.0]" time="66.740" /><testcase classname="test_build.TestBuild" name="test_preferred_versions[mender-client-3.2.1]" time="64.638" /><testcase classname="test_build.TestBuild" name="test_preferred_versions[mender-client-None]" time="42.988" /><testcase classname="test_build.TestBuild" name="test_preferred_versions[mender-client-native-3.2.0]" time="22.649" /><testcase classname="test_build.TestBuild" name="test_preferred_versions[mender-client-native-3.1.0]" time="23.970" /><testcase classname="test_build.TestBuild" name="test_preferred_versions[mender-client-native-3.2.1]" time="24.094" /><testcase classname="test_build.TestBuild" name="test_preferred_versions[mender-client-native-None]" time="22.271" /><testcase classname="test_build.TestBuild" name="test_preferred_versions[mender-artifact-native-3.7.0]" time="58.716" /><testcase classname="test_build.TestBuild" name="test_preferred_versions[mender-artifact-native-3.5.0]" time="59.872" /><testcase classname="test_build.TestBuild" name="test_preferred_versions[mender-artifact-native-3.7.1]" time="59.636" /><testcase classname="test_build.TestBuild" name="test_preferred_versions[mender-artifact-native-3.6.0]" time="59.270" /><testcase classname="test_build.TestBuild" name="test_preferred_versions[mender-artifact-native-3.5.1]" time="59.336" /><testcase classname="test_build.TestBuild" name="test_preferred_versions[mender-artifact-native-3.5.2]" time="59.030" /><testcase classname="test_build.TestBuild" name="test_preferred_versions[mender-artifact-native-3.6.1]" time="60.129" /><testcase classname="test_build.TestBuild" name="test_preferred_versions[mender-artifact-native-None]" time="38.812" /><testcase classname="test_build.TestBuild" name="test_preferred_versions[mender-connect-1.0.1]" time="127.695" /><testcase classname="test_build.TestBuild" name="test_preferred_versions[mender-connect-1.0.2]" time="78.001" /><testcase classname="test_build.TestBuild" name="test_preferred_versions[mender-connect-2.0.1]" time="79.951" /><testcase classname="test_build.TestBuild" name="test_preferred_versions[mender-connect-1.1.0]" time="83.609" /><testcase classname="test_build.TestBuild" name="test_preferred_versions[mender-connect-2.0.0]" time="81.050" /><testcase classname="test_build.TestBuild" name="test_preferred_versions[mender-connect-1.2.1]" time="81.461" /><testcase classname="test_build.TestBuild" name="test_preferred_versions[mender-connect-1.0.0]" time="78.356" /><testcase classname="test_build.TestBuild" name="test_preferred_versions[mender-connect-1.2.0]" time="86.176" /><testcase classname="test_build.TestBuild" name="test_preferred_versions[mender-connect-1.0.3]" time="82.878" /><testcase classname="test_build.TestBuild" name="test_preferred_versions[mender-connect-1.1.1]" time="82.649" /><testcase classname="test_build.TestBuild" name="test_preferred_versions[mender-connect-None]" time="48.121" /><testcase classname="test_build.TestBuild" name="test_preferred_versions[mender-configure-1.0.1]" time="77.041" /><testcase classname="test_build.TestBuild" name="test_preferred_versions[mender-configure-1.0.3]" time="72.676" /><testcase classname="test_build.TestBuild" name="test_preferred_versions[mender-configure-1.0.2]" time="76.257" /><testcase classname="test_build.TestBuild" name="test_preferred_versions[mender-configure-1.0.0]" time="75.985" /><testcase classname="test_build.TestBuild" name="test_preferred_versions[mender-configure-None]" time="52.233" /><testcase classname="test_build.TestBuild" name="test_multiple_device_types_compatible" time="190.960" /><testcase classname="test_build.TestBuild" name="test_various_mtd_combinations[Default-test_case0]" time="0.002"><skipped message="incompatible machine vexpress-qemu (required vexpress-qemu-flash)" type="pytest.skip">/builds/Northern.tech/Mender/meta-mender/tests/acceptance/image-tests/tests/utils/fixtures/fixtures.py:550: incompatible machine vexpress-qemu (required vexpress-qemu-flash)</skipped></testcase><testcase classname="test_build.TestBuild" name="test_various_mtd_combinations[custom_mtdids-test_case1]" time="0.001"><skipped message="incompatible machine vexpress-qemu (required vexpress-qemu-flash)" type="pytest.skip">/builds/Northern.tech/Mender/meta-mender/tests/acceptance/image-tests/tests/utils/fixtures/fixtures.py:550: incompatible machine vexpress-qemu (required vexpress-qemu-flash)</skipped></testcase><testcase classname="test_build.TestBuild" name="test_various_mtd_combinations[multiple_mtdids_no_selected_one-test_case2]" time="0.001"><skipped message="incompatible machine vexpress-qemu (required vexpress-qemu-flash)" type="pytest.skip">/builds/Northern.tech/Mender/meta-mender/tests/acceptance/image-tests/tests/utils/fixtures/fixtures.py:550: incompatible machine vexpress-qemu (required vexpress-qemu-flash)</skipped></testcase><testcase classname="test_build.TestBuild" name="test_various_mtd_combinations[multiple_mtdids_and_selected_one-test_case3]" time="0.001"><skipped message="incompatible machine vexpress-qemu (required vexpress-qemu-flash)" type="pytest.skip">/builds/Northern.tech/Mender/meta-mender/tests/acceptance/image-tests/tests/utils/fixtures/fixtures.py:550: incompatible machine vexpress-qemu (required vexpress-qemu-flash)</skipped></testcase><testcase classname="test_build.TestBuild" name="test_various_mtd_combinations[multiple_mtdparts-test_case4]" time="0.001"><skipped message="incompatible machine vexpress-qemu (required vexpress-qemu-flash)" type="pytest.skip">/builds/Northern.tech/Mender/meta-mender/tests/acceptance/image-tests/tests/utils/fixtures/fixtures.py:550: incompatible machine vexpress-qemu (required vexpress-qemu-flash)</skipped></testcase><testcase classname="test_build.TestBuild" name="test_boot_partition_population" time="286.461" /><testcase classname="test_build.TestBuild" name="test_module_install" time="227.478" /><testcase classname="test_build.TestBuild" name="test_correct_partition_types" time="0.090" /><testcase classname="test_build.TestBuild" name="test_build_artifact_depends_and_provides[dependsprovides0]" time="191.802" /><testcase classname="test_build.TestBuild" name="test_build_artifact_depends_and_provides[dependsprovides1]" time="66.380" /><testcase classname="test_build.TestBuild" name="test_build_artifact_depends_and_provides[dependsprovides2]" time="67.058" /><testcase classname="test_build.TestBuild" name="test_build_artifact_depends_and_provides[dependsprovides3]" time="66.663" /><testcase classname="test_build.TestBuild" name="test_build_artifact_depends_and_provides[dependsprovides4]" time="65.681" /><testcase classname="test_build.TestBuild" name="test_extra_parts" time="202.167" /><testcase classname="test_build.TestBuild" name="test_build_nodbus" time="77.658" /><testcase classname="test_build.TestBuild" name="test_mender_inventory_network_scripts" time="389.484" /><testcase classname="test_build.TestBuild" name="test_mender_dbus_interface_file" time="184.421" /><testcase classname="test_dataimg.TestDataImg" name="test_dataimg_creation" time="197.207" /><testcase classname="test_dbus.TestDBus" name="test_dbus_system_configuration_file" time="242.255" /><testcase classname="test_dbus.TestDBus" name="test_dbus_non_root_access" time="99.688" /><testcase classname="test_dbus.TestDBus" name="test_dbus_get_jwt_token" time="80.099" /><testcase classname="test_dbus.TestDBus" name="test_dbus_fetch_jwt_token" time="52.272" /><testcase classname="test_inventory.TestInventory" name="test_rootfs_type" time="0.532" /><testcase classname="test_inventory.TestInventory" name="test_bootloader_integration" time="0.545" /><testcase classname="test_inventory.TestInventory" name="test_inventory_os" time="10.667" /><testcase classname="test_mender-artifact.TestMenderArtifact" name="test_order[2]" time="88.823" /><testcase classname="test_mender-artifact.TestMenderArtifact" name="test_order[3]" time="42.163" /><testcase classname="test_mender-artifact.TestMenderArtifact" name="test_files_list_integrity[2]" time="42.800" /><testcase classname="test_mender-artifact.TestMenderArtifact" name="test_files_list_integrity[3]" time="43.716" /><testcase classname="test_mender-artifact.TestMenderArtifact" name="test_files_checksum_integrity[2]" time="43.950" /><testcase classname="test_mender-artifact.TestMenderArtifact" name="test_files_checksum_integrity[3]" time="42.920" /><testcase classname="test_mender-artifact.TestMenderArtifact" name="test_artifacts_validation[2]" time="43.562" /><testcase classname="test_mender-artifact.TestMenderArtifact" name="test_artifacts_validation[3]" time="43.568" /><testcase classname="test_mender-artifact.TestMenderArtifact" name="test_artifacts_rootfs_size[2]" time="42.626" /><testcase classname="test_mender-artifact.TestMenderArtifact" name="test_artifacts_rootfs_size[3]" time="43.463" /><testcase classname="test_mender-connect.TestMenderConnect" name="test_mender_connect_auth_changes" time="57.027" /><testcase classname="test_mender-connect.TestMenderConnect" name="test_mender_connect_reconnect" time="156.037" /><testcase classname="test_os_integration.TestOsIntegration" name="test_syslogger" time="145.795" /><testcase classname="test_snapshot.TestSnapshot" name="test_basic_snapshot[compression0]" time="155.522" /><testcase classname="test_snapshot.TestSnapshot" name="test_basic_snapshot[compression1]" time="395.155" /><testcase classname="test_snapshot.TestSnapshot" name="test_snapshot_device_file" time="160.249" /><testcase classname="test_snapshot.TestSnapshot" name="test_snapshot_inactive" time="84.968" /><testcase classname="test_snapshot.TestSnapshot" name="test_snapshot_avoid_deadlock" time="82.777" /><testcase classname="test_snapshot.TestSnapshot" name="test_snapshot_using_mender_artifact[]" time="158.598" /><testcase classname="test_snapshot.TestSnapshot" name="test_snapshot_using_mender_artifact[screen -D -m -L -Logfile screen.log.tmp]" time="162.710" /><testcase classname="test_snapshot.TestSnapshot" name="test_snapshot_using_mender_artifact_no_sudo[]" time="159.977" /><testcase classname="test_snapshot.TestSnapshot" name="test_snapshot_using_mender_artifact_no_sudo[screen -D -m -L -Logfile screen.log.tmp]" time="157.850" /><testcase classname="test_ubimg.TestUbimg" name="test_total_size" time="0.009"><skipped message="no supported filesystem in tar.bz2, ext4, mender, mender.bmap, uefiimg, uefiimg.bmap, uefiimg.bz2, ext4 (supports ubimg)" type="pytest.skip">/builds/Northern.tech/Mender/meta-mender/tests/acceptance/image-tests/tests/utils/fixtures/fixtures.py:595: no supported filesystem in tar.bz2, ext4, mender, mender.bmap, uefiimg, uefiimg.bmap, uefiimg.bz2, ext4 (supports ubimg)</skipped></testcase><testcase classname="test_ubimg.TestUbimg" name="test_volumes" time="0.001"><skipped message="no supported filesystem in tar.bz2, ext4, mender, mender.bmap, uefiimg, uefiimg.bmap, uefiimg.bz2, ext4 (supports ubimg)" type="pytest.skip">/builds/Northern.tech/Mender/meta-mender/tests/acceptance/image-tests/tests/utils/fixtures/fixtures.py:595: no supported filesystem in tar.bz2, ext4, mender, mender.bmap, uefiimg, uefiimg.bmap, uefiimg.bz2, ext4 (supports ubimg)</skipped></testcase><testcase classname="test_ubimg.TestUbimg" name="test_volume_contents" time="0.002"><skipped message="no supported filesystem in tar.bz2, ext4, mender, mender.bmap, uefiimg, uefiimg.bmap, uefiimg.bz2, ext4 (supports ubimg)" type="pytest.skip">/builds/Northern.tech/Mender/meta-mender/tests/acceptance/image-tests/tests/utils/fixtures/fixtures.py:595: no supported filesystem in tar.bz2, ext4, mender, mender.bmap, uefiimg, uefiimg.bmap, uefiimg.bz2, ext4 (supports ubimg)</skipped></testcase><testcase classname="test_ubimg.TestUbimg" name="test_equal_checksum_ubimg_and_artifact" time="0.759"><skipped message="no supported filesystem in tar.bz2, ext4, mender, mender.bmap, uefiimg, uefiimg.bmap, uefiimg.bz2, ext4 (supports ubimg)" type="pytest.skip">/builds/Northern.tech/Mender/meta-mender/tests/acceptance/image-tests/tests/utils/fixtures/fixtures.py:595: no supported filesystem in tar.bz2, ext4, mender, mender.bmap, uefiimg, uefiimg.bmap, uefiimg.bz2, ext4 (supports ubimg)</skipped></testcase><testcase classname="test_uboot_automation.TestUbootAutomation" name="test_uboot_compile" time="0.001"><skipped message="no supported distro feature in mender-testing-enabled, mender-efi-boot, mender-grub, mender-image, mender-image-uefi, mender-client-install, mender-systemd, mender-growfs-data, acl, alsa, argp, bluetooth, ext2, ipv4, ipv6, largefile, pcmcia, usbgadget, usbhost, wifi, xattr, nfs, zeroconf, pci, 3g, nfc, x11, vfat, largefile, opengl, ptest, multiarch, wayland, vulkan, pulseaudio, gobject-introspection-data, ldconfig, systemd (supports mender-uboot)" type="pytest.skip">/builds/Northern.tech/Mender/meta-mender/tests/acceptance/image-tests/tests/utils/fixtures/fixtures.py:624: no supported distro feature in mender-testing-enabled, mender-efi-boot, mender-grub, mender-image, mender-image-uefi, mender-client-install, mender-systemd, mender-growfs-data, acl, alsa, argp, bluetooth, ext2, ipv4, ipv6, largefile, pcmcia, usbgadget, usbhost, wifi, xattr, nfs, zeroconf, pci, 3g, nfc, x11, vfat, largefile, opengl, ptest, multiarch, wayland, vulkan, pulseaudio, gobject-introspection-data, ldconfig, systemd (supports mender-uboot)</skipped></testcase><testcase classname="test_uboot_automation.TestUbootAutomation" name="test_older_uboot_build" time="0.001"><skipped message="no supported filesystem in tar.bz2, ext4, mender, mender.bmap, uefiimg, uefiimg.bmap, uefiimg.bz2, ext4 (supports sdimg)" type="pytest.skip">/builds/Northern.tech/Mender/meta-mender/tests/acceptance/image-tests/tests/utils/fixtures/fixtures.py:595: no supported filesystem in tar.bz2, ext4, mender, mender.bmap, uefiimg, uefiimg.bmap, uefiimg.bz2, ext4 (supports sdimg)</skipped></testcase><testcase classname="test_uboot_automation.TestUbootAutomation" name="test_save_mender_auto_configured_patch" time="0.001"><skipped message="no supported distro feature in mender-testing-enabled, mender-efi-boot, mender-grub, mender-image, mender-image-uefi, mender-client-install, mender-systemd, mender-growfs-data, acl, alsa, argp, bluetooth, ext2, ipv4, ipv6, largefile, pcmcia, usbgadget, usbhost, wifi, xattr, nfs, zeroconf, pci, 3g, nfc, x11, vfat, largefile, opengl, ptest, multiarch, wayland, vulkan, pulseaudio, gobject-introspection-data, ldconfig, systemd (supports mender-uboot)" type="pytest.skip">/builds/Northern.tech/Mender/meta-mender/tests/acceptance/image-tests/tests/utils/fixtures/fixtures.py:624: no supported distro feature in mender-testing-enabled, mender-efi-boot, mender-grub, mender-image, mender-image-uefi, mender-client-install, mender-systemd, mender-growfs-data, acl, alsa, argp, bluetooth, ext2, ipv4, ipv6, largefile, pcmcia, usbgadget, usbhost, wifi, xattr, nfs, zeroconf, pci, 3g, nfc, x11, vfat, largefile, opengl, ptest, multiarch, wayland, vulkan, pulseaudio, gobject-introspection-data, ldconfig, systemd (supports mender-uboot)</skipped></testcase><testcase classname="test_uboot_automation.TestUbootAutomation" name="test_incorrect_Kconfig_setting" time="0.002"><skipped message="no supported distro feature in mender-testing-enabled, mender-efi-boot, mender-grub, mender-image, mender-image-uefi, mender-client-install, mender-systemd, mender-growfs-data, acl, alsa, argp, bluetooth, ext2, ipv4, ipv6, largefile, pcmcia, usbgadget, usbhost, wifi, xattr, nfs, zeroconf, pci, 3g, nfc, x11, vfat, largefile, opengl, ptest, multiarch, wayland, vulkan, pulseaudio, gobject-introspection-data, ldconfig, systemd (supports mender-ubi)" type="pytest.skip">/builds/Northern.tech/Mender/meta-mender/tests/acceptance/image-tests/tests/utils/fixtures/fixtures.py:624: no supported distro feature in mender-testing-enabled, mender-efi-boot, mender-grub, mender-image, mender-image-uefi, mender-client-install, mender-systemd, mender-growfs-data, acl, alsa, argp, bluetooth, ext2, ipv4, ipv6, largefile, pcmcia, usbgadget, usbhost, wifi, xattr, nfs, zeroconf, pci, 3g, nfc, x11, vfat, largefile, opengl, ptest, multiarch, wayland, vulkan, pulseaudio, gobject-introspection-data, ldconfig, systemd (supports mender-ubi)</skipped></testcase><testcase classname="test_update_control.TestUpdateControl" name="test_update_control_maps[Empty map-case0]" time="64.178" /><testcase classname="test_update_control.TestUpdateControl" name="test_update_control_maps[Fail in ArtifactInstall_Enter-case1]" time="78.882" /><testcase classname="test_update_control.TestUpdateControl" name="test_update_control_maps[Fail in ArtifactReboot_Enter-case2]" time="107.425" /><testcase classname="test_update_control.TestUpdateControl" name="test_update_control_maps[Fail in ArtifactCommit_Enter-case3]" time="70.627" /><testcase classname="test_update_control.TestUpdateControl" name="test_update_control_maps[Pause in ArtifactInstall_Enter-case4]" time="84.586" /><testcase classname="test_update_control.TestUpdateControl" name="test_update_control_maps[Pause in ArtifactReboot_Enter-case5]" time="92.023" /><testcase classname="test_update_control.TestUpdateControl" name="test_update_control_maps[Pause in ArtifactCommit_Enter-case6]" time="87.709" /><testcase classname="test_update_control.TestUpdateControl" name="test_update_control_maps[Expire in ArtifactInstall_Enter-case7]" time="195.990" /><testcase classname="test_update_control.TestUpdateControl" name="test_update_control_maps[Reboot and expire in ArtifactInstall_Enter-case8]" time="123.915" /><testcase classname="test_update_control.TestUpdateControl" name="test_update_control_maps[Continue, then fail in ArtifactInstall_Enter-case9]" time="86.279" /><testcase classname="test_update_control.TestUpdateControl" name="test_update_control_maps[continue with higher priority-case10]" time="77.162" /><testcase classname="test_update_control.TestUpdateControl" name="test_update_control_maps[force_continue with higher priority-case11]" time="80.908" /><testcase classname="test_update_control.TestUpdateControl" name="test_update_control_maps[force_continue with lower priority-case12]" time="73.749" /><testcase classname="test_update_control.TestUpdateControl" name="test_update_control_maps[Expired and purged map-case13]" time="195.038" /><testcase classname="test_update_control.TestUpdateControl" name="test_invalid_update_control_map" time="43.449" /><testcase classname="test_update_control.TestUpdateControl" name="test_update_control_map_cleanup[Cleanup after success-case0]" time="128.694" /><testcase classname="test_update_control.TestUpdateControl" name="test_update_control_map_cleanup[Cleanup after failure-case1]" time="106.962" /><testcase classname="test_update_control.TestUpdateControl" name="test_many_state_transitions_with_update_control" time="179.799" /><testcase classname="commercial.test_delta_update_module.TestDeltaUpdateModule" name="test_build_and_run_module" time="161.585" /><testcase classname="commercial.test_delta_update_module.TestDeltaUpdateModule" name="test_runtime_checksum" time="431.850" /><testcase classname="commercial.test_delta_update_module.TestDeltaUpdateModule" name="test_perform_update" time="0.002"><skipped message="incompatible machine vexpress-qemu" type="pytest.skip">/builds/Northern.tech/Mender/meta-mender/tests/acceptance/image-tests/tests/utils/fixtures/fixtures.py:572: incompatible machine vexpress-qemu</skipped></testcase><testcase classname="commercial.test_mender_gateway.TestMenderGateway" name="test_build_mender_gateway" time="168.370" /><testcase classname="commercial.test_monitor_addon.TestMonitorAddon" name="test_build_addon" time="165.259" /><testcase classname="image-tests.tests.test_part_image.TestMostPartitionImages" name="test_total_size" time="9.726" /><testcase classname="image-tests.tests.test_part_image.TestMostPartitionImages" name="test_partition_alignment" time="19.877" /><testcase classname="image-tests.tests.test_part_image.TestMostPartitionImages" name="test_device_type" time="0.909" /><testcase classname="image-tests.tests.test_part_image.TestMostPartitionImages" name="test_data_ownership" time="0.924" /><testcase classname="image-tests.tests.test_part_image.TestMostPartitionImages" name="test_fstab_correct" time="3.631" /><testcase classname="image-tests.tests.test_part_image.TestMostPartitionImages" name="test_mender_grubenv" time="0.154" /><testcase classname="image-tests.tests.test_part_image.TestMostPartitionImages" name="test_split_mender_conf" time="1.563" /><testcase classname="image-tests.tests.test_part_image.TestMostPartitionImages" name="test_expected_data_dirs" time="1.044" /><testcase classname="image-tests.tests.test_part_image.TestAllPartitionImages" name="test_equal_checksum_part_image_and_artifact" time="7.350" /><testcase classname="image-tests.tests.test_rootfs.TestRootfs" name="test_expected_files_ext234" time="0.054" /><testcase classname="image-tests.tests.test_rootfs.TestRootfs" name="test_expected_files_ext234_mender_connect" time="0.023" /><testcase classname="image-tests.tests.test_rootfs.TestRootfs" name="test_expected_files_ext234_mender_configure" time="0.038" /><testcase classname="image-tests.tests.test_rootfs.TestRootfs" name="test_expected_files_ext234_mender_monitor" time="0.002"><skipped message="Test only applicable for mender-convert images." type="pytest.skip">/builds/Northern.tech/Mender/meta-mender/tests/acceptance/image-tests/tests/test_rootfs.py:247: Test only applicable for mender-convert images.</skipped></testcase><testcase classname="image-tests.tests.test_rootfs.TestRootfs" name="test_expected_files_ubifs" time="0.009"><skipped message="no supported filesystem in tar.bz2, ext4, mender, mender.bmap, uefiimg, uefiimg.bmap, uefiimg.bz2, ext4 (supports ubifs)" type="pytest.skip">/builds/Northern.tech/Mender/meta-mender/tests/acceptance/image-tests/tests/utils/fixtures/fixtures.py:595: no supported filesystem in tar.bz2, ext4, mender, mender.bmap, uefiimg, uefiimg.bmap, uefiimg.bz2, ext4 (supports ubifs)</skipped></testcase><testcase classname="image-tests.tests.test_rootfs.TestRootfs" name="test_unconfigured_image" time="0.001"><skipped message="no supported distro feature in mender-testing-enabled, mender-efi-boot, mender-grub, mender-image, mender-image-uefi, mender-client-install, mender-systemd, mender-growfs-data, acl, alsa, argp, bluetooth, ext2, ipv4, ipv6, largefile, pcmcia, usbgadget, usbhost, wifi, xattr, nfs, zeroconf, pci, 3g, nfc, x11, vfat, largefile, opengl, ptest, multiarch, wayland, vulkan, pulseaudio, gobject-introspection-data, ldconfig, systemd (supports mender-convert)" type="pytest.skip">/builds/Northern.tech/Mender/meta-mender/tests/acceptance/image-tests/tests/utils/fixtures/fixtures.py:624: no supported distro feature in mender-testing-enabled, mender-efi-boot, mender-grub, mender-image, mender-image-uefi, mender-client-install, mender-systemd, mender-growfs-data, acl, alsa, argp, bluetooth, ext2, ipv4, ipv6, largefile, pcmcia, usbgadget, usbhost, wifi, xattr, nfs, zeroconf, pci, 3g, nfc, x11, vfat, largefile, opengl, ptest, multiarch, wayland, vulkan, pulseaudio, gobject-introspection-data, ldconfig, systemd (supports mender-convert)</skipped></testcase><testcase classname="image-tests.tests.test_secure_boot.TestSecureBoot" name="test_secure_boot_enabled" time="392.675"><skipped message="MEN-5253: Secure Boot not yet working for Yocto" type="pytest.skip">/builds/Northern.tech/Mender/meta-mender/tests/acceptance/image-tests/tests/test_secure_boot.py:24: MEN-5253: Secure Boot not yet working for Yocto</skipped></testcase><testcase classname="image-tests.tests.test_update.TestUpdates" name="test_broken_image_update" time="85.951" /><testcase classname="image-tests.tests.test_update.TestUpdates" name="test_image_update_broken_kernel" time="336.365" /><testcase classname="image-tests.tests.test_update.TestUpdates" name="test_too_big_image_update" time="47.886" /><testcase classname="image-tests.tests.test_update.TestUpdates" name="test_network_based_image_update" time="379.019" /><testcase classname="image-tests.tests.test_update.TestUpdates" name="test_signed_updates[sig_case0]" time="31.344" /><testcase classname="image-tests.tests.test_update.TestUpdates" name="test_signed_updates[sig_case1]" time="39.601" /><testcase classname="image-tests.tests.test_update.TestUpdates" name="test_signed_updates[sig_case2]" time="25.779" /><testcase classname="image-tests.tests.test_update.TestUpdates" name="test_signed_updates[sig_case3]" time="44.415" /><testcase classname="image-tests.tests.test_update.TestUpdates" name="test_signed_updates[sig_case4]" time="26.452" /><testcase classname="image-tests.tests.test_update.TestUpdates" name="test_signed_updates[sig_case5]" time="34.183" /><testcase classname="image-tests.tests.test_update.TestUpdates" name="test_signed_updates[sig_case6]" time="27.907" /><testcase classname="image-tests.tests.test_update.TestUpdates" name="test_signed_updates[sig_case7]" time="14.858" /><testcase classname="image-tests.tests.test_update.TestUpdates" name="test_signed_updates[sig_case8]" time="24.559" /><testcase classname="image-tests.tests.test_update.TestUpdates" name="test_signed_updates[sig_case9]" time="16.563" /><testcase classname="image-tests.tests.test_update.TestUpdates" name="test_signed_updates[sig_case10]" time="20.671" /><testcase classname="image-tests.tests.test_update.TestUpdates" name="test_signed_updates[sig_case11]" time="14.577" /><testcase classname="image-tests.tests.test_update.TestUpdates" name="test_signed_updates[sig_case12]" time="24.791" /><testcase classname="image-tests.tests.test_update.TestUpdates" name="test_signed_updates[sig_case13]" time="25.538" /><testcase classname="image-tests.tests.test_update.TestUpdates" name="test_signed_updates[sig_case14]" time="14.679" /><testcase classname="image-tests.tests.test_update.TestUpdates" name="test_signed_updates[sig_case15]" time="24.334" /><testcase classname="image-tests.tests.test_update.TestUpdates" name="test_signed_updates[sig_case16]" time="14.440" /><testcase classname="image-tests.tests.test_update.TestUpdates" name="test_signed_updates[sig_case17]" time="20.547" /><testcase classname="image-tests.tests.test_update.TestUpdates" name="test_signed_updates[sig_case18]" time="25.802" /><testcase classname="image-tests.tests.test_update.TestUpdates" name="test_signed_updates[sig_case19]" time="14.621" /><testcase classname="image-tests.tests.test_update.TestUpdates" name="test_signed_updates[sig_case20]" time="25.802" /><testcase classname="image-tests.tests.test_update.TestUpdates" name="test_signed_updates[sig_case21]" time="16.220" /><testcase classname="image-tests.tests.test_update.TestUpdates" name="test_signed_updates[sig_case22]" time="19.052" /><testcase classname="image-tests.tests.test_update.TestUpdates" name="test_signed_updates[sig_case23]" time="15.132" /><testcase classname="image-tests.tests.test_update.TestUpdates" name="test_redundant_grub_env" time="140.311" /><testcase classname="image-tests.tests.test_update.TestUpdates" name="test_uboot_mender_saveenv_canary" time="0.534"><skipped message="no supported distro feature in mender-testing-enabled, mender-efi-boot, mender-grub, mender-image, mender-image-uefi, mender-client-install, mender-systemd, mender-growfs-data, acl, alsa, argp, bluetooth, ext2, ipv4, ipv6, largefile, pcmcia, usbgadget, usbhost, wifi, xattr, nfs, zeroconf, pci, 3g, nfc, x11, vfat, largefile, opengl, ptest, multiarch, wayland, vulkan, pulseaudio, gobject-introspection-data, ldconfig, systemd (supports mender-uboot)" type="pytest.skip">/builds/Northern.tech/Mender/meta-mender/tests/acceptance/image-tests/tests/utils/fixtures/fixtures.py:624: no supported distro feature in mender-testing-enabled, mender-efi-boot, mender-grub, mender-image, mender-image-uefi, mender-client-install, mender-systemd, mender-growfs-data, acl, alsa, argp, bluetooth, ext2, ipv4, ipv6, largefile, pcmcia, usbgadget, usbhost, wifi, xattr, nfs, zeroconf, pci, 3g, nfc, x11, vfat, largefile, opengl, ptest, multiarch, wayland, vulkan, pulseaudio, gobject-introspection-data, ldconfig, systemd (supports mender-uboot)</skipped></testcase><testcase classname="image-tests.tests.test_update.TestUpdates" name="test_standalone_update_rollback" time="12.425" /><testcase classname="image-tests.tests.test_update_modules.TestUpdateModules" name="test_directory_update_module" time="43.117" /><testcase classname="image-tests.tests.test_update_modules.TestUpdateModules" name="test_single_file_update_module" time="86.385" /></testsuite></testsuites>