<?xml version="1.0" encoding="utf-8"?><testsuites><testsuite errors="49" failures="6" hostname="runner-kzzanpnu-project-12501706-concurrent-0" name="pytest" skipped="19" tests="168" time="7577.796" timestamp="2022-05-25T01:52:44.644987"><testcase classname="test_bootimg.TestBootImg" name="test_bootimg_creation" time="459.909" /><testcase classname="test_build.TestBuild" name="test_default_server_certificate" time="0.021" /><testcase classname="test_build.TestBuild" name="test_certificate_split" time="9.854" /><testcase classname="test_build.TestBuild" name="test_bootloader_embed" time="0.002"><skipped message="no supported filesystem in tar.bz2, ext4, mender, mender.bmap, uefiimg, uefiimg.bmap, uefiimg.bz2, ext4 (supports sdimg)" type="pytest.skip">/builds/Northern.tech/Mender/meta-mender/tests/acceptance/image-tests/tests/utils/fixtures/fixtures.py:595: no supported filesystem in tar.bz2, ext4, mender, mender.bmap, uefiimg, uefiimg.bmap, uefiimg.bz2, ext4 (supports sdimg)</skipped></testcase><testcase classname="test_build.TestBuild" name="test_image_rootfs_extra_space" time="155.997" /><testcase classname="test_build.TestBuild" name="test_tenant_token" time="170.015" /><testcase classname="test_build.TestBuild" name="test_artifact_signing_keys" time="196.501" /><testcase classname="test_build.TestBuild" name="test_state_scripts" time="177.362" /><testcase classname="test_build.TestBuild" name="test_preferred_versions[mender-client-3.2.0]" time="66.705" /><testcase classname="test_build.TestBuild" name="test_preferred_versions[mender-client-3.1.0]" time="64.754" /><testcase classname="test_build.TestBuild" name="test_preferred_versions[mender-client-3.2.1]" time="63.363" /><testcase classname="test_build.TestBuild" name="test_preferred_versions[mender-client-None]" time="41.871" /><testcase classname="test_build.TestBuild" name="test_preferred_versions[mender-client-native-3.2.0]" time="22.625" /><testcase classname="test_build.TestBuild" name="test_preferred_versions[mender-client-native-3.1.0]" time="21.961" /><testcase classname="test_build.TestBuild" name="test_preferred_versions[mender-client-native-3.2.1]" time="22.500" /><testcase classname="test_build.TestBuild" name="test_preferred_versions[mender-client-native-None]" time="21.459" /><testcase classname="test_build.TestBuild" name="test_preferred_versions[mender-artifact-native-3.7.0]" time="56.653" /><testcase classname="test_build.TestBuild" name="test_preferred_versions[mender-artifact-native-3.5.0]" time="56.297" /><testcase classname="test_build.TestBuild" name="test_preferred_versions[mender-artifact-native-3.7.1]" time="58.420" /><testcase classname="test_build.TestBuild" name="test_preferred_versions[mender-artifact-native-3.6.0]" time="57.015" /><testcase classname="test_build.TestBuild" name="test_preferred_versions[mender-artifact-native-3.5.1]" time="57.499" /><testcase classname="test_build.TestBuild" name="test_preferred_versions[mender-artifact-native-3.5.2]" time="56.944" /><testcase classname="test_build.TestBuild" name="test_preferred_versions[mender-artifact-native-3.6.1]" time="56.884" /><testcase classname="test_build.TestBuild" name="test_preferred_versions[mender-artifact-native-None]" time="37.305" /><testcase classname="test_build.TestBuild" name="test_preferred_versions[mender-connect-1.0.1]" time="127.631" /><testcase classname="test_build.TestBuild" name="test_preferred_versions[mender-connect-1.0.2]" time="74.721" /><testcase classname="test_build.TestBuild" name="test_preferred_versions[mender-connect-2.0.1]" time="76.928" /><testcase classname="test_build.TestBuild" name="test_preferred_versions[mender-connect-1.1.0]" time="76.245" /><testcase classname="test_build.TestBuild" name="test_preferred_versions[mender-connect-2.0.0]" time="76.646" /><testcase classname="test_build.TestBuild" name="test_preferred_versions[mender-connect-1.2.1]" time="78.352" /><testcase classname="test_build.TestBuild" name="test_preferred_versions[mender-connect-1.0.0]" time="75.234" /><testcase classname="test_build.TestBuild" name="test_preferred_versions[mender-connect-1.2.0]" time="75.471" /><testcase classname="test_build.TestBuild" name="test_preferred_versions[mender-connect-1.0.3]" time="74.671" /><testcase classname="test_build.TestBuild" name="test_preferred_versions[mender-connect-1.1.1]" time="76.666" /><testcase classname="test_build.TestBuild" name="test_preferred_versions[mender-connect-None]" time="44.750" /><testcase classname="test_build.TestBuild" name="test_preferred_versions[mender-configure-1.0.1]" time="70.714" /><testcase classname="test_build.TestBuild" name="test_preferred_versions[mender-configure-1.0.3]" time="66.136" /><testcase classname="test_build.TestBuild" name="test_preferred_versions[mender-configure-1.0.2]" time="72.237" /><testcase classname="test_build.TestBuild" name="test_preferred_versions[mender-configure-1.0.0]" time="72.083" /><testcase classname="test_build.TestBuild" name="test_preferred_versions[mender-configure-None]" time="45.809" /><testcase classname="test_build.TestBuild" name="test_multiple_device_types_compatible" time="173.815" /><testcase classname="test_build.TestBuild" name="test_various_mtd_combinations[Default-test_case0]" time="0.002"><skipped message="incompatible machine vexpress-qemu (required vexpress-qemu-flash)" type="pytest.skip">/builds/Northern.tech/Mender/meta-mender/tests/acceptance/image-tests/tests/utils/fixtures/fixtures.py:550: incompatible machine vexpress-qemu (required vexpress-qemu-flash)</skipped></testcase><testcase classname="test_build.TestBuild" name="test_various_mtd_combinations[custom_mtdids-test_case1]" time="0.001"><skipped message="incompatible machine vexpress-qemu (required vexpress-qemu-flash)" type="pytest.skip">/builds/Northern.tech/Mender/meta-mender/tests/acceptance/image-tests/tests/utils/fixtures/fixtures.py:550: incompatible machine vexpress-qemu (required vexpress-qemu-flash)</skipped></testcase><testcase classname="test_build.TestBuild" name="test_various_mtd_combinations[multiple_mtdids_no_selected_one-test_case2]" time="0.001"><skipped message="incompatible machine vexpress-qemu (required vexpress-qemu-flash)" type="pytest.skip">/builds/Northern.tech/Mender/meta-mender/tests/acceptance/image-tests/tests/utils/fixtures/fixtures.py:550: incompatible machine vexpress-qemu (required vexpress-qemu-flash)</skipped></testcase><testcase classname="test_build.TestBuild" name="test_various_mtd_combinations[multiple_mtdids_and_selected_one-test_case3]" time="0.001"><skipped message="incompatible machine vexpress-qemu (required vexpress-qemu-flash)" type="pytest.skip">/builds/Northern.tech/Mender/meta-mender/tests/acceptance/image-tests/tests/utils/fixtures/fixtures.py:550: incompatible machine vexpress-qemu (required vexpress-qemu-flash)</skipped></testcase><testcase classname="test_build.TestBuild" name="test_various_mtd_combinations[multiple_mtdparts-test_case4]" time="0.001"><skipped message="incompatible machine vexpress-qemu (required vexpress-qemu-flash)" type="pytest.skip">/builds/Northern.tech/Mender/meta-mender/tests/acceptance/image-tests/tests/utils/fixtures/fixtures.py:550: incompatible machine vexpress-qemu (required vexpress-qemu-flash)</skipped></testcase><testcase classname="test_build.TestBuild" name="test_boot_partition_population" time="279.116" /><testcase classname="test_build.TestBuild" name="test_module_install" time="259.482" /><testcase classname="test_build.TestBuild" name="test_correct_partition_types" time="0.082" /><testcase classname="test_build.TestBuild" name="test_build_artifact_depends_and_provides[dependsprovides0]" time="192.937" /><testcase classname="test_build.TestBuild" name="test_build_artifact_depends_and_provides[dependsprovides1]" time="63.186" /><testcase classname="test_build.TestBuild" name="test_build_artifact_depends_and_provides[dependsprovides2]" time="65.460" /><testcase classname="test_build.TestBuild" name="test_build_artifact_depends_and_provides[dependsprovides3]" time="65.089" /><testcase classname="test_build.TestBuild" name="test_build_artifact_depends_and_provides[dependsprovides4]" time="67.441" /><testcase classname="test_build.TestBuild" name="test_extra_parts" time="193.581" /><testcase classname="test_build.TestBuild" name="test_build_nodbus" time="50.075"><failure message="subprocess.CalledProcessError: Command 'cd /builds/Northern.tech/Mender &amp;&amp; . oe-init-build-env /builds/Northern.tech/Mender/build-vexpress-qemu-uboot-uefi-grub/test-build-1en1ol3s &amp;&amp; bitbake mender-client' returned non-zero exit status 1.">self = &lt;test_build.TestBuild object at 0x7fda1de392b0&gt;
request = &lt;FixtureRequest for &lt;Function test_build_nodbus&gt;&gt;
prepared_test_build = {'bitbake_corebase': '/builds/Northern.tech/Mender', 'build_dir': '/builds/Northern.tech/Mender/build-vexpress-qemu-uboot-uefi-grub/test-build-1en1ol3s'}
bitbake_path = '/builds/Northern.tech/Mender/build-vexpress-qemu-uboot-uefi-grub/tmp/sysroots-uninative/x86_64-linux/usr/bin:/builds/...r/bin:/sbin:/bin:/snap/bin:/builds/Northern.tech/Mender/go/bin:/builds/Northern.tech/Mender/mender-binary-delta/x86_64'

    @pytest.mark.min_mender_version("1.0.0")
    def test_build_nodbus(self, request, prepared_test_build, bitbake_path):
        """Test that we can remove dbus from PACKAGECONFIG, and that this causes the
        library dependency to be gone. The opposite is not tested, since we
        assume failure to link to the library will be caught in other tests that
        test DBus functionality."""
    
        build_image(
            prepared_test_build["build_dir"],
            prepared_test_build["bitbake_corebase"],
            "mender-client",
&gt;           ['PACKAGECONFIG_remove = "dbus"'],
        )

test_build.py:1154: 
_ _ _ _ _ _ _ _ _ _ _ _ _ _ _ _ _ _ _ _ _ _ _ _ _ _ _ _ _ _ _ _ _ _ _ _ _ _ _ _ 
image-tests/tests/utils/common/common.py:403: in build_image
    _run_bitbake(bitbake_image, init_env_cmd, capture)
_ _ _ _ _ _ _ _ _ _ _ _ _ _ _ _ _ _ _ _ _ _ _ _ _ _ _ _ _ _ _ _ _ _ _ _ _ _ _ _ 

target = 'mender-client'
env_setup_cmd = 'cd /builds/Northern.tech/Mender &amp;&amp; . oe-init-build-env /builds/Northern.tech/Mender/build-vexpress-qemu-uboot-uefi-grub/test-build-1en1ol3s'
capture = False

    def _run_bitbake(target, env_setup_cmd, capture=False):
        cmd = "%s &amp;&amp; bitbake %s" % (env_setup_cmd, target)
        ps = run_verbose(cmd, capture=subprocess.PIPE)
        output = ""
        try:
            # Cannot use for loop here due to buffering and iterators.
            while True:
                line = ps.stdout.readline().decode()
                if not line:
                    break
    
                if line.find("is not a recognized MENDER_ variable") &gt;= 0:
                    pytest.fail(
                        "Found variable which is not in mender-vars.json: %s" % line.strip()
                    )
    
                if capture:
                    output += line
                else:
                    sys.stdout.write(line)
        finally:
            # Empty any remaining lines.
            try:
                if capture:
                    output += ps.stdout.readlines().decode()
                else:
                    ps.stdout.readlines()
            except:
                pass
            ps.wait()
            if ps.returncode != 0:
                e = subprocess.CalledProcessError(ps.returncode, cmd)
                if capture:
                    e.output = output
&gt;               raise e
E               subprocess.CalledProcessError: Command 'cd /builds/Northern.tech/Mender &amp;&amp; . oe-init-build-env /builds/Northern.tech/Mender/build-vexpress-qemu-uboot-uefi-grub/test-build-1en1ol3s &amp;&amp; bitbake mender-client' returned non-zero exit status 1.

image-tests/tests/utils/common/common.py:440: CalledProcessError</failure></testcase><testcase classname="test_build.TestBuild" name="test_mender_inventory_network_scripts" time="77.472"><failure message="subprocess.CalledProcessError: Command 'cd /builds/Northern.tech/Mender &amp;&amp; . oe-init-build-env /builds/Northern.tech/Mender/build-vexpress-qemu-uboot-uefi-grub/test-build-1en1ol3s &amp;&amp; bitbake core-image-full-cmdline' returned non-zero exit status 1.">self = &lt;test_build.TestBuild object at 0x7fda1de490b8&gt;
request = &lt;FixtureRequest for &lt;Function test_mender_inventory_network_scripts&gt;&gt;
prepared_test_build = {'bitbake_corebase': '/builds/Northern.tech/Mender', 'build_dir': '/builds/Northern.tech/Mender/build-vexpress-qemu-uboot-uefi-grub/test-build-1en1ol3s'}
bitbake_image = 'core-image-full-cmdline'

    @pytest.mark.min_mender_version("2.5.0")
    @pytest.mark.only_with_image("ext4")
    def test_mender_inventory_network_scripts(
        self, request, prepared_test_build, bitbake_image
    ):
        """
        Test the 'inventory-network-scripts' build feature configuration through
        'PACKAGECONFIG' is working as expected.
    
        This verifies that the 'inventory-network-scripts' option is a part
        build, and also that the inventory scripts are not included when
        removed.
    
    
        The test only runs for sdimg, as the build image should not really matter here.
        """
    
        #
        # Feature enabled
        #
        reset_build_conf(prepared_test_build["build_dir"])
        build_image(
            prepared_test_build["build_dir"],
            prepared_test_build["bitbake_corebase"],
            bitbake_image,
&gt;           ['PACKAGECONFIG_append_pn-mender-client = " inventory-network-scripts"'],
        )

test_build.py:1205: 
_ _ _ _ _ _ _ _ _ _ _ _ _ _ _ _ _ _ _ _ _ _ _ _ _ _ _ _ _ _ _ _ _ _ _ _ _ _ _ _ 
image-tests/tests/utils/common/common.py:403: in build_image
    _run_bitbake(bitbake_image, init_env_cmd, capture)
_ _ _ _ _ _ _ _ _ _ _ _ _ _ _ _ _ _ _ _ _ _ _ _ _ _ _ _ _ _ _ _ _ _ _ _ _ _ _ _ 

target = 'core-image-full-cmdline'
env_setup_cmd = 'cd /builds/Northern.tech/Mender &amp;&amp; . oe-init-build-env /builds/Northern.tech/Mender/build-vexpress-qemu-uboot-uefi-grub/test-build-1en1ol3s'
capture = False

    def _run_bitbake(target, env_setup_cmd, capture=False):
        cmd = "%s &amp;&amp; bitbake %s" % (env_setup_cmd, target)
        ps = run_verbose(cmd, capture=subprocess.PIPE)
        output = ""
        try:
            # Cannot use for loop here due to buffering and iterators.
            while True:
                line = ps.stdout.readline().decode()
                if not line:
                    break
    
                if line.find("is not a recognized MENDER_ variable") &gt;= 0:
                    pytest.fail(
                        "Found variable which is not in mender-vars.json: %s" % line.strip()
                    )
    
                if capture:
                    output += line
                else:
                    sys.stdout.write(line)
        finally:
            # Empty any remaining lines.
            try:
                if capture:
                    output += ps.stdout.readlines().decode()
                else:
                    ps.stdout.readlines()
            except:
                pass
            ps.wait()
            if ps.returncode != 0:
                e = subprocess.CalledProcessError(ps.returncode, cmd)
                if capture:
                    e.output = output
&gt;               raise e
E               subprocess.CalledProcessError: Command 'cd /builds/Northern.tech/Mender &amp;&amp; . oe-init-build-env /builds/Northern.tech/Mender/build-vexpress-qemu-uboot-uefi-grub/test-build-1en1ol3s &amp;&amp; bitbake core-image-full-cmdline' returned non-zero exit status 1.

image-tests/tests/utils/common/common.py:440: CalledProcessError</failure></testcase><testcase classname="test_build.TestBuild" name="test_mender_dbus_interface_file" time="185.827" /><testcase classname="test_dataimg.TestDataImg" name="test_dataimg_creation" time="58.584"><failure message="subprocess.CalledProcessError: Command 'cd /builds/Northern.tech/Mender &amp;&amp; . oe-init-build-env /builds/Northern.tech/Mender/build-vexpress-qemu-uboot-uefi-grub/test-build-1en1ol3s &amp;&amp; bitbake core-image-full-cmdline' returned non-zero exit status 1.">self = &lt;test_dataimg.TestDataImg object at 0x7fda1deb3d30&gt;
request = &lt;FixtureRequest for &lt;Function test_dataimg_creation&gt;&gt;
bitbake_variables = {'ABIEXTENSION': 'eabi', 'ABIEXTENSION_class-nativesdk': '', 'ALLOW_EMPTY_core-image-minimal-dbg': '1', 'ALLOW_EMPTY_core-image-minimal-dev': '1', ...}
prepared_test_build = {'bitbake_corebase': '/builds/Northern.tech/Mender', 'build_dir': '/builds/Northern.tech/Mender/build-vexpress-qemu-uboot-uefi-grub/test-build-1en1ol3s'}
bitbake_image = 'core-image-full-cmdline'

    @pytest.mark.min_mender_version("1.0.0")
    def test_dataimg_creation(
        self, request, bitbake_variables, prepared_test_build, bitbake_image
    ):
        """Test that we can build a dataimg successfully."""
    
        build_image(
            prepared_test_build["build_dir"],
            prepared_test_build["bitbake_corebase"],
            bitbake_image,
&gt;           ['IMAGE_FSTYPES = "dataimg"'],
        )

test_dataimg.py:35: 
_ _ _ _ _ _ _ _ _ _ _ _ _ _ _ _ _ _ _ _ _ _ _ _ _ _ _ _ _ _ _ _ _ _ _ _ _ _ _ _ 
image-tests/tests/utils/common/common.py:403: in build_image
    _run_bitbake(bitbake_image, init_env_cmd, capture)
_ _ _ _ _ _ _ _ _ _ _ _ _ _ _ _ _ _ _ _ _ _ _ _ _ _ _ _ _ _ _ _ _ _ _ _ _ _ _ _ 

target = 'core-image-full-cmdline'
env_setup_cmd = 'cd /builds/Northern.tech/Mender &amp;&amp; . oe-init-build-env /builds/Northern.tech/Mender/build-vexpress-qemu-uboot-uefi-grub/test-build-1en1ol3s'
capture = False

    def _run_bitbake(target, env_setup_cmd, capture=False):
        cmd = "%s &amp;&amp; bitbake %s" % (env_setup_cmd, target)
        ps = run_verbose(cmd, capture=subprocess.PIPE)
        output = ""
        try:
            # Cannot use for loop here due to buffering and iterators.
            while True:
                line = ps.stdout.readline().decode()
                if not line:
                    break
    
                if line.find("is not a recognized MENDER_ variable") &gt;= 0:
                    pytest.fail(
                        "Found variable which is not in mender-vars.json: %s" % line.strip()
                    )
    
                if capture:
                    output += line
                else:
                    sys.stdout.write(line)
        finally:
            # Empty any remaining lines.
            try:
                if capture:
                    output += ps.stdout.readlines().decode()
                else:
                    ps.stdout.readlines()
            except:
                pass
            ps.wait()
            if ps.returncode != 0:
                e = subprocess.CalledProcessError(ps.returncode, cmd)
                if capture:
                    e.output = output
&gt;               raise e
E               subprocess.CalledProcessError: Command 'cd /builds/Northern.tech/Mender &amp;&amp; . oe-init-build-env /builds/Northern.tech/Mender/build-vexpress-qemu-uboot-uefi-grub/test-build-1en1ol3s &amp;&amp; bitbake core-image-full-cmdline' returned non-zero exit status 1.

image-tests/tests/utils/common/common.py:440: CalledProcessError</failure></testcase><testcase classname="test_dbus.TestDBus" name="test_dbus_system_configuration_file" time="45.056"><error message="failed on setup with &quot;subprocess.CalledProcessError: Command 'cd /builds/Northern.tech/Mender &amp;&amp; . oe-init-build-env /builds/Northern.tech/Mender/build-vexpress-qemu-uboot-uefi-grub/test-build-1en1ol3s &amp;&amp; bitbake core-image-full-cmdline' returned non-zero exit status 1.&quot;">request = &lt;SubRequest 'setup_board' for &lt;Function test_dbus_system_configuration_file&gt;&gt;
qemu_wrapper = '../../meta-mender-qemu/scripts/mender-qemu'
build_image_fn = &lt;function build_image_fn.&lt;locals&gt;.img_builder at 0x7fda1d1611e0&gt;
session_connection = &lt;Connection host=localhost user=root port=8822&gt;
board_type = 'vexpress-qemu-uboot-uefi-grub', conversion = False

    @pytest.fixture(scope="session")
    def setup_board(
        request, qemu_wrapper, build_image_fn, session_connection, board_type, conversion
    ):
    
        print("board type: ", board_type)
    
        if "qemu" in board_type:
&gt;           image_dir = build_image_fn()

image-tests/tests/utils/fixtures/fixtures.py:189: 
_ _ _ _ _ _ _ _ _ _ _ _ _ _ _ _ _ _ _ _ _ _ _ _ _ _ _ _ _ _ _ _ _ _ _ _ _ _ _ _ 
image-tests/tests/utils/fixtures/fixtures.py:377: in img_builder
    ['EXTRA_IMAGE_FEATURES_append = " ssh-server-openssh"',],
image-tests/tests/utils/common/common.py:403: in build_image
    _run_bitbake(bitbake_image, init_env_cmd, capture)
_ _ _ _ _ _ _ _ _ _ _ _ _ _ _ _ _ _ _ _ _ _ _ _ _ _ _ _ _ _ _ _ _ _ _ _ _ _ _ _ 

target = 'core-image-full-cmdline'
env_setup_cmd = 'cd /builds/Northern.tech/Mender &amp;&amp; . oe-init-build-env /builds/Northern.tech/Mender/build-vexpress-qemu-uboot-uefi-grub/test-build-1en1ol3s'
capture = False

    def _run_bitbake(target, env_setup_cmd, capture=False):
        cmd = "%s &amp;&amp; bitbake %s" % (env_setup_cmd, target)
        ps = run_verbose(cmd, capture=subprocess.PIPE)
        output = ""
        try:
            # Cannot use for loop here due to buffering and iterators.
            while True:
                line = ps.stdout.readline().decode()
                if not line:
                    break
    
                if line.find("is not a recognized MENDER_ variable") &gt;= 0:
                    pytest.fail(
                        "Found variable which is not in mender-vars.json: %s" % line.strip()
                    )
    
                if capture:
                    output += line
                else:
                    sys.stdout.write(line)
        finally:
            # Empty any remaining lines.
            try:
                if capture:
                    output += ps.stdout.readlines().decode()
                else:
                    ps.stdout.readlines()
            except:
                pass
            ps.wait()
            if ps.returncode != 0:
                e = subprocess.CalledProcessError(ps.returncode, cmd)
                if capture:
                    e.output = output
&gt;               raise e
E               subprocess.CalledProcessError: Command 'cd /builds/Northern.tech/Mender &amp;&amp; . oe-init-build-env /builds/Northern.tech/Mender/build-vexpress-qemu-uboot-uefi-grub/test-build-1en1ol3s &amp;&amp; bitbake core-image-full-cmdline' returned non-zero exit status 1.

image-tests/tests/utils/common/common.py:440: CalledProcessError</error></testcase><testcase classname="test_dbus.TestDBus" name="test_dbus_non_root_access" time="0.001"><error message="failed on setup with &quot;subprocess.CalledProcessError: Command 'cd /builds/Northern.tech/Mender &amp;&amp; . oe-init-build-env /builds/Northern.tech/Mender/build-vexpress-qemu-uboot-uefi-grub/test-build-1en1ol3s &amp;&amp; bitbake core-image-full-cmdline' returned non-zero exit status 1.&quot;">request = &lt;SubRequest 'setup_board' for &lt;Function test_dbus_system_configuration_file&gt;&gt;
qemu_wrapper = '../../meta-mender-qemu/scripts/mender-qemu'
build_image_fn = &lt;function build_image_fn.&lt;locals&gt;.img_builder at 0x7fda1d1611e0&gt;
session_connection = &lt;Connection host=localhost user=root port=8822&gt;
board_type = 'vexpress-qemu-uboot-uefi-grub', conversion = False

    @pytest.fixture(scope="session")
    def setup_board(
        request, qemu_wrapper, build_image_fn, session_connection, board_type, conversion
    ):
    
        print("board type: ", board_type)
    
        if "qemu" in board_type:
&gt;           image_dir = build_image_fn()

image-tests/tests/utils/fixtures/fixtures.py:189: 
_ _ _ _ _ _ _ _ _ _ _ _ _ _ _ _ _ _ _ _ _ _ _ _ _ _ _ _ _ _ _ _ _ _ _ _ _ _ _ _ 
image-tests/tests/utils/fixtures/fixtures.py:377: in img_builder
    ['EXTRA_IMAGE_FEATURES_append = " ssh-server-openssh"',],
image-tests/tests/utils/common/common.py:403: in build_image
    _run_bitbake(bitbake_image, init_env_cmd, capture)
_ _ _ _ _ _ _ _ _ _ _ _ _ _ _ _ _ _ _ _ _ _ _ _ _ _ _ _ _ _ _ _ _ _ _ _ _ _ _ _ 

target = 'core-image-full-cmdline'
env_setup_cmd = 'cd /builds/Northern.tech/Mender &amp;&amp; . oe-init-build-env /builds/Northern.tech/Mender/build-vexpress-qemu-uboot-uefi-grub/test-build-1en1ol3s'
capture = False

    def _run_bitbake(target, env_setup_cmd, capture=False):
        cmd = "%s &amp;&amp; bitbake %s" % (env_setup_cmd, target)
        ps = run_verbose(cmd, capture=subprocess.PIPE)
        output = ""
        try:
            # Cannot use for loop here due to buffering and iterators.
            while True:
                line = ps.stdout.readline().decode()
                if not line:
                    break
    
                if line.find("is not a recognized MENDER_ variable") &gt;= 0:
                    pytest.fail(
                        "Found variable which is not in mender-vars.json: %s" % line.strip()
                    )
    
                if capture:
                    output += line
                else:
                    sys.stdout.write(line)
        finally:
            # Empty any remaining lines.
            try:
                if capture:
                    output += ps.stdout.readlines().decode()
                else:
                    ps.stdout.readlines()
            except:
                pass
            ps.wait()
            if ps.returncode != 0:
                e = subprocess.CalledProcessError(ps.returncode, cmd)
                if capture:
                    e.output = output
&gt;               raise e
E               subprocess.CalledProcessError: Command 'cd /builds/Northern.tech/Mender &amp;&amp; . oe-init-build-env /builds/Northern.tech/Mender/build-vexpress-qemu-uboot-uefi-grub/test-build-1en1ol3s &amp;&amp; bitbake core-image-full-cmdline' returned non-zero exit status 1.

image-tests/tests/utils/common/common.py:440: CalledProcessError</error></testcase><testcase classname="test_dbus.TestDBus" name="test_dbus_get_jwt_token" time="0.001"><error message="failed on setup with &quot;subprocess.CalledProcessError: Command 'cd /builds/Northern.tech/Mender &amp;&amp; . oe-init-build-env /builds/Northern.tech/Mender/build-vexpress-qemu-uboot-uefi-grub/test-build-1en1ol3s &amp;&amp; bitbake core-image-full-cmdline' returned non-zero exit status 1.&quot;">request = &lt;SubRequest 'setup_board' for &lt;Function test_dbus_system_configuration_file&gt;&gt;
qemu_wrapper = '../../meta-mender-qemu/scripts/mender-qemu'
build_image_fn = &lt;function build_image_fn.&lt;locals&gt;.img_builder at 0x7fda1d1611e0&gt;
session_connection = &lt;Connection host=localhost user=root port=8822&gt;
board_type = 'vexpress-qemu-uboot-uefi-grub', conversion = False

    @pytest.fixture(scope="session")
    def setup_board(
        request, qemu_wrapper, build_image_fn, session_connection, board_type, conversion
    ):
    
        print("board type: ", board_type)
    
        if "qemu" in board_type:
&gt;           image_dir = build_image_fn()

image-tests/tests/utils/fixtures/fixtures.py:189: 
_ _ _ _ _ _ _ _ _ _ _ _ _ _ _ _ _ _ _ _ _ _ _ _ _ _ _ _ _ _ _ _ _ _ _ _ _ _ _ _ 
image-tests/tests/utils/fixtures/fixtures.py:377: in img_builder
    ['EXTRA_IMAGE_FEATURES_append = " ssh-server-openssh"',],
image-tests/tests/utils/common/common.py:403: in build_image
    _run_bitbake(bitbake_image, init_env_cmd, capture)
_ _ _ _ _ _ _ _ _ _ _ _ _ _ _ _ _ _ _ _ _ _ _ _ _ _ _ _ _ _ _ _ _ _ _ _ _ _ _ _ 

target = 'core-image-full-cmdline'
env_setup_cmd = 'cd /builds/Northern.tech/Mender &amp;&amp; . oe-init-build-env /builds/Northern.tech/Mender/build-vexpress-qemu-uboot-uefi-grub/test-build-1en1ol3s'
capture = False

    def _run_bitbake(target, env_setup_cmd, capture=False):
        cmd = "%s &amp;&amp; bitbake %s" % (env_setup_cmd, target)
        ps = run_verbose(cmd, capture=subprocess.PIPE)
        output = ""
        try:
            # Cannot use for loop here due to buffering and iterators.
            while True:
                line = ps.stdout.readline().decode()
                if not line:
                    break
    
                if line.find("is not a recognized MENDER_ variable") &gt;= 0:
                    pytest.fail(
                        "Found variable which is not in mender-vars.json: %s" % line.strip()
                    )
    
                if capture:
                    output += line
                else:
                    sys.stdout.write(line)
        finally:
            # Empty any remaining lines.
            try:
                if capture:
                    output += ps.stdout.readlines().decode()
                else:
                    ps.stdout.readlines()
            except:
                pass
            ps.wait()
            if ps.returncode != 0:
                e = subprocess.CalledProcessError(ps.returncode, cmd)
                if capture:
                    e.output = output
&gt;               raise e
E               subprocess.CalledProcessError: Command 'cd /builds/Northern.tech/Mender &amp;&amp; . oe-init-build-env /builds/Northern.tech/Mender/build-vexpress-qemu-uboot-uefi-grub/test-build-1en1ol3s &amp;&amp; bitbake core-image-full-cmdline' returned non-zero exit status 1.

image-tests/tests/utils/common/common.py:440: CalledProcessError</error></testcase><testcase classname="test_dbus.TestDBus" name="test_dbus_fetch_jwt_token" time="0.001"><error message="failed on setup with &quot;subprocess.CalledProcessError: Command 'cd /builds/Northern.tech/Mender &amp;&amp; . oe-init-build-env /builds/Northern.tech/Mender/build-vexpress-qemu-uboot-uefi-grub/test-build-1en1ol3s &amp;&amp; bitbake core-image-full-cmdline' returned non-zero exit status 1.&quot;">request = &lt;SubRequest 'setup_board' for &lt;Function test_dbus_system_configuration_file&gt;&gt;
qemu_wrapper = '../../meta-mender-qemu/scripts/mender-qemu'
build_image_fn = &lt;function build_image_fn.&lt;locals&gt;.img_builder at 0x7fda1d1611e0&gt;
session_connection = &lt;Connection host=localhost user=root port=8822&gt;
board_type = 'vexpress-qemu-uboot-uefi-grub', conversion = False

    @pytest.fixture(scope="session")
    def setup_board(
        request, qemu_wrapper, build_image_fn, session_connection, board_type, conversion
    ):
    
        print("board type: ", board_type)
    
        if "qemu" in board_type:
&gt;           image_dir = build_image_fn()

image-tests/tests/utils/fixtures/fixtures.py:189: 
_ _ _ _ _ _ _ _ _ _ _ _ _ _ _ _ _ _ _ _ _ _ _ _ _ _ _ _ _ _ _ _ _ _ _ _ _ _ _ _ 
image-tests/tests/utils/fixtures/fixtures.py:377: in img_builder
    ['EXTRA_IMAGE_FEATURES_append = " ssh-server-openssh"',],
image-tests/tests/utils/common/common.py:403: in build_image
    _run_bitbake(bitbake_image, init_env_cmd, capture)
_ _ _ _ _ _ _ _ _ _ _ _ _ _ _ _ _ _ _ _ _ _ _ _ _ _ _ _ _ _ _ _ _ _ _ _ _ _ _ _ 

target = 'core-image-full-cmdline'
env_setup_cmd = 'cd /builds/Northern.tech/Mender &amp;&amp; . oe-init-build-env /builds/Northern.tech/Mender/build-vexpress-qemu-uboot-uefi-grub/test-build-1en1ol3s'
capture = False

    def _run_bitbake(target, env_setup_cmd, capture=False):
        cmd = "%s &amp;&amp; bitbake %s" % (env_setup_cmd, target)
        ps = run_verbose(cmd, capture=subprocess.PIPE)
        output = ""
        try:
            # Cannot use for loop here due to buffering and iterators.
            while True:
                line = ps.stdout.readline().decode()
                if not line:
                    break
    
                if line.find("is not a recognized MENDER_ variable") &gt;= 0:
                    pytest.fail(
                        "Found variable which is not in mender-vars.json: %s" % line.strip()
                    )
    
                if capture:
                    output += line
                else:
                    sys.stdout.write(line)
        finally:
            # Empty any remaining lines.
            try:
                if capture:
                    output += ps.stdout.readlines().decode()
                else:
                    ps.stdout.readlines()
            except:
                pass
            ps.wait()
            if ps.returncode != 0:
                e = subprocess.CalledProcessError(ps.returncode, cmd)
                if capture:
                    e.output = output
&gt;               raise e
E               subprocess.CalledProcessError: Command 'cd /builds/Northern.tech/Mender &amp;&amp; . oe-init-build-env /builds/Northern.tech/Mender/build-vexpress-qemu-uboot-uefi-grub/test-build-1en1ol3s &amp;&amp; bitbake core-image-full-cmdline' returned non-zero exit status 1.

image-tests/tests/utils/common/common.py:440: CalledProcessError</error></testcase><testcase classname="test_inventory.TestInventory" name="test_rootfs_type" time="0.001"><error message="failed on setup with &quot;subprocess.CalledProcessError: Command 'cd /builds/Northern.tech/Mender &amp;&amp; . oe-init-build-env /builds/Northern.tech/Mender/build-vexpress-qemu-uboot-uefi-grub/test-build-1en1ol3s &amp;&amp; bitbake core-image-full-cmdline' returned non-zero exit status 1.&quot;">request = &lt;SubRequest 'setup_board' for &lt;Function test_dbus_system_configuration_file&gt;&gt;
qemu_wrapper = '../../meta-mender-qemu/scripts/mender-qemu'
build_image_fn = &lt;function build_image_fn.&lt;locals&gt;.img_builder at 0x7fda1d1611e0&gt;
session_connection = &lt;Connection host=localhost user=root port=8822&gt;
board_type = 'vexpress-qemu-uboot-uefi-grub', conversion = False

    @pytest.fixture(scope="session")
    def setup_board(
        request, qemu_wrapper, build_image_fn, session_connection, board_type, conversion
    ):
    
        print("board type: ", board_type)
    
        if "qemu" in board_type:
&gt;           image_dir = build_image_fn()

image-tests/tests/utils/fixtures/fixtures.py:189: 
_ _ _ _ _ _ _ _ _ _ _ _ _ _ _ _ _ _ _ _ _ _ _ _ _ _ _ _ _ _ _ _ _ _ _ _ _ _ _ _ 
image-tests/tests/utils/fixtures/fixtures.py:377: in img_builder
    ['EXTRA_IMAGE_FEATURES_append = " ssh-server-openssh"',],
image-tests/tests/utils/common/common.py:403: in build_image
    _run_bitbake(bitbake_image, init_env_cmd, capture)
_ _ _ _ _ _ _ _ _ _ _ _ _ _ _ _ _ _ _ _ _ _ _ _ _ _ _ _ _ _ _ _ _ _ _ _ _ _ _ _ 

target = 'core-image-full-cmdline'
env_setup_cmd = 'cd /builds/Northern.tech/Mender &amp;&amp; . oe-init-build-env /builds/Northern.tech/Mender/build-vexpress-qemu-uboot-uefi-grub/test-build-1en1ol3s'
capture = False

    def _run_bitbake(target, env_setup_cmd, capture=False):
        cmd = "%s &amp;&amp; bitbake %s" % (env_setup_cmd, target)
        ps = run_verbose(cmd, capture=subprocess.PIPE)
        output = ""
        try:
            # Cannot use for loop here due to buffering and iterators.
            while True:
                line = ps.stdout.readline().decode()
                if not line:
                    break
    
                if line.find("is not a recognized MENDER_ variable") &gt;= 0:
                    pytest.fail(
                        "Found variable which is not in mender-vars.json: %s" % line.strip()
                    )
    
                if capture:
                    output += line
                else:
                    sys.stdout.write(line)
        finally:
            # Empty any remaining lines.
            try:
                if capture:
                    output += ps.stdout.readlines().decode()
                else:
                    ps.stdout.readlines()
            except:
                pass
            ps.wait()
            if ps.returncode != 0:
                e = subprocess.CalledProcessError(ps.returncode, cmd)
                if capture:
                    e.output = output
&gt;               raise e
E               subprocess.CalledProcessError: Command 'cd /builds/Northern.tech/Mender &amp;&amp; . oe-init-build-env /builds/Northern.tech/Mender/build-vexpress-qemu-uboot-uefi-grub/test-build-1en1ol3s &amp;&amp; bitbake core-image-full-cmdline' returned non-zero exit status 1.

image-tests/tests/utils/common/common.py:440: CalledProcessError</error></testcase><testcase classname="test_inventory.TestInventory" name="test_bootloader_integration" time="0.001"><error message="failed on setup with &quot;subprocess.CalledProcessError: Command 'cd /builds/Northern.tech/Mender &amp;&amp; . oe-init-build-env /builds/Northern.tech/Mender/build-vexpress-qemu-uboot-uefi-grub/test-build-1en1ol3s &amp;&amp; bitbake core-image-full-cmdline' returned non-zero exit status 1.&quot;">request = &lt;SubRequest 'setup_board' for &lt;Function test_dbus_system_configuration_file&gt;&gt;
qemu_wrapper = '../../meta-mender-qemu/scripts/mender-qemu'
build_image_fn = &lt;function build_image_fn.&lt;locals&gt;.img_builder at 0x7fda1d1611e0&gt;
session_connection = &lt;Connection host=localhost user=root port=8822&gt;
board_type = 'vexpress-qemu-uboot-uefi-grub', conversion = False

    @pytest.fixture(scope="session")
    def setup_board(
        request, qemu_wrapper, build_image_fn, session_connection, board_type, conversion
    ):
    
        print("board type: ", board_type)
    
        if "qemu" in board_type:
&gt;           image_dir = build_image_fn()

image-tests/tests/utils/fixtures/fixtures.py:189: 
_ _ _ _ _ _ _ _ _ _ _ _ _ _ _ _ _ _ _ _ _ _ _ _ _ _ _ _ _ _ _ _ _ _ _ _ _ _ _ _ 
image-tests/tests/utils/fixtures/fixtures.py:377: in img_builder
    ['EXTRA_IMAGE_FEATURES_append = " ssh-server-openssh"',],
image-tests/tests/utils/common/common.py:403: in build_image
    _run_bitbake(bitbake_image, init_env_cmd, capture)
_ _ _ _ _ _ _ _ _ _ _ _ _ _ _ _ _ _ _ _ _ _ _ _ _ _ _ _ _ _ _ _ _ _ _ _ _ _ _ _ 

target = 'core-image-full-cmdline'
env_setup_cmd = 'cd /builds/Northern.tech/Mender &amp;&amp; . oe-init-build-env /builds/Northern.tech/Mender/build-vexpress-qemu-uboot-uefi-grub/test-build-1en1ol3s'
capture = False

    def _run_bitbake(target, env_setup_cmd, capture=False):
        cmd = "%s &amp;&amp; bitbake %s" % (env_setup_cmd, target)
        ps = run_verbose(cmd, capture=subprocess.PIPE)
        output = ""
        try:
            # Cannot use for loop here due to buffering and iterators.
            while True:
                line = ps.stdout.readline().decode()
                if not line:
                    break
    
                if line.find("is not a recognized MENDER_ variable") &gt;= 0:
                    pytest.fail(
                        "Found variable which is not in mender-vars.json: %s" % line.strip()
                    )
    
                if capture:
                    output += line
                else:
                    sys.stdout.write(line)
        finally:
            # Empty any remaining lines.
            try:
                if capture:
                    output += ps.stdout.readlines().decode()
                else:
                    ps.stdout.readlines()
            except:
                pass
            ps.wait()
            if ps.returncode != 0:
                e = subprocess.CalledProcessError(ps.returncode, cmd)
                if capture:
                    e.output = output
&gt;               raise e
E               subprocess.CalledProcessError: Command 'cd /builds/Northern.tech/Mender &amp;&amp; . oe-init-build-env /builds/Northern.tech/Mender/build-vexpress-qemu-uboot-uefi-grub/test-build-1en1ol3s &amp;&amp; bitbake core-image-full-cmdline' returned non-zero exit status 1.

image-tests/tests/utils/common/common.py:440: CalledProcessError</error></testcase><testcase classname="test_inventory.TestInventory" name="test_inventory_os" time="0.001"><error message="failed on setup with &quot;subprocess.CalledProcessError: Command 'cd /builds/Northern.tech/Mender &amp;&amp; . oe-init-build-env /builds/Northern.tech/Mender/build-vexpress-qemu-uboot-uefi-grub/test-build-1en1ol3s &amp;&amp; bitbake core-image-full-cmdline' returned non-zero exit status 1.&quot;">request = &lt;SubRequest 'setup_board' for &lt;Function test_dbus_system_configuration_file&gt;&gt;
qemu_wrapper = '../../meta-mender-qemu/scripts/mender-qemu'
build_image_fn = &lt;function build_image_fn.&lt;locals&gt;.img_builder at 0x7fda1d1611e0&gt;
session_connection = &lt;Connection host=localhost user=root port=8822&gt;
board_type = 'vexpress-qemu-uboot-uefi-grub', conversion = False

    @pytest.fixture(scope="session")
    def setup_board(
        request, qemu_wrapper, build_image_fn, session_connection, board_type, conversion
    ):
    
        print("board type: ", board_type)
    
        if "qemu" in board_type:
&gt;           image_dir = build_image_fn()

image-tests/tests/utils/fixtures/fixtures.py:189: 
_ _ _ _ _ _ _ _ _ _ _ _ _ _ _ _ _ _ _ _ _ _ _ _ _ _ _ _ _ _ _ _ _ _ _ _ _ _ _ _ 
image-tests/tests/utils/fixtures/fixtures.py:377: in img_builder
    ['EXTRA_IMAGE_FEATURES_append = " ssh-server-openssh"',],
image-tests/tests/utils/common/common.py:403: in build_image
    _run_bitbake(bitbake_image, init_env_cmd, capture)
_ _ _ _ _ _ _ _ _ _ _ _ _ _ _ _ _ _ _ _ _ _ _ _ _ _ _ _ _ _ _ _ _ _ _ _ _ _ _ _ 

target = 'core-image-full-cmdline'
env_setup_cmd = 'cd /builds/Northern.tech/Mender &amp;&amp; . oe-init-build-env /builds/Northern.tech/Mender/build-vexpress-qemu-uboot-uefi-grub/test-build-1en1ol3s'
capture = False

    def _run_bitbake(target, env_setup_cmd, capture=False):
        cmd = "%s &amp;&amp; bitbake %s" % (env_setup_cmd, target)
        ps = run_verbose(cmd, capture=subprocess.PIPE)
        output = ""
        try:
            # Cannot use for loop here due to buffering and iterators.
            while True:
                line = ps.stdout.readline().decode()
                if not line:
                    break
    
                if line.find("is not a recognized MENDER_ variable") &gt;= 0:
                    pytest.fail(
                        "Found variable which is not in mender-vars.json: %s" % line.strip()
                    )
    
                if capture:
                    output += line
                else:
                    sys.stdout.write(line)
        finally:
            # Empty any remaining lines.
            try:
                if capture:
                    output += ps.stdout.readlines().decode()
                else:
                    ps.stdout.readlines()
            except:
                pass
            ps.wait()
            if ps.returncode != 0:
                e = subprocess.CalledProcessError(ps.returncode, cmd)
                if capture:
                    e.output = output
&gt;               raise e
E               subprocess.CalledProcessError: Command 'cd /builds/Northern.tech/Mender &amp;&amp; . oe-init-build-env /builds/Northern.tech/Mender/build-vexpress-qemu-uboot-uefi-grub/test-build-1en1ol3s &amp;&amp; bitbake core-image-full-cmdline' returned non-zero exit status 1.

image-tests/tests/utils/common/common.py:440: CalledProcessError</error></testcase><testcase classname="test_mender-artifact.TestMenderArtifact" name="test_order[2]" time="43.761"><error message="failed on setup with &quot;subprocess.CalledProcessError: Command 'cd /builds/Northern.tech/Mender &amp;&amp; . oe-init-build-env /builds/Northern.tech/Mender/build-vexpress-qemu-uboot-uefi-grub/test-build-1en1ol3s &amp;&amp; bitbake core-image-full-cmdline' returned non-zero exit status 1.&quot;">request = &lt;SubRequest 'versioned_mender_image' for &lt;Function test_order[2]&gt;&gt;
prepared_test_build = {'bitbake_corebase': '/builds/Northern.tech/Mender', 'build_dir': '/builds/Northern.tech/Mender/build-vexpress-qemu-uboot-uefi-grub/test-build-1en1ol3s'}
latest_mender_image = '/builds/Northern.tech/Mender/build-vexpress-qemu-uboot-uefi-grub/tmp/deploy/images/vexpress-qemu/core-image-full-cmdline-vexpress-qemu-grub.mender'
bitbake_variables = {'ABIEXTENSION': 'eabi', 'ABIEXTENSION_class-nativesdk': '', 'ALLOW_EMPTY_core-image-minimal-dbg': '1', 'ALLOW_EMPTY_core-image-minimal-dev': '1', ...}
bitbake_image = 'core-image-full-cmdline'

    @pytest.fixture(scope="function", params=[2, 3])
    def versioned_mender_image(
        request, prepared_test_build, latest_mender_image, bitbake_variables, bitbake_image
    ):
        """Gets the correct version of the artifact, whether it's the one we
        build by default, or one we have to produce ourselves.
        Returns a tuple of version and built image."""
    
        global LAST_BUILD_VERSION
    
        version = request.param
    
        if version == 1:
            pytest.fail()
    
        if (
            version &gt;= 2
            and not version_is_minimum(bitbake_variables, "mender-artifact", "2.0.0")
        ) or (
            version &gt;= 3
            and not version_is_minimum(bitbake_variables, "mender-artifact", "3.0.0")
        ):
            pytest.skip("Requires version %d of mender-artifact format." % version)
    
        if version_is_minimum(bitbake_variables, "mender-artifact", "3.0.0"):
            default_version = 3
        elif version_is_minimum(bitbake_variables, "mender-artifact", "2.0.0"):
            default_version = 2
        else:
            default_version = 2
    
        if LAST_BUILD_VERSION != version:
            # Run a separate build for this artifact. This doesn't conflict with the
            # above version because the non-default version ends up in a different
            # directory.
            if version != default_version:
                build_image(
                    prepared_test_build["build_dir"],
                    prepared_test_build["bitbake_corebase"],
                    bitbake_image,
&gt;                   ['MENDER_ARTIFACT_EXTRA_ARGS = "-v %d"' % version],
                )

test_mender-artifact.py:71: 
_ _ _ _ _ _ _ _ _ _ _ _ _ _ _ _ _ _ _ _ _ _ _ _ _ _ _ _ _ _ _ _ _ _ _ _ _ _ _ _ 
image-tests/tests/utils/common/common.py:403: in build_image
    _run_bitbake(bitbake_image, init_env_cmd, capture)
_ _ _ _ _ _ _ _ _ _ _ _ _ _ _ _ _ _ _ _ _ _ _ _ _ _ _ _ _ _ _ _ _ _ _ _ _ _ _ _ 

target = 'core-image-full-cmdline'
env_setup_cmd = 'cd /builds/Northern.tech/Mender &amp;&amp; . oe-init-build-env /builds/Northern.tech/Mender/build-vexpress-qemu-uboot-uefi-grub/test-build-1en1ol3s'
capture = False

    def _run_bitbake(target, env_setup_cmd, capture=False):
        cmd = "%s &amp;&amp; bitbake %s" % (env_setup_cmd, target)
        ps = run_verbose(cmd, capture=subprocess.PIPE)
        output = ""
        try:
            # Cannot use for loop here due to buffering and iterators.
            while True:
                line = ps.stdout.readline().decode()
                if not line:
                    break
    
                if line.find("is not a recognized MENDER_ variable") &gt;= 0:
                    pytest.fail(
                        "Found variable which is not in mender-vars.json: %s" % line.strip()
                    )
    
                if capture:
                    output += line
                else:
                    sys.stdout.write(line)
        finally:
            # Empty any remaining lines.
            try:
                if capture:
                    output += ps.stdout.readlines().decode()
                else:
                    ps.stdout.readlines()
            except:
                pass
            ps.wait()
            if ps.returncode != 0:
                e = subprocess.CalledProcessError(ps.returncode, cmd)
                if capture:
                    e.output = output
&gt;               raise e
E               subprocess.CalledProcessError: Command 'cd /builds/Northern.tech/Mender &amp;&amp; . oe-init-build-env /builds/Northern.tech/Mender/build-vexpress-qemu-uboot-uefi-grub/test-build-1en1ol3s &amp;&amp; bitbake core-image-full-cmdline' returned non-zero exit status 1.

image-tests/tests/utils/common/common.py:440: CalledProcessError</error></testcase><testcase classname="test_mender-artifact.TestMenderArtifact" name="test_order[3]" time="23.911"><error message="failed on setup with &quot;subprocess.CalledProcessError: Command 'cd /builds/Northern.tech/Mender &amp;&amp; . oe-init-build-env /builds/Northern.tech/Mender/build-vexpress-qemu-uboot-uefi-grub/test-build-1en1ol3s &amp;&amp; bitbake core-image-full-cmdline' returned non-zero exit status 1.&quot;">request = &lt;SubRequest 'versioned_mender_image' for &lt;Function test_order[3]&gt;&gt;
prepared_test_build = {'bitbake_corebase': '/builds/Northern.tech/Mender', 'build_dir': '/builds/Northern.tech/Mender/build-vexpress-qemu-uboot-uefi-grub/test-build-1en1ol3s'}
latest_mender_image = '/builds/Northern.tech/Mender/build-vexpress-qemu-uboot-uefi-grub/tmp/deploy/images/vexpress-qemu/core-image-full-cmdline-vexpress-qemu-grub.mender'
bitbake_variables = {'ABIEXTENSION': 'eabi', 'ABIEXTENSION_class-nativesdk': '', 'ALLOW_EMPTY_core-image-minimal-dbg': '1', 'ALLOW_EMPTY_core-image-minimal-dev': '1', ...}
bitbake_image = 'core-image-full-cmdline'

    @pytest.fixture(scope="function", params=[2, 3])
    def versioned_mender_image(
        request, prepared_test_build, latest_mender_image, bitbake_variables, bitbake_image
    ):
        """Gets the correct version of the artifact, whether it's the one we
        build by default, or one we have to produce ourselves.
        Returns a tuple of version and built image."""
    
        global LAST_BUILD_VERSION
    
        version = request.param
    
        if version == 1:
            pytest.fail()
    
        if (
            version &gt;= 2
            and not version_is_minimum(bitbake_variables, "mender-artifact", "2.0.0")
        ) or (
            version &gt;= 3
            and not version_is_minimum(bitbake_variables, "mender-artifact", "3.0.0")
        ):
            pytest.skip("Requires version %d of mender-artifact format." % version)
    
        if version_is_minimum(bitbake_variables, "mender-artifact", "3.0.0"):
            default_version = 3
        elif version_is_minimum(bitbake_variables, "mender-artifact", "2.0.0"):
            default_version = 2
        else:
            default_version = 2
    
        if LAST_BUILD_VERSION != version:
            # Run a separate build for this artifact. This doesn't conflict with the
            # above version because the non-default version ends up in a different
            # directory.
            if version != default_version:
                build_image(
                    prepared_test_build["build_dir"],
                    prepared_test_build["bitbake_corebase"],
                    bitbake_image,
                    ['MENDER_ARTIFACT_EXTRA_ARGS = "-v %d"' % version],
                )
            else:
                build_image(
                    prepared_test_build["build_dir"],
                    prepared_test_build["bitbake_corebase"],
&gt;                   bitbake_image,
                )

test_mender-artifact.py:77: 
_ _ _ _ _ _ _ _ _ _ _ _ _ _ _ _ _ _ _ _ _ _ _ _ _ _ _ _ _ _ _ _ _ _ _ _ _ _ _ _ 
image-tests/tests/utils/common/common.py:403: in build_image
    _run_bitbake(bitbake_image, init_env_cmd, capture)
_ _ _ _ _ _ _ _ _ _ _ _ _ _ _ _ _ _ _ _ _ _ _ _ _ _ _ _ _ _ _ _ _ _ _ _ _ _ _ _ 

target = 'core-image-full-cmdline'
env_setup_cmd = 'cd /builds/Northern.tech/Mender &amp;&amp; . oe-init-build-env /builds/Northern.tech/Mender/build-vexpress-qemu-uboot-uefi-grub/test-build-1en1ol3s'
capture = False

    def _run_bitbake(target, env_setup_cmd, capture=False):
        cmd = "%s &amp;&amp; bitbake %s" % (env_setup_cmd, target)
        ps = run_verbose(cmd, capture=subprocess.PIPE)
        output = ""
        try:
            # Cannot use for loop here due to buffering and iterators.
            while True:
                line = ps.stdout.readline().decode()
                if not line:
                    break
    
                if line.find("is not a recognized MENDER_ variable") &gt;= 0:
                    pytest.fail(
                        "Found variable which is not in mender-vars.json: %s" % line.strip()
                    )
    
                if capture:
                    output += line
                else:
                    sys.stdout.write(line)
        finally:
            # Empty any remaining lines.
            try:
                if capture:
                    output += ps.stdout.readlines().decode()
                else:
                    ps.stdout.readlines()
            except:
                pass
            ps.wait()
            if ps.returncode != 0:
                e = subprocess.CalledProcessError(ps.returncode, cmd)
                if capture:
                    e.output = output
&gt;               raise e
E               subprocess.CalledProcessError: Command 'cd /builds/Northern.tech/Mender &amp;&amp; . oe-init-build-env /builds/Northern.tech/Mender/build-vexpress-qemu-uboot-uefi-grub/test-build-1en1ol3s &amp;&amp; bitbake core-image-full-cmdline' returned non-zero exit status 1.

image-tests/tests/utils/common/common.py:440: CalledProcessError</error></testcase><testcase classname="test_mender-artifact.TestMenderArtifact" name="test_files_list_integrity[2]" time="22.616"><error message="failed on setup with &quot;subprocess.CalledProcessError: Command 'cd /builds/Northern.tech/Mender &amp;&amp; . oe-init-build-env /builds/Northern.tech/Mender/build-vexpress-qemu-uboot-uefi-grub/test-build-1en1ol3s &amp;&amp; bitbake core-image-full-cmdline' returned non-zero exit status 1.&quot;">request = &lt;SubRequest 'versioned_mender_image' for &lt;Function test_files_list_integrity[2]&gt;&gt;
prepared_test_build = {'bitbake_corebase': '/builds/Northern.tech/Mender', 'build_dir': '/builds/Northern.tech/Mender/build-vexpress-qemu-uboot-uefi-grub/test-build-1en1ol3s'}
latest_mender_image = '/builds/Northern.tech/Mender/build-vexpress-qemu-uboot-uefi-grub/tmp/deploy/images/vexpress-qemu/core-image-full-cmdline-vexpress-qemu-grub.mender'
bitbake_variables = {'ABIEXTENSION': 'eabi', 'ABIEXTENSION_class-nativesdk': '', 'ALLOW_EMPTY_core-image-minimal-dbg': '1', 'ALLOW_EMPTY_core-image-minimal-dev': '1', ...}
bitbake_image = 'core-image-full-cmdline'

    @pytest.fixture(scope="function", params=[2, 3])
    def versioned_mender_image(
        request, prepared_test_build, latest_mender_image, bitbake_variables, bitbake_image
    ):
        """Gets the correct version of the artifact, whether it's the one we
        build by default, or one we have to produce ourselves.
        Returns a tuple of version and built image."""
    
        global LAST_BUILD_VERSION
    
        version = request.param
    
        if version == 1:
            pytest.fail()
    
        if (
            version &gt;= 2
            and not version_is_minimum(bitbake_variables, "mender-artifact", "2.0.0")
        ) or (
            version &gt;= 3
            and not version_is_minimum(bitbake_variables, "mender-artifact", "3.0.0")
        ):
            pytest.skip("Requires version %d of mender-artifact format." % version)
    
        if version_is_minimum(bitbake_variables, "mender-artifact", "3.0.0"):
            default_version = 3
        elif version_is_minimum(bitbake_variables, "mender-artifact", "2.0.0"):
            default_version = 2
        else:
            default_version = 2
    
        if LAST_BUILD_VERSION != version:
            # Run a separate build for this artifact. This doesn't conflict with the
            # above version because the non-default version ends up in a different
            # directory.
            if version != default_version:
                build_image(
                    prepared_test_build["build_dir"],
                    prepared_test_build["bitbake_corebase"],
                    bitbake_image,
&gt;                   ['MENDER_ARTIFACT_EXTRA_ARGS = "-v %d"' % version],
                )

test_mender-artifact.py:71: 
_ _ _ _ _ _ _ _ _ _ _ _ _ _ _ _ _ _ _ _ _ _ _ _ _ _ _ _ _ _ _ _ _ _ _ _ _ _ _ _ 
image-tests/tests/utils/common/common.py:403: in build_image
    _run_bitbake(bitbake_image, init_env_cmd, capture)
_ _ _ _ _ _ _ _ _ _ _ _ _ _ _ _ _ _ _ _ _ _ _ _ _ _ _ _ _ _ _ _ _ _ _ _ _ _ _ _ 

target = 'core-image-full-cmdline'
env_setup_cmd = 'cd /builds/Northern.tech/Mender &amp;&amp; . oe-init-build-env /builds/Northern.tech/Mender/build-vexpress-qemu-uboot-uefi-grub/test-build-1en1ol3s'
capture = False

    def _run_bitbake(target, env_setup_cmd, capture=False):
        cmd = "%s &amp;&amp; bitbake %s" % (env_setup_cmd, target)
        ps = run_verbose(cmd, capture=subprocess.PIPE)
        output = ""
        try:
            # Cannot use for loop here due to buffering and iterators.
            while True:
                line = ps.stdout.readline().decode()
                if not line:
                    break
    
                if line.find("is not a recognized MENDER_ variable") &gt;= 0:
                    pytest.fail(
                        "Found variable which is not in mender-vars.json: %s" % line.strip()
                    )
    
                if capture:
                    output += line
                else:
                    sys.stdout.write(line)
        finally:
            # Empty any remaining lines.
            try:
                if capture:
                    output += ps.stdout.readlines().decode()
                else:
                    ps.stdout.readlines()
            except:
                pass
            ps.wait()
            if ps.returncode != 0:
                e = subprocess.CalledProcessError(ps.returncode, cmd)
                if capture:
                    e.output = output
&gt;               raise e
E               subprocess.CalledProcessError: Command 'cd /builds/Northern.tech/Mender &amp;&amp; . oe-init-build-env /builds/Northern.tech/Mender/build-vexpress-qemu-uboot-uefi-grub/test-build-1en1ol3s &amp;&amp; bitbake core-image-full-cmdline' returned non-zero exit status 1.

image-tests/tests/utils/common/common.py:440: CalledProcessError</error></testcase><testcase classname="test_mender-artifact.TestMenderArtifact" name="test_files_list_integrity[3]" time="23.792"><error message="failed on setup with &quot;subprocess.CalledProcessError: Command 'cd /builds/Northern.tech/Mender &amp;&amp; . oe-init-build-env /builds/Northern.tech/Mender/build-vexpress-qemu-uboot-uefi-grub/test-build-1en1ol3s &amp;&amp; bitbake core-image-full-cmdline' returned non-zero exit status 1.&quot;">request = &lt;SubRequest 'versioned_mender_image' for &lt;Function test_files_list_integrity[3]&gt;&gt;
prepared_test_build = {'bitbake_corebase': '/builds/Northern.tech/Mender', 'build_dir': '/builds/Northern.tech/Mender/build-vexpress-qemu-uboot-uefi-grub/test-build-1en1ol3s'}
latest_mender_image = '/builds/Northern.tech/Mender/build-vexpress-qemu-uboot-uefi-grub/tmp/deploy/images/vexpress-qemu/core-image-full-cmdline-vexpress-qemu-grub.mender'
bitbake_variables = {'ABIEXTENSION': 'eabi', 'ABIEXTENSION_class-nativesdk': '', 'ALLOW_EMPTY_core-image-minimal-dbg': '1', 'ALLOW_EMPTY_core-image-minimal-dev': '1', ...}
bitbake_image = 'core-image-full-cmdline'

    @pytest.fixture(scope="function", params=[2, 3])
    def versioned_mender_image(
        request, prepared_test_build, latest_mender_image, bitbake_variables, bitbake_image
    ):
        """Gets the correct version of the artifact, whether it's the one we
        build by default, or one we have to produce ourselves.
        Returns a tuple of version and built image."""
    
        global LAST_BUILD_VERSION
    
        version = request.param
    
        if version == 1:
            pytest.fail()
    
        if (
            version &gt;= 2
            and not version_is_minimum(bitbake_variables, "mender-artifact", "2.0.0")
        ) or (
            version &gt;= 3
            and not version_is_minimum(bitbake_variables, "mender-artifact", "3.0.0")
        ):
            pytest.skip("Requires version %d of mender-artifact format." % version)
    
        if version_is_minimum(bitbake_variables, "mender-artifact", "3.0.0"):
            default_version = 3
        elif version_is_minimum(bitbake_variables, "mender-artifact", "2.0.0"):
            default_version = 2
        else:
            default_version = 2
    
        if LAST_BUILD_VERSION != version:
            # Run a separate build for this artifact. This doesn't conflict with the
            # above version because the non-default version ends up in a different
            # directory.
            if version != default_version:
                build_image(
                    prepared_test_build["build_dir"],
                    prepared_test_build["bitbake_corebase"],
                    bitbake_image,
                    ['MENDER_ARTIFACT_EXTRA_ARGS = "-v %d"' % version],
                )
            else:
                build_image(
                    prepared_test_build["build_dir"],
                    prepared_test_build["bitbake_corebase"],
&gt;                   bitbake_image,
                )

test_mender-artifact.py:77: 
_ _ _ _ _ _ _ _ _ _ _ _ _ _ _ _ _ _ _ _ _ _ _ _ _ _ _ _ _ _ _ _ _ _ _ _ _ _ _ _ 
image-tests/tests/utils/common/common.py:403: in build_image
    _run_bitbake(bitbake_image, init_env_cmd, capture)
_ _ _ _ _ _ _ _ _ _ _ _ _ _ _ _ _ _ _ _ _ _ _ _ _ _ _ _ _ _ _ _ _ _ _ _ _ _ _ _ 

target = 'core-image-full-cmdline'
env_setup_cmd = 'cd /builds/Northern.tech/Mender &amp;&amp; . oe-init-build-env /builds/Northern.tech/Mender/build-vexpress-qemu-uboot-uefi-grub/test-build-1en1ol3s'
capture = False

    def _run_bitbake(target, env_setup_cmd, capture=False):
        cmd = "%s &amp;&amp; bitbake %s" % (env_setup_cmd, target)
        ps = run_verbose(cmd, capture=subprocess.PIPE)
        output = ""
        try:
            # Cannot use for loop here due to buffering and iterators.
            while True:
                line = ps.stdout.readline().decode()
                if not line:
                    break
    
                if line.find("is not a recognized MENDER_ variable") &gt;= 0:
                    pytest.fail(
                        "Found variable which is not in mender-vars.json: %s" % line.strip()
                    )
    
                if capture:
                    output += line
                else:
                    sys.stdout.write(line)
        finally:
            # Empty any remaining lines.
            try:
                if capture:
                    output += ps.stdout.readlines().decode()
                else:
                    ps.stdout.readlines()
            except:
                pass
            ps.wait()
            if ps.returncode != 0:
                e = subprocess.CalledProcessError(ps.returncode, cmd)
                if capture:
                    e.output = output
&gt;               raise e
E               subprocess.CalledProcessError: Command 'cd /builds/Northern.tech/Mender &amp;&amp; . oe-init-build-env /builds/Northern.tech/Mender/build-vexpress-qemu-uboot-uefi-grub/test-build-1en1ol3s &amp;&amp; bitbake core-image-full-cmdline' returned non-zero exit status 1.

image-tests/tests/utils/common/common.py:440: CalledProcessError</error></testcase><testcase classname="test_mender-artifact.TestMenderArtifact" name="test_files_checksum_integrity[2]" time="32.737"><error message="failed on setup with &quot;subprocess.CalledProcessError: Command 'cd /builds/Northern.tech/Mender &amp;&amp; . oe-init-build-env /builds/Northern.tech/Mender/build-vexpress-qemu-uboot-uefi-grub/test-build-1en1ol3s &amp;&amp; bitbake core-image-full-cmdline' returned non-zero exit status 1.&quot;">request = &lt;SubRequest 'versioned_mender_image' for &lt;Function test_files_checksum_integrity[2]&gt;&gt;
prepared_test_build = {'bitbake_corebase': '/builds/Northern.tech/Mender', 'build_dir': '/builds/Northern.tech/Mender/build-vexpress-qemu-uboot-uefi-grub/test-build-1en1ol3s'}
latest_mender_image = '/builds/Northern.tech/Mender/build-vexpress-qemu-uboot-uefi-grub/tmp/deploy/images/vexpress-qemu/core-image-full-cmdline-vexpress-qemu-grub.mender'
bitbake_variables = {'ABIEXTENSION': 'eabi', 'ABIEXTENSION_class-nativesdk': '', 'ALLOW_EMPTY_core-image-minimal-dbg': '1', 'ALLOW_EMPTY_core-image-minimal-dev': '1', ...}
bitbake_image = 'core-image-full-cmdline'

    @pytest.fixture(scope="function", params=[2, 3])
    def versioned_mender_image(
        request, prepared_test_build, latest_mender_image, bitbake_variables, bitbake_image
    ):
        """Gets the correct version of the artifact, whether it's the one we
        build by default, or one we have to produce ourselves.
        Returns a tuple of version and built image."""
    
        global LAST_BUILD_VERSION
    
        version = request.param
    
        if version == 1:
            pytest.fail()
    
        if (
            version &gt;= 2
            and not version_is_minimum(bitbake_variables, "mender-artifact", "2.0.0")
        ) or (
            version &gt;= 3
            and not version_is_minimum(bitbake_variables, "mender-artifact", "3.0.0")
        ):
            pytest.skip("Requires version %d of mender-artifact format." % version)
    
        if version_is_minimum(bitbake_variables, "mender-artifact", "3.0.0"):
            default_version = 3
        elif version_is_minimum(bitbake_variables, "mender-artifact", "2.0.0"):
            default_version = 2
        else:
            default_version = 2
    
        if LAST_BUILD_VERSION != version:
            # Run a separate build for this artifact. This doesn't conflict with the
            # above version because the non-default version ends up in a different
            # directory.
            if version != default_version:
                build_image(
                    prepared_test_build["build_dir"],
                    prepared_test_build["bitbake_corebase"],
                    bitbake_image,
&gt;                   ['MENDER_ARTIFACT_EXTRA_ARGS = "-v %d"' % version],
                )

test_mender-artifact.py:71: 
_ _ _ _ _ _ _ _ _ _ _ _ _ _ _ _ _ _ _ _ _ _ _ _ _ _ _ _ _ _ _ _ _ _ _ _ _ _ _ _ 
image-tests/tests/utils/common/common.py:403: in build_image
    _run_bitbake(bitbake_image, init_env_cmd, capture)
_ _ _ _ _ _ _ _ _ _ _ _ _ _ _ _ _ _ _ _ _ _ _ _ _ _ _ _ _ _ _ _ _ _ _ _ _ _ _ _ 

target = 'core-image-full-cmdline'
env_setup_cmd = 'cd /builds/Northern.tech/Mender &amp;&amp; . oe-init-build-env /builds/Northern.tech/Mender/build-vexpress-qemu-uboot-uefi-grub/test-build-1en1ol3s'
capture = False

    def _run_bitbake(target, env_setup_cmd, capture=False):
        cmd = "%s &amp;&amp; bitbake %s" % (env_setup_cmd, target)
        ps = run_verbose(cmd, capture=subprocess.PIPE)
        output = ""
        try:
            # Cannot use for loop here due to buffering and iterators.
            while True:
                line = ps.stdout.readline().decode()
                if not line:
                    break
    
                if line.find("is not a recognized MENDER_ variable") &gt;= 0:
                    pytest.fail(
                        "Found variable which is not in mender-vars.json: %s" % line.strip()
                    )
    
                if capture:
                    output += line
                else:
                    sys.stdout.write(line)
        finally:
            # Empty any remaining lines.
            try:
                if capture:
                    output += ps.stdout.readlines().decode()
                else:
                    ps.stdout.readlines()
            except:
                pass
            ps.wait()
            if ps.returncode != 0:
                e = subprocess.CalledProcessError(ps.returncode, cmd)
                if capture:
                    e.output = output
&gt;               raise e
E               subprocess.CalledProcessError: Command 'cd /builds/Northern.tech/Mender &amp;&amp; . oe-init-build-env /builds/Northern.tech/Mender/build-vexpress-qemu-uboot-uefi-grub/test-build-1en1ol3s &amp;&amp; bitbake core-image-full-cmdline' returned non-zero exit status 1.

image-tests/tests/utils/common/common.py:440: CalledProcessError</error></testcase><testcase classname="test_mender-artifact.TestMenderArtifact" name="test_files_checksum_integrity[3]" time="32.505"><error message="failed on setup with &quot;subprocess.CalledProcessError: Command 'cd /builds/Northern.tech/Mender &amp;&amp; . oe-init-build-env /builds/Northern.tech/Mender/build-vexpress-qemu-uboot-uefi-grub/test-build-1en1ol3s &amp;&amp; bitbake core-image-full-cmdline' returned non-zero exit status 1.&quot;">request = &lt;SubRequest 'versioned_mender_image' for &lt;Function test_files_checksum_integrity[3]&gt;&gt;
prepared_test_build = {'bitbake_corebase': '/builds/Northern.tech/Mender', 'build_dir': '/builds/Northern.tech/Mender/build-vexpress-qemu-uboot-uefi-grub/test-build-1en1ol3s'}
latest_mender_image = '/builds/Northern.tech/Mender/build-vexpress-qemu-uboot-uefi-grub/tmp/deploy/images/vexpress-qemu/core-image-full-cmdline-vexpress-qemu-grub.mender'
bitbake_variables = {'ABIEXTENSION': 'eabi', 'ABIEXTENSION_class-nativesdk': '', 'ALLOW_EMPTY_core-image-minimal-dbg': '1', 'ALLOW_EMPTY_core-image-minimal-dev': '1', ...}
bitbake_image = 'core-image-full-cmdline'

    @pytest.fixture(scope="function", params=[2, 3])
    def versioned_mender_image(
        request, prepared_test_build, latest_mender_image, bitbake_variables, bitbake_image
    ):
        """Gets the correct version of the artifact, whether it's the one we
        build by default, or one we have to produce ourselves.
        Returns a tuple of version and built image."""
    
        global LAST_BUILD_VERSION
    
        version = request.param
    
        if version == 1:
            pytest.fail()
    
        if (
            version &gt;= 2
            and not version_is_minimum(bitbake_variables, "mender-artifact", "2.0.0")
        ) or (
            version &gt;= 3
            and not version_is_minimum(bitbake_variables, "mender-artifact", "3.0.0")
        ):
            pytest.skip("Requires version %d of mender-artifact format." % version)
    
        if version_is_minimum(bitbake_variables, "mender-artifact", "3.0.0"):
            default_version = 3
        elif version_is_minimum(bitbake_variables, "mender-artifact", "2.0.0"):
            default_version = 2
        else:
            default_version = 2
    
        if LAST_BUILD_VERSION != version:
            # Run a separate build for this artifact. This doesn't conflict with the
            # above version because the non-default version ends up in a different
            # directory.
            if version != default_version:
                build_image(
                    prepared_test_build["build_dir"],
                    prepared_test_build["bitbake_corebase"],
                    bitbake_image,
                    ['MENDER_ARTIFACT_EXTRA_ARGS = "-v %d"' % version],
                )
            else:
                build_image(
                    prepared_test_build["build_dir"],
                    prepared_test_build["bitbake_corebase"],
&gt;                   bitbake_image,
                )

test_mender-artifact.py:77: 
_ _ _ _ _ _ _ _ _ _ _ _ _ _ _ _ _ _ _ _ _ _ _ _ _ _ _ _ _ _ _ _ _ _ _ _ _ _ _ _ 
image-tests/tests/utils/common/common.py:403: in build_image
    _run_bitbake(bitbake_image, init_env_cmd, capture)
_ _ _ _ _ _ _ _ _ _ _ _ _ _ _ _ _ _ _ _ _ _ _ _ _ _ _ _ _ _ _ _ _ _ _ _ _ _ _ _ 

target = 'core-image-full-cmdline'
env_setup_cmd = 'cd /builds/Northern.tech/Mender &amp;&amp; . oe-init-build-env /builds/Northern.tech/Mender/build-vexpress-qemu-uboot-uefi-grub/test-build-1en1ol3s'
capture = False

    def _run_bitbake(target, env_setup_cmd, capture=False):
        cmd = "%s &amp;&amp; bitbake %s" % (env_setup_cmd, target)
        ps = run_verbose(cmd, capture=subprocess.PIPE)
        output = ""
        try:
            # Cannot use for loop here due to buffering and iterators.
            while True:
                line = ps.stdout.readline().decode()
                if not line:
                    break
    
                if line.find("is not a recognized MENDER_ variable") &gt;= 0:
                    pytest.fail(
                        "Found variable which is not in mender-vars.json: %s" % line.strip()
                    )
    
                if capture:
                    output += line
                else:
                    sys.stdout.write(line)
        finally:
            # Empty any remaining lines.
            try:
                if capture:
                    output += ps.stdout.readlines().decode()
                else:
                    ps.stdout.readlines()
            except:
                pass
            ps.wait()
            if ps.returncode != 0:
                e = subprocess.CalledProcessError(ps.returncode, cmd)
                if capture:
                    e.output = output
&gt;               raise e
E               subprocess.CalledProcessError: Command 'cd /builds/Northern.tech/Mender &amp;&amp; . oe-init-build-env /builds/Northern.tech/Mender/build-vexpress-qemu-uboot-uefi-grub/test-build-1en1ol3s &amp;&amp; bitbake core-image-full-cmdline' returned non-zero exit status 1.

image-tests/tests/utils/common/common.py:440: CalledProcessError</error></testcase><testcase classname="test_mender-artifact.TestMenderArtifact" name="test_artifacts_validation[2]" time="22.998"><error message="failed on setup with &quot;subprocess.CalledProcessError: Command 'cd /builds/Northern.tech/Mender &amp;&amp; . oe-init-build-env /builds/Northern.tech/Mender/build-vexpress-qemu-uboot-uefi-grub/test-build-1en1ol3s &amp;&amp; bitbake core-image-full-cmdline' returned non-zero exit status 1.&quot;">request = &lt;SubRequest 'versioned_mender_image' for &lt;Function test_artifacts_validation[2]&gt;&gt;
prepared_test_build = {'bitbake_corebase': '/builds/Northern.tech/Mender', 'build_dir': '/builds/Northern.tech/Mender/build-vexpress-qemu-uboot-uefi-grub/test-build-1en1ol3s'}
latest_mender_image = '/builds/Northern.tech/Mender/build-vexpress-qemu-uboot-uefi-grub/tmp/deploy/images/vexpress-qemu/core-image-full-cmdline-vexpress-qemu-grub.mender'
bitbake_variables = {'ABIEXTENSION': 'eabi', 'ABIEXTENSION_class-nativesdk': '', 'ALLOW_EMPTY_core-image-minimal-dbg': '1', 'ALLOW_EMPTY_core-image-minimal-dev': '1', ...}
bitbake_image = 'core-image-full-cmdline'

    @pytest.fixture(scope="function", params=[2, 3])
    def versioned_mender_image(
        request, prepared_test_build, latest_mender_image, bitbake_variables, bitbake_image
    ):
        """Gets the correct version of the artifact, whether it's the one we
        build by default, or one we have to produce ourselves.
        Returns a tuple of version and built image."""
    
        global LAST_BUILD_VERSION
    
        version = request.param
    
        if version == 1:
            pytest.fail()
    
        if (
            version &gt;= 2
            and not version_is_minimum(bitbake_variables, "mender-artifact", "2.0.0")
        ) or (
            version &gt;= 3
            and not version_is_minimum(bitbake_variables, "mender-artifact", "3.0.0")
        ):
            pytest.skip("Requires version %d of mender-artifact format." % version)
    
        if version_is_minimum(bitbake_variables, "mender-artifact", "3.0.0"):
            default_version = 3
        elif version_is_minimum(bitbake_variables, "mender-artifact", "2.0.0"):
            default_version = 2
        else:
            default_version = 2
    
        if LAST_BUILD_VERSION != version:
            # Run a separate build for this artifact. This doesn't conflict with the
            # above version because the non-default version ends up in a different
            # directory.
            if version != default_version:
                build_image(
                    prepared_test_build["build_dir"],
                    prepared_test_build["bitbake_corebase"],
                    bitbake_image,
&gt;                   ['MENDER_ARTIFACT_EXTRA_ARGS = "-v %d"' % version],
                )

test_mender-artifact.py:71: 
_ _ _ _ _ _ _ _ _ _ _ _ _ _ _ _ _ _ _ _ _ _ _ _ _ _ _ _ _ _ _ _ _ _ _ _ _ _ _ _ 
image-tests/tests/utils/common/common.py:403: in build_image
    _run_bitbake(bitbake_image, init_env_cmd, capture)
_ _ _ _ _ _ _ _ _ _ _ _ _ _ _ _ _ _ _ _ _ _ _ _ _ _ _ _ _ _ _ _ _ _ _ _ _ _ _ _ 

target = 'core-image-full-cmdline'
env_setup_cmd = 'cd /builds/Northern.tech/Mender &amp;&amp; . oe-init-build-env /builds/Northern.tech/Mender/build-vexpress-qemu-uboot-uefi-grub/test-build-1en1ol3s'
capture = False

    def _run_bitbake(target, env_setup_cmd, capture=False):
        cmd = "%s &amp;&amp; bitbake %s" % (env_setup_cmd, target)
        ps = run_verbose(cmd, capture=subprocess.PIPE)
        output = ""
        try:
            # Cannot use for loop here due to buffering and iterators.
            while True:
                line = ps.stdout.readline().decode()
                if not line:
                    break
    
                if line.find("is not a recognized MENDER_ variable") &gt;= 0:
                    pytest.fail(
                        "Found variable which is not in mender-vars.json: %s" % line.strip()
                    )
    
                if capture:
                    output += line
                else:
                    sys.stdout.write(line)
        finally:
            # Empty any remaining lines.
            try:
                if capture:
                    output += ps.stdout.readlines().decode()
                else:
                    ps.stdout.readlines()
            except:
                pass
            ps.wait()
            if ps.returncode != 0:
                e = subprocess.CalledProcessError(ps.returncode, cmd)
                if capture:
                    e.output = output
&gt;               raise e
E               subprocess.CalledProcessError: Command 'cd /builds/Northern.tech/Mender &amp;&amp; . oe-init-build-env /builds/Northern.tech/Mender/build-vexpress-qemu-uboot-uefi-grub/test-build-1en1ol3s &amp;&amp; bitbake core-image-full-cmdline' returned non-zero exit status 1.

image-tests/tests/utils/common/common.py:440: CalledProcessError</error></testcase><testcase classname="test_mender-artifact.TestMenderArtifact" name="test_artifacts_validation[3]" time="23.448"><error message="failed on setup with &quot;subprocess.CalledProcessError: Command 'cd /builds/Northern.tech/Mender &amp;&amp; . oe-init-build-env /builds/Northern.tech/Mender/build-vexpress-qemu-uboot-uefi-grub/test-build-1en1ol3s &amp;&amp; bitbake core-image-full-cmdline' returned non-zero exit status 1.&quot;">request = &lt;SubRequest 'versioned_mender_image' for &lt;Function test_artifacts_validation[3]&gt;&gt;
prepared_test_build = {'bitbake_corebase': '/builds/Northern.tech/Mender', 'build_dir': '/builds/Northern.tech/Mender/build-vexpress-qemu-uboot-uefi-grub/test-build-1en1ol3s'}
latest_mender_image = '/builds/Northern.tech/Mender/build-vexpress-qemu-uboot-uefi-grub/tmp/deploy/images/vexpress-qemu/core-image-full-cmdline-vexpress-qemu-grub.mender'
bitbake_variables = {'ABIEXTENSION': 'eabi', 'ABIEXTENSION_class-nativesdk': '', 'ALLOW_EMPTY_core-image-minimal-dbg': '1', 'ALLOW_EMPTY_core-image-minimal-dev': '1', ...}
bitbake_image = 'core-image-full-cmdline'

    @pytest.fixture(scope="function", params=[2, 3])
    def versioned_mender_image(
        request, prepared_test_build, latest_mender_image, bitbake_variables, bitbake_image
    ):
        """Gets the correct version of the artifact, whether it's the one we
        build by default, or one we have to produce ourselves.
        Returns a tuple of version and built image."""
    
        global LAST_BUILD_VERSION
    
        version = request.param
    
[...]

image-tests/tests/utils/common/common.py:440: CalledProcessError</error></testcase><testcase classname="commercial.test_delta_update_module.TestDeltaUpdateModule" name="test_perform_update" time="0.001"><error message="failed on setup with &quot;subprocess.CalledProcessError: Command 'cd /builds/Northern.tech/Mender &amp;&amp; . oe-init-build-env /builds/Northern.tech/Mender/build-vexpress-qemu-uboot-uefi-grub/test-build-1en1ol3s &amp;&amp; bitbake core-image-full-cmdline' returned non-zero exit status 1.&quot;">request = &lt;SubRequest 'setup_board' for &lt;Function test_dbus_system_configuration_file&gt;&gt;
qemu_wrapper = '../../meta-mender-qemu/scripts/mender-qemu'
build_image_fn = &lt;function build_image_fn.&lt;locals&gt;.img_builder at 0x7fda1d1611e0&gt;
session_connection = &lt;Connection host=localhost user=root port=8822&gt;
board_type = 'vexpress-qemu-uboot-uefi-grub', conversion = False

    @pytest.fixture(scope="session")
    def setup_board(
        request, qemu_wrapper, build_image_fn, session_connection, board_type, conversion
    ):
    
        print("board type: ", board_type)
    
        if "qemu" in board_type:
&gt;           image_dir = build_image_fn()

image-tests/tests/utils/fixtures/fixtures.py:189: 
_ _ _ _ _ _ _ _ _ _ _ _ _ _ _ _ _ _ _ _ _ _ _ _ _ _ _ _ _ _ _ _ _ _ _ _ _ _ _ _ 
image-tests/tests/utils/fixtures/fixtures.py:377: in img_builder
    ['EXTRA_IMAGE_FEATURES_append = " ssh-server-openssh"',],
image-tests/tests/utils/common/common.py:403: in build_image
    _run_bitbake(bitbake_image, init_env_cmd, capture)
_ _ _ _ _ _ _ _ _ _ _ _ _ _ _ _ _ _ _ _ _ _ _ _ _ _ _ _ _ _ _ _ _ _ _ _ _ _ _ _ 

target = 'core-image-full-cmdline'
env_setup_cmd = 'cd /builds/Northern.tech/Mender &amp;&amp; . oe-init-build-env /builds/Northern.tech/Mender/build-vexpress-qemu-uboot-uefi-grub/test-build-1en1ol3s'
capture = False

    def _run_bitbake(target, env_setup_cmd, capture=False):
        cmd = "%s &amp;&amp; bitbake %s" % (env_setup_cmd, target)
        ps = run_verbose(cmd, capture=subprocess.PIPE)
        output = ""
        try:
            # Cannot use for loop here due to buffering and iterators.
            while True:
                line = ps.stdout.readline().decode()
                if not line:
                    break
    
                if line.find("is not a recognized MENDER_ variable") &gt;= 0:
                    pytest.fail(
                        "Found variable which is not in mender-vars.json: %s" % line.strip()
                    )
    
                if capture:
                    output += line
                else:
                    sys.stdout.write(line)
        finally:
            # Empty any remaining lines.
            try:
                if capture:
                    output += ps.stdout.readlines().decode()
                else:
                    ps.stdout.readlines()
            except:
                pass
            ps.wait()
            if ps.returncode != 0:
                e = subprocess.CalledProcessError(ps.returncode, cmd)
                if capture:
                    e.output = output
&gt;               raise e
E               subprocess.CalledProcessError: Command 'cd /builds/Northern.tech/Mender &amp;&amp; . oe-init-build-env /builds/Northern.tech/Mender/build-vexpress-qemu-uboot-uefi-grub/test-build-1en1ol3s &amp;&amp; bitbake core-image-full-cmdline' returned non-zero exit status 1.

image-tests/tests/utils/common/common.py:440: CalledProcessError</error></testcase><testcase classname="commercial.test_mender_gateway.TestMenderGateway" name="test_build_mender_gateway" time="47.817"><failure message="subprocess.CalledProcessError: Command 'cd /builds/Northern.tech/Mender &amp;&amp; . oe-init-build-env /builds/Northern.tech/Mender/build-vexpress-qemu-uboot-uefi-grub/test-build-1en1ol3s &amp;&amp; bitbake core-image-full-cmdline' returned non-zero exit status 1.">self = &lt;test_mender_gateway.TestMenderGateway object at 0x7fda1d4f5a90&gt;
request = &lt;FixtureRequest for &lt;Function test_build_mender_gateway&gt;&gt;
bitbake_variables = {'ABIEXTENSION': 'eabi', 'ABIEXTENSION_class-nativesdk': '', 'ALLOW_EMPTY_core-image-minimal-dbg': '1', 'ALLOW_EMPTY_core-image-minimal-dev': '1', ...}
prepared_test_build = {'bitbake_corebase': '/builds/Northern.tech/Mender', 'build_dir': '/builds/Northern.tech/Mender/build-vexpress-qemu-uboot-uefi-grub/test-build-1en1ol3s'}
bitbake_image = 'core-image-full-cmdline'

    @pytest.mark.only_with_image("ext4")
    def test_build_mender_gateway(
        self, request, bitbake_variables, prepared_test_build, bitbake_image
    ):
        build_image(
            prepared_test_build["build_dir"],
            prepared_test_build["bitbake_corebase"],
            bitbake_image,
            ['IMAGE_INSTALL_append = " mender-gateway"'],
            [
                'BBLAYERS_append = " %s/../meta-mender-commercial"'
&gt;               % bitbake_variables["LAYERDIR_MENDER"]
            ],
        )

commercial/test_mender_gateway.py:40: 
_ _ _ _ _ _ _ _ _ _ _ _ _ _ _ _ _ _ _ _ _ _ _ _ _ _ _ _ _ _ _ _ _ _ _ _ _ _ _ _ 
image-tests/tests/utils/common/common.py:403: in build_image
    _run_bitbake(bitbake_image, init_env_cmd, capture)
_ _ _ _ _ _ _ _ _ _ _ _ _ _ _ _ _ _ _ _ _ _ _ _ _ _ _ _ _ _ _ _ _ _ _ _ _ _ _ _ 

target = 'core-image-full-cmdline'
env_setup_cmd = 'cd /builds/Northern.tech/Mender &amp;&amp; . oe-init-build-env /builds/Northern.tech/Mender/build-vexpress-qemu-uboot-uefi-grub/test-build-1en1ol3s'
capture = False

    def _run_bitbake(target, env_setup_cmd, capture=False):
        cmd = "%s &amp;&amp; bitbake %s" % (env_setup_cmd, target)
        ps = run_verbose(cmd, capture=subprocess.PIPE)
        output = ""
        try:
            # Cannot use for loop here due to buffering and iterators.
            while True:
                line = ps.stdout.readline().decode()
                if not line:
                    break
    
                if line.find("is not a recognized MENDER_ variable") &gt;= 0:
                    pytest.fail(
                        "Found variable which is not in mender-vars.json: %s" % line.strip()
                    )
    
                if capture:
                    output += line
                else:
                    sys.stdout.write(line)
        finally:
            # Empty any remaining lines.
            try:
                if capture:
                    output += ps.stdout.readlines().decode()
                else:
                    ps.stdout.readlines()
            except:
                pass
            ps.wait()
            if ps.returncode != 0:
                e = subprocess.CalledProcessError(ps.returncode, cmd)
                if capture:
                    e.output = output
&gt;               raise e
E               subprocess.CalledProcessError: Command 'cd /builds/Northern.tech/Mender &amp;&amp; . oe-init-build-env /builds/Northern.tech/Mender/build-vexpress-qemu-uboot-uefi-grub/test-build-1en1ol3s &amp;&amp; bitbake core-image-full-cmdline' returned non-zero exit status 1.

image-tests/tests/utils/common/common.py:440: CalledProcessError</failure></testcase><testcase classname="commercial.test_monitor_addon.TestMonitorAddon" name="test_build_addon" time="46.846"><failure message="subprocess.CalledProcessError: Command 'cd /builds/Northern.tech/Mender &amp;&amp; . oe-init-build-env /builds/Northern.tech/Mender/build-vexpress-qemu-uboot-uefi-grub/test-build-1en1ol3s &amp;&amp; bitbake core-image-full-cmdline' returned non-zero exit status 1.">self = &lt;test_monitor_addon.TestMonitorAddon object at 0x7fda1d480400&gt;
request = &lt;FixtureRequest for &lt;Function test_build_addon&gt;&gt;
bitbake_variables = {'ABIEXTENSION': 'eabi', 'ABIEXTENSION_class-nativesdk': '', 'ALLOW_EMPTY_core-image-minimal-dbg': '1', 'ALLOW_EMPTY_core-image-minimal-dev': '1', ...}
prepared_test_build = {'bitbake_corebase': '/builds/Northern.tech/Mender', 'build_dir': '/builds/Northern.tech/Mender/build-vexpress-qemu-uboot-uefi-grub/test-build-1en1ol3s'}
bitbake_image = 'core-image-full-cmdline'

    @pytest.mark.only_with_image("ext4")
    def test_build_addon(
        self, request, bitbake_variables, prepared_test_build, bitbake_image
    ):
        build_image(
            prepared_test_build["build_dir"],
            prepared_test_build["bitbake_corebase"],
            bitbake_image,
            ['IMAGE_INSTALL_append = " mender-monitor"'],
            [
                'BBLAYERS_append = " %s/../meta-mender-commercial"'
&gt;               % bitbake_variables["LAYERDIR_MENDER"]
            ],
        )

commercial/test_monitor_addon.py:40: 
_ _ _ _ _ _ _ _ _ _ _ _ _ _ _ _ _ _ _ _ _ _ _ _ _ _ _ _ _ _ _ _ _ _ _ _ _ _ _ _ 
image-tests/tests/utils/common/common.py:403: in build_image
    _run_bitbake(bitbake_image, init_env_cmd, capture)
_ _ _ _ _ _ _ _ _ _ _ _ _ _ _ _ _ _ _ _ _ _ _ _ _ _ _ _ _ _ _ _ _ _ _ _ _ _ _ _ 

target = 'core-image-full-cmdline'
env_setup_cmd = 'cd /builds/Northern.tech/Mender &amp;&amp; . oe-init-build-env /builds/Northern.tech/Mender/build-vexpress-qemu-uboot-uefi-grub/test-build-1en1ol3s'
capture = False

    def _run_bitbake(target, env_setup_cmd, capture=False):
        cmd = "%s &amp;&amp; bitbake %s" % (env_setup_cmd, target)
        ps = run_verbose(cmd, capture=subprocess.PIPE)
        output = ""
        try:
            # Cannot use for loop here due to buffering and iterators.
            while True:
                line = ps.stdout.readline().decode()
                if not line:
                    break
    
                if line.find("is not a recognized MENDER_ variable") &gt;= 0:
                    pytest.fail(
                        "Found variable which is not in mender-vars.json: %s" % line.strip()
                    )
    
                if capture:
                    output += line
                else:
                    sys.stdout.write(line)
        finally:
            # Empty any remaining lines.
            try:
                if capture:
                    output += ps.stdout.readlines().decode()
                else:
                    ps.stdout.readlines()
            except:
                pass
            ps.wait()
            if ps.returncode != 0:
                e = subprocess.CalledProcessError(ps.returncode, cmd)
                if capture:
                    e.output = output
&gt;               raise e
E               subprocess.CalledProcessError: Command 'cd /builds/Northern.tech/Mender &amp;&amp; . oe-init-build-env /builds/Northern.tech/Mender/build-vexpress-qemu-uboot-uefi-grub/test-build-1en1ol3s &amp;&amp; bitbake core-image-full-cmdline' returned non-zero exit status 1.

image-tests/tests/utils/common/common.py:440: CalledProcessError</failure></testcase><testcase classname="image-tests.tests.test_part_image.TestMostPartitionImages" name="test_total_size" time="9.763" /><testcase classname="image-tests.tests.test_part_image.TestMostPartitionImages" name="test_partition_alignment" time="19.574" /><testcase classname="image-tests.tests.test_part_image.TestMostPartitionImages" name="test_device_type" time="0.965" /><testcase classname="image-tests.tests.test_part_image.TestMostPartitionImages" name="test_data_ownership" time="0.955" /><testcase classname="image-tests.tests.test_part_image.TestMostPartitionImages" name="test_fstab_correct" time="3.574" /><testcase classname="image-tests.tests.test_part_image.TestMostPartitionImages" name="test_mender_grubenv" time="0.165" /><testcase classname="image-tests.tests.test_part_image.TestMostPartitionImages" name="test_split_mender_conf" time="1.587" /><testcase classname="image-tests.tests.test_part_image.TestMostPartitionImages" name="test_expected_data_dirs" time="1.044" /><testcase classname="image-tests.tests.test_part_image.TestAllPartitionImages" name="test_equal_checksum_part_image_and_artifact" time="7.355" /><testcase classname="image-tests.tests.test_rootfs.TestRootfs" name="test_expected_files_ext234" time="0.053" /><testcase classname="image-tests.tests.test_rootfs.TestRootfs" name="test_expected_files_ext234_mender_connect" time="0.023" /><testcase classname="image-tests.tests.test_rootfs.TestRootfs" name="test_expected_files_ext234_mender_configure" time="0.039" /><testcase classname="image-tests.tests.test_rootfs.TestRootfs" name="test_expected_files_ext234_mender_monitor" time="0.002"><skipped message="Test only applicable for mender-convert images." type="pytest.skip">/builds/Northern.tech/Mender/meta-mender/tests/acceptance/image-tests/tests/test_rootfs.py:247: Test only applicable for mender-convert images.</skipped></testcase><testcase classname="image-tests.tests.test_rootfs.TestRootfs" name="test_expected_files_ubifs" time="0.010"><skipped message="no supported filesystem in tar.bz2, ext4, mender, mender.bmap, uefiimg, uefiimg.bmap, uefiimg.bz2, ext4 (supports ubifs)" type="pytest.skip">/builds/Northern.tech/Mender/meta-mender/tests/acceptance/image-tests/tests/utils/fixtures/fixtures.py:595: no supported filesystem in tar.bz2, ext4, mender, mender.bmap, uefiimg, uefiimg.bmap, uefiimg.bz2, ext4 (supports ubifs)</skipped></testcase><testcase classname="image-tests.tests.test_rootfs.TestRootfs" name="test_unconfigured_image" time="0.001"><skipped message="no supported distro feature in mender-testing-enabled, mender-efi-boot, mender-grub, mender-image, mender-image-uefi, mender-client-install, mender-systemd, mender-growfs-data, acl, alsa, argp, bluetooth, ext2, ipv4, ipv6, largefile, pcmcia, usbgadget, usbhost, wifi, xattr, nfs, zeroconf, pci, 3g, nfc, x11, vfat, largefile, opengl, ptest, multiarch, wayland, vulkan, pulseaudio, gobject-introspection-data, ldconfig, systemd (supports mender-convert)" type="pytest.skip">/builds/Northern.tech/Mender/meta-mender/tests/acceptance/image-tests/tests/utils/fixtures/fixtures.py:624: no supported distro feature in mender-testing-enabled, mender-efi-boot, mender-grub, mender-image, mender-image-uefi, mender-client-install, mender-systemd, mender-growfs-data, acl, alsa, argp, bluetooth, ext2, ipv4, ipv6, largefile, pcmcia, usbgadget, usbhost, wifi, xattr, nfs, zeroconf, pci, 3g, nfc, x11, vfat, largefile, opengl, ptest, multiarch, wayland, vulkan, pulseaudio, gobject-introspection-data, ldconfig, systemd (supports mender-convert)</skipped></testcase><testcase classname="image-tests.tests.test_secure_boot.TestSecureBoot" name="test_secure_boot_enabled" time="477.693"><skipped message="MEN-5253: Secure Boot not yet working for Yocto" type="pytest.skip">/builds/Northern.tech/Mender/meta-mender/tests/acceptance/image-tests/tests/test_secure_boot.py:24: MEN-5253: Secure Boot not yet working for Yocto</skipped></testcase><testcase classname="image-tests.tests.test_update.TestUpdates" name="test_broken_image_update" time="88.013" /><testcase classname="image-tests.tests.test_update.TestUpdates" name="test_image_update_broken_kernel" time="322.359" /><testcase classname="image-tests.tests.test_update.TestUpdates" name="test_too_big_image_update" time="47.366" /><testcase classname="image-tests.tests.test_update.TestUpdates" name="test_network_based_image_update" time="460.926" /><testcase classname="image-tests.tests.test_update.TestUpdates" name="test_signed_updates[sig_case0]" time="28.928" /><testcase classname="image-tests.tests.test_update.TestUpdates" name="test_signed_updates[sig_case1]" time="34.899" /><testcase classname="image-tests.tests.test_update.TestUpdates" name="test_signed_updates[sig_case2]" time="26.275" /><testcase classname="image-tests.tests.test_update.TestUpdates" name="test_signed_updates[sig_case3]" time="42.706" /><testcase classname="image-tests.tests.test_update.TestUpdates" name="test_signed_updates[sig_case4]" time="26.833" /><testcase classname="image-tests.tests.test_update.TestUpdates" name="test_signed_updates[sig_case5]" time="32.555" /><testcase classname="image-tests.tests.test_update.TestUpdates" name="test_signed_updates[sig_case6]" time="25.406" /><testcase classname="image-tests.tests.test_update.TestUpdates" name="test_signed_updates[sig_case7]" time="14.166" /><testcase classname="image-tests.tests.test_update.TestUpdates" name="test_signed_updates[sig_case8]" time="23.466" /><testcase classname="image-tests.tests.test_update.TestUpdates" name="test_signed_updates[sig_case9]" time="14.398" /><testcase classname="image-tests.tests.test_update.TestUpdates" name="test_signed_updates[sig_case10]" time="18.595" /><testcase classname="image-tests.tests.test_update.TestUpdates" name="test_signed_updates[sig_case11]" time="14.045" /><testcase classname="image-tests.tests.test_update.TestUpdates" name="test_signed_updates[sig_case12]" time="24.221" /><testcase classname="image-tests.tests.test_update.TestUpdates" name="test_signed_updates[sig_case13]" time="24.245" /><testcase classname="image-tests.tests.test_update.TestUpdates" name="test_signed_updates[sig_case14]" time="14.348" /><testcase classname="image-tests.tests.test_update.TestUpdates" name="test_signed_updates[sig_case15]" time="23.154" /><testcase classname="image-tests.tests.test_update.TestUpdates" name="test_signed_updates[sig_case16]" time="14.026" /><testcase classname="image-tests.tests.test_update.TestUpdates" name="test_signed_updates[sig_case17]" time="18.369" /><testcase classname="image-tests.tests.test_update.TestUpdates" name="test_signed_updates[sig_case18]" time="24.574" /><testcase classname="image-tests.tests.test_update.TestUpdates" name="test_signed_updates[sig_case19]" time="14.447" /><testcase classname="image-tests.tests.test_update.TestUpdates" name="test_signed_updates[sig_case20]" time="23.474" /><testcase classname="image-tests.tests.test_update.TestUpdates" name="test_signed_updates[sig_case21]" time="13.915" /><testcase classname="image-tests.tests.test_update.TestUpdates" name="test_signed_updates[sig_case22]" time="19.869" /><testcase classname="image-tests.tests.test_update.TestUpdates" name="test_signed_updates[sig_case23]" time="13.977" /><testcase classname="image-tests.tests.test_update.TestUpdates" name="test_redundant_grub_env" time="131.781" /><testcase classname="image-tests.tests.test_update.TestUpdates" name="test_uboot_mender_saveenv_canary" time="0.508"><skipped message="no supported distro feature in mender-testing-enabled, mender-efi-boot, mender-grub, mender-image, mender-image-uefi, mender-client-install, mender-systemd, mender-growfs-data, acl, alsa, argp, bluetooth, ext2, ipv4, ipv6, largefile, pcmcia, usbgadget, usbhost, wifi, xattr, nfs, zeroconf, pci, 3g, nfc, x11, vfat, largefile, opengl, ptest, multiarch, wayland, vulkan, pulseaudio, gobject-introspection-data, ldconfig, systemd (supports mender-uboot)" type="pytest.skip">/builds/Northern.tech/Mender/meta-mender/tests/acceptance/image-tests/tests/utils/fixtures/fixtures.py:624: no supported distro feature in mender-testing-enabled, mender-efi-boot, mender-grub, mender-image, mender-image-uefi, mender-client-install, mender-systemd, mender-growfs-data, acl, alsa, argp, bluetooth, ext2, ipv4, ipv6, largefile, pcmcia, usbgadget, usbhost, wifi, xattr, nfs, zeroconf, pci, 3g, nfc, x11, vfat, largefile, opengl, ptest, multiarch, wayland, vulkan, pulseaudio, gobject-introspection-data, ldconfig, systemd (supports mender-uboot)</skipped></testcase><testcase classname="image-tests.tests.test_update.TestUpdates" name="test_standalone_update_rollback" time="11.484" /><testcase classname="image-tests.tests.test_update_modules.TestUpdateModules" name="test_directory_update_module" time="40.984" /><testcase classname="image-tests.tests.test_update_modules.TestUpdateModules" name="test_single_file_update_module" time="90.144" /></testsuite></testsuites>