<?xml version="1.0" encoding="utf-8"?><testsuites><testsuite errors="0" failures="3" hostname="runner-kzzanpnu-project-12501706-concurrent-0" name="pytest" skipped="20" tests="168" time="12043.751" timestamp="2022-05-20T01:55:59.907706"><testcase classname="test_bootimg.TestBootImg" name="test_bootimg_creation" time="424.742" /><testcase classname="test_build.TestBuild" name="test_default_server_certificate" time="0.024" /><testcase classname="test_build.TestBuild" name="test_certificate_split" time="9.953" /><testcase classname="test_build.TestBuild" name="test_bootloader_embed" time="0.002"><skipped message="no supported filesystem in tar.bz2, ext4, mender, mender.bmap, uefiimg, uefiimg.bmap, uefiimg.bz2, ext4 (supports sdimg)" type="pytest.skip">/builds/Northern.tech/Mender/meta-mender/tests/acceptance/image-tests/tests/utils/fixtures/fixtures.py:595: no supported filesystem in tar.bz2, ext4, mender, mender.bmap, uefiimg, uefiimg.bmap, uefiimg.bz2, ext4 (supports sdimg)</skipped></testcase><testcase classname="test_build.TestBuild" name="test_image_rootfs_extra_space" time="153.974" /><testcase classname="test_build.TestBuild" name="test_tenant_token" time="170.983" /><testcase classname="test_build.TestBuild" name="test_artifact_signing_keys" time="193.835" /><testcase classname="test_build.TestBuild" name="test_state_scripts" time="172.765" /><testcase classname="test_build.TestBuild" name="test_preferred_versions[mender-client-3.2.0]" time="63.158" /><testcase classname="test_build.TestBuild" name="test_preferred_versions[mender-client-3.1.0]" time="64.366" /><testcase classname="test_build.TestBuild" name="test_preferred_versions[mender-client-3.2.1]" time="63.550" /><testcase classname="test_build.TestBuild" name="test_preferred_versions[mender-client-None]" time="42.757" /><testcase classname="test_build.TestBuild" name="test_preferred_versions[mender-client-native-3.2.0]" time="22.717" /><testcase classname="test_build.TestBuild" name="test_preferred_versions[mender-client-native-3.1.0]" time="21.921" /><testcase classname="test_build.TestBuild" name="test_preferred_versions[mender-client-native-3.2.1]" time="23.192" /><testcase classname="test_build.TestBuild" name="test_preferred_versions[mender-client-native-None]" time="21.014" /><testcase classname="test_build.TestBuild" name="test_preferred_versions[mender-artifact-native-3.7.0]" time="56.462" /><testcase classname="test_build.TestBuild" name="test_preferred_versions[mender-artifact-native-3.5.0]" time="55.902" /><testcase classname="test_build.TestBuild" name="test_preferred_versions[mender-artifact-native-3.7.1]" time="57.683" /><testcase classname="test_build.TestBuild" name="test_preferred_versions[mender-artifact-native-3.6.0]" time="56.054" /><testcase classname="test_build.TestBuild" name="test_preferred_versions[mender-artifact-native-3.5.1]" time="55.905" /><testcase classname="test_build.TestBuild" name="test_preferred_versions[mender-artifact-native-3.5.2]" time="56.391" /><testcase classname="test_build.TestBuild" name="test_preferred_versions[mender-artifact-native-3.6.1]" time="56.735" /><testcase classname="test_build.TestBuild" name="test_preferred_versions[mender-artifact-native-None]" time="38.029" /><testcase classname="test_build.TestBuild" name="test_preferred_versions[mender-connect-1.0.1]" time="126.702" /><testcase classname="test_build.TestBuild" name="test_preferred_versions[mender-connect-1.0.2]" time="75.159" /><testcase classname="test_build.TestBuild" name="test_preferred_versions[mender-connect-2.0.1]" time="76.402" /><testcase classname="test_build.TestBuild" name="test_preferred_versions[mender-connect-1.1.0]" time="76.555" /><testcase classname="test_build.TestBuild" name="test_preferred_versions[mender-connect-2.0.0]" time="75.820" /><testcase classname="test_build.TestBuild" name="test_preferred_versions[mender-connect-1.2.1]" time="75.831" /><testcase classname="test_build.TestBuild" name="test_preferred_versions[mender-connect-1.0.0]" time="77.688" /><testcase classname="test_build.TestBuild" name="test_preferred_versions[mender-connect-1.2.0]" time="78.247" /><testcase classname="test_build.TestBuild" name="test_preferred_versions[mender-connect-1.0.3]" time="74.705" /><testcase classname="test_build.TestBuild" name="test_preferred_versions[mender-connect-1.1.1]" time="76.820" /><testcase classname="test_build.TestBuild" name="test_preferred_versions[mender-connect-None]" time="45.364" /><testcase classname="test_build.TestBuild" name="test_preferred_versions[mender-configure-1.0.1]" time="71.957" /><testcase classname="test_build.TestBuild" name="test_preferred_versions[mender-configure-1.0.3]" time="64.913" /><testcase classname="test_build.TestBuild" name="test_preferred_versions[mender-configure-1.0.2]" time="70.457" /><testcase classname="test_build.TestBuild" name="test_preferred_versions[mender-configure-1.0.0]" time="73.378" /><testcase classname="test_build.TestBuild" name="test_preferred_versions[mender-configure-None]" time="45.853" /><testcase classname="test_build.TestBuild" name="test_multiple_device_types_compatible" time="176.023" /><testcase classname="test_build.TestBuild" name="test_various_mtd_combinations[Default-test_case0]" time="0.001"><skipped message="incompatible machine vexpress-qemu (required vexpress-qemu-flash)" type="pytest.skip">/builds/Northern.tech/Mender/meta-mender/tests/acceptance/image-tests/tests/utils/fixtures/fixtures.py:550: incompatible machine vexpress-qemu (required vexpress-qemu-flash)</skipped></testcase><testcase classname="test_build.TestBuild" name="test_various_mtd_combinations[custom_mtdids-test_case1]" time="0.001"><skipped message="incompatible machine vexpress-qemu (required vexpress-qemu-flash)" type="pytest.skip">/builds/Northern.tech/Mender/meta-mender/tests/acceptance/image-tests/tests/utils/fixtures/fixtures.py:550: incompatible machine vexpress-qemu (required vexpress-qemu-flash)</skipped></testcase><testcase classname="test_build.TestBuild" name="test_various_mtd_combinations[multiple_mtdids_no_selected_one-test_case2]" time="0.001"><skipped message="incompatible machine vexpress-qemu (required vexpress-qemu-flash)" type="pytest.skip">/builds/Northern.tech/Mender/meta-mender/tests/acceptance/image-tests/tests/utils/fixtures/fixtures.py:550: incompatible machine vexpress-qemu (required vexpress-qemu-flash)</skipped></testcase><testcase classname="test_build.TestBuild" name="test_various_mtd_combinations[multiple_mtdids_and_selected_one-test_case3]" time="0.001"><skipped message="incompatible machine vexpress-qemu (required vexpress-qemu-flash)" type="pytest.skip">/builds/Northern.tech/Mender/meta-mender/tests/acceptance/image-tests/tests/utils/fixtures/fixtures.py:550: incompatible machine vexpress-qemu (required vexpress-qemu-flash)</skipped></testcase><testcase classname="test_build.TestBuild" name="test_various_mtd_combinations[multiple_mtdparts-test_case4]" time="0.001"><skipped message="incompatible machine vexpress-qemu (required vexpress-qemu-flash)" type="pytest.skip">/builds/Northern.tech/Mender/meta-mender/tests/acceptance/image-tests/tests/utils/fixtures/fixtures.py:550: incompatible machine vexpress-qemu (required vexpress-qemu-flash)</skipped></testcase><testcase classname="test_build.TestBuild" name="test_boot_partition_population" time="266.844" /><testcase classname="test_build.TestBuild" name="test_module_install" time="219.138" /><testcase classname="test_build.TestBuild" name="test_correct_partition_types" time="0.078" /><testcase classname="test_build.TestBuild" name="test_build_artifact_depends_and_provides[dependsprovides0]" time="185.821" /><testcase classname="test_build.TestBuild" name="test_build_artifact_depends_and_provides[dependsprovides1]" time="61.294" /><testcase classname="test_build.TestBuild" name="test_build_artifact_depends_and_provides[dependsprovides2]" time="63.282" /><testcase classname="test_build.TestBuild" name="test_build_artifact_depends_and_provides[dependsprovides3]" time="62.959" /><testcase classname="test_build.TestBuild" name="test_build_artifact_depends_and_provides[dependsprovides4]" time="62.901" /><testcase classname="test_build.TestBuild" name="test_extra_parts" time="69.908"><failure message="subprocess.CalledProcessError: Command 'cd /builds/Northern.tech/Mender &amp;&amp; . oe-init-build-env /builds/Northern.tech/Mender/build-vexpress-qemu-uboot-uefi-grub/test-build-nymci9ap &amp;&amp; bitbake core-image-full-cmdline' returned non-zero exit status 1.">self = &lt;test_build.TestBuild object at 0x7f0e5111b940&gt;
request = &lt;FixtureRequest for &lt;Function test_extra_parts&gt;&gt;
latest_part_image = '/builds/Northern.tech/Mender/build-vexpress-qemu-uboot-uefi-grub/tmp/deploy/images/vexpress-qemu/core-image-full-cmdline-vexpress-qemu-grub.uefiimg'
prepared_test_build = {'bitbake_corebase': '/builds/Northern.tech/Mender', 'build_dir': '/builds/Northern.tech/Mender/build-vexpress-qemu-uboot-uefi-grub/test-build-nymci9ap'}
bitbake_image = 'core-image-full-cmdline'

    @pytest.mark.only_with_image("sdimg", "uefiimg", "gptimg", "biosimg")
    @pytest.mark.min_mender_version("1.0.0")
    def test_extra_parts(
        self, request, latest_part_image, prepared_test_build, bitbake_image
    ):
        sdimg = latest_part_image.endswith(".sdimg")
        uefiimg = latest_part_image.endswith(".uefiimg")
        gptimg = latest_part_image.endswith(".gptimg")
        biosimg = latest_part_image.endswith(".biosimg")
    
        with make_tempdir() as tmpdir1, make_tempdir() as tmpdir2, make_tempdir() as tmpdir3, make_tempdir() as tmpdir4:
            with open(os.path.join(tmpdir1, "tmpfile1"), "w") as fd:
                fd.write("Test content1\n")
            with open(os.path.join(tmpdir2, "tmpfile2"), "w") as fd:
                fd.write("Test content2\n")
            with open(os.path.join(tmpdir3, "tmpfile3"), "w") as fd:
                fd.write("Test content3\n")
            with open(os.path.join(tmpdir4, "tmpfile4"), "w") as fd:
                fd.write("Test content4\n")
    
            build_image(
                prepared_test_build["build_dir"],
                prepared_test_build["bitbake_corebase"],
                bitbake_image,
                [
                    'MENDER_EXTRA_PARTS = "test1 test2 test3 test4"',
                    'MENDER_EXTRA_PARTS[test1] = "--fixed-size 100M --label=test1 --fstype=ext4 --source rootfs --rootfs-dir %s"'
                    % tmpdir1,
                    'MENDER_EXTRA_PARTS[test2] = "--fixed-size 50M --fstype=ext4 --source rootfs --rootfs-dir %s --label=test2"'
                    % tmpdir2,
                    'MENDER_EXTRA_PARTS[test3] = "--fixed-size 50M --fstype=ext4 --source rootfs --rootfs-dir %s --label=test3"'
                    % tmpdir3,
                    'MENDER_EXTRA_PARTS[test4] = "--fixed-size 50M --fstype=ext4 --source rootfs --rootfs-dir %s --label=test4"'
                    % tmpdir4,
                    'MENDER_EXTRA_PARTS_FSTAB[test1] = "auto nouser"',
                    'MENDER_EXTRA_PARTS_FSTAB[test2] = "ext4 default,ro"',
                    'MENDER_EXTRA_PARTS_FSTAB[test3] = "ext4 default,ro 1"',
&gt;                   'MENDER_EXTRA_PARTS_FSTAB[test4] = "ext4 default,ro 1 0"',
                ],
            )

test_build.py:1067: 
_ _ _ _ _ _ _ _ _ _ _ _ _ _ _ _ _ _ _ _ _ _ _ _ _ _ _ _ _ _ _ _ _ _ _ _ _ _ _ _ 
image-tests/tests/utils/common/common.py:403: in build_image
    _run_bitbake(bitbake_image, init_env_cmd, capture)
_ _ _ _ _ _ _ _ _ _ _ _ _ _ _ _ _ _ _ _ _ _ _ _ _ _ _ _ _ _ _ _ _ _ _ _ _ _ _ _ 

target = 'core-image-full-cmdline'
env_setup_cmd = 'cd /builds/Northern.tech/Mender &amp;&amp; . oe-init-build-env /builds/Northern.tech/Mender/build-vexpress-qemu-uboot-uefi-grub/test-build-nymci9ap'
capture = False

    def _run_bitbake(target, env_setup_cmd, capture=False):
        cmd = "%s &amp;&amp; bitbake %s" % (env_setup_cmd, target)
        ps = run_verbose(cmd, capture=subprocess.PIPE)
        output = ""
        try:
            # Cannot use for loop here due to buffering and iterators.
            while True:
                line = ps.stdout.readline().decode()
                if not line:
                    break
    
                if line.find("is not a recognized MENDER_ variable") &gt;= 0:
                    pytest.fail(
                        "Found variable which is not in mender-vars.json: %s" % line.strip()
                    )
    
                if capture:
                    output += line
                else:
                    sys.stdout.write(line)
        finally:
            # Empty any remaining lines.
            try:
                if capture:
                    output += ps.stdout.readlines().decode()
                else:
                    ps.stdout.readlines()
            except:
                pass
            ps.wait()
            if ps.returncode != 0:
                e = subprocess.CalledProcessError(ps.returncode, cmd)
                if capture:
                    e.output = output
&gt;               raise e
E               subprocess.CalledProcessError: Command 'cd /builds/Northern.tech/Mender &amp;&amp; . oe-init-build-env /builds/Northern.tech/Mender/build-vexpress-qemu-uboot-uefi-grub/test-build-nymci9ap &amp;&amp; bitbake core-image-full-cmdline' returned non-zero exit status 1.

image-tests/tests/utils/common/common.py:440: CalledProcessError</failure></testcase><testcase classname="test_build.TestBuild" name="test_build_nodbus" time="45.740"><failure message="subprocess.CalledProcessError: Command 'cd /builds/Northern.tech/Mender &amp;&amp; . oe-init-build-env /builds/Northern.tech/Mender/build-vexpress-qemu-uboot-uefi-grub/test-build-nymci9ap &amp;&amp; bitbake mender-client' returned non-zero exit status 1.">self = &lt;test_build.TestBuild object at 0x7f0e5111b2e8&gt;
request = &lt;FixtureRequest for &lt;Function test_build_nodbus&gt;&gt;
prepared_test_build = {'bitbake_corebase': '/builds/Northern.tech/Mender', 'build_dir': '/builds/Northern.tech/Mender/build-vexpress-qemu-uboot-uefi-grub/test-build-nymci9ap'}
bitbake_path = '/builds/Northern.tech/Mender/build-vexpress-qemu-uboot-uefi-grub/tmp/sysroots-uninative/x86_64-linux/usr/bin:/builds/...r/bin:/sbin:/bin:/snap/bin:/builds/Northern.tech/Mender/go/bin:/builds/Northern.tech/Mender/mender-binary-delta/x86_64'

    @pytest.mark.min_mender_version("1.0.0")
    def test_build_nodbus(self, request, prepared_test_build, bitbake_path):
        """Test that we can remove dbus from PACKAGECONFIG, and that this causes the
        library dependency to be gone. The opposite is not tested, since we
        assume failure to link to the library will be caught in other tests that
        test DBus functionality."""
    
        build_image(
            prepared_test_build["build_dir"],
            prepared_test_build["bitbake_corebase"],
            "mender-client",
&gt;           ['PACKAGECONFIG_remove = "dbus"'],
        )

test_build.py:1154: 
_ _ _ _ _ _ _ _ _ _ _ _ _ _ _ _ _ _ _ _ _ _ _ _ _ _ _ _ _ _ _ _ _ _ _ _ _ _ _ _ 
image-tests/tests/utils/common/common.py:403: in build_image
    _run_bitbake(bitbake_image, init_env_cmd, capture)
_ _ _ _ _ _ _ _ _ _ _ _ _ _ _ _ _ _ _ _ _ _ _ _ _ _ _ _ _ _ _ _ _ _ _ _ _ _ _ _ 

target = 'mender-client'
env_setup_cmd = 'cd /builds/Northern.tech/Mender &amp;&amp; . oe-init-build-env /builds/Northern.tech/Mender/build-vexpress-qemu-uboot-uefi-grub/test-build-nymci9ap'
capture = False

    def _run_bitbake(target, env_setup_cmd, capture=False):
        cmd = "%s &amp;&amp; bitbake %s" % (env_setup_cmd, target)
        ps = run_verbose(cmd, capture=subprocess.PIPE)
        output = ""
        try:
            # Cannot use for loop here due to buffering and iterators.
            while True:
                line = ps.stdout.readline().decode()
                if not line:
                    break
    
                if line.find("is not a recognized MENDER_ variable") &gt;= 0:
                    pytest.fail(
                        "Found variable which is not in mender-vars.json: %s" % line.strip()
                    )
    
                if capture:
                    output += line
                else:
                    sys.stdout.write(line)
        finally:
            # Empty any remaining lines.
            try:
                if capture:
                    output += ps.stdout.readlines().decode()
                else:
                    ps.stdout.readlines()
            except:
                pass
            ps.wait()
            if ps.returncode != 0:
                e = subprocess.CalledProcessError(ps.returncode, cmd)
                if capture:
                    e.output = output
&gt;               raise e
E               subprocess.CalledProcessError: Command 'cd /builds/Northern.tech/Mender &amp;&amp; . oe-init-build-env /builds/Northern.tech/Mender/build-vexpress-qemu-uboot-uefi-grub/test-build-nymci9ap &amp;&amp; bitbake mender-client' returned non-zero exit status 1.

image-tests/tests/utils/common/common.py:440: CalledProcessError</failure></testcase><testcase classname="test_build.TestBuild" name="test_mender_inventory_network_scripts" time="51.728"><failure message="subprocess.CalledProcessError: Command 'cd /builds/Northern.tech/Mender &amp;&amp; . oe-init-build-env /builds/Northern.tech/Mender/build-vexpress-qemu-uboot-uefi-grub/test-build-nymci9ap &amp;&amp; bitbake core-image-full-cmdline' returned non-zero exit status 1.">self = &lt;test_build.TestBuild object at 0x7f0e5112b080&gt;
request = &lt;FixtureRequest for &lt;Function test_mender_inventory_network_scripts&gt;&gt;
prepared_test_build = {'bitbake_corebase': '/builds/Northern.tech/Mender', 'build_dir': '/builds/Northern.tech/Mender/build-vexpress-qemu-uboot-uefi-grub/test-build-nymci9ap'}
bitbake_image = 'core-image-full-cmdline'

    @pytest.mark.min_mender_version("2.5.0")
    @pytest.mark.only_with_image("ext4")
    def test_mender_inventory_network_scripts(
        self, request, prepared_test_build, bitbake_image
    ):
        """
        Test the 'inventory-network-scripts' build feature configuration through
        'PACKAGECONFIG' is working as expected.
    
        This verifies that the 'inventory-network-scripts' option is a part
        build, and also that the inventory scripts are not included when
        removed.
    
    
        The test only runs for sdimg, as the build image should not really matter here.
        """
    
        #
        # Feature enabled
        #
        reset_build_conf(prepared_test_build["build_dir"])
        build_image(
            prepared_test_build["build_dir"],
            prepared_test_build["bitbake_corebase"],
            bitbake_image,
&gt;           ['PACKAGECONFIG_append_pn-mender-client = " inventory-network-scripts"'],
        )

test_build.py:1205: 
_ _ _ _ _ _ _ _ _ _ _ _ _ _ _ _ _ _ _ _ _ _ _ _ _ _ _ _ _ _ _ _ _ _ _ _ _ _ _ _ 
image-tests/tests/utils/common/common.py:403: in build_image
    _run_bitbake(bitbake_image, init_env_cmd, capture)
_ _ _ _ _ _ _ _ _ _ _ _ _ _ _ _ _ _ _ _ _ _ _ _ _ _ _ _ _ _ _ _ _ _ _ _ _ _ _ _ 

target = 'core-image-full-cmdline'
env_setup_cmd = 'cd /builds/Northern.tech/Mender &amp;&amp; . oe-init-build-env /builds/Northern.tech/Mender/build-vexpress-qemu-uboot-uefi-grub/test-build-nymci9ap'
capture = False

    def _run_bitbake(target, env_setup_cmd, capture=False):
        cmd = "%s &amp;&amp; bitbake %s" % (env_setup_cmd, target)
        ps = run_verbose(cmd, capture=subprocess.PIPE)
        output = ""
        try:
            # Cannot use for loop here due to buffering and iterators.
            while True:
                line = ps.stdout.readline().decode()
                if not line:
                    break
    
                if line.find("is not a recognized MENDER_ variable") &gt;= 0:
                    pytest.fail(
                        "Found variable which is not in mender-vars.json: %s" % line.strip()
                    )
    
                if capture:
                    output += line
                else:
                    sys.stdout.write(line)
        finally:
            # Empty any remaining lines.
            try:
                if capture:
                    output += ps.stdout.readlines().decode()
                else:
                    ps.stdout.readlines()
            except:
                pass
            ps.wait()
            if ps.returncode != 0:
                e = subprocess.CalledProcessError(ps.returncode, cmd)
                if capture:
                    e.output = output
&gt;               raise e
E               subprocess.CalledProcessError: Command 'cd /builds/Northern.tech/Mender &amp;&amp; . oe-init-build-env /builds/Northern.tech/Mender/build-vexpress-qemu-uboot-uefi-grub/test-build-nymci9ap &amp;&amp; bitbake core-image-full-cmdline' returned non-zero exit status 1.

image-tests/tests/utils/common/common.py:440: CalledProcessError</failure></testcase><testcase classname="test_build.TestBuild" name="test_mender_dbus_interface_file" time="172.636" /><testcase classname="test_dataimg.TestDataImg" name="test_dataimg_creation" time="178.414" /><testcase classname="test_dbus.TestDBus" name="test_dbus_system_configuration_file" time="233.897" /><testcase classname="test_dbus.TestDBus" name="test_dbus_non_root_access" time="95.495" /><testcase classname="test_dbus.TestDBus" name="test_dbus_get_jwt_token" time="104.610" /><testcase classname="test_dbus.TestDBus" name="test_dbus_fetch_jwt_token" time="44.268" /><testcase classname="test_inventory.TestInventory" name="test_rootfs_type" time="0.545" /><testcase classname="test_inventory.TestInventory" name="test_bootloader_integration" time="0.426" /><testcase classname="test_inventory.TestInventory" name="test_inventory_os" time="10.235" /><testcase classname="test_mender-artifact.TestMenderArtifact" name="test_order[2]" time="60.963" /><testcase classname="test_mender-artifact.TestMenderArtifact" name="test_order[3]" time="38.970" /><testcase classname="test_mender-artifact.TestMenderArtifact" name="test_files_list_integrity[2]" time="40.640" /><testcase classname="test_mender-artifact.TestMenderArtifact" name="test_files_list_integrity[3]" time="45.057" /><testcase classname="test_mender-artifact.TestMenderArtifact" name="test_files_checksum_integrity[2]" time="52.221" /><testcase classname="test_mender-artifact.TestMenderArtifact" name="test_files_checksum_integrity[3]" time="41.985" /><testcase classname="test_mender-artifact.TestMenderArtifact" name="test_artifacts_validation[2]" time="42.073" /><testcase classname="test_mender-artifact.TestMenderArtifact" name="test_artifacts_validation[3]" time="40.523" /><testcase classname="test_mender-artifact.TestMenderArtifact" name="test_artifacts_rootfs_size[2]" time="40.581" /><testcase classname="test_mender-artifact.TestMenderArtifact" name="test_artifacts_rootfs_size[3]" time="40.516" /><testcase classname="test_mender-connect.TestMenderConnect" name="test_mender_connect_auth_changes" time="53.742" /><testcase classname="test_mender-connect.TestMenderConnect" name="test_mender_connect_reconnect" time="154.718" /><testcase classname="test_os_integration.TestOsIntegration" name="test_syslogger" time="140.209" /><testcase classname="test_snapshot.TestSnapshot" name="test_basic_snapshot[compression0]" time="140.171" /><testcase classname="test_snapshot.TestSnapshot" name="test_basic_snapshot[compression1]" time="366.485" /><testcase classname="test_snapshot.TestSnapshot" name="test_snapshot_device_file" time="138.388" /><testcase classname="test_snapshot.TestSnapshot" name="test_snapshot_inactive" time="75.400" /><testcase classname="test_snapshot.TestSnapshot" name="test_snapshot_avoid_deadlock" time="83.559" /><testcase classname="test_snapshot.TestSnapshot" name="test_snapshot_using_mender_artifact[]" time="146.987" /><testcase classname="test_snapshot.TestSnapshot" name="test_snapshot_using_mender_artifact[screen -D -m -L -Logfile screen.log.tmp]" time="149.684" /><testcase classname="test_snapshot.TestSnapshot" name="test_snapshot_using_mender_artifact_no_sudo[]" time="148.218" /><testcase classname="test_snapshot.TestSnapshot" name="test_snapshot_using_mender_artifact_no_sudo[screen -D -m -L -Logfile screen.log.tmp]" time="149.324" /><testcase classname="test_ubimg.TestUbimg" name="test_total_size" time="0.008"><skipped message="no supported filesystem in tar.bz2, ext4, mender, mender.bmap, uefiimg, uefiimg.bmap, uefiimg.bz2, ext4 (supports ubimg)" type="pytest.skip">/builds/Northern.tech/Mender/meta-mender/tests/acceptance/image-tests/tests/utils/fixtures/fixtures.py:595: no supported filesystem in tar.bz2, ext4, mender, mender.bmap, uefiimg, uefiimg.bmap, uefiimg.bz2, ext4 (supports ubimg)</skipped></testcase><testcase classname="test_ubimg.TestUbimg" name="test_volumes" time="0.001"><skipped message="no supported filesystem in tar.bz2, ext4, mender, mender.bmap, uefiimg, uefiimg.bmap, uefiimg.bz2, ext4 (supports ubimg)" type="pytest.skip">/builds/Northern.tech/Mender/meta-mender/tests/acceptance/image-tests/tests/utils/fixtures/fixtures.py:595: no supported filesystem in tar.bz2, ext4, mender, mender.bmap, uefiimg, uefiimg.bmap, uefiimg.bz2, ext4 (supports ubimg)</skipped></testcase><testcase classname="test_ubimg.TestUbimg" name="test_volume_contents" time="0.002"><skipped message="no supported filesystem in tar.bz2, ext4, mender, mender.bmap, uefiimg, uefiimg.bmap, uefiimg.bz2, ext4 (supports ubimg)" type="pytest.skip">/builds/Northern.tech/Mender/meta-mender/tests/acceptance/image-tests/tests/utils/fixtures/fixtures.py:595: no supported filesystem in tar.bz2, ext4, mender, mender.bmap, uefiimg, uefiimg.bmap, uefiimg.bz2, ext4 (supports ubimg)</skipped></testcase><testcase classname="test_ubimg.TestUbimg" name="test_equal_checksum_ubimg_and_artifact" time="0.729"><skipped message="no supported filesystem in tar.bz2, ext4, mender, mender.bmap, uefiimg, uefiimg.bmap, uefiimg.bz2, ext4 (supports ubimg)" type="pytest.skip">/builds/Northern.tech/Mender/meta-mender/tests/acceptance/image-tests/tests/utils/fixtures/fixtures.py:595: no supported filesystem in tar.bz2, ext4, mender, mender.bmap, uefiimg, uefiimg.bmap, uefiimg.bz2, ext4 (supports ubimg)</skipped></testcase><testcase classname="test_uboot_automation.TestUbootAutomation" name="test_uboot_compile" time="0.001"><skipped message="no supported distro feature in mender-testing-enabled, mender-efi-boot, mender-grub, mender-image, mender-image-uefi, mender-client-install, mender-systemd, mender-growfs-data, acl, alsa, argp, bluetooth, ext2, ipv4, ipv6, largefile, pcmcia, usbgadget, usbhost, wifi, xattr, nfs, zeroconf, pci, 3g, nfc, x11, vfat, largefile, opengl, ptest, multiarch, wayland, vulkan, pulseaudio, gobject-introspection-data, ldconfig, systemd (supports mender-uboot)" type="pytest.skip">/builds/Northern.tech/Mender/meta-mender/tests/acceptance/image-tests/tests/utils/fixtures/fixtures.py:624: no supported distro feature in mender-testing-enabled, mender-efi-boot, mender-grub, mender-image, mender-image-uefi, mender-client-install, mender-systemd, mender-growfs-data, acl, alsa, argp, bluetooth, ext2, ipv4, ipv6, largefile, pcmcia, usbgadget, usbhost, wifi, xattr, nfs, zeroconf, pci, 3g, nfc, x11, vfat, largefile, opengl, ptest, multiarch, wayland, vulkan, pulseaudio, gobject-introspection-data, ldconfig, systemd (supports mender-uboot)</skipped></testcase><testcase classname="test_uboot_automation.TestUbootAutomation" name="test_older_uboot_build" time="0.001"><skipped message="no supported filesystem in tar.bz2, ext4, mender, mender.bmap, uefiimg, uefiimg.bmap, uefiimg.bz2, ext4 (supports sdimg)" type="pytest.skip">/builds/Northern.tech/Mender/meta-mender/tests/acceptance/image-tests/tests/utils/fixtures/fixtures.py:595: no supported filesystem in tar.bz2, ext4, mender, mender.bmap, uefiimg, uefiimg.bmap, uefiimg.bz2, ext4 (supports sdimg)</skipped></testcase><testcase classname="test_uboot_automation.TestUbootAutomation" name="test_save_mender_auto_configured_patch" time="0.001"><skipped message="no supported distro feature in mender-testing-enabled, mender-efi-boot, mender-grub, mender-image, mender-image-uefi, mender-client-install, mender-systemd, mender-growfs-data, acl, alsa, argp, bluetooth, ext2, ipv4, ipv6, largefile, pcmcia, usbgadget, usbhost, wifi, xattr, nfs, zeroconf, pci, 3g, nfc, x11, vfat, largefile, opengl, ptest, multiarch, wayland, vulkan, pulseaudio, gobject-introspection-data, ldconfig, systemd (supports mender-uboot)" type="pytest.skip">/builds/Northern.tech/Mender/meta-mender/tests/acceptance/image-tests/tests/utils/fixtures/fixtures.py:624: no supported distro feature in mender-testing-enabled, mender-efi-boot, mender-grub, mender-image, mender-image-uefi, mender-client-install, mender-systemd, mender-growfs-data, acl, alsa, argp, bluetooth, ext2, ipv4, ipv6, largefile, pcmcia, usbgadget, usbhost, wifi, xattr, nfs, zeroconf, pci, 3g, nfc, x11, vfat, largefile, opengl, ptest, multiarch, wayland, vulkan, pulseaudio, gobject-introspection-data, ldconfig, systemd (supports mender-uboot)</skipped></testcase><testcase classname="test_uboot_automation.TestUbootAutomation" name="test_incorrect_Kconfig_setting" time="0.001"><skipped message="no supported distro feature in mender-testing-enabled, mender-efi-boot, mender-grub, mender-image, mender-image-uefi, mender-client-install, mender-systemd, mender-growfs-data, acl, alsa, argp, bluetooth, ext2, ipv4, ipv6, largefile, pcmcia, usbgadget, usbhost, wifi, xattr, nfs, zeroconf, pci, 3g, nfc, x11, vfat, largefile, opengl, ptest, multiarch, wayland, vulkan, pulseaudio, gobject-introspection-data, ldconfig, systemd (supports mender-ubi)" type="pytest.skip">/builds/Northern.tech/Mender/meta-mender/tests/acceptance/image-tests/tests/utils/fixtures/fixtures.py:624: no supported distro feature in mender-testing-enabled, mender-efi-boot, mender-grub, mender-image, mender-image-uefi, mender-client-install, mender-systemd, mender-growfs-data, acl, alsa, argp, bluetooth, ext2, ipv4, ipv6, largefile, pcmcia, usbgadget, usbhost, wifi, xattr, nfs, zeroconf, pci, 3g, nfc, x11, vfat, largefile, opengl, ptest, multiarch, wayland, vulkan, pulseaudio, gobject-introspection-data, ldconfig, systemd (supports mender-ubi)</skipped></testcase><testcase classname="test_update_control.TestUpdateControl" name="test_update_control_maps[Empty map-case0]" time="63.134" /><testcase classname="test_update_control.TestUpdateControl" name="test_update_control_maps[Fail in ArtifactInstall_Enter-case1]" time="58.469" /><testcase classname="test_update_control.TestUpdateControl" name="test_update_control_maps[Fail in ArtifactReboot_Enter-case2]" time="75.580" /><testcase classname="test_update_control.TestUpdateControl" name="test_update_control_maps[Fail in ArtifactCommit_Enter-case3]" time="80.853" /><testcase classname="test_update_control.TestUpdateControl" name="test_update_control_maps[Pause in ArtifactInstall_Enter-case4]" time="85.108" /><testcase classname="test_update_control.TestUpdateControl" name="test_update_control_maps[Pause in ArtifactReboot_Enter-case5]" time="83.551" /><testcase classname="test_update_control.TestUpdateControl" name="test_update_control_maps[Pause in ArtifactCommit_Enter-case6]" time="95.141" /><testcase classname="test_update_control.TestUpdateControl" name="test_update_control_maps[Expire in ArtifactInstall_Enter-case7]" time="148.058" /><testcase classname="test_update_control.TestUpdateControl" name="test_update_control_maps[Reboot and expire in ArtifactInstall_Enter-case8]" time="134.700" /><testcase classname="test_update_control.TestUpdateControl" name="test_update_control_maps[Continue, then fail in ArtifactInstall_Enter-case9]" time="100.750" /><testcase classname="test_update_control.TestUpdateControl" name="test_update_control_maps[continue with higher priority-case10]" time="75.925" /><testcase classname="test_update_control.TestUpdateControl" name="test_update_control_maps[force_continue with higher priority-case11]" time="78.714" /><testcase classname="test_update_control.TestUpdateControl" name="test_update_control_maps[force_continue with lower priority-case12]" time="77.947" /><testcase classname="test_update_control.TestUpdateControl" name="test_update_control_maps[Expired and purged map-case13]" time="158.390" /><testcase classname="test_update_control.TestUpdateControl" name="test_invalid_update_control_map" time="38.064" /><testcase classname="test_update_control.TestUpdateControl" name="test_update_control_map_cleanup[Cleanup after success-case0]" time="90.536" /><testcase classname="test_update_control.TestUpdateControl" name="test_update_control_map_cleanup[Cleanup after failure-case1]" time="97.385" /><testcase classname="test_update_control.TestUpdateControl" name="test_many_state_transitions_with_update_control" time="173.733" /><testcase classname="commercial.test_delta_update_module.TestDeltaUpdateModule" name="test_build_and_run_module" time="155.911" /><testcase classname="commercial.test_delta_update_module.TestDeltaUpdateModule" name="test_runtime_checksum" time="379.371" /><testcase classname="commercial.test_delta_update_module.TestDeltaUpdateModule" name="test_perform_update" time="0.002"><skipped message="incompatible machine vexpress-qemu" type="pytest.skip">/builds/Northern.tech/Mender/meta-mender/tests/acceptance/image-tests/tests/utils/fixtures/fixtures.py:572: incompatible machine vexpress-qemu</skipped></testcase><testcase classname="commercial.test_mender_gateway.TestMenderGateway" name="test_build_mender_gateway" time="154.216" /><testcase classname="commercial.test_monitor_addon.TestMonitorAddon" name="test_build_addon" time="153.756" /><testcase classname="image-tests.tests.test_part_image.TestMostPartitionImages" name="test_total_size" time="9.061" /><testcase classname="image-tests.tests.test_part_image.TestMostPartitionImages" name="test_partition_alignment" time="19.705" /><testcase classname="image-tests.tests.test_part_image.TestMostPartitionImages" name="test_device_type" time="0.890" /><testcase classname="image-tests.tests.test_part_image.TestMostPartitionImages" name="test_data_ownership" time="0.907" /><testcase classname="image-tests.tests.test_part_image.TestMostPartitionImages" name="test_fstab_correct" time="3.605" /><testcase classname="image-tests.tests.test_part_image.TestMostPartitionImages" name="test_mender_grubenv" time="0.147" /><testcase classname="image-tests.tests.test_part_image.TestMostPartitionImages" name="test_split_mender_conf" time="1.524" /><testcase classname="image-tests.tests.test_part_image.TestMostPartitionImages" name="test_expected_data_dirs" time="1.026" /><testcase classname="image-tests.tests.test_part_image.TestAllPartitionImages" name="test_equal_checksum_part_image_and_artifact" time="7.064" /><testcase classname="image-tests.tests.test_rootfs.TestRootfs" name="test_expected_files_ext234" time="0.049" /><testcase classname="image-tests.tests.test_rootfs.TestRootfs" name="test_expected_files_ext234_mender_connect" time="0.018" /><testcase classname="image-tests.tests.test_rootfs.TestRootfs" name="test_expected_files_ext234_mender_configure" time="0.033" /><testcase classname="image-tests.tests.test_rootfs.TestRootfs" name="test_expected_files_ext234_mender_monitor" time="0.002"><skipped message="Test only applicable for mender-convert images." type="pytest.skip">/builds/Northern.tech/Mender/meta-mender/tests/acceptance/image-tests/tests/test_rootfs.py:247: Test only applicable for mender-convert images.</skipped></testcase><testcase classname="image-tests.tests.test_rootfs.TestRootfs" name="test_expected_files_ubifs" time="0.007"><skipped message="no supported filesystem in tar.bz2, ext4, mender, mender.bmap, uefiimg, uefiimg.bmap, uefiimg.bz2, ext4 (supports ubifs)" type="pytest.skip">/builds/Northern.tech/Mender/meta-mender/tests/acceptance/image-tests/tests/utils/fixtures/fixtures.py:595: no supported filesystem in tar.bz2, ext4, mender, mender.bmap, uefiimg, uefiimg.bmap, uefiimg.bz2, ext4 (supports ubifs)</skipped></testcase><testcase classname="image-tests.tests.test_rootfs.TestRootfs" name="test_unconfigured_image" time="0.001"><skipped message="no supported distro feature in mender-testing-enabled, mender-efi-boot, mender-grub, mender-image, mender-image-uefi, mender-client-install, mender-systemd, mender-growfs-data, acl, alsa, argp, bluetooth, ext2, ipv4, ipv6, largefile, pcmcia, usbgadget, usbhost, wifi, xattr, nfs, zeroconf, pci, 3g, nfc, x11, vfat, largefile, opengl, ptest, multiarch, wayland, vulkan, pulseaudio, gobject-introspection-data, ldconfig, systemd (supports mender-convert)" type="pytest.skip">/builds/Northern.tech/Mender/meta-mender/tests/acceptance/image-tests/tests/utils/fixtures/fixtures.py:624: no supported distro feature in mender-testing-enabled, mender-efi-boot, mender-grub, mender-image, mender-image-uefi, mender-client-install, mender-systemd, mender-growfs-data, acl, alsa, argp, bluetooth, ext2, ipv4, ipv6, largefile, pcmcia, usbgadget, usbhost, wifi, xattr, nfs, zeroconf, pci, 3g, nfc, x11, vfat, largefile, opengl, ptest, multiarch, wayland, vulkan, pulseaudio, gobject-introspection-data, ldconfig, systemd (supports mender-convert)</skipped></testcase><testcase classname="image-tests.tests.test_secure_boot.TestSecureBoot" name="test_secure_boot_enabled" time="417.364"><skipped message="MEN-5253: Secure Boot not yet working for Yocto" type="pytest.skip">/builds/Northern.tech/Mender/meta-mender/tests/acceptance/image-tests/tests/test_secure_boot.py:24: MEN-5253: Secure Boot not yet working for Yocto</skipped></testcase><testcase classname="image-tests.tests.test_update.TestUpdates" name="test_broken_image_update" time="80.506" /><testcase classname="image-tests.tests.test_update.TestUpdates" name="test_image_update_broken_kernel" time="305.053" /><testcase classname="image-tests.tests.test_update.TestUpdates" name="test_too_big_image_update" time="45.688" /><testcase classname="image-tests.tests.test_update.TestUpdates" name="test_network_based_image_update" time="368.076" /><testcase classname="image-tests.tests.test_update.TestUpdates" name="test_signed_updates[sig_case0]" time="29.590" /><testcase classname="image-tests.tests.test_update.TestUpdates" name="test_signed_updates[sig_case1]" time="36.095" /><testcase classname="image-tests.tests.test_update.TestUpdates" name="test_signed_updates[sig_case2]" time="25.026" /><testcase classname="image-tests.tests.test_update.TestUpdates" name="test_signed_updates[sig_case3]" time="44.615" /><testcase classname="image-tests.tests.test_update.TestUpdates" name="test_signed_updates[sig_case4]" time="27.734" /><testcase classname="image-tests.tests.test_update.TestUpdates" name="test_signed_updates[sig_case5]" time="31.423" /><testcase classname="image-tests.tests.test_update.TestUpdates" name="test_signed_updates[sig_case6]" time="24.917" /><testcase classname="image-tests.tests.test_update.TestUpdates" name="test_signed_updates[sig_case7]" time="14.852" /><testcase classname="image-tests.tests.test_update.TestUpdates" name="test_signed_updates[sig_case8]" time="25.083" /><testcase classname="image-tests.tests.test_update.TestUpdates" name="test_signed_updates[sig_case9]" time="14.355" /><testcase classname="image-tests.tests.test_update.TestUpdates" name="test_signed_updates[sig_case10]" time="18.789" /><testcase classname="image-tests.tests.test_update.TestUpdates" name="test_signed_updates[sig_case11]" time="15.296" /><testcase classname="image-tests.tests.test_update.TestUpdates" name="test_signed_updates[sig_case12]" time="23.575" /><testcase classname="image-tests.tests.test_update.TestUpdates" name="test_signed_updates[sig_case13]" time="24.763" /><testcase classname="image-tests.tests.test_update.TestUpdates" name="test_signed_updates[sig_case14]" time="14.417" /><testcase classname="image-tests.tests.test_update.TestUpdates" name="test_signed_updates[sig_case15]" time="23.459" /><testcase classname="image-tests.tests.test_update.TestUpdates" name="test_signed_updates[sig_case16]" time="14.193" /><testcase classname="image-tests.tests.test_update.TestUpdates" name="test_signed_updates[sig_case17]" time="18.681" /><testcase classname="image-tests.tests.test_update.TestUpdates" name="test_signed_updates[sig_case18]" time="25.106" /><testcase classname="image-tests.tests.test_update.TestUpdates" name="test_signed_updates[sig_case19]" time="14.378" /><testcase classname="image-tests.tests.test_update.TestUpdates" name="test_signed_updates[sig_case20]" time="23.553" /><testcase classname="image-tests.tests.test_update.TestUpdates" name="test_signed_updates[sig_case21]" time="14.731" /><testcase classname="image-tests.tests.test_update.TestUpdates" name="test_signed_updates[sig_case22]" time="18.903" /><testcase classname="image-tests.tests.test_update.TestUpdates" name="test_signed_updates[sig_case23]" time="15.486" /><testcase classname="image-tests.tests.test_update.TestUpdates" name="test_redundant_grub_env" time="176.249" /><testcase classname="image-tests.tests.test_update.TestUpdates" name="test_uboot_mender_saveenv_canary" time="0.531"><skipped message="no supported distro feature in mender-testing-enabled, mender-efi-boot, mender-grub, mender-image, mender-image-uefi, mender-client-install, mender-systemd, mender-growfs-data, acl, alsa, argp, bluetooth, ext2, ipv4, ipv6, largefile, pcmcia, usbgadget, usbhost, wifi, xattr, nfs, zeroconf, pci, 3g, nfc, x11, vfat, largefile, opengl, ptest, multiarch, wayland, vulkan, pulseaudio, gobject-introspection-data, ldconfig, systemd (supports mender-uboot)" type="pytest.skip">/builds/Northern.tech/Mender/meta-mender/tests/acceptance/image-tests/tests/utils/fixtures/fixtures.py:624: no supported distro feature in mender-testing-enabled, mender-efi-boot, mender-grub, mender-image, mender-image-uefi, mender-client-install, mender-systemd, mender-growfs-data, acl, alsa, argp, bluetooth, ext2, ipv4, ipv6, largefile, pcmcia, usbgadget, usbhost, wifi, xattr, nfs, zeroconf, pci, 3g, nfc, x11, vfat, largefile, opengl, ptest, multiarch, wayland, vulkan, pulseaudio, gobject-introspection-data, ldconfig, systemd (supports mender-uboot)</skipped></testcase><testcase classname="image-tests.tests.test_update.TestUpdates" name="test_standalone_update_rollback" time="11.722" /><testcase classname="image-tests.tests.test_update_modules.TestUpdateModules" name="test_directory_update_module" time="42.115" /><testcase classname="image-tests.tests.test_update_modules.TestUpdateModules" name="test_single_file_update_module" time="87.648" /></testsuite></testsuites>