<?xml version="1.0" encoding="utf-8"?><testsuites><testsuite errors="52" failures="3" hostname="runner-kzzanpnu-project-12501706-concurrent-0" name="pytest" skipped="33" tests="168" time="5524.487" timestamp="2022-05-22T01:32:37.516614"><testcase classname="test_bootimg.TestBootImg" name="test_bootimg_creation" time="334.622" /><testcase classname="test_build.TestBuild" name="test_default_server_certificate" time="0.012" /><testcase classname="test_build.TestBuild" name="test_certificate_split" time="8.808" /><testcase classname="test_build.TestBuild" name="test_bootloader_embed" time="0.001"><skipped message="no supported filesystem in vexpress-nor, mender, mender.bmap, ubimg, mtdimg, ubimg.bmap, ubifs (supports sdimg)" type="pytest.skip">/builds/Northern.tech/Mender/meta-mender/tests/acceptance/image-tests/tests/utils/fixtures/fixtures.py:595: no supported filesystem in vexpress-nor, mender, mender.bmap, ubimg, mtdimg, ubimg.bmap, ubifs (supports sdimg)</skipped></testcase><testcase classname="test_build.TestBuild" name="test_image_rootfs_extra_space" time="0.001"><skipped message="no supported filesystem in vexpress-nor, mender, mender.bmap, ubimg, mtdimg, ubimg.bmap, ubifs (supports ext4, ext3, ext2)" type="pytest.skip">/builds/Northern.tech/Mender/meta-mender/tests/acceptance/image-tests/tests/utils/fixtures/fixtures.py:595: no supported filesystem in vexpress-nor, mender, mender.bmap, ubimg, mtdimg, ubimg.bmap, ubifs (supports ext4, ext3, ext2)</skipped></testcase><testcase classname="test_build.TestBuild" name="test_tenant_token" time="0.001"><skipped message="no supported filesystem in vexpress-nor, mender, mender.bmap, ubimg, mtdimg, ubimg.bmap, ubifs (supports ext4, ext3, ext2)" type="pytest.skip">/builds/Northern.tech/Mender/meta-mender/tests/acceptance/image-tests/tests/utils/fixtures/fixtures.py:595: no supported filesystem in vexpress-nor, mender, mender.bmap, ubimg, mtdimg, ubimg.bmap, ubifs (supports ext4, ext3, ext2)</skipped></testcase><testcase classname="test_build.TestBuild" name="test_artifact_signing_keys" time="22.968"><skipped message="no supported filesystem in vexpress-nor, mender, mender.bmap, ubimg, mtdimg, ubimg.bmap, ubifs (supports ext4, ext3, ext2)" type="pytest.skip">/builds/Northern.tech/Mender/meta-mender/tests/acceptance/image-tests/tests/utils/fixtures/fixtures.py:595: no supported filesystem in vexpress-nor, mender, mender.bmap, ubimg, mtdimg, ubimg.bmap, ubifs (supports ext4, ext3, ext2)</skipped></testcase><testcase classname="test_build.TestBuild" name="test_state_scripts" time="0.012"><skipped message="no supported filesystem in vexpress-nor, mender, mender.bmap, ubimg, mtdimg, ubimg.bmap, ubifs (supports ext4, ext3, ext2)" type="pytest.skip">/builds/Northern.tech/Mender/meta-mender/tests/acceptance/image-tests/tests/utils/fixtures/fixtures.py:595: no supported filesystem in vexpress-nor, mender, mender.bmap, ubimg, mtdimg, ubimg.bmap, ubifs (supports ext4, ext3, ext2)</skipped></testcase><testcase classname="test_build.TestBuild" name="test_preferred_versions[mender-client-3.2.0]" time="62.540" /><testcase classname="test_build.TestBuild" name="test_preferred_versions[mender-client-3.1.0]" time="61.019" /><testcase classname="test_build.TestBuild" name="test_preferred_versions[mender-client-3.2.1]" time="62.726" /><testcase classname="test_build.TestBuild" name="test_preferred_versions[mender-client-None]" time="42.347" /><testcase classname="test_build.TestBuild" name="test_preferred_versions[mender-client-native-3.2.0]" time="21.782" /><testcase classname="test_build.TestBuild" name="test_preferred_versions[mender-client-native-3.1.0]" time="23.957" /><testcase classname="test_build.TestBuild" name="test_preferred_versions[mender-client-native-3.2.1]" time="21.244" /><testcase classname="test_build.TestBuild" name="test_preferred_versions[mender-client-native-None]" time="21.344" /><testcase classname="test_build.TestBuild" name="test_preferred_versions[mender-artifact-native-3.7.0]" time="54.836" /><testcase classname="test_build.TestBuild" name="test_preferred_versions[mender-artifact-native-3.5.0]" time="56.012" /><testcase classname="test_build.TestBuild" name="test_preferred_versions[mender-artifact-native-3.7.1]" time="55.107" /><testcase classname="test_build.TestBuild" name="test_preferred_versions[mender-artifact-native-3.6.0]" time="54.894" /><testcase classname="test_build.TestBuild" name="test_preferred_versions[mender-artifact-native-3.5.1]" time="55.724" /><testcase classname="test_build.TestBuild" name="test_preferred_versions[mender-artifact-native-3.5.2]" time="55.682" /><testcase classname="test_build.TestBuild" name="test_preferred_versions[mender-artifact-native-3.6.1]" time="56.098" /><testcase classname="test_build.TestBuild" name="test_preferred_versions[mender-artifact-native-None]" time="36.609" /><testcase classname="test_build.TestBuild" name="test_preferred_versions[mender-connect-1.0.1]" time="137.743" /><testcase classname="test_build.TestBuild" name="test_preferred_versions[mender-connect-1.0.2]" time="131.789" /><testcase classname="test_build.TestBuild" name="test_preferred_versions[mender-connect-2.0.1]" time="115.661" /><testcase classname="test_build.TestBuild" name="test_preferred_versions[mender-connect-1.1.0]" time="78.294" /><testcase classname="test_build.TestBuild" name="test_preferred_versions[mender-connect-2.0.0]" time="76.789" /><testcase classname="test_build.TestBuild" name="test_preferred_versions[mender-connect-1.2.1]" time="73.936" /><testcase classname="test_build.TestBuild" name="test_preferred_versions[mender-connect-1.0.0]" time="75.147" /><testcase classname="test_build.TestBuild" name="test_preferred_versions[mender-connect-1.2.0]" time="73.927" /><testcase classname="test_build.TestBuild" name="test_preferred_versions[mender-connect-1.0.3]" time="76.999" /><testcase classname="test_build.TestBuild" name="test_preferred_versions[mender-connect-1.1.1]" time="79.908" /><testcase classname="test_build.TestBuild" name="test_preferred_versions[mender-connect-None]" time="44.775" /><testcase classname="test_build.TestBuild" name="test_preferred_versions[mender-configure-1.0.1]" time="69.809" /><testcase classname="test_build.TestBuild" name="test_preferred_versions[mender-configure-1.0.3]" time="64.460" /><testcase classname="test_build.TestBuild" name="test_preferred_versions[mender-configure-1.0.2]" time="69.533" /><testcase classname="test_build.TestBuild" name="test_preferred_versions[mender-configure-1.0.0]" time="70.773" /><testcase classname="test_build.TestBuild" name="test_preferred_versions[mender-configure-None]" time="26.614" /><testcase classname="test_build.TestBuild" name="test_multiple_device_types_compatible" time="70.601" /><testcase classname="test_build.TestBuild" name="test_various_mtd_combinations[Default-test_case0]" time="40.588" /><testcase classname="test_build.TestBuild" name="test_various_mtd_combinations[custom_mtdids-test_case1]" time="131.390" /><testcase classname="test_build.TestBuild" name="test_various_mtd_combinations[multiple_mtdids_no_selected_one-test_case2]" time="204.745" /><testcase classname="test_build.TestBuild" name="test_various_mtd_combinations[multiple_mtdids_and_selected_one-test_case3]" time="179.683" /><testcase classname="test_build.TestBuild" name="test_various_mtd_combinations[multiple_mtdparts-test_case4]" time="185.229" /><testcase classname="test_build.TestBuild" name="test_boot_partition_population" time="0.002"><skipped message="no supported filesystem in vexpress-nor, mender, mender.bmap, ubimg, mtdimg, ubimg.bmap, ubifs (supports sdimg, uefiimg)" type="pytest.skip">/builds/Northern.tech/Mender/meta-mender/tests/acceptance/image-tests/tests/utils/fixtures/fixtures.py:595: no supported filesystem in vexpress-nor, mender, mender.bmap, ubimg, mtdimg, ubimg.bmap, ubifs (supports sdimg, uefiimg)</skipped></testcase><testcase classname="test_build.TestBuild" name="test_module_install" time="0.001"><skipped message="no supported filesystem in vexpress-nor, mender, mender.bmap, ubimg, mtdimg, ubimg.bmap, ubifs (supports sdimg, uefiimg)" type="pytest.skip">/builds/Northern.tech/Mender/meta-mender/tests/acceptance/image-tests/tests/utils/fixtures/fixtures.py:595: no supported filesystem in vexpress-nor, mender, mender.bmap, ubimg, mtdimg, ubimg.bmap, ubifs (supports sdimg, uefiimg)</skipped></testcase><testcase classname="test_build.TestBuild" name="test_correct_partition_types" time="0.022"><skipped message="no supported filesystem in vexpress-nor, mender, mender.bmap, ubimg, mtdimg, ubimg.bmap, ubifs (supports sdimg, uefiimg, gptimg, biosimg)" type="pytest.skip">/builds/Northern.tech/Mender/meta-mender/tests/acceptance/image-tests/tests/utils/fixtures/fixtures.py:595: no supported filesystem in vexpress-nor, mender, mender.bmap, ubimg, mtdimg, ubimg.bmap, ubifs (supports sdimg, uefiimg, gptimg, biosimg)</skipped></testcase><testcase classname="test_build.TestBuild" name="test_build_artifact_depends_and_provides[dependsprovides0]" time="123.413" /><testcase classname="test_build.TestBuild" name="test_build_artifact_depends_and_provides[dependsprovides1]" time="50.784" /><testcase classname="test_build.TestBuild" name="test_build_artifact_depends_and_provides[dependsprovides2]" time="47.966" /><testcase classname="test_build.TestBuild" name="test_build_artifact_depends_and_provides[dependsprovides3]" time="51.125" /><testcase classname="test_build.TestBuild" name="test_build_artifact_depends_and_provides[dependsprovides4]" time="48.505" /><testcase classname="test_build.TestBuild" name="test_extra_parts" time="0.002"><skipped message="no supported filesystem in vexpress-nor, mender, mender.bmap, ubimg, mtdimg, ubimg.bmap, ubifs (supports sdimg, uefiimg, gptimg, biosimg)" type="pytest.skip">/builds/Northern.tech/Mender/meta-mender/tests/acceptance/image-tests/tests/utils/fixtures/fixtures.py:595: no supported filesystem in vexpress-nor, mender, mender.bmap, ubimg, mtdimg, ubimg.bmap, ubifs (supports sdimg, uefiimg, gptimg, biosimg)</skipped></testcase><testcase classname="test_build.TestBuild" name="test_build_nodbus" time="47.160"><failure message="subprocess.CalledProcessError: Command 'cd /builds/Northern.tech/Mender &amp;&amp; . oe-init-build-env /builds/Northern.tech/Mender/build-vexpress-qemu-flash/test-build-fhzn0yud &amp;&amp; bitbake mender-client' returned non-zero exit status 1.">self = &lt;test_build.TestBuild object at 0x7f190ff844a8&gt;
request = &lt;FixtureRequest for &lt;Function test_build_nodbus&gt;&gt;
prepared_test_build = {'bitbake_corebase': '/builds/Northern.tech/Mender', 'build_dir': '/builds/Northern.tech/Mender/build-vexpress-qemu-flash/test-build-fhzn0yud'}
bitbake_path = '/builds/Northern.tech/Mender/build-vexpress-qemu-flash/tmp/sysroots-uninative/x86_64-linux/usr/bin:/builds/Northern.t...r/bin:/sbin:/bin:/snap/bin:/builds/Northern.tech/Mender/go/bin:/builds/Northern.tech/Mender/mender-binary-delta/x86_64'

    @pytest.mark.min_mender_version("1.0.0")
    def test_build_nodbus(self, request, prepared_test_build, bitbake_path):
        """Test that we can remove dbus from PACKAGECONFIG, and that this causes the
        library dependency to be gone. The opposite is not tested, since we
        assume failure to link to the library will be caught in other tests that
        test DBus functionality."""
    
        build_image(
            prepared_test_build["build_dir"],
            prepared_test_build["bitbake_corebase"],
            "mender-client",
&gt;           ['PACKAGECONFIG_remove = "dbus"'],
        )

test_build.py:1154: 
_ _ _ _ _ _ _ _ _ _ _ _ _ _ _ _ _ _ _ _ _ _ _ _ _ _ _ _ _ _ _ _ _ _ _ _ _ _ _ _ 
image-tests/tests/utils/common/common.py:403: in build_image
    _run_bitbake(bitbake_image, init_env_cmd, capture)
_ _ _ _ _ _ _ _ _ _ _ _ _ _ _ _ _ _ _ _ _ _ _ _ _ _ _ _ _ _ _ _ _ _ _ _ _ _ _ _ 

target = 'mender-client'
env_setup_cmd = 'cd /builds/Northern.tech/Mender &amp;&amp; . oe-init-build-env /builds/Northern.tech/Mender/build-vexpress-qemu-flash/test-build-fhzn0yud'
capture = False

    def _run_bitbake(target, env_setup_cmd, capture=False):
        cmd = "%s &amp;&amp; bitbake %s" % (env_setup_cmd, target)
        ps = run_verbose(cmd, capture=subprocess.PIPE)
        output = ""
        try:
            # Cannot use for loop here due to buffering and iterators.
            while True:
                line = ps.stdout.readline().decode()
                if not line:
                    break
    
                if line.find("is not a recognized MENDER_ variable") &gt;= 0:
                    pytest.fail(
                        "Found variable which is not in mender-vars.json: %s" % line.strip()
                    )
    
                if capture:
                    output += line
                else:
                    sys.stdout.write(line)
        finally:
            # Empty any remaining lines.
            try:
                if capture:
                    output += ps.stdout.readlines().decode()
                else:
                    ps.stdout.readlines()
            except:
                pass
            ps.wait()
            if ps.returncode != 0:
                e = subprocess.CalledProcessError(ps.returncode, cmd)
                if capture:
                    e.output = output
&gt;               raise e
E               subprocess.CalledProcessError: Command 'cd /builds/Northern.tech/Mender &amp;&amp; . oe-init-build-env /builds/Northern.tech/Mender/build-vexpress-qemu-flash/test-build-fhzn0yud &amp;&amp; bitbake mender-client' returned non-zero exit status 1.

image-tests/tests/utils/common/common.py:440: CalledProcessError</failure></testcase><testcase classname="test_build.TestBuild" name="test_mender_inventory_network_scripts" time="0.001"><skipped message="no supported filesystem in vexpress-nor, mender, mender.bmap, ubimg, mtdimg, ubimg.bmap, ubifs (supports ext4)" type="pytest.skip">/builds/Northern.tech/Mender/meta-mender/tests/acceptance/image-tests/tests/utils/fixtures/fixtures.py:595: no supported filesystem in vexpress-nor, mender, mender.bmap, ubimg, mtdimg, ubimg.bmap, ubifs (supports ext4)</skipped></testcase><testcase classname="test_build.TestBuild" name="test_mender_dbus_interface_file" time="173.437" /><testcase classname="test_dataimg.TestDataImg" name="test_dataimg_creation" time="34.433"><failure message="subprocess.CalledProcessError: Command 'cd /builds/Northern.tech/Mender &amp;&amp; . oe-init-build-env /builds/Northern.tech/Mender/build-vexpress-qemu-flash/test-build-fhzn0yud &amp;&amp; bitbake core-image-minimal' returned non-zero exit status 1.">self = &lt;test_dataimg.TestDataImg object at 0x7f190ff85240&gt;
request = &lt;FixtureRequest for &lt;Function test_dataimg_creation&gt;&gt;
bitbake_variables = {'ABIEXTENSION': 'eabi', 'ABIEXTENSION_class-nativesdk': '', 'ALLOW_EMPTY_core-image-minimal-dbg': '1', 'ALLOW_EMPTY_core-image-minimal-dev': '1', ...}
prepared_test_build = {'bitbake_corebase': '/builds/Northern.tech/Mender', 'build_dir': '/builds/Northern.tech/Mender/build-vexpress-qemu-flash/test-build-fhzn0yud'}
bitbake_image = 'core-image-minimal'

    @pytest.mark.min_mender_version("1.0.0")
    def test_dataimg_creation(
        self, request, bitbake_variables, prepared_test_build, bitbake_image
    ):
        """Test that we can build a dataimg successfully."""
    
        build_image(
            prepared_test_build["build_dir"],
            prepared_test_build["bitbake_corebase"],
            bitbake_image,
&gt;           ['IMAGE_FSTYPES = "dataimg"'],
        )

test_dataimg.py:35: 
_ _ _ _ _ _ _ _ _ _ _ _ _ _ _ _ _ _ _ _ _ _ _ _ _ _ _ _ _ _ _ _ _ _ _ _ _ _ _ _ 
image-tests/tests/utils/common/common.py:403: in build_image
    _run_bitbake(bitbake_image, init_env_cmd, capture)
_ _ _ _ _ _ _ _ _ _ _ _ _ _ _ _ _ _ _ _ _ _ _ _ _ _ _ _ _ _ _ _ _ _ _ _ _ _ _ _ 

target = 'core-image-minimal'
env_setup_cmd = 'cd /builds/Northern.tech/Mender &amp;&amp; . oe-init-build-env /builds/Northern.tech/Mender/build-vexpress-qemu-flash/test-build-fhzn0yud'
capture = False

    def _run_bitbake(target, env_setup_cmd, capture=False):
        cmd = "%s &amp;&amp; bitbake %s" % (env_setup_cmd, target)
        ps = run_verbose(cmd, capture=subprocess.PIPE)
        output = ""
        try:
            # Cannot use for loop here due to buffering and iterators.
            while True:
                line = ps.stdout.readline().decode()
                if not line:
                    break
    
                if line.find("is not a recognized MENDER_ variable") &gt;= 0:
                    pytest.fail(
                        "Found variable which is not in mender-vars.json: %s" % line.strip()
                    )
    
                if capture:
                    output += line
                else:
                    sys.stdout.write(line)
        finally:
            # Empty any remaining lines.
            try:
                if capture:
                    output += ps.stdout.readlines().decode()
                else:
                    ps.stdout.readlines()
            except:
                pass
            ps.wait()
            if ps.returncode != 0:
                e = subprocess.CalledProcessError(ps.returncode, cmd)
                if capture:
                    e.output = output
&gt;               raise e
E               subprocess.CalledProcessError: Command 'cd /builds/Northern.tech/Mender &amp;&amp; . oe-init-build-env /builds/Northern.tech/Mender/build-vexpress-qemu-flash/test-build-fhzn0yud &amp;&amp; bitbake core-image-minimal' returned non-zero exit status 1.

image-tests/tests/utils/common/common.py:440: CalledProcessError</failure></testcase><testcase classname="test_dbus.TestDBus" name="test_dbus_system_configuration_file" time="39.319"><error message="failed on setup with &quot;subprocess.CalledProcessError: Command 'cd /builds/Northern.tech/Mender &amp;&amp; . oe-init-build-env /builds/Northern.tech/Mender/build-vexpress-qemu-flash/test-build-fhzn0yud &amp;&amp; bitbake core-image-minimal' returned non-zero exit status 1.&quot;">request = &lt;SubRequest 'setup_board' for &lt;Function test_dbus_system_configuration_file&gt;&gt;
qemu_wrapper = '../../meta-mender-qemu/scripts/mender-qemu'
build_image_fn = &lt;function build_image_fn.&lt;locals&gt;.img_builder at 0x7f190f46abf8&gt;
session_connection = &lt;Connection host=localhost user=root port=8822&gt;
board_type = 'vexpress-qemu-flash', conversion = False

    @pytest.fixture(scope="session")
    def setup_board(
        request, qemu_wrapper, build_image_fn, session_connection, board_type, conversion
    ):
    
        print("board type: ", board_type)
    
        if "qemu" in board_type:
&gt;           image_dir = build_image_fn()

image-tests/tests/utils/fixtures/fixtures.py:189: 
_ _ _ _ _ _ _ _ _ _ _ _ _ _ _ _ _ _ _ _ _ _ _ _ _ _ _ _ _ _ _ _ _ _ _ _ _ _ _ _ 
image-tests/tests/utils/fixtures/fixtures.py:377: in img_builder
    ['EXTRA_IMAGE_FEATURES_append = " ssh-server-openssh"',],
image-tests/tests/utils/common/common.py:403: in build_image
    _run_bitbake(bitbake_image, init_env_cmd, capture)
_ _ _ _ _ _ _ _ _ _ _ _ _ _ _ _ _ _ _ _ _ _ _ _ _ _ _ _ _ _ _ _ _ _ _ _ _ _ _ _ 

target = 'core-image-minimal'
env_setup_cmd = 'cd /builds/Northern.tech/Mender &amp;&amp; . oe-init-build-env /builds/Northern.tech/Mender/build-vexpress-qemu-flash/test-build-fhzn0yud'
capture = False

    def _run_bitbake(target, env_setup_cmd, capture=False):
        cmd = "%s &amp;&amp; bitbake %s" % (env_setup_cmd, target)
        ps = run_verbose(cmd, capture=subprocess.PIPE)
        output = ""
        try:
            # Cannot use for loop here due to buffering and iterators.
            while True:
                line = ps.stdout.readline().decode()
                if not line:
                    break
    
                if line.find("is not a recognized MENDER_ variable") &gt;= 0:
                    pytest.fail(
                        "Found variable which is not in mender-vars.json: %s" % line.strip()
                    )
    
                if capture:
                    output += line
                else:
                    sys.stdout.write(line)
        finally:
            # Empty any remaining lines.
            try:
                if capture:
                    output += ps.stdout.readlines().decode()
                else:
                    ps.stdout.readlines()
            except:
                pass
            ps.wait()
            if ps.returncode != 0:
                e = subprocess.CalledProcessError(ps.returncode, cmd)
                if capture:
                    e.output = output
&gt;               raise e
E               subprocess.CalledProcessError: Command 'cd /builds/Northern.tech/Mender &amp;&amp; . oe-init-build-env /builds/Northern.tech/Mender/build-vexpress-qemu-flash/test-build-fhzn0yud &amp;&amp; bitbake core-image-minimal' returned non-zero exit status 1.

image-tests/tests/utils/common/common.py:440: CalledProcessError</error></testcase><testcase classname="test_dbus.TestDBus" name="test_dbus_non_root_access" time="0.001"><error message="failed on setup with &quot;subprocess.CalledProcessError: Command 'cd /builds/Northern.tech/Mender &amp;&amp; . oe-init-build-env /builds/Northern.tech/Mender/build-vexpress-qemu-flash/test-build-fhzn0yud &amp;&amp; bitbake core-image-minimal' returned non-zero exit status 1.&quot;">request = &lt;SubRequest 'setup_board' for &lt;Function test_dbus_system_configuration_file&gt;&gt;
qemu_wrapper = '../../meta-mender-qemu/scripts/mender-qemu'
build_image_fn = &lt;function build_image_fn.&lt;locals&gt;.img_builder at 0x7f190f46abf8&gt;
session_connection = &lt;Connection host=localhost user=root port=8822&gt;
board_type = 'vexpress-qemu-flash', conversion = False

    @pytest.fixture(scope="session")
    def setup_board(
        request, qemu_wrapper, build_image_fn, session_connection, board_type, conversion
    ):
    
        print("board type: ", board_type)
    
        if "qemu" in board_type:
&gt;           image_dir = build_image_fn()

image-tests/tests/utils/fixtures/fixtures.py:189: 
_ _ _ _ _ _ _ _ _ _ _ _ _ _ _ _ _ _ _ _ _ _ _ _ _ _ _ _ _ _ _ _ _ _ _ _ _ _ _ _ 
image-tests/tests/utils/fixtures/fixtures.py:377: in img_builder
    ['EXTRA_IMAGE_FEATURES_append = " ssh-server-openssh"',],
image-tests/tests/utils/common/common.py:403: in build_image
    _run_bitbake(bitbake_image, init_env_cmd, capture)
_ _ _ _ _ _ _ _ _ _ _ _ _ _ _ _ _ _ _ _ _ _ _ _ _ _ _ _ _ _ _ _ _ _ _ _ _ _ _ _ 

target = 'core-image-minimal'
env_setup_cmd = 'cd /builds/Northern.tech/Mender &amp;&amp; . oe-init-build-env /builds/Northern.tech/Mender/build-vexpress-qemu-flash/test-build-fhzn0yud'
capture = False

    def _run_bitbake(target, env_setup_cmd, capture=False):
        cmd = "%s &amp;&amp; bitbake %s" % (env_setup_cmd, target)
        ps = run_verbose(cmd, capture=subprocess.PIPE)
        output = ""
        try:
            # Cannot use for loop here due to buffering and iterators.
            while True:
                line = ps.stdout.readline().decode()
                if not line:
                    break
    
                if line.find("is not a recognized MENDER_ variable") &gt;= 0:
                    pytest.fail(
                        "Found variable which is not in mender-vars.json: %s" % line.strip()
                    )
    
                if capture:
                    output += line
                else:
                    sys.stdout.write(line)
        finally:
            # Empty any remaining lines.
            try:
                if capture:
                    output += ps.stdout.readlines().decode()
                else:
                    ps.stdout.readlines()
            except:
                pass
            ps.wait()
            if ps.returncode != 0:
                e = subprocess.CalledProcessError(ps.returncode, cmd)
                if capture:
                    e.output = output
&gt;               raise e
E               subprocess.CalledProcessError: Command 'cd /builds/Northern.tech/Mender &amp;&amp; . oe-init-build-env /builds/Northern.tech/Mender/build-vexpress-qemu-flash/test-build-fhzn0yud &amp;&amp; bitbake core-image-minimal' returned non-zero exit status 1.

image-tests/tests/utils/common/common.py:440: CalledProcessError</error></testcase><testcase classname="test_dbus.TestDBus" name="test_dbus_get_jwt_token" time="0.001"><error message="failed on setup with &quot;subprocess.CalledProcessError: Command 'cd /builds/Northern.tech/Mender &amp;&amp; . oe-init-build-env /builds/Northern.tech/Mender/build-vexpress-qemu-flash/test-build-fhzn0yud &amp;&amp; bitbake core-image-minimal' returned non-zero exit status 1.&quot;">request = &lt;SubRequest 'setup_board' for &lt;Function test_dbus_system_configuration_file&gt;&gt;
qemu_wrapper = '../../meta-mender-qemu/scripts/mender-qemu'
build_image_fn = &lt;function build_image_fn.&lt;locals&gt;.img_builder at 0x7f190f46abf8&gt;
session_connection = &lt;Connection host=localhost user=root port=8822&gt;
board_type = 'vexpress-qemu-flash', conversion = False

    @pytest.fixture(scope="session")
    def setup_board(
        request, qemu_wrapper, build_image_fn, session_connection, board_type, conversion
    ):
    
        print("board type: ", board_type)
    
        if "qemu" in board_type:
&gt;           image_dir = build_image_fn()

image-tests/tests/utils/fixtures/fixtures.py:189: 
_ _ _ _ _ _ _ _ _ _ _ _ _ _ _ _ _ _ _ _ _ _ _ _ _ _ _ _ _ _ _ _ _ _ _ _ _ _ _ _ 
image-tests/tests/utils/fixtures/fixtures.py:377: in img_builder
    ['EXTRA_IMAGE_FEATURES_append = " ssh-server-openssh"',],
image-tests/tests/utils/common/common.py:403: in build_image
    _run_bitbake(bitbake_image, init_env_cmd, capture)
_ _ _ _ _ _ _ _ _ _ _ _ _ _ _ _ _ _ _ _ _ _ _ _ _ _ _ _ _ _ _ _ _ _ _ _ _ _ _ _ 

target = 'core-image-minimal'
env_setup_cmd = 'cd /builds/Northern.tech/Mender &amp;&amp; . oe-init-build-env /builds/Northern.tech/Mender/build-vexpress-qemu-flash/test-build-fhzn0yud'
capture = False

    def _run_bitbake(target, env_setup_cmd, capture=False):
        cmd = "%s &amp;&amp; bitbake %s" % (env_setup_cmd, target)
        ps = run_verbose(cmd, capture=subprocess.PIPE)
        output = ""
        try:
            # Cannot use for loop here due to buffering and iterators.
            while True:
                line = ps.stdout.readline().decode()
                if not line:
                    break
    
                if line.find("is not a recognized MENDER_ variable") &gt;= 0:
                    pytest.fail(
                        "Found variable which is not in mender-vars.json: %s" % line.strip()
                    )
    
                if capture:
                    output += line
                else:
                    sys.stdout.write(line)
        finally:
            # Empty any remaining lines.
            try:
                if capture:
                    output += ps.stdout.readlines().decode()
                else:
                    ps.stdout.readlines()
            except:
                pass
            ps.wait()
            if ps.returncode != 0:
                e = subprocess.CalledProcessError(ps.returncode, cmd)
                if capture:
                    e.output = output
&gt;               raise e
E               subprocess.CalledProcessError: Command 'cd /builds/Northern.tech/Mender &amp;&amp; . oe-init-build-env /builds/Northern.tech/Mender/build-vexpress-qemu-flash/test-build-fhzn0yud &amp;&amp; bitbake core-image-minimal' returned non-zero exit status 1.

image-tests/tests/utils/common/common.py:440: CalledProcessError</error></testcase><testcase classname="test_dbus.TestDBus" name="test_dbus_fetch_jwt_token" time="0.001"><error message="failed on setup with &quot;subprocess.CalledProcessError: Command 'cd /builds/Northern.tech/Mender &amp;&amp; . oe-init-build-env /builds/Northern.tech/Mender/build-vexpress-qemu-flash/test-build-fhzn0yud &amp;&amp; bitbake core-image-minimal' returned non-zero exit status 1.&quot;">request = &lt;SubRequest 'setup_board' for &lt;Function test_dbus_system_configuration_file&gt;&gt;
qemu_wrapper = '../../meta-mender-qemu/scripts/mender-qemu'
build_image_fn = &lt;function build_image_fn.&lt;locals&gt;.img_builder at 0x7f190f46abf8&gt;
session_connection = &lt;Connection host=localhost user=root port=8822&gt;
board_type = 'vexpress-qemu-flash', conversion = False

    @pytest.fixture(scope="session")
    def setup_board(
        request, qemu_wrapper, build_image_fn, session_connection, board_type, conversion
    ):
    
        print("board type: ", board_type)
    
        if "qemu" in board_type:
&gt;           image_dir = build_image_fn()

image-tests/tests/utils/fixtures/fixtures.py:189: 
_ _ _ _ _ _ _ _ _ _ _ _ _ _ _ _ _ _ _ _ _ _ _ _ _ _ _ _ _ _ _ _ _ _ _ _ _ _ _ _ 
image-tests/tests/utils/fixtures/fixtures.py:377: in img_builder
    ['EXTRA_IMAGE_FEATURES_append = " ssh-server-openssh"',],
image-tests/tests/utils/common/common.py:403: in build_image
    _run_bitbake(bitbake_image, init_env_cmd, capture)
_ _ _ _ _ _ _ _ _ _ _ _ _ _ _ _ _ _ _ _ _ _ _ _ _ _ _ _ _ _ _ _ _ _ _ _ _ _ _ _ 

target = 'core-image-minimal'
env_setup_cmd = 'cd /builds/Northern.tech/Mender &amp;&amp; . oe-init-build-env /builds/Northern.tech/Mender/build-vexpress-qemu-flash/test-build-fhzn0yud'
capture = False

    def _run_bitbake(target, env_setup_cmd, capture=False):
        cmd = "%s &amp;&amp; bitbake %s" % (env_setup_cmd, target)
        ps = run_verbose(cmd, capture=subprocess.PIPE)
        output = ""
        try:
            # Cannot use for loop here due to buffering and iterators.
            while True:
                line = ps.stdout.readline().decode()
                if not line:
                    break
    
                if line.find("is not a recognized MENDER_ variable") &gt;= 0:
                    pytest.fail(
                        "Found variable which is not in mender-vars.json: %s" % line.strip()
                    )
    
                if capture:
                    output += line
                else:
                    sys.stdout.write(line)
        finally:
            # Empty any remaining lines.
            try:
                if capture:
                    output += ps.stdout.readlines().decode()
                else:
                    ps.stdout.readlines()
            except:
                pass
            ps.wait()
            if ps.returncode != 0:
                e = subprocess.CalledProcessError(ps.returncode, cmd)
                if capture:
                    e.output = output
&gt;               raise e
E               subprocess.CalledProcessError: Command 'cd /builds/Northern.tech/Mender &amp;&amp; . oe-init-build-env /builds/Northern.tech/Mender/build-vexpress-qemu-flash/test-build-fhzn0yud &amp;&amp; bitbake core-image-minimal' returned non-zero exit status 1.

image-tests/tests/utils/common/common.py:440: CalledProcessError</error></testcase><testcase classname="test_inventory.TestInventory" name="test_rootfs_type" time="0.001"><error message="failed on setup with &quot;subprocess.CalledProcessError: Command 'cd /builds/Northern.tech/Mender &amp;&amp; . oe-init-build-env /builds/Northern.tech/Mender/build-vexpress-qemu-flash/test-build-fhzn0yud &amp;&amp; bitbake core-image-minimal' returned non-zero exit status 1.&quot;">request = &lt;SubRequest 'setup_board' for &lt;Function test_dbus_system_configuration_file&gt;&gt;
qemu_wrapper = '../../meta-mender-qemu/scripts/mender-qemu'
build_image_fn = &lt;function build_image_fn.&lt;locals&gt;.img_builder at 0x7f190f46abf8&gt;
session_connection = &lt;Connection host=localhost user=root port=8822&gt;
board_type = 'vexpress-qemu-flash', conversion = False

    @pytest.fixture(scope="session")
    def setup_board(
        request, qemu_wrapper, build_image_fn, session_connection, board_type, conversion
    ):
    
        print("board type: ", board_type)
    
        if "qemu" in board_type:
&gt;           image_dir = build_image_fn()

image-tests/tests/utils/fixtures/fixtures.py:189: 
_ _ _ _ _ _ _ _ _ _ _ _ _ _ _ _ _ _ _ _ _ _ _ _ _ _ _ _ _ _ _ _ _ _ _ _ _ _ _ _ 
image-tests/tests/utils/fixtures/fixtures.py:377: in img_builder
    ['EXTRA_IMAGE_FEATURES_append = " ssh-server-openssh"',],
image-tests/tests/utils/common/common.py:403: in build_image
    _run_bitbake(bitbake_image, init_env_cmd, capture)
_ _ _ _ _ _ _ _ _ _ _ _ _ _ _ _ _ _ _ _ _ _ _ _ _ _ _ _ _ _ _ _ _ _ _ _ _ _ _ _ 

target = 'core-image-minimal'
env_setup_cmd = 'cd /builds/Northern.tech/Mender &amp;&amp; . oe-init-build-env /builds/Northern.tech/Mender/build-vexpress-qemu-flash/test-build-fhzn0yud'
capture = False

    def _run_bitbake(target, env_setup_cmd, capture=False):
        cmd = "%s &amp;&amp; bitbake %s" % (env_setup_cmd, target)
        ps = run_verbose(cmd, capture=subprocess.PIPE)
        output = ""
        try:
            # Cannot use for loop here due to buffering and iterators.
            while True:
                line = ps.stdout.readline().decode()
                if not line:
                    break
    
                if line.find("is not a recognized MENDER_ variable") &gt;= 0:
                    pytest.fail(
                        "Found variable which is not in mender-vars.json: %s" % line.strip()
                    )
    
                if capture:
                    output += line
                else:
                    sys.stdout.write(line)
        finally:
            # Empty any remaining lines.
            try:
                if capture:
                    output += ps.stdout.readlines().decode()
                else:
                    ps.stdout.readlines()
            except:
                pass
            ps.wait()
            if ps.returncode != 0:
                e = subprocess.CalledProcessError(ps.returncode, cmd)
                if capture:
                    e.output = output
&gt;               raise e
E               subprocess.CalledProcessError: Command 'cd /builds/Northern.tech/Mender &amp;&amp; . oe-init-build-env /builds/Northern.tech/Mender/build-vexpress-qemu-flash/test-build-fhzn0yud &amp;&amp; bitbake core-image-minimal' returned non-zero exit status 1.

image-tests/tests/utils/common/common.py:440: CalledProcessError</error></testcase><testcase classname="test_inventory.TestInventory" name="test_bootloader_integration" time="0.001"><error message="failed on setup with &quot;subprocess.CalledProcessError: Command 'cd /builds/Northern.tech/Mender &amp;&amp; . oe-init-build-env /builds/Northern.tech/Mender/build-vexpress-qemu-flash/test-build-fhzn0yud &amp;&amp; bitbake core-image-minimal' returned non-zero exit status 1.&quot;">request = &lt;SubRequest 'setup_board' for &lt;Function test_dbus_system_configuration_file&gt;&gt;
qemu_wrapper = '../../meta-mender-qemu/scripts/mender-qemu'
build_image_fn = &lt;function build_image_fn.&lt;locals&gt;.img_builder at 0x7f190f46abf8&gt;
session_connection = &lt;Connection host=localhost user=root port=8822&gt;
board_type = 'vexpress-qemu-flash', conversion = False

    @pytest.fixture(scope="session")
    def setup_board(
        request, qemu_wrapper, build_image_fn, session_connection, board_type, conversion
    ):
    
        print("board type: ", board_type)
    
        if "qemu" in board_type:
&gt;           image_dir = build_image_fn()

image-tests/tests/utils/fixtures/fixtures.py:189: 
_ _ _ _ _ _ _ _ _ _ _ _ _ _ _ _ _ _ _ _ _ _ _ _ _ _ _ _ _ _ _ _ _ _ _ _ _ _ _ _ 
image-tests/tests/utils/fixtures/fixtures.py:377: in img_builder
    ['EXTRA_IMAGE_FEATURES_append = " ssh-server-openssh"',],
image-tests/tests/utils/common/common.py:403: in build_image
    _run_bitbake(bitbake_image, init_env_cmd, capture)
_ _ _ _ _ _ _ _ _ _ _ _ _ _ _ _ _ _ _ _ _ _ _ _ _ _ _ _ _ _ _ _ _ _ _ _ _ _ _ _ 

target = 'core-image-minimal'
env_setup_cmd = 'cd /builds/Northern.tech/Mender &amp;&amp; . oe-init-build-env /builds/Northern.tech/Mender/build-vexpress-qemu-flash/test-build-fhzn0yud'
capture = False

    def _run_bitbake(target, env_setup_cmd, capture=False):
        cmd = "%s &amp;&amp; bitbake %s" % (env_setup_cmd, target)
        ps = run_verbose(cmd, capture=subprocess.PIPE)
        output = ""
        try:
            # Cannot use for loop here due to buffering and iterators.
            while True:
                line = ps.stdout.readline().decode()
                if not line:
                    break
    
                if line.find("is not a recognized MENDER_ variable") &gt;= 0:
                    pytest.fail(
                        "Found variable which is not in mender-vars.json: %s" % line.strip()
                    )
    
                if capture:
                    output += line
                else:
                    sys.stdout.write(line)
        finally:
            # Empty any remaining lines.
            try:
                if capture:
                    output += ps.stdout.readlines().decode()
                else:
                    ps.stdout.readlines()
            except:
                pass
            ps.wait()
            if ps.returncode != 0:
                e = subprocess.CalledProcessError(ps.returncode, cmd)
                if capture:
                    e.output = output
&gt;               raise e
E               subprocess.CalledProcessError: Command 'cd /builds/Northern.tech/Mender &amp;&amp; . oe-init-build-env /builds/Northern.tech/Mender/build-vexpress-qemu-flash/test-build-fhzn0yud &amp;&amp; bitbake core-image-minimal' returned non-zero exit status 1.

image-tests/tests/utils/common/common.py:440: CalledProcessError</error></testcase><testcase classname="test_inventory.TestInventory" name="test_inventory_os" time="0.001"><error message="failed on setup with &quot;subprocess.CalledProcessError: Command 'cd /builds/Northern.tech/Mender &amp;&amp; . oe-init-build-env /builds/Northern.tech/Mender/build-vexpress-qemu-flash/test-build-fhzn0yud &amp;&amp; bitbake core-image-minimal' returned non-zero exit status 1.&quot;">request = &lt;SubRequest 'setup_board' for &lt;Function test_dbus_system_configuration_file&gt;&gt;
qemu_wrapper = '../../meta-mender-qemu/scripts/mender-qemu'
build_image_fn = &lt;function build_image_fn.&lt;locals&gt;.img_builder at 0x7f190f46abf8&gt;
session_connection = &lt;Connection host=localhost user=root port=8822&gt;
board_type = 'vexpress-qemu-flash', conversion = False

    @pytest.fixture(scope="session")
    def setup_board(
        request, qemu_wrapper, build_image_fn, session_connection, board_type, conversion
    ):
    
        print("board type: ", board_type)
    
        if "qemu" in board_type:
&gt;           image_dir = build_image_fn()

image-tests/tests/utils/fixtures/fixtures.py:189: 
_ _ _ _ _ _ _ _ _ _ _ _ _ _ _ _ _ _ _ _ _ _ _ _ _ _ _ _ _ _ _ _ _ _ _ _ _ _ _ _ 
image-tests/tests/utils/fixtures/fixtures.py:377: in img_builder
    ['EXTRA_IMAGE_FEATURES_append = " ssh-server-openssh"',],
image-tests/tests/utils/common/common.py:403: in build_image
    _run_bitbake(bitbake_image, init_env_cmd, capture)
_ _ _ _ _ _ _ _ _ _ _ _ _ _ _ _ _ _ _ _ _ _ _ _ _ _ _ _ _ _ _ _ _ _ _ _ _ _ _ _ 

target = 'core-image-minimal'
env_setup_cmd = 'cd /builds/Northern.tech/Mender &amp;&amp; . oe-init-build-env /builds/Northern.tech/Mender/build-vexpress-qemu-flash/test-build-fhzn0yud'
capture = False

    def _run_bitbake(target, env_setup_cmd, capture=False):
        cmd = "%s &amp;&amp; bitbake %s" % (env_setup_cmd, target)
        ps = run_verbose(cmd, capture=subprocess.PIPE)
        output = ""
        try:
            # Cannot use for loop here due to buffering and iterators.
            while True:
                line = ps.stdout.readline().decode()
                if not line:
                    break
    
                if line.find("is not a recognized MENDER_ variable") &gt;= 0:
                    pytest.fail(
                        "Found variable which is not in mender-vars.json: %s" % line.strip()
                    )
    
                if capture:
                    output += line
                else:
                    sys.stdout.write(line)
        finally:
            # Empty any remaining lines.
            try:
                if capture:
                    output += ps.stdout.readlines().decode()
                else:
                    ps.stdout.readlines()
            except:
                pass
            ps.wait()
            if ps.returncode != 0:
                e = subprocess.CalledProcessError(ps.returncode, cmd)
                if capture:
                    e.output = output
&gt;               raise e
E               subprocess.CalledProcessError: Command 'cd /builds/Northern.tech/Mender &amp;&amp; . oe-init-build-env /builds/Northern.tech/Mender/build-vexpress-qemu-flash/test-build-fhzn0yud &amp;&amp; bitbake core-image-minimal' returned non-zero exit status 1.

image-tests/tests/utils/common/common.py:440: CalledProcessError</error></testcase><testcase classname="test_mender-artifact.TestMenderArtifact" name="test_order[2]" time="38.948"><error message="failed on setup with &quot;subprocess.CalledProcessError: Command 'cd /builds/Northern.tech/Mender &amp;&amp; . oe-init-build-env /builds/Northern.tech/Mender/build-vexpress-qemu-flash/test-build-fhzn0yud &amp;&amp; bitbake core-image-minimal' returned non-zero exit status 1.&quot;">request = &lt;SubRequest 'versioned_mender_image' for &lt;Function test_order[2]&gt;&gt;
prepared_test_build = {'bitbake_corebase': '/builds/Northern.tech/Mender', 'build_dir': '/builds/Northern.tech/Mender/build-vexpress-qemu-flash/test-build-fhzn0yud'}
latest_mender_image = '/builds/Northern.tech/Mender/build-vexpress-qemu-flash/tmp/deploy/images/vexpress-qemu-flash/core-image-minimal-vexpress-qemu-flash.mender'
bitbake_variables = {'ABIEXTENSION': 'eabi', 'ABIEXTENSION_class-nativesdk': '', 'ALLOW_EMPTY_core-image-minimal-dbg': '1', 'ALLOW_EMPTY_core-image-minimal-dev': '1', ...}
bitbake_image = 'core-image-minimal'

    @pytest.fixture(scope="function", params=[2, 3])
    def versioned_mender_image(
        request, prepared_test_build, latest_mender_image, bitbake_variables, bitbake_image
    ):
        """Gets the correct version of the artifact, whether it's the one we
        build by default, or one we have to produce ourselves.
        Returns a tuple of version and built image."""
    
        global LAST_BUILD_VERSION
    
        version = request.param
    
        if version == 1:
            pytest.fail()
    
        if (
            version &gt;= 2
            and not version_is_minimum(bitbake_variables, "mender-artifact", "2.0.0")
        ) or (
            version &gt;= 3
            and not version_is_minimum(bitbake_variables, "mender-artifact", "3.0.0")
        ):
            pytest.skip("Requires version %d of mender-artifact format." % version)
    
        if version_is_minimum(bitbake_variables, "mender-artifact", "3.0.0"):
            default_version = 3
        elif version_is_minimum(bitbake_variables, "mender-artifact", "2.0.0"):
            default_version = 2
        else:
            default_version = 2
    
        if LAST_BUILD_VERSION != version:
            # Run a separate build for this artifact. This doesn't conflict with the
            # above version because the non-default version ends up in a different
            # directory.
            if version != default_version:
                build_image(
                    prepared_test_build["build_dir"],
                    prepared_test_build["bitbake_corebase"],
                    bitbake_image,
&gt;                   ['MENDER_ARTIFACT_EXTRA_ARGS = "-v %d"' % version],
                )

test_mender-artifact.py:71: 
_ _ _ _ _ _ _ _ _ _ _ _ _ _ _ _ _ _ _ _ _ _ _ _ _ _ _ _ _ _ _ _ _ _ _ _ _ _ _ _ 
image-tests/tests/utils/common/common.py:403: in build_image
    _run_bitbake(bitbake_image, init_env_cmd, capture)
_ _ _ _ _ _ _ _ _ _ _ _ _ _ _ _ _ _ _ _ _ _ _ _ _ _ _ _ _ _ _ _ _ _ _ _ _ _ _ _ 

target = 'core-image-minimal'
env_setup_cmd = 'cd /builds/Northern.tech/Mender &amp;&amp; . oe-init-build-env /builds/Northern.tech/Mender/build-vexpress-qemu-flash/test-build-fhzn0yud'
capture = False

    def _run_bitbake(target, env_setup_cmd, capture=False):
        cmd = "%s &amp;&amp; bitbake %s" % (env_setup_cmd, target)
        ps = run_verbose(cmd, capture=subprocess.PIPE)
        output = ""
        try:
            # Cannot use for loop here due to buffering and iterators.
            while True:
                line = ps.stdout.readline().decode()
                if not line:
                    break
    
                if line.find("is not a recognized MENDER_ variable") &gt;= 0:
                    pytest.fail(
                        "Found variable which is not in mender-vars.json: %s" % line.strip()
                    )
    
                if capture:
                    output += line
                else:
                    sys.stdout.write(line)
        finally:
            # Empty any remaining lines.
            try:
                if capture:
                    output += ps.stdout.readlines().decode()
                else:
                    ps.stdout.readlines()
            except:
                pass
            ps.wait()
            if ps.returncode != 0:
                e = subprocess.CalledProcessError(ps.returncode, cmd)
                if capture:
                    e.output = output
&gt;               raise e
E               subprocess.CalledProcessError: Command 'cd /builds/Northern.tech/Mender &amp;&amp; . oe-init-build-env /builds/Northern.tech/Mender/build-vexpress-qemu-flash/test-build-fhzn0yud &amp;&amp; bitbake core-image-minimal' returned non-zero exit status 1.

image-tests/tests/utils/common/common.py:440: CalledProcessError</error></testcase><testcase classname="test_mender-artifact.TestMenderArtifact" name="test_order[3]" time="18.963"><error message="failed on setup with &quot;subprocess.CalledProcessError: Command 'cd /builds/Northern.tech/Mender &amp;&amp; . oe-init-build-env /builds/Northern.tech/Mender/build-vexpress-qemu-flash/test-build-fhzn0yud &amp;&amp; bitbake core-image-minimal' returned non-zero exit status 1.&quot;">request = &lt;SubRequest 'versioned_mender_image' for &lt;Function test_order[3]&gt;&gt;
prepared_test_build = {'bitbake_corebase': '/builds/Northern.tech/Mender', 'build_dir': '/builds/Northern.tech/Mender/build-vexpress-qemu-flash/test-build-fhzn0yud'}
latest_mender_image = '/builds/Northern.tech/Mender/build-vexpress-qemu-flash/tmp/deploy/images/vexpress-qemu-flash/core-image-minimal-vexpress-qemu-flash.mender'
bitbake_variables = {'ABIEXTENSION': 'eabi', 'ABIEXTENSION_class-nativesdk': '', 'ALLOW_EMPTY_core-image-minimal-dbg': '1', 'ALLOW_EMPTY_core-image-minimal-dev': '1', ...}
bitbake_image = 'core-image-minimal'

    @pytest.fixture(scope="function", params=[2, 3])
    def versioned_mender_image(
        request, prepared_test_build, latest_mender_image, bitbake_variables, bitbake_image
    ):
        """Gets the correct version of the artifact, whether it's the one we
        build by default, or one we have to produce ourselves.
        Returns a tuple of version and built image."""
    
        global LAST_BUILD_VERSION
    
        version = request.param
    
        if version == 1:
            pytest.fail()
    
        if (
            version &gt;= 2
            and not version_is_minimum(bitbake_variables, "mender-artifact", "2.0.0")
        ) or (
            version &gt;= 3
            and not version_is_minimum(bitbake_variables, "mender-artifact", "3.0.0")
        ):
            pytest.skip("Requires version %d of mender-artifact format." % version)
    
        if version_is_minimum(bitbake_variables, "mender-artifact", "3.0.0"):
            default_version = 3
        elif version_is_minimum(bitbake_variables, "mender-artifact", "2.0.0"):
            default_version = 2
        else:
            default_version = 2
    
        if LAST_BUILD_VERSION != version:
            # Run a separate build for this artifact. This doesn't conflict with the
            # above version because the non-default version ends up in a different
            # directory.
            if version != default_version:
                build_image(
                    prepared_test_build["build_dir"],
                    prepared_test_build["bitbake_corebase"],
                    bitbake_image,
                    ['MENDER_ARTIFACT_EXTRA_ARGS = "-v %d"' % version],
                )
            else:
                build_image(
                    prepared_test_build["build_dir"],
                    prepared_test_build["bitbake_corebase"],
&gt;                   bitbake_image,
                )

test_mender-artifact.py:77: 
_ _ _ _ _ _ _ _ _ _ _ _ _ _ _ _ _ _ _ _ _ _ _ _ _ _ _ _ _ _ _ _ _ _ _ _ _ _ _ _ 
image-tests/tests/utils/common/common.py:403: in build_image
    _run_bitbake(bitbake_image, init_env_cmd, capture)
_ _ _ _ _ _ _ _ _ _ _ _ _ _ _ _ _ _ _ _ _ _ _ _ _ _ _ _ _ _ _ _ _ _ _ _ _ _ _ _ 

target = 'core-image-minimal'
env_setup_cmd = 'cd /builds/Northern.tech/Mender &amp;&amp; . oe-init-build-env /builds/Northern.tech/Mender/build-vexpress-qemu-flash/test-build-fhzn0yud'
capture = False

    def _run_bitbake(target, env_setup_cmd, capture=False):
        cmd = "%s &amp;&amp; bitbake %s" % (env_setup_cmd, target)
        ps = run_verbose(cmd, capture=subprocess.PIPE)
        output = ""
        try:
            # Cannot use for loop here due to buffering and iterators.
            while True:
                line = ps.stdout.readline().decode()
                if not line:
                    break
    
                if line.find("is not a recognized MENDER_ variable") &gt;= 0:
                    pytest.fail(
                        "Found variable which is not in mender-vars.json: %s" % line.strip()
                    )
    
                if capture:
                    output += line
                else:
                    sys.stdout.write(line)
        finally:
            # Empty any remaining lines.
            try:
                if capture:
                    output += ps.stdout.readlines().decode()
                else:
                    ps.stdout.readlines()
            except:
                pass
            ps.wait()
            if ps.returncode != 0:
                e = subprocess.CalledProcessError(ps.returncode, cmd)
                if capture:
                    e.output = output
&gt;               raise e
E               subprocess.CalledProcessError: Command 'cd /builds/Northern.tech/Mender &amp;&amp; . oe-init-build-env /builds/Northern.tech/Mender/build-vexpress-qemu-flash/test-build-fhzn0yud &amp;&amp; bitbake core-image-minimal' returned non-zero exit status 1.

image-tests/tests/utils/common/common.py:440: CalledProcessError</error></testcase><testcase classname="test_mender-artifact.TestMenderArtifact" name="test_files_list_integrity[2]" time="18.879"><error message="failed on setup with &quot;subprocess.CalledProcessError: Command 'cd /builds/Northern.tech/Mender &amp;&amp; . oe-init-build-env /builds/Northern.tech/Mender/build-vexpress-qemu-flash/test-build-fhzn0yud &amp;&amp; bitbake core-image-minimal' returned non-zero exit status 1.&quot;">request = &lt;SubRequest 'versioned_mender_image' for &lt;Function test_files_list_integrity[2]&gt;&gt;
prepared_test_build = {'bitbake_corebase': '/builds/Northern.tech/Mender', 'build_dir': '/builds/Northern.tech/Mender/build-vexpress-qemu-flash/test-build-fhzn0yud'}
latest_mender_image = '/builds/Northern.tech/Mender/build-vexpress-qemu-flash/tmp/deploy/images/vexpress-qemu-flash/core-image-minimal-vexpress-qemu-flash.mender'
bitbake_variables = {'ABIEXTENSION': 'eabi', 'ABIEXTENSION_class-nativesdk': '', 'ALLOW_EMPTY_core-image-minimal-dbg': '1', 'ALLOW_EMPTY_core-image-minimal-dev': '1', ...}
bitbake_image = 'core-image-minimal'

    @pytest.fixture(scope="function", params=[2, 3])
    def versioned_mender_image(
        request, prepared_test_build, latest_mender_image, bitbake_variables, bitbake_image
    ):
        """Gets the correct version of the artifact, whether it's the one we
        build by default, or one we have to produce ourselves.
        Returns a tuple of version and built image."""
    
        global LAST_BUILD_VERSION
    
        version = request.param
    
        if version == 1:
            pytest.fail()
    
        if (
            version &gt;= 2
            and not version_is_minimum(bitbake_variables, "mender-artifact", "2.0.0")
        ) or (
            version &gt;= 3
            and not version_is_minimum(bitbake_variables, "mender-artifact", "3.0.0")
        ):
            pytest.skip("Requires version %d of mender-artifact format." % version)
    
        if version_is_minimum(bitbake_variables, "mender-artifact", "3.0.0"):
            default_version = 3
        elif version_is_minimum(bitbake_variables, "mender-artifact", "2.0.0"):
            default_version = 2
        else:
            default_version = 2
    
        if LAST_BUILD_VERSION != version:
            # Run a separate build for this artifact. This doesn't conflict with the
            # above version because the non-default version ends up in a different
            # directory.
            if version != default_version:
                build_image(
                    prepared_test_build["build_dir"],
                    prepared_test_build["bitbake_corebase"],
                    bitbake_image,
&gt;                   ['MENDER_ARTIFACT_EXTRA_ARGS = "-v %d"' % version],
                )

test_mender-artifact.py:71: 
_ _ _ _ _ _ _ _ _ _ _ _ _ _ _ _ _ _ _ _ _ _ _ _ _ _ _ _ _ _ _ _ _ _ _ _ _ _ _ _ 
image-tests/tests/utils/common/common.py:403: in build_image
    _run_bitbake(bitbake_image, init_env_cmd, capture)
_ _ _ _ _ _ _ _ _ _ _ _ _ _ _ _ _ _ _ _ _ _ _ _ _ _ _ _ _ _ _ _ _ _ _ _ _ _ _ _ 

target = 'core-image-minimal'
env_setup_cmd = 'cd /builds/Northern.tech/Mender &amp;&amp; . oe-init-build-env /builds/Northern.tech/Mender/build-vexpress-qemu-flash/test-build-fhzn0yud'
capture = False

    def _run_bitbake(target, env_setup_cmd, capture=False):
        cmd = "%s &amp;&amp; bitbake %s" % (env_setup_cmd, target)
        ps = run_verbose(cmd, capture=subprocess.PIPE)
        output = ""
        try:
            # Cannot use for loop here due to buffering and iterators.
            while True:
                line = ps.stdout.readline().decode()
                if not line:
                    break
    
                if line.find("is not a recognized MENDER_ variable") &gt;= 0:
                    pytest.fail(
                        "Found variable which is not in mender-vars.json: %s" % line.strip()
                    )
    
                if capture:
                    output += line
                else:
                    sys.stdout.write(line)
        finally:
            # Empty any remaining lines.
            try:
                if capture:
                    output += ps.stdout.readlines().decode()
                else:
                    ps.stdout.readlines()
            except:
                pass
            ps.wait()
            if ps.returncode != 0:
                e = subprocess.CalledProcessError(ps.returncode, cmd)
                if capture:
                    e.output = output
&gt;               raise e
E               subprocess.CalledProcessError: Command 'cd /builds/Northern.tech/Mender &amp;&amp; . oe-init-build-env /builds/Northern.tech/Mender/build-vexpress-qemu-flash/test-build-fhzn0yud &amp;&amp; bitbake core-image-minimal' returned non-zero exit status 1.

image-tests/tests/utils/common/common.py:440: CalledProcessError</error></testcase><testcase classname="test_mender-artifact.TestMenderArtifact" name="test_files_list_integrity[3]" time="19.982"><error message="failed on setup with &quot;subprocess.CalledProcessError: Command 'cd /builds/Northern.tech/Mender &amp;&amp; . oe-init-build-env /builds/Northern.tech/Mender/build-vexpress-qemu-flash/test-build-fhzn0yud &amp;&amp; bitbake core-image-minimal' returned non-zero exit status 1.&quot;">request = &lt;SubRequest 'versioned_mender_image' for &lt;Function test_files_list_integrity[3]&gt;&gt;
prepared_test_build = {'bitbake_corebase': '/builds/Northern.tech/Mender', 'build_dir': '/builds/Northern.tech/Mender/build-vexpress-qemu-flash/test-build-fhzn0yud'}
latest_mender_image = '/builds/Northern.tech/Mender/build-vexpress-qemu-flash/tmp/deploy/images/vexpress-qemu-flash/core-image-minimal-vexpress-qemu-flash.mender'
bitbake_variables = {'ABIEXTENSION': 'eabi', 'ABIEXTENSION_class-nativesdk': '', 'ALLOW_EMPTY_core-image-minimal-dbg': '1', 'ALLOW_EMPTY_core-image-minimal-dev': '1', ...}
bitbake_image = 'core-image-minimal'

    @pytest.fixture(scope="function", params=[2, 3])
    def versioned_mender_image(
        request, prepared_test_build, latest_mender_image, bitbake_variables, bitbake_image
    ):
        """Gets the correct version of the artifact, whether it's the one we
        build by default, or one we have to produce ourselves.
        Returns a tuple of version and built image."""
    
        global LAST_BUILD_VERSION
    
        version = request.param
    
        if version == 1:
            pytest.fail()
    
        if (
            version &gt;= 2
            and not version_is_minimum(bitbake_variables, "mender-artifact", "2.0.0")
        ) or (
            version &gt;= 3
            and not version_is_minimum(bitbake_variables, "mender-artifact", "3.0.0")
        ):
            pytest.skip("Requires version %d of mender-artifact format." % version)
    
        if version_is_minimum(bitbake_variables, "mender-artifact", "3.0.0"):
            default_version = 3
        elif version_is_minimum(bitbake_variables, "mender-artifact", "2.0.0"):
            default_version = 2
        else:
            default_version = 2
    
        if LAST_BUILD_VERSION != version:
            # Run a separate build for this artifact. This doesn't conflict with the
            # above version because the non-default version ends up in a different
            # directory.
            if version != default_version:
                build_image(
                    prepared_test_build["build_dir"],
                    prepared_test_build["bitbake_corebase"],
                    bitbake_image,
                    ['MENDER_ARTIFACT_EXTRA_ARGS = "-v %d"' % version],
                )
            else:
                build_image(
                    prepared_test_build["build_dir"],
                    prepared_test_build["bitbake_corebase"],
&gt;                   bitbake_image,
                )

test_mender-artifact.py:77: 
_ _ _ _ _ _ _ _ _ _ _ _ _ _ _ _ _ _ _ _ _ _ _ _ _ _ _ _ _ _ _ _ _ _ _ _ _ _ _ _ 
image-tests/tests/utils/common/common.py:403: in build_image
    _run_bitbake(bitbake_image, init_env_cmd, capture)
_ _ _ _ _ _ _ _ _ _ _ _ _ _ _ _ _ _ _ _ _ _ _ _ _ _ _ _ _ _ _ _ _ _ _ _ _ _ _ _ 

target = 'core-image-minimal'
env_setup_cmd = 'cd /builds/Northern.tech/Mender &amp;&amp; . oe-init-build-env /builds/Northern.tech/Mender/build-vexpress-qemu-flash/test-build-fhzn0yud'
capture = False

    def _run_bitbake(target, env_setup_cmd, capture=False):
        cmd = "%s &amp;&amp; bitbake %s" % (env_setup_cmd, target)
        ps = run_verbose(cmd, capture=subprocess.PIPE)
        output = ""
        try:
            # Cannot use for loop here due to buffering and iterators.
            while True:
                line = ps.stdout.readline().decode()
                if not line:
                    break
    
                if line.find("is not a recognized MENDER_ variable") &gt;= 0:
                    pytest.fail(
                        "Found variable which is not in mender-vars.json: %s" % line.strip()
                    )
    
                if capture:
                    output += line
                else:
                    sys.stdout.write(line)
        finally:
            # Empty any remaining lines.
            try:
                if capture:
                    output += ps.stdout.readlines().decode()
                else:
                    ps.stdout.readlines()
            except:
                pass
            ps.wait()
            if ps.returncode != 0:
                e = subprocess.CalledProcessError(ps.returncode, cmd)
                if capture:
                    e.output = output
&gt;               raise e
E               subprocess.CalledProcessError: Command 'cd /builds/Northern.tech/Mender &amp;&amp; . oe-init-build-env /builds/Northern.tech/Mender/build-vexpress-qemu-flash/test-build-fhzn0yud &amp;&amp; bitbake core-image-minimal' returned non-zero exit status 1.

image-tests/tests/utils/common/common.py:440: CalledProcessError</error></testcase><testcase classname="test_mender-artifact.TestMenderArtifact" name="test_files_checksum_integrity[2]" time="19.041"><error message="failed on setup with &quot;subprocess.CalledProcessError: Command 'cd /builds/Northern.tech/Mender &amp;&amp; . oe-init-build-env /builds/Northern.tech/Mender/build-vexpress-qemu-flash/test-build-fhzn0yud &amp;&amp; bitbake core-image-minimal' returned non-zero exit status 1.&quot;">request = &lt;SubRequest 'versioned_mender_image' for &lt;Function test_files_checksum_integrity[2]&gt;&gt;
prepared_test_build = {'bitbake_corebase': '/builds/Northern.tech/Mender', 'build_dir': '/builds/Northern.tech/Mender/build-vexpress-qemu-flash/test-build-fhzn0yud'}
latest_mender_image = '/builds/Northern.tech/Mender/build-vexpress-qemu-flash/tmp/deploy/images/vexpress-qemu-flash/core-image-minimal-vexpress-qemu-flash.mender'
bitbake_variables = {'ABIEXTENSION': 'eabi', 'ABIEXTENSION_class-nativesdk': '', 'ALLOW_EMPTY_core-image-minimal-dbg': '1', 'ALLOW_EMPTY_core-image-minimal-dev': '1', ...}
bitbake_image = 'core-image-minimal'

    @pytest.fixture(scope="function", params=[2, 3])
    def versioned_mender_image(
        request, prepared_test_build, latest_mender_image, bitbake_variables, bitbake_image
    ):
        """Gets the correct version of the artifact, whether it's the one we
        build by default, or one we have to produce ourselves.
        Returns a tuple of version and built image."""
    
        global LAST_BUILD_VERSION
    
        version = request.param
    
        if version == 1:
            pytest.fail()
    
        if (
            version &gt;= 2
            and not version_is_minimum(bitbake_variables, "mender-artifact", "2.0.0")
        ) or (
            version &gt;= 3
            and not version_is_minimum(bitbake_variables, "mender-artifact", "3.0.0")
        ):
            pytest.skip("Requires version %d of mender-artifact format." % version)
    
        if version_is_minimum(bitbake_variables, "mender-artifact", "3.0.0"):
            default_version = 3
        elif version_is_minimum(bitbake_variables, "mender-artifact", "2.0.0"):
            default_version = 2
        else:
            default_version = 2
    
        if LAST_BUILD_VERSION != version:
            # Run a separate build for this artifact. This doesn't conflict with the
            # above version because the non-default version ends up in a different
            # directory.
            if version != default_version:
                build_image(
                    prepared_test_build["build_dir"],
                    prepared_test_build["bitbake_corebase"],
                    bitbake_image,
&gt;                   ['MENDER_ARTIFACT_EXTRA_ARGS = "-v %d"' % version],
                )

test_mender-artifact.py:71: 
_ _ _ _ _ _ _ _ _ _ _ _ _ _ _ _ _ _ _ _ _ _ _ _ _ _ _ _ _ _ _ _ _ _ _ _ _ _ _ _ 
image-tests/tests/utils/common/common.py:403: in build_image
    _run_bitbake(bitbake_image, init_env_cmd, capture)
_ _ _ _ _ _ _ _ _ _ _ _ _ _ _ _ _ _ _ _ _ _ _ _ _ _ _ _ _ _ _ _ _ _ _ _ _ _ _ _ 

target = 'core-image-minimal'
env_setup_cmd = 'cd /builds/Northern.tech/Mender &amp;&amp; . oe-init-build-env /builds/Northern.tech/Mender/build-vexpress-qemu-flash/test-build-fhzn0yud'
capture = False

    def _run_bitbake(target, env_setup_cmd, capture=False):
        cmd = "%s &amp;&amp; bitbake %s" % (env_setup_cmd, target)
        ps = run_verbose(cmd, capture=subprocess.PIPE)
        output = ""
        try:
            # Cannot use for loop here due to buffering and iterators.
            while True:
                line = ps.stdout.readline().decode()
                if not line:
                    break
    
                if line.find("is not a recognized MENDER_ variable") &gt;= 0:
                    pytest.fail(
                        "Found variable which is not in mender-vars.json: %s" % line.strip()
                    )
    
                if capture:
                    output += line
                else:
                    sys.stdout.write(line)
        finally:
            # Empty any remaining lines.
            try:
                if capture:
                    output += ps.stdout.readlines().decode()
                else:
                    ps.stdout.readlines()
            except:
                pass
            ps.wait()
            if ps.returncode != 0:
                e = subprocess.CalledProcessError(ps.returncode, cmd)
                if capture:
                    e.output = output
&gt;               raise e
E               subprocess.CalledProcessError: Command 'cd /builds/Northern.tech/Mender &amp;&amp; . oe-init-build-env /builds/Northern.tech/Mender/build-vexpress-qemu-flash/test-build-fhzn0yud &amp;&amp; bitbake core-image-minimal' returned non-zero exit status 1.

image-tests/tests/utils/common/common.py:440: CalledProcessError</error></testcase><testcase classname="test_mender-artifact.TestMenderArtifact" name="test_files_checksum_integrity[3]" time="18.857"><error message="failed on setup with &quot;subprocess.CalledProcessError: Command 'cd /builds/Northern.tech/Mender &amp;&amp; . oe-init-build-env /builds/Northern.tech/Mender/build-vexpress-qemu-flash/test-build-fhzn0yud &amp;&amp; bitbake core-image-minimal' returned non-zero exit status 1.&quot;">request = &lt;SubRequest 'versioned_mender_image' for &lt;Function test_files_checksum_integrity[3]&gt;&gt;
prepared_test_build = {'bitbake_corebase': '/builds/Northern.tech/Mender', 'build_dir': '/builds/Northern.tech/Mender/build-vexpress-qemu-flash/test-build-fhzn0yud'}
latest_mender_image = '/builds/Northern.tech/Mender/build-vexpress-qemu-flash/tmp/deploy/images/vexpress-qemu-flash/core-image-minimal-vexpress-qemu-flash.mender'
bitbake_variables = {'ABIEXTENSION': 'eabi', 'ABIEXTENSION_class-nativesdk': '', 'ALLOW_EMPTY_core-image-minimal-dbg': '1', 'ALLOW_EMPTY_core-image-minimal-dev': '1', ...}
bitbake_image = 'core-image-minimal'

    @pytest.fixture(scope="function", params=[2, 3])
    def versioned_mender_image(
        request, prepared_test_build, latest_mender_image, bitbake_variables, bitbake_image
    ):
        """Gets the correct version of the artifact, whether it's the one we
        build by default, or one we have to produce ourselves.
        Returns a tuple of version and built image."""
    
        global LAST_BUILD_VERSION
    
        version = request.param
    
        if version == 1:
            pytest.fail()
    
        if (
            version &gt;= 2
            and not version_is_minimum(bitbake_variables, "mender-artifact", "2.0.0")
        ) or (
            version &gt;= 3
            and not version_is_minimum(bitbake_variables, "mender-artifact", "3.0.0")
        ):
            pytest.skip("Requires version %d of mender-artifact format." % version)
    
        if version_is_minimum(bitbake_variables, "mender-artifact", "3.0.0"):
            default_version = 3
        elif version_is_minimum(bitbake_variables, "mender-artifact", "2.0.0"):
            default_version = 2
        else:
            default_version = 2
    
        if LAST_BUILD_VERSION != version:
            # Run a separate build for this artifact. This doesn't conflict with the
            # above version because the non-default version ends up in a different
            # directory.
            if version != default_version:
                build_image(
                    prepared_test_build["build_dir"],
                    prepared_test_build["bitbake_corebase"],
                    bitbake_image,
                    ['MENDER_ARTIFACT_EXTRA_ARGS = "-v %d"' % version],
                )
            else:
                build_image(
                    prepared_test_build["build_dir"],
                    prepared_test_build["bitbake_corebase"],
&gt;                   bitbake_image,
                )

test_mender-artifact.py:77: 
_ _ _ _ _ _ _ _ _ _ _ _ _ _ _ _ _ _ _ _ _ _ _ _ _ _ _ _ _ _ _ _ _ _ _ _ _ _ _ _ 
image-tests/tests/utils/common/common.py:403: in build_image
    _run_bitbake(bitbake_image, init_env_cmd, capture)
_ _ _ _ _ _ _ _ _ _ _ _ _ _ _ _ _ _ _ _ _ _ _ _ _ _ _ _ _ _ _ _ _ _ _ _ _ _ _ _ 

target = 'core-image-minimal'
env_setup_cmd = 'cd /builds/Northern.tech/Mender &amp;&amp; . oe-init-build-env /builds/Northern.tech/Mender/build-vexpress-qemu-flash/test-build-fhzn0yud'
capture = False

    def _run_bitbake(target, env_setup_cmd, capture=False):
        cmd = "%s &amp;&amp; bitbake %s" % (env_setup_cmd, target)
        ps = run_verbose(cmd, capture=subprocess.PIPE)
        output = ""
        try:
            # Cannot use for loop here due to buffering and iterators.
            while True:
                line = ps.stdout.readline().decode()
                if not line:
                    break
    
                if line.find("is not a recognized MENDER_ variable") &gt;= 0:
                    pytest.fail(
                        "Found variable which is not in mender-vars.json: %s" % line.strip()
                    )
    
                if capture:
                    output += line
                else:
                    sys.stdout.write(line)
        finally:
            # Empty any remaining lines.
            try:
                if capture:
                    output += ps.stdout.readlines().decode()
                else:
                    ps.stdout.readlines()
            except:
                pass
            ps.wait()
            if ps.returncode != 0:
                e = subprocess.CalledProcessError(ps.returncode, cmd)
                if capture:
                    e.output = output
&gt;               raise e
E               subprocess.CalledProcessError: Command 'cd /builds/Northern.tech/Mender &amp;&amp; . oe-init-build-env /builds/Northern.tech/Mender/build-vexpress-qemu-flash/test-build-fhzn0yud &amp;&amp; bitbake core-image-minimal' returned non-zero exit status 1.

image-tests/tests/utils/common/common.py:440: CalledProcessError</error></testcase><testcase classname="test_mender-artifact.TestMenderArtifact" name="test_artifacts_validation[2]" time="19.059"><error message="failed on setup with &quot;subprocess.CalledProcessError: Command 'cd /builds/Northern.tech/Mender &amp;&amp; . oe-init-build-env /builds/Northern.tech/Mender/build-vexpress-qemu-flash/test-build-fhzn0yud &amp;&amp; bitbake core-image-minimal' returned non-zero exit status 1.&quot;">request = &lt;SubRequest 'versioned_mender_image' for &lt;Function test_artifacts_validation[2]&gt;&gt;
prepared_test_build = {'bitbake_corebase': '/builds/Northern.tech/Mender', 'build_dir': '/builds/Northern.tech/Mender/build-vexpress-qemu-flash/test-build-fhzn0yud'}
latest_mender_image = '/builds/Northern.tech/Mender/build-vexpress-qemu-flash/tmp/deploy/images/vexpress-qemu-flash/core-image-minimal-vexpress-qemu-flash.mender'
bitbake_variables = {'ABIEXTENSION': 'eabi', 'ABIEXTENSION_class-nativesdk': '', 'ALLOW_EMPTY_core-image-minimal-dbg': '1', 'ALLOW_EMPTY_core-image-minimal-dev': '1', ...}
bitbake_image = 'core-image-minimal'

    @pytest.fixture(scope="function", params=[2, 3])
    def versioned_mender_image(
        request, prepared_test_build, latest_mender_image, bitbake_variables, bitbake_image
    ):
        """Gets the correct version of the artifact, whether it's the one we
        build by default, or one we have to produce ourselves.
        Returns a tuple of version and built image."""
    
        global LAST_BUILD_VERSION
    
        version = request.param
    
        if version == 1:
            pytest.fail()
    
        if (
            version &gt;= 2
            and not version_is_minimum(bitbake_variables, "mender-artifact", "2.0.0")
        ) or (
            version &gt;= 3
            and not version_is_minimum(bitbake_variables, "mender-artifact", "3.0.0")
        ):
            pytest.skip("Requires version %d of mender-artifact format." % version)
    
        if version_is_minimum(bitbake_variables, "mender-artifact", "3.0.0"):
            default_version = 3
        elif version_is_minimum(bitbake_variables, "mender-artifact", "2.0.0"):
            default_version = 2
        else:
            default_version = 2
    
        if LAST_BUILD_VERSION != version:
            # Run a separate build for this artifact. This doesn't conflict with the
            # above version because the non-default version ends up in a different
            # directory.
            if version != default_version:
                build_image(
                    prepared_test_build["build_dir"],
                    prepared_test_build["bitbake_corebase"],
                    bitbake_image,
&gt;                   ['MENDER_ARTIFACT_EXTRA_ARGS = "-v %d"' % version],
                )

test_mender-artifact.py:71: 
_ _ _ _ _ _ _ _ _ _ _ _ _ _ _ _ _ _ _ _ _ _ _ _ _ _ _ _ _ _ _ _ _ _ _ _ _ _ _ _ 
image-tests/tests/utils/common/common.py:403: in build_image
    _run_bitbake(bitbake_image, init_env_cmd, capture)
_ _ _ _ _ _ _ _ _ _ _ _ _ _ _ _ _ _ _ _ _ _ _ _ _ _ _ _ _ _ _ _ _ _ _ _ _ _ _ _ 

target = 'core-image-minimal'
env_setup_cmd = 'cd /builds/Northern.tech/Mender &amp;&amp; . oe-init-build-env /builds/Northern.tech/Mender/build-vexpress-qemu-flash/test-build-fhzn0yud'
capture = False

    def _run_bitbake(target, env_setup_cmd, capture=False):
        cmd = "%s &amp;&amp; bitbake %s" % (env_setup_cmd, target)
        ps = run_verbose(cmd, capture=subprocess.PIPE)
        output = ""
        try:
            # Cannot use for loop here due to buffering and iterators.
            while True:
                line = ps.stdout.readline().decode()
                if not line:
                    break
    
                if line.find("is not a recognized MENDER_ variable") &gt;= 0:
                    pytest.fail(
                        "Found variable which is not in mender-vars.json: %s" % line.strip()
                    )
    
                if capture:
                    output += line
                else:
                    sys.stdout.write(line)
        finally:
            # Empty any remaining lines.
            try:
                if capture:
                    output += ps.stdout.readlines().decode()
                else:
                    ps.stdout.readlines()
            except:
                pass
            ps.wait()
            if ps.returncode != 0:
                e = subprocess.CalledProcessError(ps.returncode, cmd)
                if capture:
                    e.output = output
&gt;               raise e
E               subprocess.CalledProcessError: Command 'cd /builds/Northern.tech/Mender &amp;&amp; . oe-init-build-env /builds/Northern.tech/Mender/build-vexpress-qemu-flash/test-build-fhzn0yud &amp;&amp; bitbake core-image-minimal' returned non-zero exit status 1.

image-tests/tests/utils/common/common.py:440: CalledProcessError</error></testcase><testcase classname="test_mender-artifact.TestMenderArtifact" name="test_artifacts_validation[3]" time="18.787"><error message="failed on setup with &quot;subprocess.CalledProcessError: Command 'cd /builds/Northern.tech/Mender &amp;&amp; . oe-init-build-env /builds/Northern.tech/Mender/build-vexpress-qemu-flash/test-build-fhzn0yud &amp;&amp; bitbake core-image-minimal' returned non-zero exit status 1.&quot;">request = &lt;SubRequest 'versioned_mender_image' for &lt;Function test_artifacts_validation[3]&gt;&gt;
prepared_test_build = {'bitbake_corebase': '/builds/Northern.tech/Mender', 'build_dir': '/builds/Northern.tech/Mender/build-vexpress-qemu-flash/test-build-fhzn0yud'}
latest_mender_image = '/builds/Northern.tech/Mender/build-vexpress-qemu-flash/tmp/deploy/images/vexpress-qemu-flash/core-image-minimal-vexpress-qemu-flash.mender'
bitbake_variables = {'ABIEXTENSION': 'eabi', 'ABIEXTENSION_class-nativesdk': '', 'ALLOW_EMPTY_core-image-minimal-dbg': '1', 'ALLOW_EMPTY_core-image-minimal-dev': '1', ...}
bitbake_image = 'core-image-minimal'

    @pytest.fixture(scope="function", params=[2, 3])
    def versioned_mender_image(
        request, prepared_test_build, latest_mender_image, bitbake_variables, bitbake_image
    ):
        """Gets the correct version of the artifact, whether it's the one we
        build by default, or one we have to produce ourselves.
        Returns a tuple of version and built image."""
    
        global LAST_BUILD_VERSION
    
        version = request.param
    
        if version == 1:
            pytest.fail()
    
        if (
            version &gt;= 2
            and not version_is_minimum(bitbake_variables, "mender-artifact", "2.0.0")
        ) or (
            version &gt;= 3
            and not version_is_minimum(bitbake_variables, "mender-artifact", "3.0.0")
        ):
            pytest.skip("Requires version %d of mender-artifact format." % version)
    
        if version_is_minimum(bitbake_variables, "mender-artifact", "3.0.0"):
            default_version = 3
        elif version_is_minimum(bitbake_variables, "mender-artifact", "2.0.0"):
            default_version = 2
        else:
            default_version = 2
    
        if LAST_BUILD_VERSION != version:
            # Run a separate build for this artifact. This doesn't conflict with the
            # above version because the non-default version ends up in a different
            # directory.
            if version != default_version:
                build_image(
                    prepared_test_build["build_dir"],
                    prepared_test_build["bitbake_corebase"],
                    bitbake_image,
                    ['MENDER_ARTIFACT_EXTRA_ARGS = "-v %d"' % version],
                )
            else:
                build_image(
                    prepared_test_build["build_dir"],
                    prepared_test_build["bitbake_corebase"],
&gt;                   bitbake_image,
                )

test_mender-artifact.py:77: 
_ _ _ _ _ _ _ _ _ _ _ _ _ _ _ _ _ _ _ _ _ _ _ _ _ _ _ _ _ _ _ _ _ _ _ _ _ _ _ _ 
image-tests/tests/utils/common/common.py:403: in build_image
    _run_bitbake(bitbake_image, init_env_cmd, capture)
_ _ _ _ _ _ _ _ _ _ _ _ _ _ _ _ _ _ _ _ _ _ _ _ _ _ _ _ _ _ _ _ _ _ _ _ _ _ _ _ 

target = 'core-image-minimal'
env_setup_cmd = 'cd /builds/Northern.tech/Mender &amp;&amp; . oe-init-build-env /builds/Northern.tech/Mender/build-vexpress-qemu-flash/test-build-fhzn0yud'
capture = False

    def _run_bitbake(target, env_setup_cmd, capture=False):
        cmd = "%s &amp;&amp; bitbake %s" % (env_setup_cmd, target)
        ps = run_verbose(cmd, capture=subprocess.PIPE)
        output = ""
        try:
            # Cannot use for loop here due to buffering and iterators.
            while True:
                line = ps.stdout.readline().decode()
                if not line:
                    break
    
                if line.find("is not a recognized MENDER_ variable") &gt;= 0:
                    pytest.fail(
[...]
        output = ""
        try:
            # Cannot use for loop here due to buffering and iterators.
            while True:
                line = ps.stdout.readline().decode()
                if not line:
                    break
    
                if line.find("is not a recognized MENDER_ variable") &gt;= 0:
                    pytest.fail(
                        "Found variable which is not in mender-vars.json: %s" % line.strip()
                    )
    
                if capture:
                    output += line
                else:
                    sys.stdout.write(line)
        finally:
            # Empty any remaining lines.
            try:
                if capture:
                    output += ps.stdout.readlines().decode()
                else:
                    ps.stdout.readlines()
            except:
                pass
            ps.wait()
            if ps.returncode != 0:
                e = subprocess.CalledProcessError(ps.returncode, cmd)
                if capture:
                    e.output = output
&gt;               raise e
E               subprocess.CalledProcessError: Command 'cd /builds/Northern.tech/Mender &amp;&amp; . oe-init-build-env /builds/Northern.tech/Mender/build-vexpress-qemu-flash/test-build-fhzn0yud &amp;&amp; bitbake core-image-minimal' returned non-zero exit status 1.

image-tests/tests/utils/common/common.py:440: CalledProcessError</error></testcase><testcase classname="commercial.test_delta_update_module.TestDeltaUpdateModule" name="test_perform_update" time="0.001"><error message="failed on setup with &quot;subprocess.CalledProcessError: Command 'cd /builds/Northern.tech/Mender &amp;&amp; . oe-init-build-env /builds/Northern.tech/Mender/build-vexpress-qemu-flash/test-build-fhzn0yud &amp;&amp; bitbake core-image-minimal' returned non-zero exit status 1.&quot;">request = &lt;SubRequest 'setup_board' for &lt;Function test_dbus_system_configuration_file&gt;&gt;
qemu_wrapper = '../../meta-mender-qemu/scripts/mender-qemu'
build_image_fn = &lt;function build_image_fn.&lt;locals&gt;.img_builder at 0x7f190f46abf8&gt;
session_connection = &lt;Connection host=localhost user=root port=8822&gt;
board_type = 'vexpress-qemu-flash', conversion = False

    @pytest.fixture(scope="session")
    def setup_board(
        request, qemu_wrapper, build_image_fn, session_connection, board_type, conversion
    ):
    
        print("board type: ", board_type)
    
        if "qemu" in board_type:
&gt;           image_dir = build_image_fn()

image-tests/tests/utils/fixtures/fixtures.py:189: 
_ _ _ _ _ _ _ _ _ _ _ _ _ _ _ _ _ _ _ _ _ _ _ _ _ _ _ _ _ _ _ _ _ _ _ _ _ _ _ _ 
image-tests/tests/utils/fixtures/fixtures.py:377: in img_builder
    ['EXTRA_IMAGE_FEATURES_append = " ssh-server-openssh"',],
image-tests/tests/utils/common/common.py:403: in build_image
    _run_bitbake(bitbake_image, init_env_cmd, capture)
_ _ _ _ _ _ _ _ _ _ _ _ _ _ _ _ _ _ _ _ _ _ _ _ _ _ _ _ _ _ _ _ _ _ _ _ _ _ _ _ 

target = 'core-image-minimal'
env_setup_cmd = 'cd /builds/Northern.tech/Mender &amp;&amp; . oe-init-build-env /builds/Northern.tech/Mender/build-vexpress-qemu-flash/test-build-fhzn0yud'
capture = False

    def _run_bitbake(target, env_setup_cmd, capture=False):
        cmd = "%s &amp;&amp; bitbake %s" % (env_setup_cmd, target)
        ps = run_verbose(cmd, capture=subprocess.PIPE)
        output = ""
        try:
            # Cannot use for loop here due to buffering and iterators.
            while True:
                line = ps.stdout.readline().decode()
                if not line:
                    break
    
                if line.find("is not a recognized MENDER_ variable") &gt;= 0:
                    pytest.fail(
                        "Found variable which is not in mender-vars.json: %s" % line.strip()
                    )
    
                if capture:
                    output += line
                else:
                    sys.stdout.write(line)
        finally:
            # Empty any remaining lines.
            try:
                if capture:
                    output += ps.stdout.readlines().decode()
                else:
                    ps.stdout.readlines()
            except:
                pass
            ps.wait()
            if ps.returncode != 0:
                e = subprocess.CalledProcessError(ps.returncode, cmd)
                if capture:
                    e.output = output
&gt;               raise e
E               subprocess.CalledProcessError: Command 'cd /builds/Northern.tech/Mender &amp;&amp; . oe-init-build-env /builds/Northern.tech/Mender/build-vexpress-qemu-flash/test-build-fhzn0yud &amp;&amp; bitbake core-image-minimal' returned non-zero exit status 1.

image-tests/tests/utils/common/common.py:440: CalledProcessError</error></testcase><testcase classname="commercial.test_mender_gateway.TestMenderGateway" name="test_build_mender_gateway" time="0.001"><skipped message="no supported filesystem in vexpress-nor, mender, mender.bmap, ubimg, mtdimg, ubimg.bmap, ubifs (supports ext4)" type="pytest.skip">/builds/Northern.tech/Mender/meta-mender/tests/acceptance/image-tests/tests/utils/fixtures/fixtures.py:595: no supported filesystem in vexpress-nor, mender, mender.bmap, ubimg, mtdimg, ubimg.bmap, ubifs (supports ext4)</skipped></testcase><testcase classname="commercial.test_monitor_addon.TestMonitorAddon" name="test_build_addon" time="0.001"><skipped message="no supported filesystem in vexpress-nor, mender, mender.bmap, ubimg, mtdimg, ubimg.bmap, ubifs (supports ext4)" type="pytest.skip">/builds/Northern.tech/Mender/meta-mender/tests/acceptance/image-tests/tests/utils/fixtures/fixtures.py:595: no supported filesystem in vexpress-nor, mender, mender.bmap, ubimg, mtdimg, ubimg.bmap, ubifs (supports ext4)</skipped></testcase><testcase classname="image-tests.tests.test_part_image.TestMostPartitionImages" name="test_total_size" time="8.714"><skipped message="no supported filesystem in vexpress-nor, mender, mender.bmap, ubimg, mtdimg, ubimg.bmap, ubifs (supports sdimg, uefiimg)" type="pytest.skip">/builds/Northern.tech/Mender/meta-mender/tests/acceptance/image-tests/tests/utils/fixtures/fixtures.py:595: no supported filesystem in vexpress-nor, mender, mender.bmap, ubimg, mtdimg, ubimg.bmap, ubifs (supports sdimg, uefiimg)</skipped></testcase><testcase classname="image-tests.tests.test_part_image.TestMostPartitionImages" name="test_partition_alignment" time="18.133"><skipped message="no supported filesystem in vexpress-nor, mender, mender.bmap, ubimg, mtdimg, ubimg.bmap, ubifs (supports sdimg, uefiimg)" type="pytest.skip">/builds/Northern.tech/Mender/meta-mender/tests/acceptance/image-tests/tests/utils/fixtures/fixtures.py:595: no supported filesystem in vexpress-nor, mender, mender.bmap, ubimg, mtdimg, ubimg.bmap, ubifs (supports sdimg, uefiimg)</skipped></testcase><testcase classname="image-tests.tests.test_part_image.TestMostPartitionImages" name="test_device_type" time="0.001"><skipped message="no supported filesystem in vexpress-nor, mender, mender.bmap, ubimg, mtdimg, ubimg.bmap, ubifs (supports sdimg, uefiimg)" type="pytest.skip">/builds/Northern.tech/Mender/meta-mender/tests/acceptance/image-tests/tests/utils/fixtures/fixtures.py:595: no supported filesystem in vexpress-nor, mender, mender.bmap, ubimg, mtdimg, ubimg.bmap, ubifs (supports sdimg, uefiimg)</skipped></testcase><testcase classname="image-tests.tests.test_part_image.TestMostPartitionImages" name="test_data_ownership" time="0.001"><skipped message="no supported filesystem in vexpress-nor, mender, mender.bmap, ubimg, mtdimg, ubimg.bmap, ubifs (supports sdimg, uefiimg)" type="pytest.skip">/builds/Northern.tech/Mender/meta-mender/tests/acceptance/image-tests/tests/utils/fixtures/fixtures.py:595: no supported filesystem in vexpress-nor, mender, mender.bmap, ubimg, mtdimg, ubimg.bmap, ubifs (supports sdimg, uefiimg)</skipped></testcase><testcase classname="image-tests.tests.test_part_image.TestMostPartitionImages" name="test_fstab_correct" time="0.001"><skipped message="no supported filesystem in vexpress-nor, mender, mender.bmap, ubimg, mtdimg, ubimg.bmap, ubifs (supports sdimg, uefiimg)" type="pytest.skip">/builds/Northern.tech/Mender/meta-mender/tests/acceptance/image-tests/tests/utils/fixtures/fixtures.py:595: no supported filesystem in vexpress-nor, mender, mender.bmap, ubimg, mtdimg, ubimg.bmap, ubifs (supports sdimg, uefiimg)</skipped></testcase><testcase classname="image-tests.tests.test_part_image.TestMostPartitionImages" name="test_mender_grubenv" time="0.001"><skipped message="no supported filesystem in vexpress-nor, mender, mender.bmap, ubimg, mtdimg, ubimg.bmap, ubifs (supports sdimg, uefiimg)" type="pytest.skip">/builds/Northern.tech/Mender/meta-mender/tests/acceptance/image-tests/tests/utils/fixtures/fixtures.py:595: no supported filesystem in vexpress-nor, mender, mender.bmap, ubimg, mtdimg, ubimg.bmap, ubifs (supports sdimg, uefiimg)</skipped></testcase><testcase classname="image-tests.tests.test_part_image.TestMostPartitionImages" name="test_split_mender_conf" time="0.494"><skipped message="no supported filesystem in vexpress-nor, mender, mender.bmap, ubimg, mtdimg, ubimg.bmap, ubifs (supports sdimg, uefiimg)" type="pytest.skip">/builds/Northern.tech/Mender/meta-mender/tests/acceptance/image-tests/tests/utils/fixtures/fixtures.py:595: no supported filesystem in vexpress-nor, mender, mender.bmap, ubimg, mtdimg, ubimg.bmap, ubifs (supports sdimg, uefiimg)</skipped></testcase><testcase classname="image-tests.tests.test_part_image.TestMostPartitionImages" name="test_expected_data_dirs" time="0.001"><skipped message="no supported filesystem in vexpress-nor, mender, mender.bmap, ubimg, mtdimg, ubimg.bmap, ubifs (supports sdimg, uefiimg)" type="pytest.skip">/builds/Northern.tech/Mender/meta-mender/tests/acceptance/image-tests/tests/utils/fixtures/fixtures.py:595: no supported filesystem in vexpress-nor, mender, mender.bmap, ubimg, mtdimg, ubimg.bmap, ubifs (supports sdimg, uefiimg)</skipped></testcase><testcase classname="image-tests.tests.test_part_image.TestAllPartitionImages" name="test_equal_checksum_part_image_and_artifact" time="0.498"><skipped message="no supported filesystem in vexpress-nor, mender, mender.bmap, ubimg, mtdimg, ubimg.bmap, ubifs (supports sdimg, uefiimg, biosimg, gptimg)" type="pytest.skip">/builds/Northern.tech/Mender/meta-mender/tests/acceptance/image-tests/tests/utils/fixtures/fixtures.py:595: no supported filesystem in vexpress-nor, mender, mender.bmap, ubimg, mtdimg, ubimg.bmap, ubifs (supports sdimg, uefiimg, biosimg, gptimg)</skipped></testcase><testcase classname="image-tests.tests.test_rootfs.TestRootfs" name="test_expected_files_ext234" time="0.008"><skipped message="no supported filesystem in vexpress-nor, mender, mender.bmap, ubimg, mtdimg, ubimg.bmap, ubifs (supports ext4, ext3, ext2)" type="pytest.skip">/builds/Northern.tech/Mender/meta-mender/tests/acceptance/image-tests/tests/utils/fixtures/fixtures.py:595: no supported filesystem in vexpress-nor, mender, mender.bmap, ubimg, mtdimg, ubimg.bmap, ubifs (supports ext4, ext3, ext2)</skipped></testcase><testcase classname="image-tests.tests.test_rootfs.TestRootfs" name="test_expected_files_ext234_mender_connect" time="0.001"><skipped message="no supported filesystem in vexpress-nor, mender, mender.bmap, ubimg, mtdimg, ubimg.bmap, ubifs (supports ext4, ext3, ext2)" type="pytest.skip">/builds/Northern.tech/Mender/meta-mender/tests/acceptance/image-tests/tests/utils/fixtures/fixtures.py:595: no supported filesystem in vexpress-nor, mender, mender.bmap, ubimg, mtdimg, ubimg.bmap, ubifs (supports ext4, ext3, ext2)</skipped></testcase><testcase classname="image-tests.tests.test_rootfs.TestRootfs" name="test_expected_files_ext234_mender_configure" time="0.001"><skipped message="no supported filesystem in vexpress-nor, mender, mender.bmap, ubimg, mtdimg, ubimg.bmap, ubifs (supports ext4, ext3, ext2)" type="pytest.skip">/builds/Northern.tech/Mender/meta-mender/tests/acceptance/image-tests/tests/utils/fixtures/fixtures.py:595: no supported filesystem in vexpress-nor, mender, mender.bmap, ubimg, mtdimg, ubimg.bmap, ubifs (supports ext4, ext3, ext2)</skipped></testcase><testcase classname="image-tests.tests.test_rootfs.TestRootfs" name="test_expected_files_ext234_mender_monitor" time="0.001"><skipped message="no supported filesystem in vexpress-nor, mender, mender.bmap, ubimg, mtdimg, ubimg.bmap, ubifs (supports ext4, ext3, ext2)" type="pytest.skip">/builds/Northern.tech/Mender/meta-mender/tests/acceptance/image-tests/tests/utils/fixtures/fixtures.py:595: no supported filesystem in vexpress-nor, mender, mender.bmap, ubimg, mtdimg, ubimg.bmap, ubifs (supports ext4, ext3, ext2)</skipped></testcase><testcase classname="image-tests.tests.test_rootfs.TestRootfs" name="test_expected_files_ubifs" time="2.368" /><testcase classname="image-tests.tests.test_rootfs.TestRootfs" name="test_unconfigured_image" time="0.002"><skipped message="no supported distro feature in mender-testing-enabled, mender-image, mender-image-ubi, mender-client-install, mender-systemd, mender-ubi, mender-uboot, acl, alsa, argp, bluetooth, ext2, ipv4, ipv6, largefile, pcmcia, usbgadget, usbhost, wifi, xattr, nfs, zeroconf, pci, 3g, nfc, x11, vfat, largefile, opengl, ptest, multiarch, wayland, vulkan, pulseaudio, gobject-introspection-data, ldconfig, systemd (supports mender-convert)" type="pytest.skip">/builds/Northern.tech/Mender/meta-mender/tests/acceptance/image-tests/tests/utils/fixtures/fixtures.py:624: no supported distro feature in mender-testing-enabled, mender-image, mender-image-ubi, mender-client-install, mender-systemd, mender-ubi, mender-uboot, acl, alsa, argp, bluetooth, ext2, ipv4, ipv6, largefile, pcmcia, usbgadget, usbhost, wifi, xattr, nfs, zeroconf, pci, 3g, nfc, x11, vfat, largefile, opengl, ptest, multiarch, wayland, vulkan, pulseaudio, gobject-introspection-data, ldconfig, systemd (supports mender-convert)</skipped></testcase><testcase classname="image-tests.tests.test_secure_boot.TestSecureBoot" name="test_secure_boot_enabled" time="374.170"><skipped message="MEN-5253: Secure Boot not yet working for Yocto" type="pytest.skip">/builds/Northern.tech/Mender/meta-mender/tests/acceptance/image-tests/tests/test_secure_boot.py:24: MEN-5253: Secure Boot not yet working for Yocto</skipped></testcase><testcase classname="image-tests.tests.test_update.TestUpdates" name="test_broken_image_update" time="104.157" /><testcase classname="image-tests.tests.test_update.TestUpdates" name="test_image_update_broken_kernel" time="0.002"><skipped message="incompatible machine vexpress-qemu-flash" type="pytest.skip">/builds/Northern.tech/Mender/meta-mender/tests/acceptance/image-tests/tests/utils/fixtures/fixtures.py:572: incompatible machine vexpress-qemu-flash</skipped></testcase><testcase classname="image-tests.tests.test_update.TestUpdates" name="test_too_big_image_update" time="48.093" /><testcase classname="image-tests.tests.test_update.TestUpdates" name="test_network_based_image_update" time="244.798" /><testcase classname="image-tests.tests.test_update.TestUpdates" name="test_signed_updates[sig_case0]" time="19.997" /><testcase classname="image-tests.tests.test_update.TestUpdates" name="test_signed_updates[sig_case1]" time="19.563" /><testcase classname="image-tests.tests.test_update.TestUpdates" name="test_signed_updates[sig_case2]" time="14.577" /><testcase classname="image-tests.tests.test_update.TestUpdates" name="test_signed_updates[sig_case3]" time="17.691" /><testcase classname="image-tests.tests.test_update.TestUpdates" name="test_signed_updates[sig_case4]" time="14.601" /><testcase classname="image-tests.tests.test_update.TestUpdates" name="test_signed_updates[sig_case5]" time="11.717" /><testcase classname="image-tests.tests.test_update.TestUpdates" name="test_signed_updates[sig_case6]" time="10.800" /><testcase classname="image-tests.tests.test_update.TestUpdates" name="test_signed_updates[sig_case7]" time="8.097" /><testcase classname="image-tests.tests.test_update.TestUpdates" name="test_signed_updates[sig_case8]" time="9.933" /><testcase classname="image-tests.tests.test_update.TestUpdates" name="test_signed_updates[sig_case9]" time="8.052" /><testcase classname="image-tests.tests.test_update.TestUpdates" name="test_signed_updates[sig_case10]" time="11.706" /><testcase classname="image-tests.tests.test_update.TestUpdates" name="test_signed_updates[sig_case11]" time="8.234" /><testcase classname="image-tests.tests.test_update.TestUpdates" name="test_signed_updates[sig_case12]" time="9.614" /><testcase classname="image-tests.tests.test_update.TestUpdates" name="test_signed_updates[sig_case13]" time="10.673" /><testcase classname="image-tests.tests.test_update.TestUpdates" name="test_signed_updates[sig_case14]" time="8.091" /><testcase classname="image-tests.tests.test_update.TestUpdates" name="test_signed_updates[sig_case15]" time="9.612" /><testcase classname="image-tests.tests.test_update.TestUpdates" name="test_signed_updates[sig_case16]" time="8.190" /><testcase classname="image-tests.tests.test_update.TestUpdates" name="test_signed_updates[sig_case17]" time="11.943" /><testcase classname="image-tests.tests.test_update.TestUpdates" name="test_signed_updates[sig_case18]" time="12.133" /><testcase classname="image-tests.tests.test_update.TestUpdates" name="test_signed_updates[sig_case19]" time="8.406" /><testcase classname="image-tests.tests.test_update.TestUpdates" name="test_signed_updates[sig_case20]" time="9.972" /><testcase classname="image-tests.tests.test_update.TestUpdates" name="test_signed_updates[sig_case21]" time="8.249" /><testcase classname="image-tests.tests.test_update.TestUpdates" name="test_signed_updates[sig_case22]" time="11.511" /><testcase classname="image-tests.tests.test_update.TestUpdates" name="test_signed_updates[sig_case23]" time="9.023" /><testcase classname="image-tests.tests.test_update.TestUpdates" name="test_redundant_grub_env" time="0.002"><skipped message="no supported distro feature in mender-testing-enabled, mender-image, mender-image-ubi, mender-client-install, mender-systemd, mender-ubi, mender-uboot, acl, alsa, argp, bluetooth, ext2, ipv4, ipv6, largefile, pcmcia, usbgadget, usbhost, wifi, xattr, nfs, zeroconf, pci, 3g, nfc, x11, vfat, largefile, opengl, ptest, multiarch, wayland, vulkan, pulseaudio, gobject-introspection-data, ldconfig, systemd (supports mender-grub)" type="pytest.skip">/builds/Northern.tech/Mender/meta-mender/tests/acceptance/image-tests/tests/utils/fixtures/fixtures.py:624: no supported distro feature in mender-testing-enabled, mender-image, mender-image-ubi, mender-client-install, mender-systemd, mender-ubi, mender-uboot, acl, alsa, argp, bluetooth, ext2, ipv4, ipv6, largefile, pcmcia, usbgadget, usbhost, wifi, xattr, nfs, zeroconf, pci, 3g, nfc, x11, vfat, largefile, opengl, ptest, multiarch, wayland, vulkan, pulseaudio, gobject-introspection-data, ldconfig, systemd (supports mender-grub)</skipped></testcase><testcase classname="image-tests.tests.test_update.TestUpdates" name="test_uboot_mender_saveenv_canary" time="0.503"><skipped message="no supported filesystem in vexpress-nor, mender, mender.bmap, ubimg, mtdimg, ubimg.bmap, ubifs (supports sdimg, uefiimg)" type="pytest.skip">/builds/Northern.tech/Mender/meta-mender/tests/acceptance/image-tests/tests/utils/fixtures/fixtures.py:595: no supported filesystem in vexpress-nor, mender, mender.bmap, ubimg, mtdimg, ubimg.bmap, ubifs (supports sdimg, uefiimg)</skipped></testcase><testcase classname="image-tests.tests.test_update.TestUpdates" name="test_standalone_update_rollback" time="9.874" /><testcase classname="image-tests.tests.test_update_modules.TestUpdateModules" name="test_directory_update_module" time="20.168" /><testcase classname="image-tests.tests.test_update_modules.TestUpdateModules" name="test_single_file_update_module" time="33.205" /></testsuite></testsuites>