<?xml version="1.0" encoding="utf-8"?><testsuites><testsuite errors="0" failures="0" hostname="runner-kzzanpnu-project-12501706-concurrent-0" name="pytest" skipped="68" tests="168" time="5955.403" timestamp="2022-05-20T01:32:32.387463"><testcase classname="test_bootimg.TestBootImg" name="test_bootimg_creation" time="364.053" /><testcase classname="test_build.TestBuild" name="test_default_server_certificate" time="0.025" /><testcase classname="test_build.TestBuild" name="test_certificate_split" time="8.848" /><testcase classname="test_build.TestBuild" name="test_bootloader_embed" time="0.001"><skipped message="no supported filesystem in vexpress-nor, mender, mender.bmap, ubimg, mtdimg, ubimg.bmap, ubifs (supports sdimg)" type="pytest.skip">/builds/Northern.tech/Mender/meta-mender/tests/acceptance/image-tests/tests/utils/fixtures/fixtures.py:595: no supported filesystem in vexpress-nor, mender, mender.bmap, ubimg, mtdimg, ubimg.bmap, ubifs (supports sdimg)</skipped></testcase><testcase classname="test_build.TestBuild" name="test_image_rootfs_extra_space" time="0.001"><skipped message="no supported filesystem in vexpress-nor, mender, mender.bmap, ubimg, mtdimg, ubimg.bmap, ubifs (supports ext4, ext3, ext2)" type="pytest.skip">/builds/Northern.tech/Mender/meta-mender/tests/acceptance/image-tests/tests/utils/fixtures/fixtures.py:595: no supported filesystem in vexpress-nor, mender, mender.bmap, ubimg, mtdimg, ubimg.bmap, ubifs (supports ext4, ext3, ext2)</skipped></testcase><testcase classname="test_build.TestBuild" name="test_tenant_token" time="0.001"><skipped message="no supported filesystem in vexpress-nor, mender, mender.bmap, ubimg, mtdimg, ubimg.bmap, ubifs (supports ext4, ext3, ext2)" type="pytest.skip">/builds/Northern.tech/Mender/meta-mender/tests/acceptance/image-tests/tests/utils/fixtures/fixtures.py:595: no supported filesystem in vexpress-nor, mender, mender.bmap, ubimg, mtdimg, ubimg.bmap, ubifs (supports ext4, ext3, ext2)</skipped></testcase><testcase classname="test_build.TestBuild" name="test_artifact_signing_keys" time="24.652"><skipped message="no supported filesystem in vexpress-nor, mender, mender.bmap, ubimg, mtdimg, ubimg.bmap, ubifs (supports ext4, ext3, ext2)" type="pytest.skip">/builds/Northern.tech/Mender/meta-mender/tests/acceptance/image-tests/tests/utils/fixtures/fixtures.py:595: no supported filesystem in vexpress-nor, mender, mender.bmap, ubimg, mtdimg, ubimg.bmap, ubifs (supports ext4, ext3, ext2)</skipped></testcase><testcase classname="test_build.TestBuild" name="test_state_scripts" time="0.012"><skipped message="no supported filesystem in vexpress-nor, mender, mender.bmap, ubimg, mtdimg, ubimg.bmap, ubifs (supports ext4, ext3, ext2)" type="pytest.skip">/builds/Northern.tech/Mender/meta-mender/tests/acceptance/image-tests/tests/utils/fixtures/fixtures.py:595: no supported filesystem in vexpress-nor, mender, mender.bmap, ubimg, mtdimg, ubimg.bmap, ubifs (supports ext4, ext3, ext2)</skipped></testcase><testcase classname="test_build.TestBuild" name="test_preferred_versions[mender-client-3.2.0]" time="62.190" /><testcase classname="test_build.TestBuild" name="test_preferred_versions[mender-client-3.1.0]" time="61.953" /><testcase classname="test_build.TestBuild" name="test_preferred_versions[mender-client-3.2.1]" time="63.425" /><testcase classname="test_build.TestBuild" name="test_preferred_versions[mender-client-None]" time="41.566" /><testcase classname="test_build.TestBuild" name="test_preferred_versions[mender-client-native-3.2.0]" time="21.252" /><testcase classname="test_build.TestBuild" name="test_preferred_versions[mender-client-native-3.1.0]" time="22.468" /><testcase classname="test_build.TestBuild" name="test_preferred_versions[mender-client-native-3.2.1]" time="25.839" /><testcase classname="test_build.TestBuild" name="test_preferred_versions[mender-client-native-None]" time="21.448" /><testcase classname="test_build.TestBuild" name="test_preferred_versions[mender-artifact-native-3.7.0]" time="54.906" /><testcase classname="test_build.TestBuild" name="test_preferred_versions[mender-artifact-native-3.5.0]" time="54.214" /><testcase classname="test_build.TestBuild" name="test_preferred_versions[mender-artifact-native-3.7.1]" time="55.986" /><testcase classname="test_build.TestBuild" name="test_preferred_versions[mender-artifact-native-3.6.0]" time="55.254" /><testcase classname="test_build.TestBuild" name="test_preferred_versions[mender-artifact-native-3.5.1]" time="58.177" /><testcase classname="test_build.TestBuild" name="test_preferred_versions[mender-artifact-native-3.5.2]" time="54.745" /><testcase classname="test_build.TestBuild" name="test_preferred_versions[mender-artifact-native-3.6.1]" time="56.894" /><testcase classname="test_build.TestBuild" name="test_preferred_versions[mender-artifact-native-None]" time="38.725" /><testcase classname="test_build.TestBuild" name="test_preferred_versions[mender-connect-1.0.1]" time="135.558" /><testcase classname="test_build.TestBuild" name="test_preferred_versions[mender-connect-1.0.2]" time="113.145" /><testcase classname="test_build.TestBuild" name="test_preferred_versions[mender-connect-2.0.1]" time="78.612" /><testcase classname="test_build.TestBuild" name="test_preferred_versions[mender-connect-1.1.0]" time="99.024" /><testcase classname="test_build.TestBuild" name="test_preferred_versions[mender-connect-2.0.0]" time="82.441" /><testcase classname="test_build.TestBuild" name="test_preferred_versions[mender-connect-1.2.1]" time="88.001" /><testcase classname="test_build.TestBuild" name="test_preferred_versions[mender-connect-1.0.0]" time="81.208" /><testcase classname="test_build.TestBuild" name="test_preferred_versions[mender-connect-1.2.0]" time="76.429" /><testcase classname="test_build.TestBuild" name="test_preferred_versions[mender-connect-1.0.3]" time="75.799" /><testcase classname="test_build.TestBuild" name="test_preferred_versions[mender-connect-1.1.1]" time="74.875" /><testcase classname="test_build.TestBuild" name="test_preferred_versions[mender-connect-None]" time="45.288" /><testcase classname="test_build.TestBuild" name="test_preferred_versions[mender-configure-1.0.1]" time="71.608" /><testcase classname="test_build.TestBuild" name="test_preferred_versions[mender-configure-1.0.3]" time="65.639" /><testcase classname="test_build.TestBuild" name="test_preferred_versions[mender-configure-1.0.2]" time="69.785" /><testcase classname="test_build.TestBuild" name="test_preferred_versions[mender-configure-1.0.0]" time="69.646" /><testcase classname="test_build.TestBuild" name="test_preferred_versions[mender-configure-None]" time="26.569" /><testcase classname="test_build.TestBuild" name="test_multiple_device_types_compatible" time="69.591" /><testcase classname="test_build.TestBuild" name="test_various_mtd_combinations[Default-test_case0]" time="39.794" /><testcase classname="test_build.TestBuild" name="test_various_mtd_combinations[custom_mtdids-test_case1]" time="132.389" /><testcase classname="test_build.TestBuild" name="test_various_mtd_combinations[multiple_mtdids_no_selected_one-test_case2]" time="117.997" /><testcase classname="test_build.TestBuild" name="test_various_mtd_combinations[multiple_mtdids_and_selected_one-test_case3]" time="119.523" /><testcase classname="test_build.TestBuild" name="test_various_mtd_combinations[multiple_mtdparts-test_case4]" time="133.576" /><testcase classname="test_build.TestBuild" name="test_boot_partition_population" time="0.003"><skipped message="no supported filesystem in vexpress-nor, mender, mender.bmap, ubimg, mtdimg, ubimg.bmap, ubifs (supports sdimg, uefiimg)" type="pytest.skip">/builds/Northern.tech/Mender/meta-mender/tests/acceptance/image-tests/tests/utils/fixtures/fixtures.py:595: no supported filesystem in vexpress-nor, mender, mender.bmap, ubimg, mtdimg, ubimg.bmap, ubifs (supports sdimg, uefiimg)</skipped></testcase><testcase classname="test_build.TestBuild" name="test_module_install" time="0.001"><skipped message="no supported filesystem in vexpress-nor, mender, mender.bmap, ubimg, mtdimg, ubimg.bmap, ubifs (supports sdimg, uefiimg)" type="pytest.skip">/builds/Northern.tech/Mender/meta-mender/tests/acceptance/image-tests/tests/utils/fixtures/fixtures.py:595: no supported filesystem in vexpress-nor, mender, mender.bmap, ubimg, mtdimg, ubimg.bmap, ubifs (supports sdimg, uefiimg)</skipped></testcase><testcase classname="test_build.TestBuild" name="test_correct_partition_types" time="0.022"><skipped message="no supported filesystem in vexpress-nor, mender, mender.bmap, ubimg, mtdimg, ubimg.bmap, ubifs (supports sdimg, uefiimg, gptimg, biosimg)" type="pytest.skip">/builds/Northern.tech/Mender/meta-mender/tests/acceptance/image-tests/tests/utils/fixtures/fixtures.py:595: no supported filesystem in vexpress-nor, mender, mender.bmap, ubimg, mtdimg, ubimg.bmap, ubifs (supports sdimg, uefiimg, gptimg, biosimg)</skipped></testcase><testcase classname="test_build.TestBuild" name="test_build_artifact_depends_and_provides[dependsprovides0]" time="120.777" /><testcase classname="test_build.TestBuild" name="test_build_artifact_depends_and_provides[dependsprovides1]" time="48.084" /><testcase classname="test_build.TestBuild" name="test_build_artifact_depends_and_provides[dependsprovides2]" time="48.245" /><testcase classname="test_build.TestBuild" name="test_build_artifact_depends_and_provides[dependsprovides3]" time="47.968" /><testcase classname="test_build.TestBuild" name="test_build_artifact_depends_and_provides[dependsprovides4]" time="48.906" /><testcase classname="test_build.TestBuild" name="test_extra_parts" time="0.002"><skipped message="no supported filesystem in vexpress-nor, mender, mender.bmap, ubimg, mtdimg, ubimg.bmap, ubifs (supports sdimg, uefiimg, gptimg, biosimg)" type="pytest.skip">/builds/Northern.tech/Mender/meta-mender/tests/acceptance/image-tests/tests/utils/fixtures/fixtures.py:595: no supported filesystem in vexpress-nor, mender, mender.bmap, ubimg, mtdimg, ubimg.bmap, ubifs (supports sdimg, uefiimg, gptimg, biosimg)</skipped></testcase><testcase classname="test_build.TestBuild" name="test_build_nodbus" time="72.184" /><testcase classname="test_build.TestBuild" name="test_mender_inventory_network_scripts" time="0.002"><skipped message="no supported filesystem in vexpress-nor, mender, mender.bmap, ubimg, mtdimg, ubimg.bmap, ubifs (supports ext4)" type="pytest.skip">/builds/Northern.tech/Mender/meta-mender/tests/acceptance/image-tests/tests/utils/fixtures/fixtures.py:595: no supported filesystem in vexpress-nor, mender, mender.bmap, ubimg, mtdimg, ubimg.bmap, ubifs (supports ext4)</skipped></testcase><testcase classname="test_build.TestBuild" name="test_mender_dbus_interface_file" time="178.957" /><testcase classname="test_dataimg.TestDataImg" name="test_dataimg_creation" time="61.812" /><testcase classname="test_dbus.TestDBus" name="test_dbus_system_configuration_file" time="179.575"><skipped message="incompatible machine vexpress-qemu-flash" type="pytest.skip">/builds/Northern.tech/Mender/meta-mender/tests/acceptance/image-tests/tests/utils/fixtures/fixtures.py:572: incompatible machine vexpress-qemu-flash</skipped></testcase><testcase classname="test_dbus.TestDBus" name="test_dbus_non_root_access" time="0.002"><skipped message="incompatible machine vexpress-qemu-flash" type="pytest.skip">/builds/Northern.tech/Mender/meta-mender/tests/acceptance/image-tests/tests/utils/fixtures/fixtures.py:572: incompatible machine vexpress-qemu-flash</skipped></testcase><testcase classname="test_dbus.TestDBus" name="test_dbus_get_jwt_token" time="0.002"><skipped message="incompatible machine vexpress-qemu-flash" type="pytest.skip">/builds/Northern.tech/Mender/meta-mender/tests/acceptance/image-tests/tests/utils/fixtures/fixtures.py:572: incompatible machine vexpress-qemu-flash</skipped></testcase><testcase classname="test_dbus.TestDBus" name="test_dbus_fetch_jwt_token" time="0.005"><skipped message="incompatible machine vexpress-qemu-flash" type="pytest.skip">/builds/Northern.tech/Mender/meta-mender/tests/acceptance/image-tests/tests/utils/fixtures/fixtures.py:572: incompatible machine vexpress-qemu-flash</skipped></testcase><testcase classname="test_inventory.TestInventory" name="test_rootfs_type" time="1.054" /><testcase classname="test_inventory.TestInventory" name="test_bootloader_integration" time="0.609" /><testcase classname="test_inventory.TestInventory" name="test_inventory_os" time="18.524" /><testcase classname="test_mender-artifact.TestMenderArtifact" name="test_order[2]" time="114.625" /><testcase classname="test_mender-artifact.TestMenderArtifact" name="test_order[3]" time="30.196" /><testcase classname="test_mender-artifact.TestMenderArtifact" name="test_files_list_integrity[2]" time="28.605" /><testcase classname="test_mender-artifact.TestMenderArtifact" name="test_files_list_integrity[3]" time="29.962" /><testcase classname="test_mender-artifact.TestMenderArtifact" name="test_files_checksum_integrity[2]" time="31.134" /><testcase classname="test_mender-artifact.TestMenderArtifact" name="test_files_checksum_integrity[3]" time="29.608" /><testcase classname="test_mender-artifact.TestMenderArtifact" name="test_artifacts_validation[2]" time="28.700" /><testcase classname="test_mender-artifact.TestMenderArtifact" name="test_artifacts_validation[3]" time="28.701" /><testcase classname="test_mender-artifact.TestMenderArtifact" name="test_artifacts_rootfs_size[2]" time="30.112" /><testcase classname="test_mender-artifact.TestMenderArtifact" name="test_artifacts_rootfs_size[3]" time="28.872" /><testcase classname="test_mender-connect.TestMenderConnect" name="test_mender_connect_auth_changes" time="1.685"><skipped message="incompatible machine vexpress-qemu-flash" type="pytest.skip">/builds/Northern.tech/Mender/meta-mender/tests/acceptance/image-tests/tests/utils/fixtures/fixtures.py:572: incompatible machine vexpress-qemu-flash</skipped></testcase><testcase classname="test_mender-connect.TestMenderConnect" name="test_mender_connect_reconnect" time="0.347"><skipped message="incompatible machine vexpress-qemu-flash" type="pytest.skip">/builds/Northern.tech/Mender/meta-mender/tests/acceptance/image-tests/tests/utils/fixtures/fixtures.py:572: incompatible machine vexpress-qemu-flash</skipped></testcase><testcase classname="test_os_integration.TestOsIntegration" name="test_syslogger" time="136.007" /><testcase classname="test_snapshot.TestSnapshot" name="test_basic_snapshot[compression0]" time="0.002"><skipped message="no supported filesystem in vexpress-nor, mender, mender.bmap, ubimg, mtdimg, ubimg.bmap, ubifs (supports uefiimg, sdimg, biosimg, gptimg)" type="pytest.skip">/builds/Northern.tech/Mender/meta-mender/tests/acceptance/image-tests/tests/utils/fixtures/fixtures.py:595: no supported filesystem in vexpress-nor, mender, mender.bmap, ubimg, mtdimg, ubimg.bmap, ubifs (supports uefiimg, sdimg, biosimg, gptimg)</skipped></testcase><testcase classname="test_snapshot.TestSnapshot" name="test_basic_snapshot[compression1]" time="0.002"><skipped message="no supported filesystem in vexpress-nor, mender, mender.bmap, ubimg, mtdimg, ubimg.bmap, ubifs (supports uefiimg, sdimg, biosimg, gptimg)" type="pytest.skip">/builds/Northern.tech/Mender/meta-mender/tests/acceptance/image-tests/tests/utils/fixtures/fixtures.py:595: no supported filesystem in vexpress-nor, mender, mender.bmap, ubimg, mtdimg, ubimg.bmap, ubifs (supports uefiimg, sdimg, biosimg, gptimg)</skipped></testcase><testcase classname="test_snapshot.TestSnapshot" name="test_snapshot_device_file" time="0.001"><skipped message="no supported filesystem in vexpress-nor, mender, mender.bmap, ubimg, mtdimg, ubimg.bmap, ubifs (supports uefiimg, sdimg, biosimg, gptimg)" type="pytest.skip">/builds/Northern.tech/Mender/meta-mender/tests/acceptance/image-tests/tests/utils/fixtures/fixtures.py:595: no supported filesystem in vexpress-nor, mender, mender.bmap, ubimg, mtdimg, ubimg.bmap, ubifs (supports uefiimg, sdimg, biosimg, gptimg)</skipped></testcase><testcase classname="test_snapshot.TestSnapshot" name="test_snapshot_inactive" time="0.001"><skipped message="no supported filesystem in vexpress-nor, mender, mender.bmap, ubimg, mtdimg, ubimg.bmap, ubifs (supports uefiimg, sdimg, biosimg, gptimg)" type="pytest.skip">/builds/Northern.tech/Mender/meta-mender/tests/acceptance/image-tests/tests/utils/fixtures/fixtures.py:595: no supported filesystem in vexpress-nor, mender, mender.bmap, ubimg, mtdimg, ubimg.bmap, ubifs (supports uefiimg, sdimg, biosimg, gptimg)</skipped></testcase><testcase classname="test_snapshot.TestSnapshot" name="test_snapshot_avoid_deadlock" time="0.001"><skipped message="no supported filesystem in vexpress-nor, mender, mender.bmap, ubimg, mtdimg, ubimg.bmap, ubifs (supports uefiimg, sdimg, biosimg, gptimg)" type="pytest.skip">/builds/Northern.tech/Mender/meta-mender/tests/acceptance/image-tests/tests/utils/fixtures/fixtures.py:595: no supported filesystem in vexpress-nor, mender, mender.bmap, ubimg, mtdimg, ubimg.bmap, ubifs (supports uefiimg, sdimg, biosimg, gptimg)</skipped></testcase><testcase classname="test_snapshot.TestSnapshot" name="test_snapshot_using_mender_artifact[]" time="0.002"><skipped message="no supported filesystem in vexpress-nor, mender, mender.bmap, ubimg, mtdimg, ubimg.bmap, ubifs (supports uefiimg, sdimg, biosimg, gptimg)" type="pytest.skip">/builds/Northern.tech/Mender/meta-mender/tests/acceptance/image-tests/tests/utils/fixtures/fixtures.py:595: no supported filesystem in vexpress-nor, mender, mender.bmap, ubimg, mtdimg, ubimg.bmap, ubifs (supports uefiimg, sdimg, biosimg, gptimg)</skipped></testcase><testcase classname="test_snapshot.TestSnapshot" name="test_snapshot_using_mender_artifact[screen -D -m -L -Logfile screen.log.tmp]" time="0.002"><skipped message="no supported filesystem in vexpress-nor, mender, mender.bmap, ubimg, mtdimg, ubimg.bmap, ubifs (supports uefiimg, sdimg, biosimg, gptimg)" type="pytest.skip">/builds/Northern.tech/Mender/meta-mender/tests/acceptance/image-tests/tests/utils/fixtures/fixtures.py:595: no supported filesystem in vexpress-nor, mender, mender.bmap, ubimg, mtdimg, ubimg.bmap, ubifs (supports uefiimg, sdimg, biosimg, gptimg)</skipped></testcase><testcase classname="test_snapshot.TestSnapshot" name="test_snapshot_using_mender_artifact_no_sudo[]" time="0.002"><skipped message="no supported filesystem in vexpress-nor, mender, mender.bmap, ubimg, mtdimg, ubimg.bmap, ubifs (supports uefiimg, sdimg, biosimg, gptimg)" type="pytest.skip">/builds/Northern.tech/Mender/meta-mender/tests/acceptance/image-tests/tests/utils/fixtures/fixtures.py:595: no supported filesystem in vexpress-nor, mender, mender.bmap, ubimg, mtdimg, ubimg.bmap, ubifs (supports uefiimg, sdimg, biosimg, gptimg)</skipped></testcase><testcase classname="test_snapshot.TestSnapshot" name="test_snapshot_using_mender_artifact_no_sudo[screen -D -m -L -Logfile screen.log.tmp]" time="0.001"><skipped message="no supported filesystem in vexpress-nor, mender, mender.bmap, ubimg, mtdimg, ubimg.bmap, ubifs (supports uefiimg, sdimg, biosimg, gptimg)" type="pytest.skip">/builds/Northern.tech/Mender/meta-mender/tests/acceptance/image-tests/tests/utils/fixtures/fixtures.py:595: no supported filesystem in vexpress-nor, mender, mender.bmap, ubimg, mtdimg, ubimg.bmap, ubifs (supports uefiimg, sdimg, biosimg, gptimg)</skipped></testcase><testcase classname="test_ubimg.TestUbimg" name="test_total_size" time="145.667" /><testcase classname="test_ubimg.TestUbimg" name="test_volumes" time="19.121" /><testcase classname="test_ubimg.TestUbimg" name="test_volume_contents" time="25.143" /><testcase classname="test_ubimg.TestUbimg" name="test_equal_checksum_ubimg_and_artifact" time="20.160" /><testcase classname="test_uboot_automation.TestUbootAutomation" name="test_uboot_compile" time="8.900"><skipped message="Skipping test_uboot_compile because u-boot commits are old and already upstream." type="pytest.skip">/builds/Northern.tech/Mender/meta-mender/tests/acceptance/test_uboot_automation.py:195: Skipping test_uboot_compile because u-boot commits are old and already upstream.</skipped></testcase><testcase classname="test_uboot_automation.TestUbootAutomation" name="test_older_uboot_build" time="0.002"><skipped message="no supported filesystem in vexpress-nor, mender, mender.bmap, ubimg, mtdimg, ubimg.bmap, ubifs (supports sdimg)" type="pytest.skip">/builds/Northern.tech/Mender/meta-mender/tests/acceptance/image-tests/tests/utils/fixtures/fixtures.py:595: no supported filesystem in vexpress-nor, mender, mender.bmap, ubimg, mtdimg, ubimg.bmap, ubifs (supports sdimg)</skipped></testcase><testcase classname="test_uboot_automation.TestUbootAutomation" name="test_save_mender_auto_configured_patch" time="169.359" /><testcase classname="test_uboot_automation.TestUbootAutomation" name="test_incorrect_Kconfig_setting" time="117.932" /><testcase classname="test_update_control.TestUpdateControl" name="test_update_control_maps[Empty map-case0]" time="0.162"><skipped message="Mock server is not available on vexpress-qemu due to space constraints." type="pytest.skip">/builds/Northern.tech/Mender/meta-mender/tests/acceptance/mock_server.py:52: Mock server is not available on vexpress-qemu due to space constraints.</skipped></testcase><testcase classname="test_update_control.TestUpdateControl" name="test_update_control_maps[Fail in ArtifactInstall_Enter-case1]" time="0.121"><skipped message="Mock server is not available on vexpress-qemu due to space constraints." type="pytest.skip">/builds/Northern.tech/Mender/meta-mender/tests/acceptance/mock_server.py:52: Mock server is not available on vexpress-qemu due to space constraints.</skipped></testcase><testcase classname="test_update_control.TestUpdateControl" name="test_update_control_maps[Fail in ArtifactReboot_Enter-case2]" time="0.113"><skipped message="Mock server is not available on vexpress-qemu due to space constraints." type="pytest.skip">/builds/Northern.tech/Mender/meta-mender/tests/acceptance/mock_server.py:52: Mock server is not available on vexpress-qemu due to space constraints.</skipped></testcase><testcase classname="test_update_control.TestUpdateControl" name="test_update_control_maps[Fail in ArtifactCommit_Enter-case3]" time="0.121"><skipped message="Mock server is not available on vexpress-qemu due to space constraints." type="pytest.skip">/builds/Northern.tech/Mender/meta-mender/tests/acceptance/mock_server.py:52: Mock server is not available on vexpress-qemu due to space constraints.</skipped></testcase><testcase classname="test_update_control.TestUpdateControl" name="test_update_control_maps[Pause in ArtifactInstall_Enter-case4]" time="0.152"><skipped message="Mock server is not available on vexpress-qemu due to space constraints." type="pytest.skip">/builds/Northern.tech/Mender/meta-mender/tests/acceptance/mock_server.py:52: Mock server is not available on vexpress-qemu due to space constraints.</skipped></testcase><testcase classname="test_update_control.TestUpdateControl" name="test_update_control_maps[Pause in ArtifactReboot_Enter-case5]" time="0.111"><skipped message="Mock server is not available on vexpress-qemu due to space constraints." type="pytest.skip">/builds/Northern.tech/Mender/meta-mender/tests/acceptance/mock_server.py:52: Mock server is not available on vexpress-qemu due to space constraints.</skipped></testcase><testcase classname="test_update_control.TestUpdateControl" name="test_update_control_maps[Pause in ArtifactCommit_Enter-case6]" time="0.101"><skipped message="Mock server is not available on vexpress-qemu due to space constraints." type="pytest.skip">/builds/Northern.tech/Mender/meta-mender/tests/acceptance/mock_server.py:52: Mock server is not available on vexpress-qemu due to space constraints.</skipped></testcase><testcase classname="test_update_control.TestUpdateControl" name="test_update_control_maps[Expire in ArtifactInstall_Enter-case7]" time="0.101"><skipped message="Mock server is not available on vexpress-qemu due to space constraints." type="pytest.skip">/builds/Northern.tech/Mender/meta-mender/tests/acceptance/mock_server.py:52: Mock server is not available on vexpress-qemu due to space constraints.</skipped></testcase><testcase classname="test_update_control.TestUpdateControl" name="test_update_control_maps[Reboot and expire in ArtifactInstall_Enter-case8]" time="0.203"><skipped message="Mock server is not available on vexpress-qemu due to space constraints." type="pytest.skip">/builds/Northern.tech/Mender/meta-mender/tests/acceptance/mock_server.py:52: Mock server is not available on vexpress-qemu due to space constraints.</skipped></testcase><testcase classname="test_update_control.TestUpdateControl" name="test_update_control_maps[Continue, then fail in ArtifactInstall_Enter-case9]" time="0.151"><skipped message="Mock server is not available on vexpress-qemu due to space constraints." type="pytest.skip">/builds/Northern.tech/Mender/meta-mender/tests/acceptance/mock_server.py:52: Mock server is not available on vexpress-qemu due to space constraints.</skipped></testcase><testcase classname="test_update_control.TestUpdateControl" name="test_update_control_maps[continue with higher priority-case10]" time="0.122"><skipped message="Mock server is not available on vexpress-qemu due to space constraints." type="pytest.skip">/builds/Northern.tech/Mender/meta-mender/tests/acceptance/mock_server.py:52: Mock server is not available on vexpress-qemu due to space constraints.</skipped></testcase><testcase classname="test_update_control.TestUpdateControl" name="test_update_control_maps[force_continue with higher priority-case11]" time="0.131"><skipped message="Mock server is not available on vexpress-qemu due to space constraints." type="pytest.skip">/builds/Northern.tech/Mender/meta-mender/tests/acceptance/mock_server.py:52: Mock server is not available on vexpress-qemu due to space constraints.</skipped></testcase><testcase classname="test_update_control.TestUpdateControl" name="test_update_control_maps[force_continue with lower priority-case12]" time="0.162"><skipped message="Mock server is not available on vexpress-qemu due to space constraints." type="pytest.skip">/builds/Northern.tech/Mender/meta-mender/tests/acceptance/mock_server.py:52: Mock server is not available on vexpress-qemu due to space constraints.</skipped></testcase><testcase classname="test_update_control.TestUpdateControl" name="test_update_control_maps[Expired and purged map-case13]" time="0.121"><skipped message="Mock server is not available on vexpress-qemu due to space constraints." type="pytest.skip">/builds/Northern.tech/Mender/meta-mender/tests/acceptance/mock_server.py:52: Mock server is not available on vexpress-qemu due to space constraints.</skipped></testcase><testcase classname="test_update_control.TestUpdateControl" name="test_invalid_update_control_map" time="0.121"><skipped message="Mock server is not available on vexpress-qemu due to space constraints." type="pytest.skip">/builds/Northern.tech/Mender/meta-mender/tests/acceptance/mock_server.py:52: Mock server is not available on vexpress-qemu due to space constraints.</skipped></testcase><testcase classname="test_update_control.TestUpdateControl" name="test_update_control_map_cleanup[Cleanup after success-case0]" time="0.122"><skipped message="Mock server is not available on vexpress-qemu due to space constraints." type="pytest.skip">/builds/Northern.tech/Mender/meta-mender/tests/acceptance/mock_server.py:52: Mock server is not available on vexpress-qemu due to space constraints.</skipped></testcase><testcase classname="test_update_control.TestUpdateControl" name="test_update_control_map_cleanup[Cleanup after failure-case1]" time="0.112"><skipped message="Mock server is not available on vexpress-qemu due to space constraints." type="pytest.skip">/builds/Northern.tech/Mender/meta-mender/tests/acceptance/mock_server.py:52: Mock server is not available on vexpress-qemu due to space constraints.</skipped></testcase><testcase classname="test_update_control.TestUpdateControl" name="test_many_state_transitions_with_update_control" time="0.111"><skipped message="Mock server is not available on vexpress-qemu due to space constraints." type="pytest.skip">/builds/Northern.tech/Mender/meta-mender/tests/acceptance/mock_server.py:52: Mock server is not available on vexpress-qemu due to space constraints.</skipped></testcase><testcase classname="commercial.test_delta_update_module.TestDeltaUpdateModule" name="test_build_and_run_module" time="0.002"><skipped message="no supported filesystem in vexpress-nor, mender, mender.bmap, ubimg, mtdimg, ubimg.bmap, ubifs (supports ext4)" type="pytest.skip">/builds/Northern.tech/Mender/meta-mender/tests/acceptance/image-tests/tests/utils/fixtures/fixtures.py:595: no supported filesystem in vexpress-nor, mender, mender.bmap, ubimg, mtdimg, ubimg.bmap, ubifs (supports ext4)</skipped></testcase><testcase classname="commercial.test_delta_update_module.TestDeltaUpdateModule" name="test_runtime_checksum" time="0.002"><skipped message="no supported filesystem in vexpress-nor, mender, mender.bmap, ubimg, mtdimg, ubimg.bmap, ubifs (supports ext4)" type="pytest.skip">/builds/Northern.tech/Mender/meta-mender/tests/acceptance/image-tests/tests/utils/fixtures/fixtures.py:595: no supported filesystem in vexpress-nor, mender, mender.bmap, ubimg, mtdimg, ubimg.bmap, ubifs (supports ext4)</skipped></testcase><testcase classname="commercial.test_delta_update_module.TestDeltaUpdateModule" name="test_perform_update" time="0.001"><skipped message="no supported filesystem in vexpress-nor, mender, mender.bmap, ubimg, mtdimg, ubimg.bmap, ubifs (supports ext4)" type="pytest.skip">/builds/Northern.tech/Mender/meta-mender/tests/acceptance/image-tests/tests/utils/fixtures/fixtures.py:595: no supported filesystem in vexpress-nor, mender, mender.bmap, ubimg, mtdimg, ubimg.bmap, ubifs (supports ext4)</skipped></testcase><testcase classname="commercial.test_mender_gateway.TestMenderGateway" name="test_build_mender_gateway" time="0.001"><skipped message="no supported filesystem in vexpress-nor, mender, mender.bmap, ubimg, mtdimg, ubimg.bmap, ubifs (supports ext4)" type="pytest.skip">/builds/Northern.tech/Mender/meta-mender/tests/acceptance/image-tests/tests/utils/fixtures/fixtures.py:595: no supported filesystem in vexpress-nor, mender, mender.bmap, ubimg, mtdimg, ubimg.bmap, ubifs (supports ext4)</skipped></testcase><testcase classname="commercial.test_monitor_addon.TestMonitorAddon" name="test_build_addon" time="0.001"><skipped message="no supported filesystem in vexpress-nor, mender, mender.bmap, ubimg, mtdimg, ubimg.bmap, ubifs (supports ext4)" type="pytest.skip">/builds/Northern.tech/Mender/meta-mender/tests/acceptance/image-tests/tests/utils/fixtures/fixtures.py:595: no supported filesystem in vexpress-nor, mender, mender.bmap, ubimg, mtdimg, ubimg.bmap, ubifs (supports ext4)</skipped></testcase><testcase classname="image-tests.tests.test_part_image.TestMostPartitionImages" name="test_total_size" time="8.953"><skipped message="no supported filesystem in vexpress-nor, mender, mender.bmap, ubimg, mtdimg, ubimg.bmap, ubifs (supports sdimg, uefiimg)" type="pytest.skip">/builds/Northern.tech/Mender/meta-mender/tests/acceptance/image-tests/tests/utils/fixtures/fixtures.py:595: no supported filesystem in vexpress-nor, mender, mender.bmap, ubimg, mtdimg, ubimg.bmap, ubifs (supports sdimg, uefiimg)</skipped></testcase><testcase classname="image-tests.tests.test_part_image.TestMostPartitionImages" name="test_partition_alignment" time="18.183"><skipped message="no supported filesystem in vexpress-nor, mender, mender.bmap, ubimg, mtdimg, ubimg.bmap, ubifs (supports sdimg, uefiimg)" type="pytest.skip">/builds/Northern.tech/Mender/meta-mender/tests/acceptance/image-tests/tests/utils/fixtures/fixtures.py:595: no supported filesystem in vexpress-nor, mender, mender.bmap, ubimg, mtdimg, ubimg.bmap, ubifs (supports sdimg, uefiimg)</skipped></testcase><testcase classname="image-tests.tests.test_part_image.TestMostPartitionImages" name="test_device_type" time="0.001"><skipped message="no supported filesystem in vexpress-nor, mender, mender.bmap, ubimg, mtdimg, ubimg.bmap, ubifs (supports sdimg, uefiimg)" type="pytest.skip">/builds/Northern.tech/Mender/meta-mender/tests/acceptance/image-tests/tests/utils/fixtures/fixtures.py:595: no supported filesystem in vexpress-nor, mender, mender.bmap, ubimg, mtdimg, ubimg.bmap, ubifs (supports sdimg, uefiimg)</skipped></testcase><testcase classname="image-tests.tests.test_part_image.TestMostPartitionImages" name="test_data_ownership" time="0.001"><skipped message="no supported filesystem in vexpress-nor, mender, mender.bmap, ubimg, mtdimg, ubimg.bmap, ubifs (supports sdimg, uefiimg)" type="pytest.skip">/builds/Northern.tech/Mender/meta-mender/tests/acceptance/image-tests/tests/utils/fixtures/fixtures.py:595: no supported filesystem in vexpress-nor, mender, mender.bmap, ubimg, mtdimg, ubimg.bmap, ubifs (supports sdimg, uefiimg)</skipped></testcase><testcase classname="image-tests.tests.test_part_image.TestMostPartitionImages" name="test_fstab_correct" time="0.003"><skipped message="no supported filesystem in vexpress-nor, mender, mender.bmap, ubimg, mtdimg, ubimg.bmap, ubifs (supports sdimg, uefiimg)" type="pytest.skip">/builds/Northern.tech/Mender/meta-mender/tests/acceptance/image-tests/tests/utils/fixtures/fixtures.py:595: no supported filesystem in vexpress-nor, mender, mender.bmap, ubimg, mtdimg, ubimg.bmap, ubifs (supports sdimg, uefiimg)</skipped></testcase><testcase classname="image-tests.tests.test_part_image.TestMostPartitionImages" name="test_mender_grubenv" time="0.001"><skipped message="no supported filesystem in vexpress-nor, mender, mender.bmap, ubimg, mtdimg, ubimg.bmap, ubifs (supports sdimg, uefiimg)" type="pytest.skip">/builds/Northern.tech/Mender/meta-mender/tests/acceptance/image-tests/tests/utils/fixtures/fixtures.py:595: no supported filesystem in vexpress-nor, mender, mender.bmap, ubimg, mtdimg, ubimg.bmap, ubifs (supports sdimg, uefiimg)</skipped></testcase><testcase classname="image-tests.tests.test_part_image.TestMostPartitionImages" name="test_split_mender_conf" time="0.500"><skipped message="no supported filesystem in vexpress-nor, mender, mender.bmap, ubimg, mtdimg, ubimg.bmap, ubifs (supports sdimg, uefiimg)" type="pytest.skip">/builds/Northern.tech/Mender/meta-mender/tests/acceptance/image-tests/tests/utils/fixtures/fixtures.py:595: no supported filesystem in vexpress-nor, mender, mender.bmap, ubimg, mtdimg, ubimg.bmap, ubifs (supports sdimg, uefiimg)</skipped></testcase><testcase classname="image-tests.tests.test_part_image.TestMostPartitionImages" name="test_expected_data_dirs" time="0.001"><skipped message="no supported filesystem in vexpress-nor, mender, mender.bmap, ubimg, mtdimg, ubimg.bmap, ubifs (supports sdimg, uefiimg)" type="pytest.skip">/builds/Northern.tech/Mender/meta-mender/tests/acceptance/image-tests/tests/utils/fixtures/fixtures.py:595: no supported filesystem in vexpress-nor, mender, mender.bmap, ubimg, mtdimg, ubimg.bmap, ubifs (supports sdimg, uefiimg)</skipped></testcase><testcase classname="image-tests.tests.test_part_image.TestAllPartitionImages" name="test_equal_checksum_part_image_and_artifact" time="0.507"><skipped message="no supported filesystem in vexpress-nor, mender, mender.bmap, ubimg, mtdimg, ubimg.bmap, ubifs (supports sdimg, uefiimg, biosimg, gptimg)" type="pytest.skip">/builds/Northern.tech/Mender/meta-mender/tests/acceptance/image-tests/tests/utils/fixtures/fixtures.py:595: no supported filesystem in vexpress-nor, mender, mender.bmap, ubimg, mtdimg, ubimg.bmap, ubifs (supports sdimg, uefiimg, biosimg, gptimg)</skipped></testcase><testcase classname="image-tests.tests.test_rootfs.TestRootfs" name="test_expected_files_ext234" time="0.008"><skipped message="no supported filesystem in vexpress-nor, mender, mender.bmap, ubimg, mtdimg, ubimg.bmap, ubifs (supports ext4, ext3, ext2)" type="pytest.skip">/builds/Northern.tech/Mender/meta-mender/tests/acceptance/image-tests/tests/utils/fixtures/fixtures.py:595: no supported filesystem in vexpress-nor, mender, mender.bmap, ubimg, mtdimg, ubimg.bmap, ubifs (supports ext4, ext3, ext2)</skipped></testcase><testcase classname="image-tests.tests.test_rootfs.TestRootfs" name="test_expected_files_ext234_mender_connect" time="0.001"><skipped message="no supported filesystem in vexpress-nor, mender, mender.bmap, ubimg, mtdimg, ubimg.bmap, ubifs (supports ext4, ext3, ext2)" type="pytest.skip">/builds/Northern.tech/Mender/meta-mender/tests/acceptance/image-tests/tests/utils/fixtures/fixtures.py:595: no supported filesystem in vexpress-nor, mender, mender.bmap, ubimg, mtdimg, ubimg.bmap, ubifs (supports ext4, ext3, ext2)</skipped></testcase><testcase classname="image-tests.tests.test_rootfs.TestRootfs" name="test_expected_files_ext234_mender_configure" time="0.001"><skipped message="no supported filesystem in vexpress-nor, mender, mender.bmap, ubimg, mtdimg, ubimg.bmap, ubifs (supports ext4, ext3, ext2)" type="pytest.skip">/builds/Northern.tech/Mender/meta-mender/tests/acceptance/image-tests/tests/utils/fixtures/fixtures.py:595: no supported filesystem in vexpress-nor, mender, mender.bmap, ubimg, mtdimg, ubimg.bmap, ubifs (supports ext4, ext3, ext2)</skipped></testcase><testcase classname="image-tests.tests.test_rootfs.TestRootfs" name="test_expected_files_ext234_mender_monitor" time="0.001"><skipped message="no supported filesystem in vexpress-nor, mender, mender.bmap, ubimg, mtdimg, ubimg.bmap, ubifs (supports ext4, ext3, ext2)" type="pytest.skip">/builds/Northern.tech/Mender/meta-mender/tests/acceptance/image-tests/tests/utils/fixtures/fixtures.py:595: no supported filesystem in vexpress-nor, mender, mender.bmap, ubimg, mtdimg, ubimg.bmap, ubifs (supports ext4, ext3, ext2)</skipped></testcase><testcase classname="image-tests.tests.test_rootfs.TestRootfs" name="test_expected_files_ubifs" time="1.958" /><testcase classname="image-tests.tests.test_rootfs.TestRootfs" name="test_unconfigured_image" time="0.001"><skipped message="no supported distro feature in mender-testing-enabled, mender-image, mender-image-ubi, mender-client-install, mender-systemd, mender-ubi, mender-uboot, acl, alsa, argp, bluetooth, ext2, ipv4, ipv6, largefile, pcmcia, usbgadget, usbhost, wifi, xattr, nfs, zeroconf, pci, 3g, nfc, x11, vfat, largefile, opengl, ptest, multiarch, wayland, vulkan, pulseaudio, gobject-introspection-data, ldconfig, systemd (supports mender-convert)" type="pytest.skip">/builds/Northern.tech/Mender/meta-mender/tests/acceptance/image-tests/tests/utils/fixtures/fixtures.py:624: no supported distro feature in mender-testing-enabled, mender-image, mender-image-ubi, mender-client-install, mender-systemd, mender-ubi, mender-uboot, acl, alsa, argp, bluetooth, ext2, ipv4, ipv6, largefile, pcmcia, usbgadget, usbhost, wifi, xattr, nfs, zeroconf, pci, 3g, nfc, x11, vfat, largefile, opengl, ptest, multiarch, wayland, vulkan, pulseaudio, gobject-introspection-data, ldconfig, systemd (supports mender-convert)</skipped></testcase><testcase classname="image-tests.tests.test_secure_boot.TestSecureBoot" name="test_secure_boot_enabled" time="316.030"><skipped message="MEN-5253: Secure Boot not yet working for Yocto" type="pytest.skip">/builds/Northern.tech/Mender/meta-mender/tests/acceptance/image-tests/tests/test_secure_boot.py:24: MEN-5253: Secure Boot not yet working for Yocto</skipped></testcase><testcase classname="image-tests.tests.test_update.TestUpdates" name="test_broken_image_update" time="97.068" /><testcase classname="image-tests.tests.test_update.TestUpdates" name="test_image_update_broken_kernel" time="0.002"><skipped message="incompatible machine vexpress-qemu-flash" type="pytest.skip">/builds/Northern.tech/Mender/meta-mender/tests/acceptance/image-tests/tests/utils/fixtures/fixtures.py:572: incompatible machine vexpress-qemu-flash</skipped></testcase><testcase classname="image-tests.tests.test_update.TestUpdates" name="test_too_big_image_update" time="48.784" /><testcase classname="image-tests.tests.test_update.TestUpdates" name="test_network_based_image_update" time="275.108" /><testcase classname="image-tests.tests.test_update.TestUpdates" name="test_signed_updates[sig_case0]" time="19.068" /><testcase classname="image-tests.tests.test_update.TestUpdates" name="test_signed_updates[sig_case1]" time="19.581" /><testcase classname="image-tests.tests.test_update.TestUpdates" name="test_signed_updates[sig_case2]" time="15.181" /><testcase classname="image-tests.tests.test_update.TestUpdates" name="test_signed_updates[sig_case3]" time="16.778" /><testcase classname="image-tests.tests.test_update.TestUpdates" name="test_signed_updates[sig_case4]" time="8.075" /><testcase classname="image-tests.tests.test_update.TestUpdates" name="test_signed_updates[sig_case5]" time="10.094" /><testcase classname="image-tests.tests.test_update.TestUpdates" name="test_signed_updates[sig_case6]" time="10.737" /><testcase classname="image-tests.tests.test_update.TestUpdates" name="test_signed_updates[sig_case7]" time="8.248" /><testcase classname="image-tests.tests.test_update.TestUpdates" name="test_signed_updates[sig_case8]" time="9.831" /><testcase classname="image-tests.tests.test_update.TestUpdates" name="test_signed_updates[sig_case9]" time="8.114" /><testcase classname="image-tests.tests.test_update.TestUpdates" name="test_signed_updates[sig_case10]" time="10.296" /><testcase classname="image-tests.tests.test_update.TestUpdates" name="test_signed_updates[sig_case11]" time="8.052" /><testcase classname="image-tests.tests.test_update.TestUpdates" name="test_signed_updates[sig_case12]" time="9.790" /><testcase classname="image-tests.tests.test_update.TestUpdates" name="test_signed_updates[sig_case13]" time="10.794" /><testcase classname="image-tests.tests.test_update.TestUpdates" name="test_signed_updates[sig_case14]" time="7.932" /><testcase classname="image-tests.tests.test_update.TestUpdates" name="test_signed_updates[sig_case15]" time="9.878" /><testcase classname="image-tests.tests.test_update.TestUpdates" name="test_signed_updates[sig_case16]" time="9.209" /><testcase classname="image-tests.tests.test_update.TestUpdates" name="test_signed_updates[sig_case17]" time="10.389" /><testcase classname="image-tests.tests.test_update.TestUpdates" name="test_signed_updates[sig_case18]" time="10.603" /><testcase classname="image-tests.tests.test_update.TestUpdates" name="test_signed_updates[sig_case19]" time="8.032" /><testcase classname="image-tests.tests.test_update.TestUpdates" name="test_signed_updates[sig_case20]" time="10.853" /><testcase classname="image-tests.tests.test_update.TestUpdates" name="test_signed_updates[sig_case21]" time="7.848" /><testcase classname="image-tests.tests.test_update.TestUpdates" name="test_signed_updates[sig_case22]" time="10.378" /><testcase classname="image-tests.tests.test_update.TestUpdates" name="test_signed_updates[sig_case23]" time="8.320" /><testcase classname="image-tests.tests.test_update.TestUpdates" name="test_redundant_grub_env" time="0.002"><skipped message="no supported distro feature in mender-testing-enabled, mender-image, mender-image-ubi, mender-client-install, mender-systemd, mender-ubi, mender-uboot, acl, alsa, argp, bluetooth, ext2, ipv4, ipv6, largefile, pcmcia, usbgadget, usbhost, wifi, xattr, nfs, zeroconf, pci, 3g, nfc, x11, vfat, largefile, opengl, ptest, multiarch, wayland, vulkan, pulseaudio, gobject-introspection-data, ldconfig, systemd (supports mender-grub)" type="pytest.skip">/builds/Northern.tech/Mender/meta-mender/tests/acceptance/image-tests/tests/utils/fixtures/fixtures.py:624: no supported distro feature in mender-testing-enabled, mender-image, mender-image-ubi, mender-client-install, mender-systemd, mender-ubi, mender-uboot, acl, alsa, argp, bluetooth, ext2, ipv4, ipv6, largefile, pcmcia, usbgadget, usbhost, wifi, xattr, nfs, zeroconf, pci, 3g, nfc, x11, vfat, largefile, opengl, ptest, multiarch, wayland, vulkan, pulseaudio, gobject-introspection-data, ldconfig, systemd (supports mender-grub)</skipped></testcase><testcase classname="image-tests.tests.test_update.TestUpdates" name="test_uboot_mender_saveenv_canary" time="0.514"><skipped message="no supported filesystem in vexpress-nor, mender, mender.bmap, ubimg, mtdimg, ubimg.bmap, ubifs (supports sdimg, uefiimg)" type="pytest.skip">/builds/Northern.tech/Mender/meta-mender/tests/acceptance/image-tests/tests/utils/fixtures/fixtures.py:595: no supported filesystem in vexpress-nor, mender, mender.bmap, ubimg, mtdimg, ubimg.bmap, ubifs (supports sdimg, uefiimg)</skipped></testcase><testcase classname="image-tests.tests.test_update.TestUpdates" name="test_standalone_update_rollback" time="10.446" /><testcase classname="image-tests.tests.test_update_modules.TestUpdateModules" name="test_directory_update_module" time="20.254" /><testcase classname="image-tests.tests.test_update_modules.TestUpdateModules" name="test_single_file_update_module" time="31.076" /></testsuite></testsuites>