<?xml version="1.0" encoding="utf-8"?><testsuites><testsuite errors="3" failures="1" hostname="runner-kzzanpnu-project-12501706-concurrent-0" name="pytest" skipped="68" tests="168" time="5897.222" timestamp="2022-05-19T01:32:11.592870"><testcase classname="test_bootimg.TestBootImg" name="test_bootimg_creation" time="355.810" /><testcase classname="test_build.TestBuild" name="test_default_server_certificate" time="0.028" /><testcase classname="test_build.TestBuild" name="test_certificate_split" time="8.840" /><testcase classname="test_build.TestBuild" name="test_bootloader_embed" time="0.002"><skipped message="no supported filesystem in vexpress-nor, mender, mender.bmap, ubimg, mtdimg, ubimg.bmap, ubifs (supports sdimg)" type="pytest.skip">/builds/Northern.tech/Mender/meta-mender/tests/acceptance/image-tests/tests/utils/fixtures/fixtures.py:595: no supported filesystem in vexpress-nor, mender, mender.bmap, ubimg, mtdimg, ubimg.bmap, ubifs (supports sdimg)</skipped></testcase><testcase classname="test_build.TestBuild" name="test_image_rootfs_extra_space" time="0.001"><skipped message="no supported filesystem in vexpress-nor, mender, mender.bmap, ubimg, mtdimg, ubimg.bmap, ubifs (supports ext4, ext3, ext2)" type="pytest.skip">/builds/Northern.tech/Mender/meta-mender/tests/acceptance/image-tests/tests/utils/fixtures/fixtures.py:595: no supported filesystem in vexpress-nor, mender, mender.bmap, ubimg, mtdimg, ubimg.bmap, ubifs (supports ext4, ext3, ext2)</skipped></testcase><testcase classname="test_build.TestBuild" name="test_tenant_token" time="0.001"><skipped message="no supported filesystem in vexpress-nor, mender, mender.bmap, ubimg, mtdimg, ubimg.bmap, ubifs (supports ext4, ext3, ext2)" type="pytest.skip">/builds/Northern.tech/Mender/meta-mender/tests/acceptance/image-tests/tests/utils/fixtures/fixtures.py:595: no supported filesystem in vexpress-nor, mender, mender.bmap, ubimg, mtdimg, ubimg.bmap, ubifs (supports ext4, ext3, ext2)</skipped></testcase><testcase classname="test_build.TestBuild" name="test_artifact_signing_keys" time="22.614"><skipped message="no supported filesystem in vexpress-nor, mender, mender.bmap, ubimg, mtdimg, ubimg.bmap, ubifs (supports ext4, ext3, ext2)" type="pytest.skip">/builds/Northern.tech/Mender/meta-mender/tests/acceptance/image-tests/tests/utils/fixtures/fixtures.py:595: no supported filesystem in vexpress-nor, mender, mender.bmap, ubimg, mtdimg, ubimg.bmap, ubifs (supports ext4, ext3, ext2)</skipped></testcase><testcase classname="test_build.TestBuild" name="test_state_scripts" time="0.013"><skipped message="no supported filesystem in vexpress-nor, mender, mender.bmap, ubimg, mtdimg, ubimg.bmap, ubifs (supports ext4, ext3, ext2)" type="pytest.skip">/builds/Northern.tech/Mender/meta-mender/tests/acceptance/image-tests/tests/utils/fixtures/fixtures.py:595: no supported filesystem in vexpress-nor, mender, mender.bmap, ubimg, mtdimg, ubimg.bmap, ubifs (supports ext4, ext3, ext2)</skipped></testcase><testcase classname="test_build.TestBuild" name="test_preferred_versions[mender-client-3.2.0]" time="62.368" /><testcase classname="test_build.TestBuild" name="test_preferred_versions[mender-client-3.1.0]" time="62.133" /><testcase classname="test_build.TestBuild" name="test_preferred_versions[mender-client-3.2.1]" time="60.874" /><testcase classname="test_build.TestBuild" name="test_preferred_versions[mender-client-None]" time="42.342" /><testcase classname="test_build.TestBuild" name="test_preferred_versions[mender-client-native-3.2.0]" time="23.772" /><testcase classname="test_build.TestBuild" name="test_preferred_versions[mender-client-native-3.1.0]" time="21.203" /><testcase classname="test_build.TestBuild" name="test_preferred_versions[mender-client-native-3.2.1]" time="22.247" /><testcase classname="test_build.TestBuild" name="test_preferred_versions[mender-client-native-None]" time="19.991" /><testcase classname="test_build.TestBuild" name="test_preferred_versions[mender-artifact-native-3.7.0]" time="55.005" /><testcase classname="test_build.TestBuild" name="test_preferred_versions[mender-artifact-native-3.5.0]" time="55.273" /><testcase classname="test_build.TestBuild" name="test_preferred_versions[mender-artifact-native-3.7.1]" time="55.544" /><testcase classname="test_build.TestBuild" name="test_preferred_versions[mender-artifact-native-3.6.0]" time="55.652" /><testcase classname="test_build.TestBuild" name="test_preferred_versions[mender-artifact-native-3.5.1]" time="55.728" /><testcase classname="test_build.TestBuild" name="test_preferred_versions[mender-artifact-native-3.5.2]" time="56.085" /><testcase classname="test_build.TestBuild" name="test_preferred_versions[mender-artifact-native-3.6.1]" time="57.311" /><testcase classname="test_build.TestBuild" name="test_preferred_versions[mender-artifact-native-None]" time="94.319" /><testcase classname="test_build.TestBuild" name="test_preferred_versions[mender-connect-1.0.1]" time="148.839" /><testcase classname="test_build.TestBuild" name="test_preferred_versions[mender-connect-1.0.2]" time="94.510" /><testcase classname="test_build.TestBuild" name="test_preferred_versions[mender-connect-2.0.1]" time="128.232" /><testcase classname="test_build.TestBuild" name="test_preferred_versions[mender-connect-1.1.0]" time="85.983" /><testcase classname="test_build.TestBuild" name="test_preferred_versions[mender-connect-2.0.0]" time="75.803" /><testcase classname="test_build.TestBuild" name="test_preferred_versions[mender-connect-1.2.1]" time="77.131" /><testcase classname="test_build.TestBuild" name="test_preferred_versions[mender-connect-1.0.0]" time="73.537" /><testcase classname="test_build.TestBuild" name="test_preferred_versions[mender-connect-1.2.0]" time="76.946" /><testcase classname="test_build.TestBuild" name="test_preferred_versions[mender-connect-1.0.3]" time="74.001" /><testcase classname="test_build.TestBuild" name="test_preferred_versions[mender-connect-1.1.1]" time="75.187" /><testcase classname="test_build.TestBuild" name="test_preferred_versions[mender-connect-None]" time="44.577" /><testcase classname="test_build.TestBuild" name="test_preferred_versions[mender-configure-1.0.1]" time="69.950" /><testcase classname="test_build.TestBuild" name="test_preferred_versions[mender-configure-1.0.3]" time="64.743" /><testcase classname="test_build.TestBuild" name="test_preferred_versions[mender-configure-1.0.2]" time="71.144" /><testcase classname="test_build.TestBuild" name="test_preferred_versions[mender-configure-1.0.0]" time="70.290" /><testcase classname="test_build.TestBuild" name="test_preferred_versions[mender-configure-None]" time="28.299" /><testcase classname="test_build.TestBuild" name="test_multiple_device_types_compatible" time="70.852" /><testcase classname="test_build.TestBuild" name="test_various_mtd_combinations[Default-test_case0]" time="40.197" /><testcase classname="test_build.TestBuild" name="test_various_mtd_combinations[custom_mtdids-test_case1]" time="132.251" /><testcase classname="test_build.TestBuild" name="test_various_mtd_combinations[multiple_mtdids_no_selected_one-test_case2]" time="119.332" /><testcase classname="test_build.TestBuild" name="test_various_mtd_combinations[multiple_mtdids_and_selected_one-test_case3]" time="120.037" /><testcase classname="test_build.TestBuild" name="test_various_mtd_combinations[multiple_mtdparts-test_case4]" time="129.143" /><testcase classname="test_build.TestBuild" name="test_boot_partition_population" time="0.003"><skipped message="no supported filesystem in vexpress-nor, mender, mender.bmap, ubimg, mtdimg, ubimg.bmap, ubifs (supports sdimg, uefiimg)" type="pytest.skip">/builds/Northern.tech/Mender/meta-mender/tests/acceptance/image-tests/tests/utils/fixtures/fixtures.py:595: no supported filesystem in vexpress-nor, mender, mender.bmap, ubimg, mtdimg, ubimg.bmap, ubifs (supports sdimg, uefiimg)</skipped></testcase><testcase classname="test_build.TestBuild" name="test_module_install" time="0.001"><skipped message="no supported filesystem in vexpress-nor, mender, mender.bmap, ubimg, mtdimg, ubimg.bmap, ubifs (supports sdimg, uefiimg)" type="pytest.skip">/builds/Northern.tech/Mender/meta-mender/tests/acceptance/image-tests/tests/utils/fixtures/fixtures.py:595: no supported filesystem in vexpress-nor, mender, mender.bmap, ubimg, mtdimg, ubimg.bmap, ubifs (supports sdimg, uefiimg)</skipped></testcase><testcase classname="test_build.TestBuild" name="test_correct_partition_types" time="0.022"><skipped message="no supported filesystem in vexpress-nor, mender, mender.bmap, ubimg, mtdimg, ubimg.bmap, ubifs (supports sdimg, uefiimg, gptimg, biosimg)" type="pytest.skip">/builds/Northern.tech/Mender/meta-mender/tests/acceptance/image-tests/tests/utils/fixtures/fixtures.py:595: no supported filesystem in vexpress-nor, mender, mender.bmap, ubimg, mtdimg, ubimg.bmap, ubifs (supports sdimg, uefiimg, gptimg, biosimg)</skipped></testcase><testcase classname="test_build.TestBuild" name="test_build_artifact_depends_and_provides[dependsprovides0]" time="124.074" /><testcase classname="test_build.TestBuild" name="test_build_artifact_depends_and_provides[dependsprovides1]" time="48.846" /><testcase classname="test_build.TestBuild" name="test_build_artifact_depends_and_provides[dependsprovides2]" time="48.212" /><testcase classname="test_build.TestBuild" name="test_build_artifact_depends_and_provides[dependsprovides3]" time="48.746" /><testcase classname="test_build.TestBuild" name="test_build_artifact_depends_and_provides[dependsprovides4]" time="47.166" /><testcase classname="test_build.TestBuild" name="test_extra_parts" time="0.002"><skipped message="no supported filesystem in vexpress-nor, mender, mender.bmap, ubimg, mtdimg, ubimg.bmap, ubifs (supports sdimg, uefiimg, gptimg, biosimg)" type="pytest.skip">/builds/Northern.tech/Mender/meta-mender/tests/acceptance/image-tests/tests/utils/fixtures/fixtures.py:595: no supported filesystem in vexpress-nor, mender, mender.bmap, ubimg, mtdimg, ubimg.bmap, ubifs (supports sdimg, uefiimg, gptimg, biosimg)</skipped></testcase><testcase classname="test_build.TestBuild" name="test_build_nodbus" time="71.769" /><testcase classname="test_build.TestBuild" name="test_mender_inventory_network_scripts" time="0.002"><skipped message="no supported filesystem in vexpress-nor, mender, mender.bmap, ubimg, mtdimg, ubimg.bmap, ubifs (supports ext4)" type="pytest.skip">/builds/Northern.tech/Mender/meta-mender/tests/acceptance/image-tests/tests/utils/fixtures/fixtures.py:595: no supported filesystem in vexpress-nor, mender, mender.bmap, ubimg, mtdimg, ubimg.bmap, ubifs (supports ext4)</skipped></testcase><testcase classname="test_build.TestBuild" name="test_mender_dbus_interface_file" time="171.234" /><testcase classname="test_dataimg.TestDataImg" name="test_dataimg_creation" time="57.633" /><testcase classname="test_dbus.TestDBus" name="test_dbus_system_configuration_file" time="177.062"><skipped message="incompatible machine vexpress-qemu-flash" type="pytest.skip">/builds/Northern.tech/Mender/meta-mender/tests/acceptance/image-tests/tests/utils/fixtures/fixtures.py:572: incompatible machine vexpress-qemu-flash</skipped></testcase><testcase classname="test_dbus.TestDBus" name="test_dbus_non_root_access" time="0.001"><skipped message="incompatible machine vexpress-qemu-flash" type="pytest.skip">/builds/Northern.tech/Mender/meta-mender/tests/acceptance/image-tests/tests/utils/fixtures/fixtures.py:572: incompatible machine vexpress-qemu-flash</skipped></testcase><testcase classname="test_dbus.TestDBus" name="test_dbus_get_jwt_token" time="0.001"><skipped message="incompatible machine vexpress-qemu-flash" type="pytest.skip">/builds/Northern.tech/Mender/meta-mender/tests/acceptance/image-tests/tests/utils/fixtures/fixtures.py:572: incompatible machine vexpress-qemu-flash</skipped></testcase><testcase classname="test_dbus.TestDBus" name="test_dbus_fetch_jwt_token" time="0.003"><skipped message="incompatible machine vexpress-qemu-flash" type="pytest.skip">/builds/Northern.tech/Mender/meta-mender/tests/acceptance/image-tests/tests/utils/fixtures/fixtures.py:572: incompatible machine vexpress-qemu-flash</skipped></testcase><testcase classname="test_inventory.TestInventory" name="test_rootfs_type" time="1.068" /><testcase classname="test_inventory.TestInventory" name="test_bootloader_integration" time="0.577" /><testcase classname="test_inventory.TestInventory" name="test_inventory_os" time="17.485" /><testcase classname="test_mender-artifact.TestMenderArtifact" name="test_order[2]" time="113.786" /><testcase classname="test_mender-artifact.TestMenderArtifact" name="test_order[3]" time="29.210" /><testcase classname="test_mender-artifact.TestMenderArtifact" name="test_files_list_integrity[2]" time="29.120" /><testcase classname="test_mender-artifact.TestMenderArtifact" name="test_files_list_integrity[3]" time="30.425" /><testcase classname="test_mender-artifact.TestMenderArtifact" name="test_files_checksum_integrity[2]" time="29.776" /><testcase classname="test_mender-artifact.TestMenderArtifact" name="test_files_checksum_integrity[3]" time="29.309" /><testcase classname="test_mender-artifact.TestMenderArtifact" name="test_artifacts_validation[2]" time="31.669" /><testcase classname="test_mender-artifact.TestMenderArtifact" name="test_artifacts_validation[3]" time="29.473" /><testcase classname="test_mender-artifact.TestMenderArtifact" name="test_artifacts_rootfs_size[2]" time="28.583" /><testcase classname="test_mender-artifact.TestMenderArtifact" name="test_artifacts_rootfs_size[3]" time="28.808" /><testcase classname="test_mender-connect.TestMenderConnect" name="test_mender_connect_auth_changes" time="1.594"><skipped message="incompatible machine vexpress-qemu-flash" type="pytest.skip">/builds/Northern.tech/Mender/meta-mender/tests/acceptance/image-tests/tests/utils/fixtures/fixtures.py:572: incompatible machine vexpress-qemu-flash</skipped></testcase><testcase classname="test_mender-connect.TestMenderConnect" name="test_mender_connect_reconnect" time="0.264"><skipped message="incompatible machine vexpress-qemu-flash" type="pytest.skip">/builds/Northern.tech/Mender/meta-mender/tests/acceptance/image-tests/tests/utils/fixtures/fixtures.py:572: incompatible machine vexpress-qemu-flash</skipped></testcase><testcase classname="test_os_integration.TestOsIntegration" name="test_syslogger" time="136.234" /><testcase classname="test_snapshot.TestSnapshot" name="test_basic_snapshot[compression0]" time="0.002"><skipped message="no supported filesystem in vexpress-nor, mender, mender.bmap, ubimg, mtdimg, ubimg.bmap, ubifs (supports uefiimg, sdimg, biosimg, gptimg)" type="pytest.skip">/builds/Northern.tech/Mender/meta-mender/tests/acceptance/image-tests/tests/utils/fixtures/fixtures.py:595: no supported filesystem in vexpress-nor, mender, mender.bmap, ubimg, mtdimg, ubimg.bmap, ubifs (supports uefiimg, sdimg, biosimg, gptimg)</skipped></testcase><testcase classname="test_snapshot.TestSnapshot" name="test_basic_snapshot[compression1]" time="0.002"><skipped message="no supported filesystem in vexpress-nor, mender, mender.bmap, ubimg, mtdimg, ubimg.bmap, ubifs (supports uefiimg, sdimg, biosimg, gptimg)" type="pytest.skip">/builds/Northern.tech/Mender/meta-mender/tests/acceptance/image-tests/tests/utils/fixtures/fixtures.py:595: no supported filesystem in vexpress-nor, mender, mender.bmap, ubimg, mtdimg, ubimg.bmap, ubifs (supports uefiimg, sdimg, biosimg, gptimg)</skipped></testcase><testcase classname="test_snapshot.TestSnapshot" name="test_snapshot_device_file" time="0.001"><skipped message="no supported filesystem in vexpress-nor, mender, mender.bmap, ubimg, mtdimg, ubimg.bmap, ubifs (supports uefiimg, sdimg, biosimg, gptimg)" type="pytest.skip">/builds/Northern.tech/Mender/meta-mender/tests/acceptance/image-tests/tests/utils/fixtures/fixtures.py:595: no supported filesystem in vexpress-nor, mender, mender.bmap, ubimg, mtdimg, ubimg.bmap, ubifs (supports uefiimg, sdimg, biosimg, gptimg)</skipped></testcase><testcase classname="test_snapshot.TestSnapshot" name="test_snapshot_inactive" time="0.001"><skipped message="no supported filesystem in vexpress-nor, mender, mender.bmap, ubimg, mtdimg, ubimg.bmap, ubifs (supports uefiimg, sdimg, biosimg, gptimg)" type="pytest.skip">/builds/Northern.tech/Mender/meta-mender/tests/acceptance/image-tests/tests/utils/fixtures/fixtures.py:595: no supported filesystem in vexpress-nor, mender, mender.bmap, ubimg, mtdimg, ubimg.bmap, ubifs (supports uefiimg, sdimg, biosimg, gptimg)</skipped></testcase><testcase classname="test_snapshot.TestSnapshot" name="test_snapshot_avoid_deadlock" time="0.001"><skipped message="no supported filesystem in vexpress-nor, mender, mender.bmap, ubimg, mtdimg, ubimg.bmap, ubifs (supports uefiimg, sdimg, biosimg, gptimg)" type="pytest.skip">/builds/Northern.tech/Mender/meta-mender/tests/acceptance/image-tests/tests/utils/fixtures/fixtures.py:595: no supported filesystem in vexpress-nor, mender, mender.bmap, ubimg, mtdimg, ubimg.bmap, ubifs (supports uefiimg, sdimg, biosimg, gptimg)</skipped></testcase><testcase classname="test_snapshot.TestSnapshot" name="test_snapshot_using_mender_artifact[]" time="0.002"><skipped message="no supported filesystem in vexpress-nor, mender, mender.bmap, ubimg, mtdimg, ubimg.bmap, ubifs (supports uefiimg, sdimg, biosimg, gptimg)" type="pytest.skip">/builds/Northern.tech/Mender/meta-mender/tests/acceptance/image-tests/tests/utils/fixtures/fixtures.py:595: no supported filesystem in vexpress-nor, mender, mender.bmap, ubimg, mtdimg, ubimg.bmap, ubifs (supports uefiimg, sdimg, biosimg, gptimg)</skipped></testcase><testcase classname="test_snapshot.TestSnapshot" name="test_snapshot_using_mender_artifact[screen -D -m -L -Logfile screen.log.tmp]" time="0.001"><skipped message="no supported filesystem in vexpress-nor, mender, mender.bmap, ubimg, mtdimg, ubimg.bmap, ubifs (supports uefiimg, sdimg, biosimg, gptimg)" type="pytest.skip">/builds/Northern.tech/Mender/meta-mender/tests/acceptance/image-tests/tests/utils/fixtures/fixtures.py:595: no supported filesystem in vexpress-nor, mender, mender.bmap, ubimg, mtdimg, ubimg.bmap, ubifs (supports uefiimg, sdimg, biosimg, gptimg)</skipped></testcase><testcase classname="test_snapshot.TestSnapshot" name="test_snapshot_using_mender_artifact_no_sudo[]" time="0.002"><skipped message="no supported filesystem in vexpress-nor, mender, mender.bmap, ubimg, mtdimg, ubimg.bmap, ubifs (supports uefiimg, sdimg, biosimg, gptimg)" type="pytest.skip">/builds/Northern.tech/Mender/meta-mender/tests/acceptance/image-tests/tests/utils/fixtures/fixtures.py:595: no supported filesystem in vexpress-nor, mender, mender.bmap, ubimg, mtdimg, ubimg.bmap, ubifs (supports uefiimg, sdimg, biosimg, gptimg)</skipped></testcase><testcase classname="test_snapshot.TestSnapshot" name="test_snapshot_using_mender_artifact_no_sudo[screen -D -m -L -Logfile screen.log.tmp]" time="0.001"><skipped message="no supported filesystem in vexpress-nor, mender, mender.bmap, ubimg, mtdimg, ubimg.bmap, ubifs (supports uefiimg, sdimg, biosimg, gptimg)" type="pytest.skip">/builds/Northern.tech/Mender/meta-mender/tests/acceptance/image-tests/tests/utils/fixtures/fixtures.py:595: no supported filesystem in vexpress-nor, mender, mender.bmap, ubimg, mtdimg, ubimg.bmap, ubifs (supports uefiimg, sdimg, biosimg, gptimg)</skipped></testcase><testcase classname="test_ubimg.TestUbimg" name="test_total_size" time="49.308"><error message="failed on setup with &quot;subprocess.CalledProcessError: Command 'cd /builds/Northern.tech/Mender &amp;&amp; . oe-init-build-env /builds/Northern.tech/Mender/build-vexpress-qemu-flash/test-build-konq_f3u &amp;&amp; bitbake core-image-minimal' returned non-zero exit status 1.&quot;">request = &lt;SubRequest 'ubimg_without_uboot_env' for &lt;Function test_total_size&gt;&gt;
latest_ubimg = '/builds/Northern.tech/Mender/build-vexpress-qemu-flash/tmp/deploy/images/vexpress-qemu-flash/core-image-minimal-vexpress-qemu-flash.ubimg'
prepared_test_build = {'bitbake_corebase': '/builds/Northern.tech/Mender', 'build_dir': '/builds/Northern.tech/Mender/build-vexpress-qemu-flash/test-build-konq_f3u'}
bitbake_image = 'core-image-minimal'

    @pytest.fixture(scope="function")
    def ubimg_without_uboot_env(request, latest_ubimg, prepared_test_build, bitbake_image):
        """The ubireader_utils_info tool and friends don't support our UBI volumes
        that contain the U-Boot environment and hence not valid UBIFS structures.
        Therefore, make a new temporary image that doesn't contain U-Boot."""
    
        # The tests are marked with "only_with_image('ubimg')", but that is checked
        # using a function fixture, and this is a session fixture, which cannot
        # depend on that. So we need this check here to bail out if we don't find a
        # ubimg.
        if not latest_ubimg:
            pytest.skip("No ubimg found")
    
        reset_build_conf(prepared_test_build["build_dir"])
        build_image(
            prepared_test_build["build_dir"],
            prepared_test_build["bitbake_corebase"],
            bitbake_image,
&gt;           ['MENDER_FEATURES_DISABLE_append = " mender-uboot"'],
        )

test_ubimg.py:177: 
_ _ _ _ _ _ _ _ _ _ _ _ _ _ _ _ _ _ _ _ _ _ _ _ _ _ _ _ _ _ _ _ _ _ _ _ _ _ _ _ 
image-tests/tests/utils/common/common.py:403: in build_image
    _run_bitbake(bitbake_image, init_env_cmd, capture)
_ _ _ _ _ _ _ _ _ _ _ _ _ _ _ _ _ _ _ _ _ _ _ _ _ _ _ _ _ _ _ _ _ _ _ _ _ _ _ _ 

target = 'core-image-minimal'
env_setup_cmd = 'cd /builds/Northern.tech/Mender &amp;&amp; . oe-init-build-env /builds/Northern.tech/Mender/build-vexpress-qemu-flash/test-build-konq_f3u'
capture = False

    def _run_bitbake(target, env_setup_cmd, capture=False):
        cmd = "%s &amp;&amp; bitbake %s" % (env_setup_cmd, target)
        ps = run_verbose(cmd, capture=subprocess.PIPE)
        output = ""
        try:
            # Cannot use for loop here due to buffering and iterators.
            while True:
                line = ps.stdout.readline().decode()
                if not line:
                    break
    
                if line.find("is not a recognized MENDER_ variable") &gt;= 0:
                    pytest.fail(
                        "Found variable which is not in mender-vars.json: %s" % line.strip()
                    )
    
                if capture:
                    output += line
                else:
                    sys.stdout.write(line)
        finally:
            # Empty any remaining lines.
            try:
                if capture:
                    output += ps.stdout.readlines().decode()
                else:
                    ps.stdout.readlines()
            except:
                pass
            ps.wait()
            if ps.returncode != 0:
                e = subprocess.CalledProcessError(ps.returncode, cmd)
                if capture:
                    e.output = output
&gt;               raise e
E               subprocess.CalledProcessError: Command 'cd /builds/Northern.tech/Mender &amp;&amp; . oe-init-build-env /builds/Northern.tech/Mender/build-vexpress-qemu-flash/test-build-konq_f3u &amp;&amp; bitbake core-image-minimal' returned non-zero exit status 1.

image-tests/tests/utils/common/common.py:440: CalledProcessError</error></testcase><testcase classname="test_ubimg.TestUbimg" name="test_volumes" time="21.144"><error message="failed on setup with &quot;subprocess.CalledProcessError: Command 'cd /builds/Northern.tech/Mender &amp;&amp; . oe-init-build-env /builds/Northern.tech/Mender/build-vexpress-qemu-flash/test-build-konq_f3u &amp;&amp; bitbake core-image-minimal' returned non-zero exit status 1.&quot;">request = &lt;SubRequest 'ubimg_without_uboot_env' for &lt;Function test_volumes&gt;&gt;
latest_ubimg = '/builds/Northern.tech/Mender/build-vexpress-qemu-flash/tmp/deploy/images/vexpress-qemu-flash/core-image-minimal-vexpress-qemu-flash.ubimg'
prepared_test_build = {'bitbake_corebase': '/builds/Northern.tech/Mender', 'build_dir': '/builds/Northern.tech/Mender/build-vexpress-qemu-flash/test-build-konq_f3u'}
bitbake_image = 'core-image-minimal'

    @pytest.fixture(scope="function")
    def ubimg_without_uboot_env(request, latest_ubimg, prepared_test_build, bitbake_image):
        """The ubireader_utils_info tool and friends don't support our UBI volumes
        that contain the U-Boot environment and hence not valid UBIFS structures.
        Therefore, make a new temporary image that doesn't contain U-Boot."""
    
        # The tests are marked with "only_with_image('ubimg')", but that is checked
        # using a function fixture, and this is a session fixture, which cannot
        # depend on that. So we need this check here to bail out if we don't find a
        # ubimg.
        if not latest_ubimg:
            pytest.skip("No ubimg found")
    
        reset_build_conf(prepared_test_build["build_dir"])
        build_image(
            prepared_test_build["build_dir"],
            prepared_test_build["bitbake_corebase"],
            bitbake_image,
&gt;           ['MENDER_FEATURES_DISABLE_append = " mender-uboot"'],
        )

test_ubimg.py:177: 
_ _ _ _ _ _ _ _ _ _ _ _ _ _ _ _ _ _ _ _ _ _ _ _ _ _ _ _ _ _ _ _ _ _ _ _ _ _ _ _ 
image-tests/tests/utils/common/common.py:403: in build_image
    _run_bitbake(bitbake_image, init_env_cmd, capture)
_ _ _ _ _ _ _ _ _ _ _ _ _ _ _ _ _ _ _ _ _ _ _ _ _ _ _ _ _ _ _ _ _ _ _ _ _ _ _ _ 

target = 'core-image-minimal'
env_setup_cmd = 'cd /builds/Northern.tech/Mender &amp;&amp; . oe-init-build-env /builds/Northern.tech/Mender/build-vexpress-qemu-flash/test-build-konq_f3u'
capture = False

    def _run_bitbake(target, env_setup_cmd, capture=False):
        cmd = "%s &amp;&amp; bitbake %s" % (env_setup_cmd, target)
        ps = run_verbose(cmd, capture=subprocess.PIPE)
        output = ""
        try:
            # Cannot use for loop here due to buffering and iterators.
            while True:
                line = ps.stdout.readline().decode()
                if not line:
                    break
    
                if line.find("is not a recognized MENDER_ variable") &gt;= 0:
                    pytest.fail(
                        "Found variable which is not in mender-vars.json: %s" % line.strip()
                    )
    
                if capture:
                    output += line
                else:
                    sys.stdout.write(line)
        finally:
            # Empty any remaining lines.
            try:
                if capture:
                    output += ps.stdout.readlines().decode()
                else:
                    ps.stdout.readlines()
            except:
                pass
            ps.wait()
            if ps.returncode != 0:
                e = subprocess.CalledProcessError(ps.returncode, cmd)
                if capture:
                    e.output = output
&gt;               raise e
E               subprocess.CalledProcessError: Command 'cd /builds/Northern.tech/Mender &amp;&amp; . oe-init-build-env /builds/Northern.tech/Mender/build-vexpress-qemu-flash/test-build-konq_f3u &amp;&amp; bitbake core-image-minimal' returned non-zero exit status 1.

image-tests/tests/utils/common/common.py:440: CalledProcessError</error></testcase><testcase classname="test_ubimg.TestUbimg" name="test_volume_contents" time="18.923"><error message="failed on setup with &quot;subprocess.CalledProcessError: Command 'cd /builds/Northern.tech/Mender &amp;&amp; . oe-init-build-env /builds/Northern.tech/Mender/build-vexpress-qemu-flash/test-build-konq_f3u &amp;&amp; bitbake core-image-minimal' returned non-zero exit status 1.&quot;">request = &lt;SubRequest 'ubimg_without_uboot_env' for &lt;Function test_volume_contents&gt;&gt;
latest_ubimg = '/builds/Northern.tech/Mender/build-vexpress-qemu-flash/tmp/deploy/images/vexpress-qemu-flash/core-image-minimal-vexpress-qemu-flash.ubimg'
prepared_test_build = {'bitbake_corebase': '/builds/Northern.tech/Mender', 'build_dir': '/builds/Northern.tech/Mender/build-vexpress-qemu-flash/test-build-konq_f3u'}
bitbake_image = 'core-image-minimal'

    @pytest.fixture(scope="function")
    def ubimg_without_uboot_env(request, latest_ubimg, prepared_test_build, bitbake_image):
        """The ubireader_utils_info tool and friends don't support our UBI volumes
        that contain the U-Boot environment and hence not valid UBIFS structures.
        Therefore, make a new temporary image that doesn't contain U-Boot."""
    
        # The tests are marked with "only_with_image('ubimg')", but that is checked
        # using a function fixture, and this is a session fixture, which cannot
        # depend on that. So we need this check here to bail out if we don't find a
        # ubimg.
        if not latest_ubimg:
            pytest.skip("No ubimg found")
    
        reset_build_conf(prepared_test_build["build_dir"])
        build_image(
            prepared_test_build["build_dir"],
            prepared_test_build["bitbake_corebase"],
            bitbake_image,
&gt;           ['MENDER_FEATURES_DISABLE_append = " mender-uboot"'],
        )

test_ubimg.py:177: 
_ _ _ _ _ _ _ _ _ _ _ _ _ _ _ _ _ _ _ _ _ _ _ _ _ _ _ _ _ _ _ _ _ _ _ _ _ _ _ _ 
image-tests/tests/utils/common/common.py:403: in build_image
    _run_bitbake(bitbake_image, init_env_cmd, capture)
_ _ _ _ _ _ _ _ _ _ _ _ _ _ _ _ _ _ _ _ _ _ _ _ _ _ _ _ _ _ _ _ _ _ _ _ _ _ _ _ 

target = 'core-image-minimal'
env_setup_cmd = 'cd /builds/Northern.tech/Mender &amp;&amp; . oe-init-build-env /builds/Northern.tech/Mender/build-vexpress-qemu-flash/test-build-konq_f3u'
capture = False

    def _run_bitbake(target, env_setup_cmd, capture=False):
        cmd = "%s &amp;&amp; bitbake %s" % (env_setup_cmd, target)
        ps = run_verbose(cmd, capture=subprocess.PIPE)
        output = ""
        try:
            # Cannot use for loop here due to buffering and iterators.
            while True:
                line = ps.stdout.readline().decode()
                if not line:
                    break
    
                if line.find("is not a recognized MENDER_ variable") &gt;= 0:
                    pytest.fail(
                        "Found variable which is not in mender-vars.json: %s" % line.strip()
                    )
    
                if capture:
                    output += line
                else:
                    sys.stdout.write(line)
        finally:
            # Empty any remaining lines.
            try:
                if capture:
                    output += ps.stdout.readlines().decode()
                else:
                    ps.stdout.readlines()
            except:
                pass
            ps.wait()
            if ps.returncode != 0:
                e = subprocess.CalledProcessError(ps.returncode, cmd)
                if capture:
                    e.output = output
&gt;               raise e
E               subprocess.CalledProcessError: Command 'cd /builds/Northern.tech/Mender &amp;&amp; . oe-init-build-env /builds/Northern.tech/Mender/build-vexpress-qemu-flash/test-build-konq_f3u &amp;&amp; bitbake core-image-minimal' returned non-zero exit status 1.

image-tests/tests/utils/common/common.py:440: CalledProcessError</error></testcase><testcase classname="test_ubimg.TestUbimg" name="test_equal_checksum_ubimg_and_artifact" time="20.058"><failure message="subprocess.CalledProcessError: Command 'cd /builds/Northern.tech/Mender &amp;&amp; . oe-init-build-env /builds/Northern.tech/Mender/build-vexpress-qemu-flash/test-build-konq_f3u &amp;&amp; bitbake core-image-minimal' returned non-zero exit status 1.">self = &lt;test_ubimg.TestUbimg object at 0x7fe140e14cc0&gt;
request = &lt;FixtureRequest for &lt;Function test_equal_checksum_ubimg_and_artifact&gt;&gt;
prepared_test_build = {'bitbake_corebase': '/builds/Northern.tech/Mender', 'build_dir': '/builds/Northern.tech/Mender/build-vexpress-qemu-flash/test-build-konq_f3u'}
bitbake_image = 'core-image-minimal'

    @pytest.mark.min_yocto_version("warrior")
    def test_equal_checksum_ubimg_and_artifact(
        self, request, prepared_test_build, bitbake_image
    ):
    
        # See ubimg_without_uboot_env() for why this is needed. We need to do it
        # explicitly here because we need both the artifact and the ubimg.
    
        build_image(
            prepared_test_build["build_dir"],
            prepared_test_build["bitbake_corebase"],
            bitbake_image,
&gt;           ['MENDER_FEATURES_DISABLE_append = " mender-uboot"'],
        )

test_ubimg.py:271: 
_ _ _ _ _ _ _ _ _ _ _ _ _ _ _ _ _ _ _ _ _ _ _ _ _ _ _ _ _ _ _ _ _ _ _ _ _ _ _ _ 
image-tests/tests/utils/common/common.py:403: in build_image
    _run_bitbake(bitbake_image, init_env_cmd, capture)
_ _ _ _ _ _ _ _ _ _ _ _ _ _ _ _ _ _ _ _ _ _ _ _ _ _ _ _ _ _ _ _ _ _ _ _ _ _ _ _ 

target = 'core-image-minimal'
env_setup_cmd = 'cd /builds/Northern.tech/Mender &amp;&amp; . oe-init-build-env /builds/Northern.tech/Mender/build-vexpress-qemu-flash/test-build-konq_f3u'
capture = False

    def _run_bitbake(target, env_setup_cmd, capture=False):
        cmd = "%s &amp;&amp; bitbake %s" % (env_setup_cmd, target)
        ps = run_verbose(cmd, capture=subprocess.PIPE)
        output = ""
        try:
            # Cannot use for loop here due to buffering and iterators.
            while True:
                line = ps.stdout.readline().decode()
                if not line:
                    break
    
                if line.find("is not a recognized MENDER_ variable") &gt;= 0:
                    pytest.fail(
                        "Found variable which is not in mender-vars.json: %s" % line.strip()
                    )
    
                if capture:
                    output += line
                else:
                    sys.stdout.write(line)
        finally:
            # Empty any remaining lines.
            try:
                if capture:
                    output += ps.stdout.readlines().decode()
                else:
                    ps.stdout.readlines()
            except:
                pass
            ps.wait()
            if ps.returncode != 0:
                e = subprocess.CalledProcessError(ps.returncode, cmd)
                if capture:
                    e.output = output
&gt;               raise e
E               subprocess.CalledProcessError: Command 'cd /builds/Northern.tech/Mender &amp;&amp; . oe-init-build-env /builds/Northern.tech/Mender/build-vexpress-qemu-flash/test-build-konq_f3u &amp;&amp; bitbake core-image-minimal' returned non-zero exit status 1.

image-tests/tests/utils/common/common.py:440: CalledProcessError</failure></testcase><testcase classname="test_uboot_automation.TestUbootAutomation" name="test_uboot_compile" time="8.834"><skipped message="Skipping test_uboot_compile because u-boot commits are old and already upstream." type="pytest.skip">/builds/Northern.tech/Mender/meta-mender/tests/acceptance/test_uboot_automation.py:195: Skipping test_uboot_compile because u-boot commits are old and already upstream.</skipped></testcase><testcase classname="test_uboot_automation.TestUbootAutomation" name="test_older_uboot_build" time="0.002"><skipped message="no supported filesystem in vexpress-nor, mender, mender.bmap, ubimg, mtdimg, ubimg.bmap, ubifs (supports sdimg)" type="pytest.skip">/builds/Northern.tech/Mender/meta-mender/tests/acceptance/image-tests/tests/utils/fixtures/fixtures.py:595: no supported filesystem in vexpress-nor, mender, mender.bmap, ubimg, mtdimg, ubimg.bmap, ubifs (supports sdimg)</skipped></testcase><testcase classname="test_uboot_automation.TestUbootAutomation" name="test_save_mender_auto_configured_patch" time="171.804" /><testcase classname="test_uboot_automation.TestUbootAutomation" name="test_incorrect_Kconfig_setting" time="123.707" /><testcase classname="test_update_control.TestUpdateControl" name="test_update_control_maps[Empty map-case0]" time="0.150"><skipped message="Mock server is not available on vexpress-qemu due to space constraints." type="pytest.skip">/builds/Northern.tech/Mender/meta-mender/tests/acceptance/mock_server.py:52: Mock server is not available on vexpress-qemu due to space constraints.</skipped></testcase><testcase classname="test_update_control.TestUpdateControl" name="test_update_control_maps[Fail in ArtifactInstall_Enter-case1]" time="0.123"><skipped message="Mock server is not available on vexpress-qemu due to space constraints." type="pytest.skip">/builds/Northern.tech/Mender/meta-mender/tests/acceptance/mock_server.py:52: Mock server is not available on vexpress-qemu due to space constraints.</skipped></testcase><testcase classname="test_update_control.TestUpdateControl" name="test_update_control_maps[Fail in ArtifactReboot_Enter-case2]" time="0.237"><skipped message="Mock server is not available on vexpress-qemu due to space constraints." type="pytest.skip">/builds/Northern.tech/Mender/meta-mender/tests/acceptance/mock_server.py:52: Mock server is not available on vexpress-qemu due to space constraints.</skipped></testcase><testcase classname="test_update_control.TestUpdateControl" name="test_update_control_maps[Fail in ArtifactCommit_Enter-case3]" time="0.168"><skipped message="Mock server is not available on vexpress-qemu due to space constraints." type="pytest.skip">/builds/Northern.tech/Mender/meta-mender/tests/acceptance/mock_server.py:52: Mock server is not available on vexpress-qemu due to space constraints.</skipped></testcase><testcase classname="test_update_control.TestUpdateControl" name="test_update_control_maps[Pause in ArtifactInstall_Enter-case4]" time="0.174"><skipped message="Mock server is not available on vexpress-qemu due to space constraints." type="pytest.skip">/builds/Northern.tech/Mender/meta-mender/tests/acceptance/mock_server.py:52: Mock server is not available on vexpress-qemu due to space constraints.</skipped></testcase><testcase classname="test_update_control.TestUpdateControl" name="test_update_control_maps[Pause in ArtifactReboot_Enter-case5]" time="0.123"><skipped message="Mock server is not available on vexpress-qemu due to space constraints." type="pytest.skip">/builds/Northern.tech/Mender/meta-mender/tests/acceptance/mock_server.py:52: Mock server is not available on vexpress-qemu due to space constraints.</skipped></testcase><testcase classname="test_update_control.TestUpdateControl" name="test_update_control_maps[Pause in ArtifactCommit_Enter-case6]" time="0.132"><skipped message="Mock server is not available on vexpress-qemu due to space constraints." type="pytest.skip">/builds/Northern.tech/Mender/meta-mender/tests/acceptance/mock_server.py:52: Mock server is not available on vexpress-qemu due to space constraints.</skipped></testcase><testcase classname="test_update_control.TestUpdateControl" name="test_update_control_maps[Expire in ArtifactInstall_Enter-case7]" time="0.112"><skipped message="Mock server is not available on vexpress-qemu due to space constraints." type="pytest.skip">/builds/Northern.tech/Mender/meta-mender/tests/acceptance/mock_server.py:52: Mock server is not available on vexpress-qemu due to space constraints.</skipped></testcase><testcase classname="test_update_control.TestUpdateControl" name="test_update_control_maps[Reboot and expire in ArtifactInstall_Enter-case8]" time="0.112"><skipped message="Mock server is not available on vexpress-qemu due to space constraints." type="pytest.skip">/builds/Northern.tech/Mender/meta-mender/tests/acceptance/mock_server.py:52: Mock server is not available on vexpress-qemu due to space constraints.</skipped></testcase><testcase classname="test_update_control.TestUpdateControl" name="test_update_control_maps[Continue, then fail in ArtifactInstall_Enter-case9]" time="0.122"><skipped message="Mock server is not available on vexpress-qemu due to space constraints." type="pytest.skip">/builds/Northern.tech/Mender/meta-mender/tests/acceptance/mock_server.py:52: Mock server is not available on vexpress-qemu due to space constraints.</skipped></testcase><testcase classname="test_update_control.TestUpdateControl" name="test_update_control_maps[continue with higher priority-case10]" time="0.122"><skipped message="Mock server is not available on vexpress-qemu due to space constraints." type="pytest.skip">/builds/Northern.tech/Mender/meta-mender/tests/acceptance/mock_server.py:52: Mock server is not available on vexpress-qemu due to space constraints.</skipped></testcase><testcase classname="test_update_control.TestUpdateControl" name="test_update_control_maps[force_continue with higher priority-case11]" time="0.111"><skipped message="Mock server is not available on vexpress-qemu due to space constraints." type="pytest.skip">/builds/Northern.tech/Mender/meta-mender/tests/acceptance/mock_server.py:52: Mock server is not available on vexpress-qemu due to space constraints.</skipped></testcase><testcase classname="test_update_control.TestUpdateControl" name="test_update_control_maps[force_continue with lower priority-case12]" time="0.132"><skipped message="Mock server is not available on vexpress-qemu due to space constraints." type="pytest.skip">/builds/Northern.tech/Mender/meta-mender/tests/acceptance/mock_server.py:52: Mock server is not available on vexpress-qemu due to space constraints.</skipped></testcase><testcase classname="test_update_control.TestUpdateControl" name="test_update_control_maps[Expired and purged map-case13]" time="0.112"><skipped message="Mock server is not available on vexpress-qemu due to space constraints." type="pytest.skip">/builds/Northern.tech/Mender/meta-mender/tests/acceptance/mock_server.py:52: Mock server is not available on vexpress-qemu due to space constraints.</skipped></testcase><testcase classname="test_update_control.TestUpdateControl" name="test_invalid_update_control_map" time="0.194"><skipped message="Mock server is not available on vexpress-qemu due to space constraints." type="pytest.skip">/builds/Northern.tech/Mender/meta-mender/tests/acceptance/mock_server.py:52: Mock server is not available on vexpress-qemu due to space constraints.</skipped></testcase><testcase classname="test_update_control.TestUpdateControl" name="test_update_control_map_cleanup[Cleanup after success-case0]" time="0.186"><skipped message="Mock server is not available on vexpress-qemu due to space constraints." type="pytest.skip">/builds/Northern.tech/Mender/meta-mender/tests/acceptance/mock_server.py:52: Mock server is not available on vexpress-qemu due to space constraints.</skipped></testcase><testcase classname="test_update_control.TestUpdateControl" name="test_update_control_map_cleanup[Cleanup after failure-case1]" time="0.133"><skipped message="Mock server is not available on vexpress-qemu due to space constraints." type="pytest.skip">/builds/Northern.tech/Mender/meta-mender/tests/acceptance/mock_server.py:52: Mock server is not available on vexpress-qemu due to space constraints.</skipped></testcase><testcase classname="test_update_control.TestUpdateControl" name="test_many_state_transitions_with_update_control" time="0.121"><skipped message="Mock server is not available on vexpress-qemu due to space constraints." type="pytest.skip">/builds/Northern.tech/Mender/meta-mender/tests/acceptance/mock_server.py:52: Mock server is not available on vexpress-qemu due to space constraints.</skipped></testcase><testcase classname="commercial.test_delta_update_module.TestDeltaUpdateModule" name="test_build_and_run_module" time="0.002"><skipped message="no supported filesystem in vexpress-nor, mender, mender.bmap, ubimg, mtdimg, ubimg.bmap, ubifs (supports ext4)" type="pytest.skip">/builds/Northern.tech/Mender/meta-mender/tests/acceptance/image-tests/tests/utils/fixtures/fixtures.py:595: no supported filesystem in vexpress-nor, mender, mender.bmap, ubimg, mtdimg, ubimg.bmap, ubifs (supports ext4)</skipped></testcase><testcase classname="commercial.test_delta_update_module.TestDeltaUpdateModule" name="test_runtime_checksum" time="0.002"><skipped message="no supported filesystem in vexpress-nor, mender, mender.bmap, ubimg, mtdimg, ubimg.bmap, ubifs (supports ext4)" type="pytest.skip">/builds/Northern.tech/Mender/meta-mender/tests/acceptance/image-tests/tests/utils/fixtures/fixtures.py:595: no supported filesystem in vexpress-nor, mender, mender.bmap, ubimg, mtdimg, ubimg.bmap, ubifs (supports ext4)</skipped></testcase><testcase classname="commercial.test_delta_update_module.TestDeltaUpdateModule" name="test_perform_update" time="0.002"><skipped message="no supported filesystem in vexpress-nor, mender, mender.bmap, ubimg, mtdimg, ubimg.bmap, ubifs (supports ext4)" type="pytest.skip">/builds/Northern.tech/Mender/meta-mender/tests/acceptance/image-tests/tests/utils/fixtures/fixtures.py:595: no supported filesystem in vexpress-nor, mender, mender.bmap, ubimg, mtdimg, ubimg.bmap, ubifs (supports ext4)</skipped></testcase><testcase classname="commercial.test_mender_gateway.TestMenderGateway" name="test_build_mender_gateway" time="0.001"><skipped message="no supported filesystem in vexpress-nor, mender, mender.bmap, ubimg, mtdimg, ubimg.bmap, ubifs (supports ext4)" type="pytest.skip">/builds/Northern.tech/Mender/meta-mender/tests/acceptance/image-tests/tests/utils/fixtures/fixtures.py:595: no supported filesystem in vexpress-nor, mender, mender.bmap, ubimg, mtdimg, ubimg.bmap, ubifs (supports ext4)</skipped></testcase><testcase classname="commercial.test_monitor_addon.TestMonitorAddon" name="test_build_addon" time="0.001"><skipped message="no supported filesystem in vexpress-nor, mender, mender.bmap, ubimg, mtdimg, ubimg.bmap, ubifs (supports ext4)" type="pytest.skip">/builds/Northern.tech/Mender/meta-mender/tests/acceptance/image-tests/tests/utils/fixtures/fixtures.py:595: no supported filesystem in vexpress-nor, mender, mender.bmap, ubimg, mtdimg, ubimg.bmap, ubifs (supports ext4)</skipped></testcase><testcase classname="image-tests.tests.test_part_image.TestMostPartitionImages" name="test_total_size" time="8.856"><skipped message="no supported filesystem in vexpress-nor, mender, mender.bmap, ubimg, mtdimg, ubimg.bmap, ubifs (supports sdimg, uefiimg)" type="pytest.skip">/builds/Northern.tech/Mender/meta-mender/tests/acceptance/image-tests/tests/utils/fixtures/fixtures.py:595: no supported filesystem in vexpress-nor, mender, mender.bmap, ubimg, mtdimg, ubimg.bmap, ubifs (supports sdimg, uefiimg)</skipped></testcase><testcase classname="image-tests.tests.test_part_image.TestMostPartitionImages" name="test_partition_alignment" time="18.074"><skipped message="no supported filesystem in vexpress-nor, mender, mender.bmap, ubimg, mtdimg, ubimg.bmap, ubifs (supports sdimg, uefiimg)" type="pytest.skip">/builds/Northern.tech/Mender/meta-mender/tests/acceptance/image-tests/tests/utils/fixtures/fixtures.py:595: no supported filesystem in vexpress-nor, mender, mender.bmap, ubimg, mtdimg, ubimg.bmap, ubifs (supports sdimg, uefiimg)</skipped></testcase><testcase classname="image-tests.tests.test_part_image.TestMostPartitionImages" name="test_device_type" time="0.001"><skipped message="no supported filesystem in vexpress-nor, mender, mender.bmap, ubimg, mtdimg, ubimg.bmap, ubifs (supports sdimg, uefiimg)" type="pytest.skip">/builds/Northern.tech/Mender/meta-mender/tests/acceptance/image-tests/tests/utils/fixtures/fixtures.py:595: no supported filesystem in vexpress-nor, mender, mender.bmap, ubimg, mtdimg, ubimg.bmap, ubifs (supports sdimg, uefiimg)</skipped></testcase><testcase classname="image-tests.tests.test_part_image.TestMostPartitionImages" name="test_data_ownership" time="0.001"><skipped message="no supported filesystem in vexpress-nor, mender, mender.bmap, ubimg, mtdimg, ubimg.bmap, ubifs (supports sdimg, uefiimg)" type="pytest.skip">/builds/Northern.tech/Mender/meta-mender/tests/acceptance/image-tests/tests/utils/fixtures/fixtures.py:595: no supported filesystem in vexpress-nor, mender, mender.bmap, ubimg, mtdimg, ubimg.bmap, ubifs (supports sdimg, uefiimg)</skipped></testcase><testcase classname="image-tests.tests.test_part_image.TestMostPartitionImages" name="test_fstab_correct" time="0.001"><skipped message="no supported filesystem in vexpress-nor, mender, mender.bmap, ubimg, mtdimg, ubimg.bmap, ubifs (supports sdimg, uefiimg)" type="pytest.skip">/builds/Northern.tech/Mender/meta-mender/tests/acceptance/image-tests/tests/utils/fixtures/fixtures.py:595: no supported filesystem in vexpress-nor, mender, mender.bmap, ubimg, mtdimg, ubimg.bmap, ubifs (supports sdimg, uefiimg)</skipped></testcase><testcase classname="image-tests.tests.test_part_image.TestMostPartitionImages" name="test_mender_grubenv" time="0.001"><skipped message="no supported filesystem in vexpress-nor, mender, mender.bmap, ubimg, mtdimg, ubimg.bmap, ubifs (supports sdimg, uefiimg)" type="pytest.skip">/builds/Northern.tech/Mender/meta-mender/tests/acceptance/image-tests/tests/utils/fixtures/fixtures.py:595: no supported filesystem in vexpress-nor, mender, mender.bmap, ubimg, mtdimg, ubimg.bmap, ubifs (supports sdimg, uefiimg)</skipped></testcase><testcase classname="image-tests.tests.test_part_image.TestMostPartitionImages" name="test_split_mender_conf" time="0.505"><skipped message="no supported filesystem in vexpress-nor, mender, mender.bmap, ubimg, mtdimg, ubimg.bmap, ubifs (supports sdimg, uefiimg)" type="pytest.skip">/builds/Northern.tech/Mender/meta-mender/tests/acceptance/image-tests/tests/utils/fixtures/fixtures.py:595: no supported filesystem in vexpress-nor, mender, mender.bmap, ubimg, mtdimg, ubimg.bmap, ubifs (supports sdimg, uefiimg)</skipped></testcase><testcase classname="image-tests.tests.test_part_image.TestMostPartitionImages" name="test_expected_data_dirs" time="0.001"><skipped message="no supported filesystem in vexpress-nor, mender, mender.bmap, ubimg, mtdimg, ubimg.bmap, ubifs (supports sdimg, uefiimg)" type="pytest.skip">/builds/Northern.tech/Mender/meta-mender/tests/acceptance/image-tests/tests/utils/fixtures/fixtures.py:595: no supported filesystem in vexpress-nor, mender, mender.bmap, ubimg, mtdimg, ubimg.bmap, ubifs (supports sdimg, uefiimg)</skipped></testcase><testcase classname="image-tests.tests.test_part_image.TestAllPartitionImages" name="test_equal_checksum_part_image_and_artifact" time="0.513"><skipped message="no supported filesystem in vexpress-nor, mender, mender.bmap, ubimg, mtdimg, ubimg.bmap, ubifs (supports sdimg, uefiimg, biosimg, gptimg)" type="pytest.skip">/builds/Northern.tech/Mender/meta-mender/tests/acceptance/image-tests/tests/utils/fixtures/fixtures.py:595: no supported filesystem in vexpress-nor, mender, mender.bmap, ubimg, mtdimg, ubimg.bmap, ubifs (supports sdimg, uefiimg, biosimg, gptimg)</skipped></testcase><testcase classname="image-tests.tests.test_rootfs.TestRootfs" name="test_expected_files_ext234" time="0.008"><skipped message="no supported filesystem in vexpress-nor, mender, mender.bmap, ubimg, mtdimg, ubimg.bmap, ubifs (supports ext4, ext3, ext2)" type="pytest.skip">/builds/Northern.tech/Mender/meta-mender/tests/acceptance/image-tests/tests/utils/fixtures/fixtures.py:595: no supported filesystem in vexpress-nor, mender, mender.bmap, ubimg, mtdimg, ubimg.bmap, ubifs (supports ext4, ext3, ext2)</skipped></testcase><testcase classname="image-tests.tests.test_rootfs.TestRootfs" name="test_expected_files_ext234_mender_connect" time="0.001"><skipped message="no supported filesystem in vexpress-nor, mender, mender.bmap, ubimg, mtdimg, ubimg.bmap, ubifs (supports ext4, ext3, ext2)" type="pytest.skip">/builds/Northern.tech/Mender/meta-mender/tests/acceptance/image-tests/tests/utils/fixtures/fixtures.py:595: no supported filesystem in vexpress-nor, mender, mender.bmap, ubimg, mtdimg, ubimg.bmap, ubifs (supports ext4, ext3, ext2)</skipped></testcase><testcase classname="image-tests.tests.test_rootfs.TestRootfs" name="test_expected_files_ext234_mender_configure" time="0.001"><skipped message="no supported filesystem in vexpress-nor, mender, mender.bmap, ubimg, mtdimg, ubimg.bmap, ubifs (supports ext4, ext3, ext2)" type="pytest.skip">/builds/Northern.tech/Mender/meta-mender/tests/acceptance/image-tests/tests/utils/fixtures/fixtures.py:595: no supported filesystem in vexpress-nor, mender, mender.bmap, ubimg, mtdimg, ubimg.bmap, ubifs (supports ext4, ext3, ext2)</skipped></testcase><testcase classname="image-tests.tests.test_rootfs.TestRootfs" name="test_expected_files_ext234_mender_monitor" time="0.001"><skipped message="no supported filesystem in vexpress-nor, mender, mender.bmap, ubimg, mtdimg, ubimg.bmap, ubifs (supports ext4, ext3, ext2)" type="pytest.skip">/builds/Northern.tech/Mender/meta-mender/tests/acceptance/image-tests/tests/utils/fixtures/fixtures.py:595: no supported filesystem in vexpress-nor, mender, mender.bmap, ubimg, mtdimg, ubimg.bmap, ubifs (supports ext4, ext3, ext2)</skipped></testcase><testcase classname="image-tests.tests.test_rootfs.TestRootfs" name="test_expected_files_ubifs" time="1.948" /><testcase classname="image-tests.tests.test_rootfs.TestRootfs" name="test_unconfigured_image" time="0.002"><skipped message="no supported distro feature in mender-testing-enabled, mender-image, mender-image-ubi, mender-client-install, mender-systemd, mender-ubi, mender-uboot, acl, alsa, argp, bluetooth, ext2, ipv4, ipv6, largefile, pcmcia, usbgadget, usbhost, wifi, xattr, nfs, zeroconf, pci, 3g, nfc, x11, vfat, largefile, opengl, ptest, multiarch, wayland, vulkan, pulseaudio, gobject-introspection-data, ldconfig, systemd (supports mender-convert)" type="pytest.skip">/builds/Northern.tech/Mender/meta-mender/tests/acceptance/image-tests/tests/utils/fixtures/fixtures.py:624: no supported distro feature in mender-testing-enabled, mender-image, mender-image-ubi, mender-client-install, mender-systemd, mender-ubi, mender-uboot, acl, alsa, argp, bluetooth, ext2, ipv4, ipv6, largefile, pcmcia, usbgadget, usbhost, wifi, xattr, nfs, zeroconf, pci, 3g, nfc, x11, vfat, largefile, opengl, ptest, multiarch, wayland, vulkan, pulseaudio, gobject-introspection-data, ldconfig, systemd (supports mender-convert)</skipped></testcase><testcase classname="image-tests.tests.test_secure_boot.TestSecureBoot" name="test_secure_boot_enabled" time="302.495"><skipped message="MEN-5253: Secure Boot not yet working for Yocto" type="pytest.skip">/builds/Northern.tech/Mender/meta-mender/tests/acceptance/image-tests/tests/test_secure_boot.py:24: MEN-5253: Secure Boot not yet working for Yocto</skipped></testcase><testcase classname="image-tests.tests.test_update.TestUpdates" name="test_broken_image_update" time="124.418" /><testcase classname="image-tests.tests.test_update.TestUpdates" name="test_image_update_broken_kernel" time="0.002"><skipped message="incompatible machine vexpress-qemu-flash" type="pytest.skip">/builds/Northern.tech/Mender/meta-mender/tests/acceptance/image-tests/tests/utils/fixtures/fixtures.py:572: incompatible machine vexpress-qemu-flash</skipped></testcase><testcase classname="image-tests.tests.test_update.TestUpdates" name="test_too_big_image_update" time="48.484" /><testcase classname="image-tests.tests.test_update.TestUpdates" name="test_network_based_image_update" time="261.497" /><testcase classname="image-tests.tests.test_update.TestUpdates" name="test_signed_updates[sig_case0]" time="18.079" /><testcase classname="image-tests.tests.test_update.TestUpdates" name="test_signed_updates[sig_case1]" time="19.515" /><testcase classname="image-tests.tests.test_update.TestUpdates" name="test_signed_updates[sig_case2]" time="14.396" /><testcase classname="image-tests.tests.test_update.TestUpdates" name="test_signed_updates[sig_case3]" time="17.954" /><testcase classname="image-tests.tests.test_update.TestUpdates" name="test_signed_updates[sig_case4]" time="13.158" /><testcase classname="image-tests.tests.test_update.TestUpdates" name="test_signed_updates[sig_case5]" time="9.867" /><testcase classname="image-tests.tests.test_update.TestUpdates" name="test_signed_updates[sig_case6]" time="10.758" /><testcase classname="image-tests.tests.test_update.TestUpdates" name="test_signed_updates[sig_case7]" time="8.135" /><testcase classname="image-tests.tests.test_update.TestUpdates" name="test_signed_updates[sig_case8]" time="9.940" /><testcase classname="image-tests.tests.test_update.TestUpdates" name="test_signed_updates[sig_case9]" time="8.017" /><testcase classname="image-tests.tests.test_update.TestUpdates" name="test_signed_updates[sig_case10]" time="10.108" /><testcase classname="image-tests.tests.test_update.TestUpdates" name="test_signed_updates[sig_case11]" time="8.254" /><testcase classname="image-tests.tests.test_update.TestUpdates" name="test_signed_updates[sig_case12]" time="9.718" /><testcase classname="image-tests.tests.test_update.TestUpdates" name="test_signed_updates[sig_case13]" time="10.779" /><testcase classname="image-tests.tests.test_update.TestUpdates" name="test_signed_updates[sig_case14]" time="7.966" /><testcase classname="image-tests.tests.test_update.TestUpdates" name="test_signed_updates[sig_case15]" time="10.010" /><testcase classname="image-tests.tests.test_update.TestUpdates" name="test_signed_updates[sig_case16]" time="7.957" /><testcase classname="image-tests.tests.test_update.TestUpdates" name="test_signed_updates[sig_case17]" time="11.367" /><testcase classname="image-tests.tests.test_update.TestUpdates" name="test_signed_updates[sig_case18]" time="10.705" /><testcase classname="image-tests.tests.test_update.TestUpdates" name="test_signed_updates[sig_case19]" time="8.058" /><testcase classname="image-tests.tests.test_update.TestUpdates" name="test_signed_updates[sig_case20]" time="10.004" /><testcase classname="image-tests.tests.test_update.TestUpdates" name="test_signed_updates[sig_case21]" time="8.025" /><testcase classname="image-tests.tests.test_update.TestUpdates" name="test_signed_updates[sig_case22]" time="10.105" /><testcase classname="image-tests.tests.test_update.TestUpdates" name="test_signed_updates[sig_case23]" time="9.547" /><testcase classname="image-tests.tests.test_update.TestUpdates" name="test_redundant_grub_env" time="0.002"><skipped message="no supported distro feature in mender-testing-enabled, mender-image, mender-image-ubi, mender-client-install, mender-systemd, mender-ubi, mender-uboot, acl, alsa, argp, bluetooth, ext2, ipv4, ipv6, largefile, pcmcia, usbgadget, usbhost, wifi, xattr, nfs, zeroconf, pci, 3g, nfc, x11, vfat, largefile, opengl, ptest, multiarch, wayland, vulkan, pulseaudio, gobject-introspection-data, ldconfig, systemd (supports mender-grub)" type="pytest.skip">/builds/Northern.tech/Mender/meta-mender/tests/acceptance/image-tests/tests/utils/fixtures/fixtures.py:624: no supported distro feature in mender-testing-enabled, mender-image, mender-image-ubi, mender-client-install, mender-systemd, mender-ubi, mender-uboot, acl, alsa, argp, bluetooth, ext2, ipv4, ipv6, largefile, pcmcia, usbgadget, usbhost, wifi, xattr, nfs, zeroconf, pci, 3g, nfc, x11, vfat, largefile, opengl, ptest, multiarch, wayland, vulkan, pulseaudio, gobject-introspection-data, ldconfig, systemd (supports mender-grub)</skipped></testcase><testcase classname="image-tests.tests.test_update.TestUpdates" name="test_uboot_mender_saveenv_canary" time="0.524"><skipped message="no supported filesystem in vexpress-nor, mender, mender.bmap, ubimg, mtdimg, ubimg.bmap, ubifs (supports sdimg, uefiimg)" type="pytest.skip">/builds/Northern.tech/Mender/meta-mender/tests/acceptance/image-tests/tests/utils/fixtures/fixtures.py:595: no supported filesystem in vexpress-nor, mender, mender.bmap, ubimg, mtdimg, ubimg.bmap, ubifs (supports sdimg, uefiimg)</skipped></testcase><testcase classname="image-tests.tests.test_update.TestUpdates" name="test_standalone_update_rollback" time="9.505" /><testcase classname="image-tests.tests.test_update_modules.TestUpdateModules" name="test_directory_update_module" time="20.435" /><testcase classname="image-tests.tests.test_update_modules.TestUpdateModules" name="test_single_file_update_module" time="29.749" /></testsuite></testsuites>