<?xml version="1.0" encoding="utf-8"?><testsuites><testsuite name="pytest" errors="0" failures="0" skipped="15" tests="210" time="272.677" timestamp="2022-05-12T01:25:09.635803" hostname="84fff52ab9fd"><testcase classname="test_api_endpoints.TestAPIEndpoints" name="test_api_endpoints[devices-True-get-https-hosted.mender.io-/api/devices/v1/deployments/device/deployments/next]" file="test_api_endpoints.py" line="177" time="0.010" /><testcase classname="test_api_endpoints.TestAPIEndpoints" name="test_api_endpoints[devices-True-put-https-hosted.mender.io-/api/devices/v1/deployments/device/deployments/{id}/status]" file="test_api_endpoints.py" line="177" time="0.007" /><testcase classname="test_api_endpoints.TestAPIEndpoints" name="test_api_endpoints[devices-True-put-https-hosted.mender.io-/api/devices/v1/deployments/device/deployments/{id}/log]" file="test_api_endpoints.py" line="177" time="0.006" /><testcase classname="test_api_endpoints.TestAPIEndpoints" name="test_api_endpoints[devices-False-get-https-hosted.mender.io-/api/devices/v1/deployments/download/configuration/{deployment_id}/{device_type}/{device_id}]" file="test_api_endpoints.py" line="177" time="0.007" /><testcase classname="test_api_endpoints.TestAPIEndpoints" name="test_api_endpoints[internal-False-get-http-mender-deployments:8080-/api/internal/v1/deployments/health]" file="test_api_endpoints.py" line="177" time="0.008" /><testcase classname="test_api_endpoints.TestAPIEndpoints" name="test_api_endpoints[internal-False-get-http-mender-deployments:8080-/api/internal/v1/deployments/alive]" file="test_api_endpoints.py" line="177" time="0.003" /><testcase classname="test_api_endpoints.TestAPIEndpoints" name="test_api_endpoints[internal-False-get-http-mender-deployments:8080-/api/internal/v1/deployments/tenants/{id}/storage/settings]" file="test_api_endpoints.py" line="177" time="0.004" /><testcase classname="test_api_endpoints.TestAPIEndpoints" name="test_api_endpoints[internal-False-put-http-mender-deployments:8080-/api/internal/v1/deployments/tenants/{id}/storage/settings]" file="test_api_endpoints.py" line="177" time="0.003" /><testcase classname="test_api_endpoints.TestAPIEndpoints" name="test_api_endpoints[internal-False-get-http-mender-deployments:8080-/api/internal/v1/deployments/tenants/{id}/limits/storage]" file="test_api_endpoints.py" line="177" time="0.003" /><testcase classname="test_api_endpoints.TestAPIEndpoints" name="test_api_endpoints[internal-False-put-http-mender-deployments:8080-/api/internal/v1/deployments/tenants/{id}/limits/storage]" file="test_api_endpoints.py" line="177" time="0.003" /><testcase classname="test_api_endpoints.TestAPIEndpoints" name="test_api_endpoints[internal-False-post-http-mender-deployments:8080-/api/internal/v1/deployments/tenants]" file="test_api_endpoints.py" line="177" time="0.003" /><testcase classname="test_api_endpoints.TestAPIEndpoints" name="test_api_endpoints[internal-False-get-http-mender-deployments:8080-/api/internal/v1/deployments/tenants/{id}/deployments]" file="test_api_endpoints.py" line="177" time="0.004" /><testcase classname="test_api_endpoints.TestAPIEndpoints" name="test_api_endpoints[internal-False-delete-http-mender-deployments:8080-/api/internal/v1/deployments/tenants/{tenant_id}/deployments/devices/{id}]" file="test_api_endpoints.py" line="177" time="0.005" /><testcase classname="test_api_endpoints.TestAPIEndpoints" name="test_api_endpoints[internal-False-post-http-mender-deployments:8080-/api/internal/v1/deployments/tenants/{id}/artifacts]" file="test_api_endpoints.py" line="177" time="0.003" /><testcase classname="test_api_endpoints.TestAPIEndpoints" name="test_api_endpoints[internal-False-post-http-mender-deployments:8080-/api/internal/v1/deployments/tenants/{tenant_id}/configuration/deployments/{deployment_id}/devices/{device_id}]" file="test_api_endpoints.py" line="177" time="0.003" /><testcase classname="test_api_endpoints.TestAPIEndpoints" name="test_api_endpoints[management-True-get-https-hosted.mender.io-/api/management/v1/deployments/deployments]" file="test_api_endpoints.py" line="177" time="0.007" /><testcase classname="test_api_endpoints.TestAPIEndpoints" name="test_api_endpoints[management-True-post-https-hosted.mender.io-/api/management/v1/deployments/deployments]" file="test_api_endpoints.py" line="177" time="0.006" /><testcase classname="test_api_endpoints.TestAPIEndpoints" name="test_api_endpoints[management-True-post-https-hosted.mender.io-/api/management/v1/deployments/deployments/statistics/list]" file="test_api_endpoints.py" line="177" time="0.006" /><testcase classname="test_api_endpoints.TestAPIEndpoints" name="test_api_endpoints[management-True-post-https-hosted.mender.io-/api/management/v1/deployments/deployments/group/{name}]" file="test_api_endpoints.py" line="177" time="0.006" /><testcase classname="test_api_endpoints.TestAPIEndpoints" name="test_api_endpoints[management-True-get-https-hosted.mender.io-/api/management/v1/deployments/deployments/{id}]" file="test_api_endpoints.py" line="177" time="0.006" /><testcase classname="test_api_endpoints.TestAPIEndpoints" name="test_api_endpoints[management-True-put-https-hosted.mender.io-/api/management/v1/deployments/deployments/{deployment_id}/status]" file="test_api_endpoints.py" line="177" time="0.006" /><testcase classname="test_api_endpoints.TestAPIEndpoints" name="test_api_endpoints[management-True-get-https-hosted.mender.io-/api/management/v1/deployments/deployments/{deployment_id}/statistics]" file="test_api_endpoints.py" line="177" time="0.006" /><testcase classname="test_api_endpoints.TestAPIEndpoints" name="test_api_endpoints[management-True-get-https-hosted.mender.io-/api/management/v1/deployments/deployments/{deployment_id}/devices]" file="test_api_endpoints.py" line="177" time="0.005" /><testcase classname="test_api_endpoints.TestAPIEndpoints" name="test_api_endpoints[management-True-get-https-hosted.mender.io-/api/management/v1/deployments/deployments/{deployment_id}/devices/list]" file="test_api_endpoints.py" line="177" time="0.005" /><testcase classname="test_api_endpoints.TestAPIEndpoints" name="test_api_endpoints[management-True-get-https-hosted.mender.io-/api/management/v1/deployments/deployments/{id}/device_list]" file="test_api_endpoints.py" line="177" time="0.006" /><testcase classname="test_api_endpoints.TestAPIEndpoints" name="test_api_endpoints[management-True-get-https-hosted.mender.io-/api/management/v1/deployments/deployments/{deployment_id}/devices/{device_id}/log]" file="test_api_endpoints.py" line="177" time="0.006" /><testcase classname="test_api_endpoints.TestAPIEndpoints" name="test_api_endpoints[management-True-delete-https-hosted.mender.io-/api/management/v1/deployments/deployments/devices/{id}]" file="test_api_endpoints.py" line="177" time="0.005" /><testcase classname="test_api_endpoints.TestAPIEndpoints" name="test_api_endpoints[management-True-get-https-hosted.mender.io-/api/management/v1/deployments/deployments/releases]" file="test_api_endpoints.py" line="177" time="0.006" /><testcase classname="test_api_endpoints.TestAPIEndpoints" name="test_api_endpoints[management-True-get-https-hosted.mender.io-/api/management/v1/deployments/deployments/releases/list]" file="test_api_endpoints.py" line="177" time="0.005" /><testcase classname="test_api_endpoints.TestAPIEndpoints" name="test_api_endpoints[management-True-get-https-hosted.mender.io-/api/management/v1/deployments/artifacts]" file="test_api_endpoints.py" line="177" time="0.005" /><testcase classname="test_api_endpoints.TestAPIEndpoints" name="test_api_endpoints[management-True-post-https-hosted.mender.io-/api/management/v1/deployments/artifacts]" file="test_api_endpoints.py" line="177" time="0.006" /><testcase classname="test_api_endpoints.TestAPIEndpoints" name="test_api_endpoints[management-True-get-https-hosted.mender.io-/api/management/v1/deployments/artifacts/list]" file="test_api_endpoints.py" line="177" time="0.005" /><testcase classname="test_api_endpoints.TestAPIEndpoints" name="test_api_endpoints[management-True-post-https-hosted.mender.io-/api/management/v1/deployments/artifacts/generate]" file="test_api_endpoints.py" line="177" time="0.006" /><testcase classname="test_api_endpoints.TestAPIEndpoints" name="test_api_endpoints[management-True-get-https-hosted.mender.io-/api/management/v1/deployments/artifacts/{id}]" file="test_api_endpoints.py" line="177" time="0.005" /><testcase classname="test_api_endpoints.TestAPIEndpoints" name="test_api_endpoints[management-True-put-https-hosted.mender.io-/api/management/v1/deployments/artifacts/{id}]" file="test_api_endpoints.py" line="177" time="0.006" /><testcase classname="test_api_endpoints.TestAPIEndpoints" name="test_api_endpoints[management-True-delete-https-hosted.mender.io-/api/management/v1/deployments/artifacts/{id}]" file="test_api_endpoints.py" line="177" time="0.006" /><testcase classname="test_api_endpoints.TestAPIEndpoints" name="test_api_endpoints[management-True-get-https-hosted.mender.io-/api/management/v1/deployments/artifacts/{id}/download]" file="test_api_endpoints.py" line="177" time="0.006" /><testcase classname="test_api_endpoints.TestAPIEndpoints" name="test_api_endpoints[management-True-get-https-hosted.mender.io-/api/management/v1/deployments/limits/storage]" file="test_api_endpoints.py" line="177" time="0.006" /><testcase classname="test_api_endpoints.TestAPIEndpoints" name="test_api_endpoints[devices-False-post-https-hosted.mender.io-/api/devices/v1/authentication/auth_requests]" file="test_api_endpoints.py" line="177" time="0.007" /><testcase classname="test_api_endpoints.TestAPIEndpoints" name="test_api_endpoints[internal-False-get-http-mender-device-auth:8080-/api/internal/v1/devauth/alive]" file="test_api_endpoints.py" line="177" time="0.003" /><testcase classname="test_api_endpoints.TestAPIEndpoints" name="test_api_endpoints[internal-False-get-http-mender-device-auth:8080-/api/internal/v1/devauth/health]" file="test_api_endpoints.py" line="177" time="0.006" /><testcase classname="test_api_endpoints.TestAPIEndpoints" name="test_api_endpoints[internal-True-post-http-mender-device-auth:8080-/api/internal/v1/devauth/tokens/verify]" file="test_api_endpoints.py" line="177" time="0.003" /><testcase classname="test_api_endpoints.TestAPIEndpoints" name="test_api_endpoints[internal-False-delete-http-mender-device-auth:8080-/api/internal/v1/devauth/tokens]" file="test_api_endpoints.py" line="177" time="0.003" /><testcase classname="test_api_endpoints.TestAPIEndpoints" name="test_api_endpoints[internal-False-get-http-mender-device-auth:8080-/api/internal/v1/devauth/tenant/{tenant_id}/limits/max_devices]" file="test_api_endpoints.py" line="177" time="0.005" /><testcase classname="test_api_endpoints.TestAPIEndpoints" name="test_api_endpoints[internal-False-put-http-mender-device-auth:8080-/api/internal/v1/devauth/tenant/{tenant_id}/limits/max_devices]" file="test_api_endpoints.py" line="177" time="0.003" /><testcase classname="test_api_endpoints.TestAPIEndpoints" name="test_api_endpoints[internal-False-delete-http-mender-device-auth:8080-/api/internal/v1/devauth/tenant/{tenant_id}/limits/max_devices]" file="test_api_endpoints.py" line="177" time="0.004" /><testcase classname="test_api_endpoints.TestAPIEndpoints" name="test_api_endpoints[internal-False-post-http-mender-device-auth:8080-/api/internal/v1/devauth/tenants]" file="test_api_endpoints.py" line="177" time="0.003" /><testcase classname="test_api_endpoints.TestAPIEndpoints" name="test_api_endpoints[internal-False-post-http-mender-device-auth:8080-/api/internal/v1/devauth/tenants/{tid}/devices/external]" file="test_api_endpoints.py" line="177" time="0.003" /><testcase classname="test_api_endpoints.TestAPIEndpoints" name="test_api_endpoints[internal-False-put-http-mender-device-auth:8080-/api/internal/v1/devauth/tenants/{tid}/devices/{did}/external]" file="test_api_endpoints.py" line="177" time="0.003" /><testcase classname="test_api_endpoints.TestAPIEndpoints" name="test_api_endpoints[internal-False-get-http-mender-device-auth:8080-/api/internal/v1/devauth/tenants/{tid}/devices/{did}/status]" file="test_api_endpoints.py" line="177" time="0.004" /><testcase classname="test_api_endpoints.TestAPIEndpoints" name="test_api_endpoints[internal-False-get-http-mender-device-auth:8080-/api/internal/v1/devauth/tenants/{tid}/devices]" file="test_api_endpoints.py" line="177" time="0.004" /><testcase classname="test_api_endpoints.TestAPIEndpoints" name="test_api_endpoints[internal-False-get-http-mender-device-auth:8080-/api/internal/v1/devauth/tenants/{tid}/devices/count]" file="test_api_endpoints.py" line="177" time="0.004" /><testcase classname="test_api_endpoints.TestAPIEndpoints" name="test_api_endpoints[management-True-get-https-hosted.mender.io-/api/management/v2/devauth/devices]" file="test_api_endpoints.py" line="177" time="0.006" /><testcase classname="test_api_endpoints.TestAPIEndpoints" name="test_api_endpoints[management-True-post-https-hosted.mender.io-/api/management/v2/devauth/devices]" file="test_api_endpoints.py" line="177" time="0.006" /><testcase classname="test_api_endpoints.TestAPIEndpoints" name="test_api_endpoints[management-True-post-https-hosted.mender.io-/api/management/v2/devauth/devices/search]" file="test_api_endpoints.py" line="177" time="0.006" /><testcase classname="test_api_endpoints.TestAPIEndpoints" name="test_api_endpoints[management-True-get-https-hosted.mender.io-/api/management/v2/devauth/devices/{id}]" file="test_api_endpoints.py" line="177" time="0.006" /><testcase classname="test_api_endpoints.TestAPIEndpoints" name="test_api_endpoints[management-True-delete-https-hosted.mender.io-/api/management/v2/devauth/devices/{id}]" file="test_api_endpoints.py" line="177" time="0.006" /><testcase classname="test_api_endpoints.TestAPIEndpoints" name="test_api_endpoints[management-True-delete-https-hosted.mender.io-/api/management/v2/devauth/devices/{id}/auth/{aid}]" file="test_api_endpoints.py" line="177" time="0.006" /><testcase classname="test_api_endpoints.TestAPIEndpoints" name="test_api_endpoints[management-True-put-https-hosted.mender.io-/api/management/v2/devauth/devices/{id}/auth/{aid}/status]" file="test_api_endpoints.py" line="177" time="0.006" /><testcase classname="test_api_endpoints.TestAPIEndpoints" name="test_api_endpoints[management-True-get-https-hosted.mender.io-/api/management/v2/devauth/devices/{id}/auth/{aid}/status]" file="test_api_endpoints.py" line="177" time="0.005" /><testcase classname="test_api_endpoints.TestAPIEndpoints" name="test_api_endpoints[management-True-get-https-hosted.mender.io-/api/management/v2/devauth/devices/count]" file="test_api_endpoints.py" line="177" time="0.005" /><testcase classname="test_api_endpoints.TestAPIEndpoints" name="test_api_endpoints[management-True-delete-https-hosted.mender.io-/api/management/v2/devauth/tokens/{id}]" file="test_api_endpoints.py" line="177" time="0.005" /><testcase classname="test_api_endpoints.TestAPIEndpoints" name="test_api_endpoints[management-True-get-https-hosted.mender.io-/api/management/v2/devauth/limits/max_devices]" file="test_api_endpoints.py" line="177" time="0.006" /><testcase classname="test_api_endpoints.TestAPIEndpoints" name="test_api_endpoints[devices-True-get-https-hosted.mender.io-api/devices/v1/deviceconfig/configuration]" file="test_api_endpoints.py" line="177" time="0.006" /><testcase classname="test_api_endpoints.TestAPIEndpoints" name="test_api_endpoints[devices-True-put-https-hosted.mender.io-api/devices/v1/deviceconfig/configuration]" file="test_api_endpoints.py" line="177" time="0.005" /><testcase classname="test_api_endpoints.TestAPIEndpoints" name="test_api_endpoints[internal-False-get-http-mender-deviceconfig:8080-api/internal/v1/deviceconfig/health]" file="test_api_endpoints.py" line="177" time="0.004" /><testcase classname="test_api_endpoints.TestAPIEndpoints" name="test_api_endpoints[internal-False-get-http-mender-deviceconfig:8080-api/internal/v1/deviceconfig/alive]" file="test_api_endpoints.py" line="177" time="0.003" /><testcase classname="test_api_endpoints.TestAPIEndpoints" name="test_api_endpoints[internal-False-post-http-mender-deviceconfig:8080-api/internal/v1/deviceconfig/tenants]" file="test_api_endpoints.py" line="177" time="0.003" /><testcase classname="test_api_endpoints.TestAPIEndpoints" name="test_api_endpoints[internal-False-post-http-mender-deviceconfig:8080-api/internal/v1/deviceconfig/tenants/{tenantId}/devices]" file="test_api_endpoints.py" line="177" time="0.003" /><testcase classname="test_api_endpoints.TestAPIEndpoints" name="test_api_endpoints[internal-False-delete-http-mender-deviceconfig:8080-api/internal/v1/deviceconfig/tenants/{tenantId}/devices/{deviceId}]" file="test_api_endpoints.py" line="177" time="0.004" /><testcase classname="test_api_endpoints.TestAPIEndpoints" name="test_api_endpoints[internal-False-post-http-mender-deviceconfig:8080-api/internal/v1/deviceconfig/tenants/{tenantId}/configurations/device/{deviceId}/deploy]" file="test_api_endpoints.py" line="177" time="0.004" /><testcase classname="test_api_endpoints.TestAPIEndpoints" name="test_api_endpoints[management-True-get-https-hosted.mender.io-api/management/v1/deviceconfig/configurations/device/{deviceId}]" file="test_api_endpoints.py" line="177" time="0.006" /><testcase classname="test_api_endpoints.TestAPIEndpoints" name="test_api_endpoints[management-True-put-https-hosted.mender.io-api/management/v1/deviceconfig/configurations/device/{deviceId}]" file="test_api_endpoints.py" line="177" time="0.006" /><testcase classname="test_api_endpoints.TestAPIEndpoints" name="test_api_endpoints[management-True-post-https-hosted.mender.io-api/management/v1/deviceconfig/configurations/device/{deviceId}/deploy]" file="test_api_endpoints.py" line="177" time="0.007" /><testcase classname="test_api_endpoints.TestAPIEndpoints" name="test_api_endpoints[devices-True-get-https-hosted.mender.io-api/devices/v1/deviceconnect/connect]" file="test_api_endpoints.py" line="177" time="0.006" /><testcase classname="test_api_endpoints.TestAPIEndpoints" name="test_api_endpoints[internal-False-get-http-mender-deviceconnect:8080-api/internal/v1/deviceconnect/health]" file="test_api_endpoints.py" line="177" time="0.004" /><testcase classname="test_api_endpoints.TestAPIEndpoints" name="test_api_endpoints[internal-False-get-http-mender-deviceconnect:8080-api/internal/v1/deviceconnect/alive]" file="test_api_endpoints.py" line="177" time="0.003" /><testcase classname="test_api_endpoints.TestAPIEndpoints" name="test_api_endpoints[internal-False-post-http-mender-deviceconnect:8080-api/internal/v1/deviceconnect/tenants/{tenantId}/devices]" file="test_api_endpoints.py" line="177" time="0.003" /><testcase classname="test_api_endpoints.TestAPIEndpoints" name="test_api_endpoints[internal-False-delete-http-mender-deviceconnect:8080-api/internal/v1/deviceconnect/tenants/{tenantId}/devices/{deviceId}]" file="test_api_endpoints.py" line="177" time="0.004" /><testcase classname="test_api_endpoints.TestAPIEndpoints" name="test_api_endpoints[internal-False-post-http-mender-deviceconnect:8080-api/internal/v1/deviceconnect/tenants/{tenantId}/devices/{deviceId}/check-update]" file="test_api_endpoints.py" line="177" time="0.004" /><testcase classname="test_api_endpoints.TestAPIEndpoints" name="test_api_endpoints[internal-False-post-http-mender-deviceconnect:8080-api/internal/v1/deviceconnect/tenants/{tenantId}/devices/{deviceId}/send-inventory]" file="test_api_endpoints.py" line="177" time="0.004" /><testcase classname="test_api_endpoints.TestAPIEndpoints" name="test_api_endpoints[management-True-get-https-hosted.mender.io-api/management/v1/deviceconnect/devices/{id}]" file="test_api_endpoints.py" line="177" time="0.006" /><testcase classname="test_api_endpoints.TestAPIEndpoints" name="test_api_endpoints[management-True-post-https-hosted.mender.io-api/management/v1/deviceconnect/devices/{id}/check-update]" file="test_api_endpoints.py" line="177" time="0.006" /><testcase classname="test_api_endpoints.TestAPIEndpoints" name="test_api_endpoints[management-True-get-https-hosted.mender.io-api/management/v1/deviceconnect/devices/{id}/connect]" file="test_api_endpoints.py" line="177" time="0.006" /><testcase classname="test_api_endpoints.TestAPIEndpoints" name="test_api_endpoints[management-True-get-https-hosted.mender.io-api/management/v1/deviceconnect/devices/{id}/download]" file="test_api_endpoints.py" line="177" time="0.006" /><testcase classname="test_api_endpoints.TestAPIEndpoints" name="test_api_endpoints[management-True-post-https-hosted.mender.io-api/management/v1/deviceconnect/devices/{id}/send-inventory]" file="test_api_endpoints.py" line="177" time="0.006" /><testcase classname="test_api_endpoints.TestAPIEndpoints" name="test_api_endpoints[management-True-get-https-hosted.mender.io-api/management/v1/deviceconnect/sessions/{session_id}/playback]" file="test_api_endpoints.py" line="177" time="0.006" /><testcase classname="test_api_endpoints.TestAPIEndpoints" name="test_api_endpoints[management-True-put-https-hosted.mender.io-api/management/v1/deviceconnect/devices/{id}/upload]" file="test_api_endpoints.py" line="177" time="0.006" /><testcase classname="test_api_endpoints.TestAPIEndpoints" name="test_api_endpoints[management-True-get-https-hosted.mender.io-/api/management/v2/inventory/filters/attributes]" file="test_api_endpoints.py" line="177" time="0.006" /><testcase classname="test_api_endpoints.TestAPIEndpoints" name="test_api_endpoints[management-True-post-https-hosted.mender.io-/api/management/v2/inventory/filters/search]" file="test_api_endpoints.py" line="177" time="0.006" /><testcase classname="test_api_endpoints.TestAPIEndpoints" name="test_api_endpoints[internal-False-post-http-mender-inventory:8080-/api/internal/v2/inventory/tenants/{tenant_id}/filters/search]" file="test_api_endpoints.py" line="177" time="0.004" /><testcase classname="test_api_endpoints.TestAPIEndpoints" name="test_api_endpoints[devices-True-patch-https-hosted.mender.io-/api/devices/v1/inventory/device/attributes]" file="test_api_endpoints.py" line="177" time="0.006" /><testcase classname="test_api_endpoints.TestAPIEndpoints" name="test_api_endpoints[devices-True-put-https-hosted.mender.io-/api/devices/v1/inventory/device/attributes]" file="test_api_endpoints.py" line="177" time="0.006" /><testcase classname="test_api_endpoints.TestAPIEndpoints" name="test_api_endpoints[internal-False-get-http-mender-inventory:8080-/api/internal/v1/inventory/health]" file="test_api_endpoints.py" line="177" time="0.004" /><testcase classname="test_api_endpoints.TestAPIEndpoints" name="test_api_endpoints[internal-False-get-http-mender-inventory:8080-/api/internal/v1/inventory/alive]" file="test_api_endpoints.py" line="177" time="0.004" /><testcase classname="test_api_endpoints.TestAPIEndpoints" name="test_api_endpoints[internal-False-post-http-mender-inventory:8080-/api/internal/v1/inventory/tenants]" file="test_api_endpoints.py" line="177" time="0.003" /><testcase classname="test_api_endpoints.TestAPIEndpoints" name="test_api_endpoints[internal-False-post-http-mender-inventory:8080-/api/internal/v1/inventory/tenants/{tenant_id}/devices]" file="test_api_endpoints.py" line="177" time="0.003" /><testcase classname="test_api_endpoints.TestAPIEndpoints" name="test_api_endpoints[internal-False-delete-http-mender-inventory:8080-/api/internal/v1/inventory/tenants/{tenant_id}/devices/{device_id}]" file="test_api_endpoints.py" line="177" time="0.004" /><testcase classname="test_api_endpoints.TestAPIEndpoints" name="test_api_endpoints[internal-False-post-http-mender-inventory:8080-/api/internal/v1/inventory/tenants/{tenant_id}/devices/status/{status}]" file="test_api_endpoints.py" line="177" time="0.003" /><testcase classname="test_api_endpoints.TestAPIEndpoints" name="test_api_endpoints[internal-False-patch-http-mender-inventory:8080-/api/internal/v1/inventory/tenants/{tenant_id}/device/{device_id}/attribute/scope/{scope}]" file="test_api_endpoints.py" line="177" time="0.003" /><testcase classname="test_api_endpoints.TestAPIEndpoints" name="test_api_endpoints[internal-False-get-http-mender-inventory:8080-/api/internal/v1/inventory/tenants/{tenant_id}/devices/{device_id}/groups]" file="test_api_endpoints.py" line="177" time="0.004" /><testcase classname="test_api_endpoints.TestAPIEndpoints" name="test_api_endpoints[internal-False-post-http-mender-inventory:8080-/api/internal/v1/inventory/tenants/{tenant_id}/devices/{device_id}/reindex]" file="test_api_endpoints.py" line="177" time="0.003" /><testcase classname="test_api_endpoints.TestAPIEndpoints" name="test_api_endpoints[management-True-get-https-hosted.mender.io-/api/management/v1/inventory/devices]" file="test_api_endpoints.py" line="177" time="0.006" /><testcase classname="test_api_endpoints.TestAPIEndpoints" name="test_api_endpoints[management-True-get-https-hosted.mender.io-/api/management/v1/inventory/devices/{id}]" file="test_api_endpoints.py" line="177" time="0.006" /><testcase classname="test_api_endpoints.TestAPIEndpoints" name="test_api_endpoints[management-True-delete-https-hosted.mender.io-/api/management/v1/inventory/devices/{id}]" file="test_api_endpoints.py" line="177" time="0.006" /><testcase classname="test_api_endpoints.TestAPIEndpoints" name="test_api_endpoints[management-True-patch-https-hosted.mender.io-/api/management/v1/inventory/devices/{id}/tags]" file="test_api_endpoints.py" line="177" time="0.005" /><testcase classname="test_api_endpoints.TestAPIEndpoints" name="test_api_endpoints[management-True-put-https-hosted.mender.io-/api/management/v1/inventory/devices/{id}/tags]" file="test_api_endpoints.py" line="177" time="0.005" /><testcase classname="test_api_endpoints.TestAPIEndpoints" name="test_api_endpoints[management-True-get-https-hosted.mender.io-/api/management/v1/inventory/devices/{id}/group]" file="test_api_endpoints.py" line="177" time="0.006" /><testcase classname="test_api_endpoints.TestAPIEndpoints" name="test_api_endpoints[management-True-put-https-hosted.mender.io-/api/management/v1/inventory/devices/{id}/group]" file="test_api_endpoints.py" line="177" time="0.006" /><testcase classname="test_api_endpoints.TestAPIEndpoints" name="test_api_endpoints[management-True-delete-https-hosted.mender.io-/api/management/v1/inventory/devices/{id}/group/{name}]" file="test_api_endpoints.py" line="177" time="0.006" /><testcase classname="test_api_endpoints.TestAPIEndpoints" name="test_api_endpoints[management-True-get-https-hosted.mender.io-/api/management/v1/inventory/groups]" file="test_api_endpoints.py" line="177" time="0.005" /><testcase classname="test_api_endpoints.TestAPIEndpoints" name="test_api_endpoints[management-True-delete-https-hosted.mender.io-/api/management/v1/inventory/groups/{name}]" file="test_api_endpoints.py" line="177" time="0.006" /><testcase classname="test_api_endpoints.TestAPIEndpoints" name="test_api_endpoints[management-True-get-https-hosted.mender.io-/api/management/v1/inventory/groups/{name}/devices]" file="test_api_endpoints.py" line="177" time="0.005" /><testcase classname="test_api_endpoints.TestAPIEndpoints" name="test_api_endpoints[management-True-patch-https-hosted.mender.io-/api/management/v1/inventory/groups/{name}/devices]" file="test_api_endpoints.py" line="177" time="0.005" /><testcase classname="test_api_endpoints.TestAPIEndpoints" name="test_api_endpoints[management-True-delete-https-hosted.mender.io-/api/management/v1/inventory/groups/{name}/devices]" file="test_api_endpoints.py" line="177" time="0.005" /><testcase classname="test_api_endpoints.TestAPIEndpoints" name="test_api_endpoints[internal-False-get-http-mender-iot-manager:8080-api/internal/v1/iot-manager/health]" file="test_api_endpoints.py" line="177" time="0.004" /><testcase classname="test_api_endpoints.TestAPIEndpoints" name="test_api_endpoints[internal-False-get-http-mender-iot-manager:8080-api/internal/v1/iot-manager/alive]" file="test_api_endpoints.py" line="177" time="0.003" /><testcase classname="test_api_endpoints.TestAPIEndpoints" name="test_api_endpoints[internal-False-post-http-mender-iot-manager:8080-api/internal/v1/iot-manager/tenants/{tenantId}/devices]" file="test_api_endpoints.py" line="177" time="0.003" /><testcase classname="test_api_endpoints.TestAPIEndpoints" name="test_api_endpoints[internal-False-delete-http-mender-iot-manager:8080-api/internal/v1/iot-manager/tenants/{tenantId}/devices/{deviceId}]" file="test_api_endpoints.py" line="177" time="0.004" /><testcase classname="test_api_endpoints.TestAPIEndpoints" name="test_api_endpoints[internal-False-put-http-mender-iot-manager:8080-api/internal/v1/iot-manager/tenants/{tenantId}/bulk/devices/status/{status}]" file="test_api_endpoints.py" line="177" time="0.003" /><testcase classname="test_api_endpoints.TestAPIEndpoints" name="test_api_endpoints[management-True-get-https-hosted.mender.io-api/management/v1/iot-manager/integrations]" file="test_api_endpoints.py" line="177" time="0.006" /><testcase classname="test_api_endpoints.TestAPIEndpoints" name="test_api_endpoints[management-True-post-https-hosted.mender.io-api/management/v1/iot-manager/integrations]" file="test_api_endpoints.py" line="177" time="0.006" /><testcase classname="test_api_endpoints.TestAPIEndpoints" name="test_api_endpoints[management-True-delete-https-hosted.mender.io-api/management/v1/iot-manager/integrations/{id}]" file="test_api_endpoints.py" line="177" time="0.006" /><testcase classname="test_api_endpoints.TestAPIEndpoints" name="test_api_endpoints[management-True-put-https-hosted.mender.io-api/management/v1/iot-manager/integrations/{id}/credentials]" file="test_api_endpoints.py" line="177" time="0.006" /><testcase classname="test_api_endpoints.TestAPIEndpoints" name="test_api_endpoints[management-True-delete-https-hosted.mender.io-api/management/v1/iot-manager/devices/{deviceId}]" file="test_api_endpoints.py" line="177" time="0.006" /><testcase classname="test_api_endpoints.TestAPIEndpoints" name="test_api_endpoints[management-True-get-https-hosted.mender.io-api/management/v1/iot-manager/devices/{deviceId}/state]" file="test_api_endpoints.py" line="177" time="0.006" /><testcase classname="test_api_endpoints.TestAPIEndpoints" name="test_api_endpoints[management-True-put-https-hosted.mender.io-api/management/v1/iot-manager/devices/{deviceId}/state/{integrationId}]" file="test_api_endpoints.py" line="177" time="0.006" /><testcase classname="test_api_endpoints.TestAPIEndpoints" name="test_api_endpoints[management-True-get-https-hosted.mender.io-api/management/v1/iot-manager/devices/{deviceId}/state/{integrationId}]" file="test_api_endpoints.py" line="177" time="0.006" /><testcase classname="test_api_endpoints.TestAPIEndpoints" name="test_api_endpoints[internal-False-get-http-mender-useradm:8080-/api/internal/v1/useradm/health]" file="test_api_endpoints.py" line="177" time="0.005" /><testcase classname="test_api_endpoints.TestAPIEndpoints" name="test_api_endpoints[internal-False-get-http-mender-useradm:8080-/api/internal/v1/useradm/alive]" file="test_api_endpoints.py" line="177" time="0.003" /><testcase classname="test_api_endpoints.TestAPIEndpoints" name="test_api_endpoints[internal-True-post-http-mender-useradm:8080-/api/internal/v1/useradm/auth/verify]" file="test_api_endpoints.py" line="177" time="0.003" /><testcase classname="test_api_endpoints.TestAPIEndpoints" name="test_api_endpoints[internal-False-post-http-mender-useradm:8080-/api/internal/v1/useradm/tenants]" file="test_api_endpoints.py" line="177" time="0.003" /><testcase classname="test_api_endpoints.TestAPIEndpoints" name="test_api_endpoints[internal-False-post-http-mender-useradm:8080-/api/internal/v1/useradm/tenants/{tenant_id}/users]" file="test_api_endpoints.py" line="177" time="0.003" /><testcase classname="test_api_endpoints.TestAPIEndpoints" name="test_api_endpoints[internal-False-get-http-mender-useradm:8080-/api/internal/v1/useradm/tenants/{tenant_id}/users]" file="test_api_endpoints.py" line="177" time="0.004" /><testcase classname="test_api_endpoints.TestAPIEndpoints" name="test_api_endpoints[internal-False-delete-http-mender-useradm:8080-/api/internal/v1/useradm/tenants/{tenant_id}/users/{user_id}]" file="test_api_endpoints.py" line="177" time="0.004" /><testcase classname="test_api_endpoints.TestAPIEndpoints" name="test_api_endpoints[internal-False-delete-http-mender-useradm:8080-/api/internal/v1/useradm/tokens]" file="test_api_endpoints.py" line="177" time="0.003" /><testcase classname="test_api_endpoints.TestAPIEndpoints" name="test_api_endpoints[management-True-post-https-hosted.mender.io-/api/management/v1/useradm/auth/login]" file="test_api_endpoints.py" line="177" time="0.007" /><testcase classname="test_api_endpoints.TestAPIEndpoints" name="test_api_endpoints[management-True-post-https-hosted.mender.io-/api/management/v1/useradm/auth/logout]" file="test_api_endpoints.py" line="177" time="0.006" /><testcase classname="test_api_endpoints.TestAPIEndpoints" name="test_api_endpoints[management-True-get-https-hosted.mender.io-/api/management/v1/useradm/users]" file="test_api_endpoints.py" line="177" time="0.005" /><testcase classname="test_api_endpoints.TestAPIEndpoints" name="test_api_endpoints[management-True-post-https-hosted.mender.io-/api/management/v1/useradm/users]" file="test_api_endpoints.py" line="177" time="0.005" /><testcase classname="test_api_endpoints.TestAPIEndpoints" name="test_api_endpoints[management-True-get-https-hosted.mender.io-/api/management/v1/useradm/users/{id}]" file="test_api_endpoints.py" line="177" time="0.006" /><testcase classname="test_api_endpoints.TestAPIEndpoints" name="test_api_endpoints[management-True-put-https-hosted.mender.io-/api/management/v1/useradm/users/{id}]" file="test_api_endpoints.py" line="177" time="0.006" /><testcase classname="test_api_endpoints.TestAPIEndpoints" name="test_api_endpoints[management-True-delete-https-hosted.mender.io-/api/management/v1/useradm/users/{id}]" file="test_api_endpoints.py" line="177" time="0.006" /><testcase classname="test_api_endpoints.TestAPIEndpoints" name="test_api_endpoints[management-True-get-https-hosted.mender.io-/api/management/v1/useradm/settings]" file="test_api_endpoints.py" line="177" time="0.006" /><testcase classname="test_api_endpoints.TestAPIEndpoints" name="test_api_endpoints[management-True-post-https-hosted.mender.io-/api/management/v1/useradm/settings]" file="test_api_endpoints.py" line="177" time="0.006" /><testcase classname="test_api_endpoints.TestAPIEndpoints" name="test_api_endpoints[internal-False-get-http-mender-workflows-server:8080-/status]" file="test_api_endpoints.py" line="177" time="0.003" /><testcase classname="test_api_endpoints.TestAPIEndpoints" name="test_api_endpoints[internal-False-get-http-mender-workflows-server:8080-/health]" file="test_api_endpoints.py" line="177" time="0.003" /><testcase classname="test_api_endpoints.TestAPIEndpoints" name="test_api_endpoints[internal-False-post-http-mender-workflows-server:8080-/api/v1/workflow/{name}]" file="test_api_endpoints.py" line="177" time="0.003" /><testcase classname="test_api_endpoints.TestAPIEndpoints" name="test_api_endpoints[internal-False-post-http-mender-workflows-server:8080-/api/v1/workflow/{name}/batch]" file="test_api_endpoints.py" line="177" time="0.003" /><testcase classname="test_api_endpoints.TestAPIEndpoints" name="test_api_endpoints[internal-False-get-http-mender-workflows-server:8080-/api/v1/workflow/{name}/{id}]" file="test_api_endpoints.py" line="177" time="0.004" /><testcase classname="test_api_endpoints.TestAPIEndpoints" name="test_api_endpoints[internal-False-get-http-mender-workflows-server:8080-/api/v1/metadata/workflows]" file="test_api_endpoints.py" line="177" time="0.003" /><testcase classname="test_api_endpoints.TestAPIEndpoints" name="test_api_endpoints[internal-False-post-http-mender-workflows-server:8080-/api/v1/metadata/workflows]" file="test_api_endpoints.py" line="177" time="0.003" /><testcase classname="test_artifact.TestUploadArtifactOpenSource" name="test_upload_artifact_selection_already_installed" file="test_artifact.py" line="623" time="0.885" /><testcase classname="test_artifact.TestUploadArtifactOpenSource" name="test_upload_artifact_depends_provides_valid" file="test_artifact.py" line="626" time="0.601" /><testcase classname="test_artifact.TestUploadArtifactOpenSource" name="test_provides_depends_ignored_in_open_source" file="test_artifact.py" line="691" time="0.814" /><testcase classname="test_azure.TestAzureIntegrations" name="test_get_and_set[expected_integration0]" file="test_azure.py" line="136" time="0.620" /><testcase classname="test_azure.TestAzureIntegrations" name="test_get_and_set[expected_integration1]" file="test_azure.py" line="136" time="0.540" /><testcase classname="test_azure.TestAzureDeviceLifecycle" name="test_device_accept_and_reject_or_dismiss[rejected]" file="test_azure.py" line="405" time="10.297" /><testcase classname="test_azure.TestAzureDeviceLifecycle" name="test_device_accept_and_reject_or_dismiss[noauth]" file="test_azure.py" line="405" time="13.844" /><testcase classname="test_azure.TestAzureDeviceLifecycle" name="test_device_provision_and_decomission" file="test_azure.py" line="459" time="12.355" /><testcase classname="test_azure.TestAzureDeviceLifecycle" name="test_device_twin" file="test_azure.py" line="512" time="11.378" /><testcase classname="test_create_artifact.TestCreateArtifactOpenSource" name="test_create_artifact" file="test_create_artifact.py" line="113" time="1.556" /><testcase classname="test_decommission.TestDeviceDecomissioning" name="test_ok" file="test_decommission.py" line="217" time="1.594" /><testcase classname="test_deployments.TestDeploymentOpenSource" name="test_regular_deployment" file="test_deployments.py" line="743" time="4.423" /><testcase classname="test_deployments.TestDeploymentsStatusUpdate" name="test_deployment_status_update" file="test_deployments.py" line="1491" time="8.491" /><testcase classname="test_deployments.TestDeploymentsToGroupStatusUpdate" name="test_deployment_status_update" file="test_deployments.py" line="1503" time="8.514" /><testcase classname="test_devauth.TestPreauth" name="test_ok" file="test_devauth.py" line="263" time="1.710" /><testcase classname="test_devauth.TestPreauth" name="test_fail_duplicate" file="test_devauth.py" line="266" time="1.705" /><testcase classname="test_devauth.TestPreauth" name="test_fail_bad_request" file="test_devauth.py" line="269" time="1.332" /><testcase classname="test_devauth.TestDeviceMgmt" name="test_ok_get_devices" file="test_devauth.py" line="830" time="4.722" /><testcase classname="test_devauth.TestDeviceMgmt" name="test_get_device" file="test_devauth.py" line="833" time="5.007" /><testcase classname="test_devauth.TestDeviceMgmt" name="test_delete_device_ok" file="test_devauth.py" line="836" time="4.553" /><testcase classname="test_devauth.TestDeviceMgmt" name="test_delete_device_not_found" file="test_devauth.py" line="839" time="4.635" /><testcase classname="test_devauth.TestDeviceMgmt" name="test_device_count" file="test_devauth.py" line="842" time="4.515" /><testcase classname="test_devauth.TestAuthsetMgmt" name="test_get_authset_status" file="test_devauth.py" line="1341" time="4.967" /><testcase classname="test_devauth.TestAuthsetMgmt" name="test_put_status_accept" file="test_devauth.py" line="1344" time="55.724" /><testcase classname="test_devauth.TestAuthsetMgmt" name="test_put_status_reject" file="test_devauth.py" line="1347" time="27.454" /><testcase classname="test_devauth.TestAuthsetMgmt" name="test_put_status_failed" file="test_devauth.py" line="1350" time="4.602" /><testcase classname="test_devauth.TestAuthsetMgmt" name="test_delete_status" file="test_devauth.py" line="1353" time="6.595" /><testcase classname="test_devauth.TestAuthsetMgmt" name="test_delete_status_failed" file="test_devauth.py" line="1356" time="4.558" /><testcase classname="test_devauth.TestAuthReq" name="test_submit_accept" file="test_devauth.py" line="1722" time="1.675" /><testcase classname="test_devauth.TestDevAuthCli" name="test_propagate_statuses" file="test_devauth.py" line="1774" time="1.789" /><testcase classname="test_health.TestHealthCheck" name="test_health_check[http://mender-deployments:8080/api/internal/v1/deployments/health]" file="test_health.py" line="22" time="0.012" /><testcase classname="test_health.TestHealthCheck" name="test_health_check[http://mender-device-auth:8080/api/internal/v1/devauth/health]" file="test_health.py" line="22" time="0.006" /><testcase classname="test_health.TestHealthCheck" name="test_health_check[http://mender-deviceconfig:8080/api/internal/v1/deviceconfig/health]" file="test_health.py" line="22" time="0.004" /><testcase classname="test_health.TestHealthCheck" name="test_health_check[http://mender-deviceconnect:8080/api/internal/v1/deviceconnect/health]" file="test_health.py" line="22" time="0.004" /><testcase classname="test_health.TestHealthCheck" name="test_health_check[http://mender-inventory:8080/api/internal/v1/inventory/health]" file="test_health.py" line="22" time="0.003" /><testcase classname="test_health.TestHealthCheck" name="test_health_check[http://mender-iot-manager:8080/api/internal/v1/iot-manager/health]" file="test_health.py" line="22" time="0.003" /><testcase classname="test_health.TestHealthCheck" name="test_health_check[http://mender-useradm:8080/api/internal/v1/useradm/health]" file="test_health.py" line="22" time="0.004" /><testcase classname="test_health.TestHealthCheck" name="test_health_check[http://mender-workflows-server:8080/api/v1/health]" file="test_health.py" line="22" time="0.003" /><testcase classname="test_inventory.TestGetDevices" name="test_get_devices_ok" file="test_inventory.py" line="166" time="8.210" /><testcase classname="test_inventory.TestGetDevices" name="test_filter_devices_ok" file="test_inventory.py" line="169" time="8.550" /><testcase classname="test_inventory.TestDevicePatchAttributes" name="test_ok" file="test_inventory.py" line="184" time="4.640" /><testcase classname="test_inventory.TestDevicePatchAttributes" name="test_fail_no_attr_value" file="test_inventory.py" line="250" time="4.440" /><testcase classname="test_reporting.TestReportingSearch" name="test_reporting_search[test_case0]" file="test_reporting.py" line="750" time="0.000"><skipped type="pytest.skip" message="reporting is not part of the release">/tests/test_reporting.py:751: reporting is not part of the release</skipped></testcase><testcase classname="test_reporting.TestReportingSearch" name="test_reporting_search[test_case1]" file="test_reporting.py" line="750" time="0.000"><skipped type="pytest.skip" message="reporting is not part of the release">/tests/test_reporting.py:751: reporting is not part of the release</skipped></testcase><testcase classname="test_reporting.TestReportingSearch" name="test_reporting_search[test_case2]" file="test_reporting.py" line="750" time="0.000"><skipped type="pytest.skip" message="reporting is not part of the release">/tests/test_reporting.py:751: reporting is not part of the release</skipped></testcase><testcase classname="test_reporting.TestReportingSearch" name="test_reporting_search[test_case3]" file="test_reporting.py" line="750" time="0.000"><skipped type="pytest.skip" message="reporting is not part of the release">/tests/test_reporting.py:751: reporting is not part of the release</skipped></testcase><testcase classname="test_reporting.TestReportingSearch" name="test_reporting_search[test_case4]" file="test_reporting.py" line="750" time="0.000"><skipped type="pytest.skip" message="reporting is not part of the release">/tests/test_reporting.py:751: reporting is not part of the release</skipped></testcase><testcase classname="test_reporting.TestReportingSearch" name="test_reporting_search[test_case5]" file="test_reporting.py" line="750" time="0.000"><skipped type="pytest.skip" message="reporting is not part of the release">/tests/test_reporting.py:751: reporting is not part of the release</skipped></testcase><testcase classname="test_reporting.TestReportingSearch" name="test_reporting_search[test_case6]" file="test_reporting.py" line="750" time="0.000"><skipped type="pytest.skip" message="reporting is not part of the release">/tests/test_reporting.py:751: reporting is not part of the release</skipped></testcase><testcase classname="test_reporting.TestReportingSearch" name="test_reporting_search_internal[test_case0]" file="test_reporting.py" line="976" time="0.000"><skipped type="pytest.skip" message="reporting is not part of the release">/tests/test_reporting.py:977: reporting is not part of the release</skipped></testcase><testcase classname="test_reporting.TestReportingSearch" name="test_reporting_search_internal[test_case1]" file="test_reporting.py" line="976" time="0.000"><skipped type="pytest.skip" message="reporting is not part of the release">/tests/test_reporting.py:977: reporting is not part of the release</skipped></testcase><testcase classname="test_reporting.TestReportingSearch" name="test_reporting_search_internal[test_case2]" file="test_reporting.py" line="976" time="0.000"><skipped type="pytest.skip" message="reporting is not part of the release">/tests/test_reporting.py:977: reporting is not part of the release</skipped></testcase><testcase classname="test_reporting.TestReportingSearch" name="test_reporting_search_internal[test_case3]" file="test_reporting.py" line="976" time="0.000"><skipped type="pytest.skip" message="reporting is not part of the release">/tests/test_reporting.py:977: reporting is not part of the release</skipped></testcase><testcase classname="test_reporting.TestReportingSearch" name="test_reporting_search_internal[test_case4]" file="test_reporting.py" line="976" time="0.000"><skipped type="pytest.skip" message="reporting is not part of the release">/tests/test_reporting.py:977: reporting is not part of the release</skipped></testcase><testcase classname="test_reporting.TestReportingSearch" name="test_reporting_search_internal[test_case5]" file="test_reporting.py" line="976" time="0.000"><skipped type="pytest.skip" message="reporting is not part of the release">/tests/test_reporting.py:977: reporting is not part of the release</skipped></testcase><testcase classname="test_reporting.TestReportingSearch" name="test_reporting_search_internal[test_case6]" file="test_reporting.py" line="976" time="0.000"><skipped type="pytest.skip" message="reporting is not part of the release">/tests/test_reporting.py:977: reporting is not part of the release</skipped></testcase><testcase classname="test_reporting.TestReportingSearch" name="test_reporting_search_internal[test_case7]" file="test_reporting.py" line="976" time="0.000"><skipped type="pytest.skip" message="reporting is not part of the release">/tests/test_reporting.py:977: reporting is not part of the release</skipped></testcase><testcase classname="test_workflows.TestWorkflowMinVersion" name="test_workflow_min_version" file="test_workflows.py" line="57" time="0.425" /></testsuite></testsuites>