<?xml version="1.0" encoding="utf-8"?><testsuites><testsuite name="pytest" errors="0" failures="0" skipped="15" tests="413" time="1646.300" timestamp="2022-05-20T01:27:16.676020" hostname="2719fcba8d57"><testcase classname="test_account_suspension.TestAccountSuspensionEnterprise" name="test_user_cannot_log_in" file="test_account_suspension.py" line="69" time="13.555" /><testcase classname="test_account_suspension.TestAccountSuspensionEnterprise" name="test_authenticated_user_is_rejected" file="test_account_suspension.py" line="106" time="13.395" /><testcase classname="test_account_suspension.TestAccountSuspensionEnterprise" name="test_accepted_dev_cant_authenticate" file="test_account_suspension.py" line="138" time="13.835" /><testcase classname="test_account_suspension.TestAccountSuspensionEnterprise" name="test_authenticated_dev_is_rejected" file="test_account_suspension.py" line="179" time="13.862" /><testcase classname="test_api_endpoints.TestAPIEndpointsEnterprise" name="test_api_endpoints[internal-False-get-http-mender-auditlogs:8080-/api/internal/v1/auditlogs/health]" file="test_api_endpoints.py" line="207" time="0.005" /><testcase classname="test_api_endpoints.TestAPIEndpointsEnterprise" name="test_api_endpoints[internal-False-get-http-mender-auditlogs:8080-/api/internal/v1/auditlogs/alive]" file="test_api_endpoints.py" line="207" time="0.004" /><testcase classname="test_api_endpoints.TestAPIEndpointsEnterprise" name="test_api_endpoints[internal-False-get-http-mender-auditlogs:8080-/api/internal/v1/auditlogs/tenants/{tenant_id}/logs]" file="test_api_endpoints.py" line="207" time="0.004" /><testcase classname="test_api_endpoints.TestAPIEndpointsEnterprise" name="test_api_endpoints[internal-False-post-http-mender-auditlogs:8080-/api/internal/v1/auditlogs/tenants/{tenant_id}/logs]" file="test_api_endpoints.py" line="207" time="0.003" /><testcase classname="test_api_endpoints.TestAPIEndpointsEnterprise" name="test_api_endpoints[management-True-get-https-hosted.mender.io-/api/management/v1/auditlogs/logs]" file="test_api_endpoints.py" line="207" time="0.006" /><testcase classname="test_api_endpoints.TestAPIEndpointsEnterprise" name="test_api_endpoints[management-True-get-https-hosted.mender.io-/api/management/v1/auditlogs/logs/export]" file="test_api_endpoints.py" line="207" time="0.006" /><testcase classname="test_api_endpoints.TestAPIEndpointsEnterprise" name="test_api_endpoints[management-True-post-https-hosted.mender.io-/api/management/v2/deployments/deployments]" file="test_api_endpoints.py" line="207" time="0.007" /><testcase classname="test_api_endpoints.TestAPIEndpointsEnterprise" name="test_api_endpoints[devices-True-post-https-hosted.mender.io-/api/devices/v2/deployments/device/deployments/next]" file="test_api_endpoints.py" line="207" time="0.006" /><testcase classname="test_api_endpoints.TestAPIEndpointsEnterprise" name="test_api_endpoints[devices-True-get-https-hosted.mender.io-/api/devices/v2/deployments/device/deployments/{id}/update_control_map]" file="test_api_endpoints.py" line="207" time="0.006" /><testcase classname="test_api_endpoints.TestAPIEndpointsEnterprise" name="test_api_endpoints[devices-True-get-https-hosted.mender.io-/api/devices/v1/deployments/device/deployments/next]" file="test_api_endpoints.py" line="207" time="0.006" /><testcase classname="test_api_endpoints.TestAPIEndpointsEnterprise" name="test_api_endpoints[devices-True-post-https-hosted.mender.io-/api/devices/v1/deployments/device/deployments/next]" file="test_api_endpoints.py" line="207" time="0.006" /><testcase classname="test_api_endpoints.TestAPIEndpointsEnterprise" name="test_api_endpoints[devices-True-put-https-hosted.mender.io-/api/devices/v1/deployments/device/deployments/{id}/status]" file="test_api_endpoints.py" line="207" time="0.006" /><testcase classname="test_api_endpoints.TestAPIEndpointsEnterprise" name="test_api_endpoints[devices-True-put-https-hosted.mender.io-/api/devices/v1/deployments/device/deployments/{id}/log]" file="test_api_endpoints.py" line="207" time="0.006" /><testcase classname="test_api_endpoints.TestAPIEndpointsEnterprise" name="test_api_endpoints[devices-False-get-https-hosted.mender.io-/api/devices/v1/deployments/download/configuration/{deployment_id}/{device_type}/{device_id}]" file="test_api_endpoints.py" line="207" time="0.007" /><testcase classname="test_api_endpoints.TestAPIEndpointsEnterprise" name="test_api_endpoints[internal-False-get-http-mender-deployments:8080-/api/internal/v1/deployments/health]" file="test_api_endpoints.py" line="207" time="0.008" /><testcase classname="test_api_endpoints.TestAPIEndpointsEnterprise" name="test_api_endpoints[internal-False-get-http-mender-deployments:8080-/api/internal/v1/deployments/alive]" file="test_api_endpoints.py" line="207" time="0.004" /><testcase classname="test_api_endpoints.TestAPIEndpointsEnterprise" name="test_api_endpoints[internal-False-get-http-mender-deployments:8080-/api/internal/v1/deployments/tenants/{id}/storage/settings]" file="test_api_endpoints.py" line="207" time="0.004" /><testcase classname="test_api_endpoints.TestAPIEndpointsEnterprise" name="test_api_endpoints[internal-False-put-http-mender-deployments:8080-/api/internal/v1/deployments/tenants/{id}/storage/settings]" file="test_api_endpoints.py" line="207" time="0.003" /><testcase classname="test_api_endpoints.TestAPIEndpointsEnterprise" name="test_api_endpoints[internal-False-get-http-mender-deployments:8080-/api/internal/v1/deployments/tenants/{id}/limits/storage]" file="test_api_endpoints.py" line="207" time="0.003" /><testcase classname="test_api_endpoints.TestAPIEndpointsEnterprise" name="test_api_endpoints[internal-False-put-http-mender-deployments:8080-/api/internal/v1/deployments/tenants/{id}/limits/storage]" file="test_api_endpoints.py" line="207" time="0.004" /><testcase classname="test_api_endpoints.TestAPIEndpointsEnterprise" name="test_api_endpoints[internal-False-post-http-mender-deployments:8080-/api/internal/v1/deployments/tenants]" file="test_api_endpoints.py" line="207" time="0.003" /><testcase classname="test_api_endpoints.TestAPIEndpointsEnterprise" name="test_api_endpoints[internal-False-get-http-mender-deployments:8080-/api/internal/v1/deployments/tenants/{id}/deployments]" file="test_api_endpoints.py" line="207" time="0.004" /><testcase classname="test_api_endpoints.TestAPIEndpointsEnterprise" name="test_api_endpoints[internal-False-delete-http-mender-deployments:8080-/api/internal/v1/deployments/tenants/{tenant_id}/deployments/devices/{id}]" file="test_api_endpoints.py" line="207" time="0.004" /><testcase classname="test_api_endpoints.TestAPIEndpointsEnterprise" name="test_api_endpoints[internal-False-post-http-mender-deployments:8080-/api/internal/v1/deployments/tenants/{id}/artifacts]" file="test_api_endpoints.py" line="207" time="0.003" /><testcase classname="test_api_endpoints.TestAPIEndpointsEnterprise" name="test_api_endpoints[internal-False-post-http-mender-deployments:8080-/api/internal/v1/deployments/tenants/{tenant_id}/configuration/deployments/{deployment_id}/devices/{device_id}]" file="test_api_endpoints.py" line="207" time="0.003" /><testcase classname="test_api_endpoints.TestAPIEndpointsEnterprise" name="test_api_endpoints[management-True-get-https-hosted.mender.io-/api/management/v1/deployments/deployments]" file="test_api_endpoints.py" line="207" time="0.006" /><testcase classname="test_api_endpoints.TestAPIEndpointsEnterprise" name="test_api_endpoints[management-True-post-https-hosted.mender.io-/api/management/v1/deployments/deployments]" file="test_api_endpoints.py" line="207" time="0.006" /><testcase classname="test_api_endpoints.TestAPIEndpointsEnterprise" name="test_api_endpoints[management-True-post-https-hosted.mender.io-/api/management/v1/deployments/deployments/statistics/list]" file="test_api_endpoints.py" line="207" time="0.006" /><testcase classname="test_api_endpoints.TestAPIEndpointsEnterprise" name="test_api_endpoints[management-True-post-https-hosted.mender.io-/api/management/v1/deployments/deployments/group/{name}]" file="test_api_endpoints.py" line="207" time="0.007" /><testcase classname="test_api_endpoints.TestAPIEndpointsEnterprise" name="test_api_endpoints[management-True-get-https-hosted.mender.io-/api/management/v1/deployments/deployments/{id}]" file="test_api_endpoints.py" line="207" time="0.006" /><testcase classname="test_api_endpoints.TestAPIEndpointsEnterprise" name="test_api_endpoints[management-True-patch-https-hosted.mender.io-/api/management/v1/deployments/deployments/{id}]" file="test_api_endpoints.py" line="207" time="0.005" /><testcase classname="test_api_endpoints.TestAPIEndpointsEnterprise" name="test_api_endpoints[management-True-put-https-hosted.mender.io-/api/management/v1/deployments/deployments/{deployment_id}/status]" file="test_api_endpoints.py" line="207" time="0.006" /><testcase classname="test_api_endpoints.TestAPIEndpointsEnterprise" name="test_api_endpoints[management-True-get-https-hosted.mender.io-/api/management/v1/deployments/deployments/{deployment_id}/statistics]" file="test_api_endpoints.py" line="207" time="0.005" /><testcase classname="test_api_endpoints.TestAPIEndpointsEnterprise" name="test_api_endpoints[management-True-get-https-hosted.mender.io-/api/management/v1/deployments/deployments/{deployment_id}/devices]" file="test_api_endpoints.py" line="207" time="0.005" /><testcase classname="test_api_endpoints.TestAPIEndpointsEnterprise" name="test_api_endpoints[management-True-get-https-hosted.mender.io-/api/management/v1/deployments/deployments/{deployment_id}/devices/list]" file="test_api_endpoints.py" line="207" time="0.005" /><testcase classname="test_api_endpoints.TestAPIEndpointsEnterprise" name="test_api_endpoints[management-True-get-https-hosted.mender.io-/api/management/v1/deployments/deployments/{id}/device_list]" file="test_api_endpoints.py" line="207" time="0.006" /><testcase classname="test_api_endpoints.TestAPIEndpointsEnterprise" name="test_api_endpoints[management-True-get-https-hosted.mender.io-/api/management/v1/deployments/deployments/{deployment_id}/devices/{device_id}/log]" file="test_api_endpoints.py" line="207" time="0.006" /><testcase classname="test_api_endpoints.TestAPIEndpointsEnterprise" name="test_api_endpoints[management-True-delete-https-hosted.mender.io-/api/management/v1/deployments/deployments/devices/{id}]" file="test_api_endpoints.py" line="207" time="0.006" /><testcase classname="test_api_endpoints.TestAPIEndpointsEnterprise" name="test_api_endpoints[management-True-get-https-hosted.mender.io-/api/management/v1/deployments/deployments/releases]" file="test_api_endpoints.py" line="207" time="0.005" /><testcase classname="test_api_endpoints.TestAPIEndpointsEnterprise" name="test_api_endpoints[management-True-get-https-hosted.mender.io-/api/management/v1/deployments/deployments/releases/list]" file="test_api_endpoints.py" line="207" time="0.005" /><testcase classname="test_api_endpoints.TestAPIEndpointsEnterprise" name="test_api_endpoints[management-True-get-https-hosted.mender.io-/api/management/v1/deployments/artifacts]" file="test_api_endpoints.py" line="207" time="0.005" /><testcase classname="test_api_endpoints.TestAPIEndpointsEnterprise" name="test_api_endpoints[management-True-post-https-hosted.mender.io-/api/management/v1/deployments/artifacts]" file="test_api_endpoints.py" line="207" time="0.005" /><testcase classname="test_api_endpoints.TestAPIEndpointsEnterprise" name="test_api_endpoints[management-True-get-https-hosted.mender.io-/api/management/v1/deployments/artifacts/list]" file="test_api_endpoints.py" line="207" time="0.005" /><testcase classname="test_api_endpoints.TestAPIEndpointsEnterprise" name="test_api_endpoints[management-True-post-https-hosted.mender.io-/api/management/v1/deployments/artifacts/generate]" file="test_api_endpoints.py" line="207" time="0.005" /><testcase classname="test_api_endpoints.TestAPIEndpointsEnterprise" name="test_api_endpoints[management-True-get-https-hosted.mender.io-/api/management/v1/deployments/artifacts/{id}]" file="test_api_endpoints.py" line="207" time="0.005" /><testcase classname="test_api_endpoints.TestAPIEndpointsEnterprise" name="test_api_endpoints[management-True-put-https-hosted.mender.io-/api/management/v1/deployments/artifacts/{id}]" file="test_api_endpoints.py" line="207" time="0.005" /><testcase classname="test_api_endpoints.TestAPIEndpointsEnterprise" name="test_api_endpoints[management-True-delete-https-hosted.mender.io-/api/management/v1/deployments/artifacts/{id}]" file="test_api_endpoints.py" line="207" time="0.005" /><testcase classname="test_api_endpoints.TestAPIEndpointsEnterprise" name="test_api_endpoints[management-True-get-https-hosted.mender.io-/api/management/v1/deployments/artifacts/{id}/download]" file="test_api_endpoints.py" line="207" time="0.005" /><testcase classname="test_api_endpoints.TestAPIEndpointsEnterprise" name="test_api_endpoints[management-True-get-https-hosted.mender.io-/api/management/v1/deployments/limits/storage]" file="test_api_endpoints.py" line="207" time="0.005" /><testcase classname="test_api_endpoints.TestAPIEndpointsEnterprise" name="test_api_endpoints[devices-False-post-https-hosted.mender.io-/api/devices/v1/authentication/auth_requests]" file="test_api_endpoints.py" line="207" time="0.006" /><testcase classname="test_api_endpoints.TestAPIEndpointsEnterprise" name="test_api_endpoints[internal-False-get-http-mender-device-auth:8080-/api/internal/v1/devauth/alive]" file="test_api_endpoints.py" line="207" time="0.003" /><testcase classname="test_api_endpoints.TestAPIEndpointsEnterprise" name="test_api_endpoints[internal-False-get-http-mender-device-auth:8080-/api/internal/v1/devauth/health]" file="test_api_endpoints.py" line="207" time="0.008" /><testcase classname="test_api_endpoints.TestAPIEndpointsEnterprise" name="test_api_endpoints[internal-True-post-http-mender-device-auth:8080-/api/internal/v1/devauth/tokens/verify]" file="test_api_endpoints.py" line="207" time="0.003" /><testcase classname="test_api_endpoints.TestAPIEndpointsEnterprise" name="test_api_endpoints[internal-False-delete-http-mender-device-auth:8080-/api/internal/v1/devauth/tokens]" file="test_api_endpoints.py" line="207" time="0.003" /><testcase classname="test_api_endpoints.TestAPIEndpointsEnterprise" name="test_api_endpoints[internal-False-get-http-mender-device-auth:8080-/api/internal/v1/devauth/tenant/{tenant_id}/limits/max_devices]" file="test_api_endpoints.py" line="207" time="0.004" /><testcase classname="test_api_endpoints.TestAPIEndpointsEnterprise" name="test_api_endpoints[internal-False-put-http-mender-device-auth:8080-/api/internal/v1/devauth/tenant/{tenant_id}/limits/max_devices]" file="test_api_endpoints.py" line="207" time="0.003" /><testcase classname="test_api_endpoints.TestAPIEndpointsEnterprise" name="test_api_endpoints[internal-False-delete-http-mender-device-auth:8080-/api/internal/v1/devauth/tenant/{tenant_id}/limits/max_devices]" file="test_api_endpoints.py" line="207" time="0.004" /><testcase classname="test_api_endpoints.TestAPIEndpointsEnterprise" name="test_api_endpoints[internal-False-post-http-mender-device-auth:8080-/api/internal/v1/devauth/tenants]" file="test_api_endpoints.py" line="207" time="0.003" /><testcase classname="test_api_endpoints.TestAPIEndpointsEnterprise" name="test_api_endpoints[internal-False-post-http-mender-device-auth:8080-/api/internal/v1/devauth/tenants/{tid}/devices/external]" file="test_api_endpoints.py" line="207" time="0.003" /><testcase classname="test_api_endpoints.TestAPIEndpointsEnterprise" name="test_api_endpoints[internal-False-put-http-mender-device-auth:8080-/api/internal/v1/devauth/tenants/{tid}/devices/{did}/external]" file="test_api_endpoints.py" line="207" time="0.003" /><testcase classname="test_api_endpoints.TestAPIEndpointsEnterprise" name="test_api_endpoints[internal-False-get-http-mender-device-auth:8080-/api/internal/v1/devauth/tenants/{tid}/devices/{did}/status]" file="test_api_endpoints.py" line="207" time="0.004" /><testcase classname="test_api_endpoints.TestAPIEndpointsEnterprise" name="test_api_endpoints[internal-False-get-http-mender-device-auth:8080-/api/internal/v1/devauth/tenants/{tid}/devices]" file="test_api_endpoints.py" line="207" time="0.004" /><testcase classname="test_api_endpoints.TestAPIEndpointsEnterprise" name="test_api_endpoints[internal-False-get-http-mender-device-auth:8080-/api/internal/v1/devauth/tenants/{tid}/devices/count]" file="test_api_endpoints.py" line="207" time="0.004" /><testcase classname="test_api_endpoints.TestAPIEndpointsEnterprise" name="test_api_endpoints[management-True-get-https-hosted.mender.io-/api/management/v2/devauth/devices]" file="test_api_endpoints.py" line="207" time="0.006" /><testcase classname="test_api_endpoints.TestAPIEndpointsEnterprise" name="test_api_endpoints[management-True-post-https-hosted.mender.io-/api/management/v2/devauth/devices]" file="test_api_endpoints.py" line="207" time="0.006" /><testcase classname="test_api_endpoints.TestAPIEndpointsEnterprise" name="test_api_endpoints[management-True-post-https-hosted.mender.io-/api/management/v2/devauth/devices/search]" file="test_api_endpoints.py" line="207" time="0.006" /><testcase classname="test_api_endpoints.TestAPIEndpointsEnterprise" name="test_api_endpoints[management-True-get-https-hosted.mender.io-/api/management/v2/devauth/devices/{id}]" file="test_api_endpoints.py" line="207" time="0.006" /><testcase classname="test_api_endpoints.TestAPIEndpointsEnterprise" name="test_api_endpoints[management-True-delete-https-hosted.mender.io-/api/management/v2/devauth/devices/{id}]" file="test_api_endpoints.py" line="207" time="0.006" /><testcase classname="test_api_endpoints.TestAPIEndpointsEnterprise" name="test_api_endpoints[management-True-delete-https-hosted.mender.io-/api/management/v2/devauth/devices/{id}/auth/{aid}]" file="test_api_endpoints.py" line="207" time="0.006" /><testcase classname="test_api_endpoints.TestAPIEndpointsEnterprise" name="test_api_endpoints[management-True-put-https-hosted.mender.io-/api/management/v2/devauth/devices/{id}/auth/{aid}/status]" file="test_api_endpoints.py" line="207" time="0.007" /><testcase classname="test_api_endpoints.TestAPIEndpointsEnterprise" name="test_api_endpoints[management-True-get-https-hosted.mender.io-/api/management/v2/devauth/devices/{id}/auth/{aid}/status]" file="test_api_endpoints.py" line="207" time="0.006" /><testcase classname="test_api_endpoints.TestAPIEndpointsEnterprise" name="test_api_endpoints[management-True-get-https-hosted.mender.io-/api/management/v2/devauth/devices/count]" file="test_api_endpoints.py" line="207" time="0.006" /><testcase classname="test_api_endpoints.TestAPIEndpointsEnterprise" name="test_api_endpoints[management-True-delete-https-hosted.mender.io-/api/management/v2/devauth/tokens/{id}]" file="test_api_endpoints.py" line="207" time="0.006" /><testcase classname="test_api_endpoints.TestAPIEndpointsEnterprise" name="test_api_endpoints[management-True-get-https-hosted.mender.io-/api/management/v2/devauth/limits/max_devices]" file="test_api_endpoints.py" line="207" time="0.007" /><testcase classname="test_api_endpoints.TestAPIEndpointsEnterprise" name="test_api_endpoints[devices-True-get-https-hosted.mender.io-api/devices/v1/deviceconfig/configuration]" file="test_api_endpoints.py" line="207" time="0.006" /><testcase classname="test_api_endpoints.TestAPIEndpointsEnterprise" name="test_api_endpoints[devices-True-put-https-hosted.mender.io-api/devices/v1/deviceconfig/configuration]" file="test_api_endpoints.py" line="207" time="0.006" /><testcase classname="test_api_endpoints.TestAPIEndpointsEnterprise" name="test_api_endpoints[internal-False-get-http-mender-deviceconfig:8080-api/internal/v1/deviceconfig/health]" file="test_api_endpoints.py" line="207" time="0.004" /><testcase classname="test_api_endpoints.TestAPIEndpointsEnterprise" name="test_api_endpoints[internal-False-get-http-mender-deviceconfig:8080-api/internal/v1/deviceconfig/alive]" file="test_api_endpoints.py" line="207" time="0.003" /><testcase classname="test_api_endpoints.TestAPIEndpointsEnterprise" name="test_api_endpoints[internal-False-post-http-mender-deviceconfig:8080-api/internal/v1/deviceconfig/tenants]" file="test_api_endpoints.py" line="207" time="0.003" /><testcase classname="test_api_endpoints.TestAPIEndpointsEnterprise" name="test_api_endpoints[internal-False-post-http-mender-deviceconfig:8080-api/internal/v1/deviceconfig/tenants/{tenantId}/devices]" file="test_api_endpoints.py" line="207" time="0.003" /><testcase classname="test_api_endpoints.TestAPIEndpointsEnterprise" name="test_api_endpoints[internal-False-delete-http-mender-deviceconfig:8080-api/internal/v1/deviceconfig/tenants/{tenantId}/devices/{deviceId}]" file="test_api_endpoints.py" line="207" time="0.004" /><testcase classname="test_api_endpoints.TestAPIEndpointsEnterprise" name="test_api_endpoints[internal-False-post-http-mender-deviceconfig:8080-api/internal/v1/deviceconfig/tenants/{tenantId}/configurations/device/{deviceId}/deploy]" file="test_api_endpoints.py" line="207" time="0.004" /><testcase classname="test_api_endpoints.TestAPIEndpointsEnterprise" name="test_api_endpoints[management-True-get-https-hosted.mender.io-api/management/v1/deviceconfig/configurations/device/{deviceId}]" file="test_api_endpoints.py" line="207" time="0.008" /><testcase classname="test_api_endpoints.TestAPIEndpointsEnterprise" name="test_api_endpoints[management-True-put-https-hosted.mender.io-api/management/v1/deviceconfig/configurations/device/{deviceId}]" file="test_api_endpoints.py" line="207" time="0.006" /><testcase classname="test_api_endpoints.TestAPIEndpointsEnterprise" name="test_api_endpoints[management-True-post-https-hosted.mender.io-api/management/v1/deviceconfig/configurations/device/{deviceId}/deploy]" file="test_api_endpoints.py" line="207" time="0.006" /><testcase classname="test_api_endpoints.TestAPIEndpointsEnterprise" name="test_api_endpoints[devices-True-get-https-hosted.mender.io-api/devices/v1/deviceconnect/connect]" file="test_api_endpoints.py" line="207" time="0.006" /><testcase classname="test_api_endpoints.TestAPIEndpointsEnterprise" name="test_api_endpoints[internal-False-get-http-mender-deviceconnect:8080-api/internal/v1/deviceconnect/health]" file="test_api_endpoints.py" line="207" time="0.004" /><testcase classname="test_api_endpoints.TestAPIEndpointsEnterprise" name="test_api_endpoints[internal-False-get-http-mender-deviceconnect:8080-api/internal/v1/deviceconnect/alive]" file="test_api_endpoints.py" line="207" time="0.003" /><testcase classname="test_api_endpoints.TestAPIEndpointsEnterprise" name="test_api_endpoints[internal-False-post-http-mender-deviceconnect:8080-api/internal/v1/deviceconnect/tenants/{tenantId}/devices]" file="test_api_endpoints.py" line="207" time="0.003" /><testcase classname="test_api_endpoints.TestAPIEndpointsEnterprise" name="test_api_endpoints[internal-False-delete-http-mender-deviceconnect:8080-api/internal/v1/deviceconnect/tenants/{tenantId}/devices/{deviceId}]" file="test_api_endpoints.py" line="207" time="0.004" /><testcase classname="test_api_endpoints.TestAPIEndpointsEnterprise" name="test_api_endpoints[internal-False-post-http-mender-deviceconnect:8080-api/internal/v1/deviceconnect/tenants/{tenantId}/devices/{deviceId}/check-update]" file="test_api_endpoints.py" line="207" time="0.004" /><testcase classname="test_api_endpoints.TestAPIEndpointsEnterprise" name="test_api_endpoints[internal-False-post-http-mender-deviceconnect:8080-api/internal/v1/deviceconnect/tenants/{tenantId}/devices/{deviceId}/send-inventory]" file="test_api_endpoints.py" line="207" time="0.004" /><testcase classname="test_api_endpoints.TestAPIEndpointsEnterprise" name="test_api_endpoints[management-True-get-https-hosted.mender.io-api/management/v1/deviceconnect/devices/{id}]" file="test_api_endpoints.py" line="207" time="0.006" /><testcase classname="test_api_endpoints.TestAPIEndpointsEnterprise" name="test_api_endpoints[management-True-post-https-hosted.mender.io-api/management/v1/deviceconnect/devices/{id}/check-update]" file="test_api_endpoints.py" line="207" time="0.006" /><testcase classname="test_api_endpoints.TestAPIEndpointsEnterprise" name="test_api_endpoints[management-True-get-https-hosted.mender.io-api/management/v1/deviceconnect/devices/{id}/connect]" file="test_api_endpoints.py" line="207" time="0.006" /><testcase classname="test_api_endpoints.TestAPIEndpointsEnterprise" name="test_api_endpoints[management-True-get-https-hosted.mender.io-api/management/v1/deviceconnect/devices/{id}/download]" file="test_api_endpoints.py" line="207" time="0.006" /><testcase classname="test_api_endpoints.TestAPIEndpointsEnterprise" name="test_api_endpoints[management-True-post-https-hosted.mender.io-api/management/v1/deviceconnect/devices/{id}/send-inventory]" file="test_api_endpoints.py" line="207" time="0.005" /><testcase classname="test_api_endpoints.TestAPIEndpointsEnterprise" name="test_api_endpoints[management-True-get-https-hosted.mender.io-api/management/v1/deviceconnect/sessions/{session_id}/playback]" file="test_api_endpoints.py" line="207" time="0.006" /><testcase classname="test_api_endpoints.TestAPIEndpointsEnterprise" name="test_api_endpoints[management-True-put-https-hosted.mender.io-api/management/v1/deviceconnect/devices/{id}/upload]" file="test_api_endpoints.py" line="207" time="0.005" /><testcase classname="test_api_endpoints.TestAPIEndpointsEnterprise" name="test_api_endpoints[devices-True-post-https-hosted.mender.io-api/devices/v1/devicemonitor/alert]" file="test_api_endpoints.py" line="207" time="0.006" /><testcase classname="test_api_endpoints.TestAPIEndpointsEnterprise" name="test_api_endpoints[devices-True-post-https-hosted.mender.io-api/devices/v1/devicemonitor/config]" file="test_api_endpoints.py" line="207" time="0.005" /><testcase classname="test_api_endpoints.TestAPIEndpointsEnterprise" name="test_api_endpoints[internal-False-get-https-hosted.mender.io-api/internal/v1/devicemonitor/tenants/{tenant_id}/devices]" file="test_api_endpoints.py" line="207" time="0.007" /><testcase classname="test_api_endpoints.TestAPIEndpointsEnterprise" name="test_api_endpoints[internal-False-get-https-hosted.mender.io-api/internal/v1/devicemonitor/tenants/{tenant_id}/devices/{device_id}/alerts/latest]" file="test_api_endpoints.py" line="207" time="0.006" /><testcase classname="test_api_endpoints.TestAPIEndpointsEnterprise" name="test_api_endpoints[management-True-get-https-hosted.mender.io-api/management/v1/devicemonitor/devices/{id}/alerts]" file="test_api_endpoints.py" line="207" time="0.006" /><testcase classname="test_api_endpoints.TestAPIEndpointsEnterprise" name="test_api_endpoints[management-True-get-https-hosted.mender.io-api/management/v1/devicemonitor/devices/{id}/alerts/latest]" file="test_api_endpoints.py" line="207" time="0.006" /><testcase classname="test_api_endpoints.TestAPIEndpointsEnterprise" name="test_api_endpoints[management-True-get-https-hosted.mender.io-api/management/v1/devicemonitor/devices/{id}/config]" file="test_api_endpoints.py" line="207" time="0.006" /><testcase classname="test_api_endpoints.TestAPIEndpointsEnterprise" name="test_api_endpoints[management-True-put-https-hosted.mender.io-api/management/v1/devicemonitor/settings/global/channel/alerts/{name}/status]" file="test_api_endpoints.py" line="207" time="0.006" /><testcase classname="test_api_endpoints.TestAPIEndpointsEnterprise" name="test_api_endpoints[management-True-get-https-hosted.mender.io-/api/management/v2/inventory/filters/attributes]" file="test_api_endpoints.py" line="207" time="0.005" /><testcase classname="test_api_endpoints.TestAPIEndpointsEnterprise" name="test_api_endpoints[management-True-post-https-hosted.mender.io-/api/management/v2/inventory/filters/search]" file="test_api_endpoints.py" line="207" time="0.006" /><testcase classname="test_api_endpoints.TestAPIEndpointsEnterprise" name="test_api_endpoints[management-True-get-https-hosted.mender.io-/api/management/v2/inventory/filters]" file="test_api_endpoints.py" line="207" time="0.005" /><testcase classname="test_api_endpoints.TestAPIEndpointsEnterprise" name="test_api_endpoints[management-True-post-https-hosted.mender.io-/api/management/v2/inventory/filters]" file="test_api_endpoints.py" line="207" time="0.005" /><testcase classname="test_api_endpoints.TestAPIEndpointsEnterprise" name="test_api_endpoints[management-True-get-https-hosted.mender.io-/api/management/v2/inventory/filters/{id}]" file="test_api_endpoints.py" line="207" time="0.005" /><testcase classname="test_api_endpoints.TestAPIEndpointsEnterprise" name="test_api_endpoints[management-True-delete-https-hosted.mender.io-/api/management/v2/inventory/filters/{id}]" file="test_api_endpoints.py" line="207" time="0.005" /><testcase classname="test_api_endpoints.TestAPIEndpointsEnterprise" name="test_api_endpoints[management-True-get-https-hosted.mender.io-/api/management/v2/inventory/filters/{id}/search]" file="test_api_endpoints.py" line="207" time="0.005" /><testcase classname="test_api_endpoints.TestAPIEndpointsEnterprise" name="test_api_endpoints[internal-False-post-http-mender-inventory:8080-/api/internal/v2/inventory/tenants/{tenant_id}/filters/search]" file="test_api_endpoints.py" line="207" time="0.003" /><testcase classname="test_api_endpoints.TestAPIEndpointsEnterprise" name="test_api_endpoints[internal-False-get-http-mender-inventory:8080-/api/internal/v2/inventory/tenants/{tenant_id}/filters/{id}]" file="test_api_endpoints.py" line="207" time="0.004" /><testcase classname="test_api_endpoints.TestAPIEndpointsEnterprise" name="test_api_endpoints[devices-True-patch-https-hosted.mender.io-/api/devices/v1/inventory/device/attributes]" file="test_api_endpoints.py" line="207" time="0.006" /><testcase classname="test_api_endpoints.TestAPIEndpointsEnterprise" name="test_api_endpoints[devices-True-put-https-hosted.mender.io-/api/devices/v1/inventory/device/attributes]" file="test_api_endpoints.py" line="207" time="0.006" /><testcase classname="test_api_endpoints.TestAPIEndpointsEnterprise" name="test_api_endpoints[internal-False-get-http-mender-inventory:8080-/api/internal/v1/inventory/health]" file="test_api_endpoints.py" line="207" time="0.004" /><testcase classname="test_api_endpoints.TestAPIEndpointsEnterprise" name="test_api_endpoints[internal-False-get-http-mender-inventory:8080-/api/internal/v1/inventory/alive]" file="test_api_endpoints.py" line="207" time="0.004" /><testcase classname="test_api_endpoints.TestAPIEndpointsEnterprise" name="test_api_endpoints[internal-False-post-http-mender-inventory:8080-/api/internal/v1/inventory/tenants]" file="test_api_endpoints.py" line="207" time="0.003" /><testcase classname="test_api_endpoints.TestAPIEndpointsEnterprise" name="test_api_endpoints[internal-False-post-http-mender-inventory:8080-/api/internal/v1/inventory/tenants/{tenant_id}/devices]" file="test_api_endpoints.py" line="207" time="0.004" /><testcase classname="test_api_endpoints.TestAPIEndpointsEnterprise" name="test_api_endpoints[internal-False-delete-http-mender-inventory:8080-/api/internal/v1/inventory/tenants/{tenant_id}/devices/{device_id}]" file="test_api_endpoints.py" line="207" time="0.004" /><testcase classname="test_api_endpoints.TestAPIEndpointsEnterprise" name="test_api_endpoints[internal-False-post-http-mender-inventory:8080-/api/internal/v1/inventory/tenants/{tenant_id}/devices/status/{status}]" file="test_api_endpoints.py" line="207" time="0.003" /><testcase classname="test_api_endpoints.TestAPIEndpointsEnterprise" name="test_api_endpoints[internal-False-patch-http-mender-inventory:8080-/api/internal/v1/inventory/tenants/{tenant_id}/device/{device_id}/attribute/scope/{scope}]" file="test_api_endpoints.py" line="207" time="0.003" /><testcase classname="test_api_endpoints.TestAPIEndpointsEnterprise" name="test_api_endpoints[internal-False-get-http-mender-inventory:8080-/api/internal/v1/inventory/tenants/{tenant_id}/devices/{device_id}/groups]" file="test_api_endpoints.py" line="207" time="0.004" /><testcase classname="test_api_endpoints.TestAPIEndpointsEnterprise" name="test_api_endpoints[internal-False-post-http-mender-inventory:8080-/api/internal/v1/inventory/tenants/{tenant_id}/test/devices/groups]" file="test_api_endpoints.py" line="207" time="0.003" /><testcase classname="test_api_endpoints.TestAPIEndpointsEnterprise" name="test_api_endpoints[internal-False-post-http-mender-inventory:8080-/api/internal/v1/inventory/tenants/{tenant_id}/devices/{device_id}/reindex]" file="test_api_endpoints.py" line="207" time="0.003" /><testcase classname="test_api_endpoints.TestAPIEndpointsEnterprise" name="test_api_endpoints[management-True-get-https-hosted.mender.io-/api/management/v1/inventory/devices]" file="test_api_endpoints.py" line="207" time="0.006" /><testcase classname="test_api_endpoints.TestAPIEndpointsEnterprise" name="test_api_endpoints[management-True-get-https-hosted.mender.io-/api/management/v1/inventory/devices/{id}]" file="test_api_endpoints.py" line="207" time="0.006" /><testcase classname="test_api_endpoints.TestAPIEndpointsEnterprise" name="test_api_endpoints[management-True-delete-https-hosted.mender.io-/api/management/v1/inventory/devices/{id}]" file="test_api_endpoints.py" line="207" time="0.005" /><testcase classname="test_api_endpoints.TestAPIEndpointsEnterprise" name="test_api_endpoints[management-True-patch-https-hosted.mender.io-/api/management/v1/inventory/devices/{id}/tags]" file="test_api_endpoints.py" line="207" time="0.005" /><testcase classname="test_api_endpoints.TestAPIEndpointsEnterprise" name="test_api_endpoints[management-True-put-https-hosted.mender.io-/api/management/v1/inventory/devices/{id}/tags]" file="test_api_endpoints.py" line="207" time="0.005" /><testcase classname="test_api_endpoints.TestAPIEndpointsEnterprise" name="test_api_endpoints[management-True-get-https-hosted.mender.io-/api/management/v1/inventory/devices/{id}/group]" file="test_api_endpoints.py" line="207" time="0.005" /><testcase classname="test_api_endpoints.TestAPIEndpointsEnterprise" name="test_api_endpoints[management-True-put-https-hosted.mender.io-/api/management/v1/inventory/devices/{id}/group]" file="test_api_endpoints.py" line="207" time="0.005" /><testcase classname="test_api_endpoints.TestAPIEndpointsEnterprise" name="test_api_endpoints[management-True-delete-https-hosted.mender.io-/api/management/v1/inventory/devices/{id}/group/{name}]" file="test_api_endpoints.py" line="207" time="0.005" /><testcase classname="test_api_endpoints.TestAPIEndpointsEnterprise" name="test_api_endpoints[management-True-get-https-hosted.mender.io-/api/management/v1/inventory/groups]" file="test_api_endpoints.py" line="207" time="0.005" /><testcase classname="test_api_endpoints.TestAPIEndpointsEnterprise" name="test_api_endpoints[management-True-delete-https-hosted.mender.io-/api/management/v1/inventory/groups/{name}]" file="test_api_endpoints.py" line="207" time="0.005" /><testcase classname="test_api_endpoints.TestAPIEndpointsEnterprise" name="test_api_endpoints[management-True-get-https-hosted.mender.io-/api/management/v1/inventory/groups/{name}/devices]" file="test_api_endpoints.py" line="207" time="0.005" /><testcase classname="test_api_endpoints.TestAPIEndpointsEnterprise" name="test_api_endpoints[management-True-patch-https-hosted.mender.io-/api/management/v1/inventory/groups/{name}/devices]" file="test_api_endpoints.py" line="207" time="0.005" /><testcase classname="test_api_endpoints.TestAPIEndpointsEnterprise" name="test_api_endpoints[management-True-delete-https-hosted.mender.io-/api/management/v1/inventory/groups/{name}/devices]" file="test_api_endpoints.py" line="207" time="0.005" /><testcase classname="test_api_endpoints.TestAPIEndpointsEnterprise" name="test_api_endpoints[internal-False-get-http-mender-iot-manager:8080-api/internal/v1/iot-manager/health]" file="test_api_endpoints.py" line="207" time="0.004" /><testcase classname="test_api_endpoints.TestAPIEndpointsEnterprise" name="test_api_endpoints[internal-False-get-http-mender-iot-manager:8080-api/internal/v1/iot-manager/alive]" file="test_api_endpoints.py" line="207" time="0.003" /><testcase classname="test_api_endpoints.TestAPIEndpointsEnterprise" name="test_api_endpoints[internal-False-post-http-mender-iot-manager:8080-api/internal/v1/iot-manager/tenants/{tenantId}/devices]" file="test_api_endpoints.py" line="207" time="0.003" /><testcase classname="test_api_endpoints.TestAPIEndpointsEnterprise" name="test_api_endpoints[internal-False-delete-http-mender-iot-manager:8080-api/internal/v1/iot-manager/tenants/{tenantId}/devices/{deviceId}]" file="test_api_endpoints.py" line="207" time="0.004" /><testcase classname="test_api_endpoints.TestAPIEndpointsEnterprise" name="test_api_endpoints[internal-False-put-http-mender-iot-manager:8080-api/internal/v1/iot-manager/tenants/{tenantId}/bulk/devices/status/{status}]" file="test_api_endpoints.py" line="207" time="0.003" /><testcase classname="test_api_endpoints.TestAPIEndpointsEnterprise" name="test_api_endpoints[management-True-get-https-hosted.mender.io-api/management/v1/iot-manager/integrations]" file="test_api_endpoints.py" line="207" time="0.006" /><testcase classname="test_api_endpoints.TestAPIEndpointsEnterprise" name="test_api_endpoints[management-True-post-https-hosted.mender.io-api/management/v1/iot-manager/integrations]" file="test_api_endpoints.py" line="207" time="0.005" /><testcase classname="test_api_endpoints.TestAPIEndpointsEnterprise" name="test_api_endpoints[management-True-delete-https-hosted.mender.io-api/management/v1/iot-manager/integrations/{id}]" file="test_api_endpoints.py" line="207" time="0.005" /><testcase classname="test_api_endpoints.TestAPIEndpointsEnterprise" name="test_api_endpoints[management-True-put-https-hosted.mender.io-api/management/v1/iot-manager/integrations/{id}/credentials]" file="test_api_endpoints.py" line="207" time="0.005" /><testcase classname="test_api_endpoints.TestAPIEndpointsEnterprise" name="test_api_endpoints[management-True-delete-https-hosted.mender.io-api/management/v1/iot-manager/devices/{deviceId}]" file="test_api_endpoints.py" line="207" time="0.005" /><testcase classname="test_api_endpoints.TestAPIEndpointsEnterprise" name="test_api_endpoints[management-True-get-https-hosted.mender.io-api/management/v1/iot-manager/devices/{deviceId}/state]" file="test_api_endpoints.py" line="207" time="0.005" /><testcase classname="test_api_endpoints.TestAPIEndpointsEnterprise" name="test_api_endpoints[management-True-put-https-hosted.mender.io-api/management/v1/iot-manager/devices/{deviceId}/state/{integrationId}]" file="test_api_endpoints.py" line="207" time="0.006" /><testcase classname="test_api_endpoints.TestAPIEndpointsEnterprise" name="test_api_endpoints[management-True-get-https-hosted.mender.io-api/management/v1/iot-manager/devices/{deviceId}/state/{integrationId}]" file="test_api_endpoints.py" line="207" time="0.006" /><testcase classname="test_api_endpoints.TestAPIEndpointsEnterprise" name="test_api_endpoints[management-False-post-https-hosted.mender.io-/api/management/v2/tenantadm/tenants]" file="test_api_endpoints.py" line="207" time="0.007" /><testcase classname="test_api_endpoints.TestAPIEndpointsEnterprise" name="test_api_endpoints[management-False-post-https-hosted.mender.io-/api/management/v2/tenantadm/tenants/trial]" file="test_api_endpoints.py" line="207" time="0.006" /><testcase classname="test_api_endpoints.TestAPIEndpointsEnterprise" name="test_api_endpoints[management-True-delete-https-hosted.mender.io-/api/management/v2/tenantadm/tenants/{id}]" file="test_api_endpoints.py" line="207" time="0.006" /><testcase classname="test_api_endpoints.TestAPIEndpointsEnterprise" name="test_api_endpoints[management-True-put-https-hosted.mender.io-/api/management/v2/tenantadm/tenants/{id}/status]" file="test_api_endpoints.py" line="207" time="0.006" /><testcase classname="test_api_endpoints.TestAPIEndpointsEnterprise" name="test_api_endpoints[management-True-post-https-hosted.mender.io-/api/management/v2/tenantadm/tenants/{id}/cancel]" file="test_api_endpoints.py" line="207" time="0.006" /><testcase classname="test_api_endpoints.TestAPIEndpointsEnterprise" name="test_api_endpoints[management-True-post-https-hosted.mender.io-/api/management/v2/tenantadm/tenants/{id}/plan]" file="test_api_endpoints.py" line="207" time="0.005" /><testcase classname="test_api_endpoints.TestAPIEndpointsEnterprise" name="test_api_endpoints[management-True-post-https-hosted.mender.io-/api/management/v2/tenantadm/tenants/{id}/upgrade/start]" file="test_api_endpoints.py" line="207" time="0.005" /><testcase classname="test_api_endpoints.TestAPIEndpointsEnterprise" name="test_api_endpoints[management-True-post-https-hosted.mender.io-/api/management/v2/tenantadm/tenants/{id}/upgrade/complete]" file="test_api_endpoints.py" line="207" time="0.006" /><testcase classname="test_api_endpoints.TestAPIEndpointsEnterprise" name="test_api_endpoints[management-True-post-https-hosted.mender.io-/api/management/v2/tenantadm/tenants/{id}/upgrade/cancel]" file="test_api_endpoints.py" line="207" time="0.006" /><testcase classname="test_api_endpoints.TestAPIEndpointsEnterprise" name="test_api_endpoints[management-True-get-https-hosted.mender.io-/api/management/v2/tenantadm/billing]" file="test_api_endpoints.py" line="207" time="0.005" /><testcase classname="test_api_endpoints.TestAPIEndpointsEnterprise" name="test_api_endpoints[management-True-post-https-hosted.mender.io-/api/management/v2/tenantadm/billing/secret]" file="test_api_endpoints.py" line="207" time="0.006" /><testcase classname="test_api_endpoints.TestAPIEndpointsEnterprise" name="test_api_endpoints[management-True-post-https-hosted.mender.io-/api/management/v2/tenantadm/billing/card]" file="test_api_endpoints.py" line="207" time="0.005" /><testcase classname="test_api_endpoints.TestAPIEndpointsEnterprise" name="test_api_endpoints[management-True-post-https-hosted.mender.io-/api/management/v2/tenantadm/billing/card/{id}/confirm]" file="test_api_endpoints.py" line="207" time="0.006" /><testcase classname="test_api_endpoints.TestAPIEndpointsEnterprise" name="test_api_endpoints[management-True-post-https-hosted.mender.io-/api/management/v2/tenantadm/contact/support]" file="test_api_endpoints.py" line="207" time="0.006" /><testcase classname="test_api_endpoints.TestAPIEndpointsEnterprise" name="test_api_endpoints[internal-False-get-http-mender-tenantadm:8080-/api/internal/v1/tenantadm/health]" file="test_api_endpoints.py" line="207" time="0.005" /><testcase classname="test_api_endpoints.TestAPIEndpointsEnterprise" name="test_api_endpoints[internal-False-get-http-mender-tenantadm:8080-/api/internal/v1/tenantadm/alive]" file="test_api_endpoints.py" line="207" time="0.003" /><testcase classname="test_api_endpoints.TestAPIEndpointsEnterprise" name="test_api_endpoints[internal-True-post-http-mender-tenantadm:8080-/api/internal/v1/tenantadm/tenants/verify]" file="test_api_endpoints.py" line="207" time="0.003" /><testcase classname="test_api_endpoints.TestAPIEndpointsEnterprise" name="test_api_endpoints[internal-False-get-http-mender-tenantadm:8080-/api/internal/v1/tenantadm/tenants]" file="test_api_endpoints.py" line="207" time="0.004" /><testcase classname="test_api_endpoints.TestAPIEndpointsEnterprise" name="test_api_endpoints[internal-False-get-http-mender-tenantadm:8080-/api/internal/v1/tenantadm/tenants/{tenant_id}]" file="test_api_endpoints.py" line="207" time="0.004" /><testcase classname="test_api_endpoints.TestAPIEndpointsEnterprise" name="test_api_endpoints[internal-False-put-http-mender-tenantadm:8080-/api/internal/v1/tenantadm/tenants/{tenant_id}]" file="test_api_endpoints.py" line="207" time="0.003" /><testcase classname="test_api_endpoints.TestAPIEndpointsEnterprise" name="test_api_endpoints[internal-False-post-http-mender-tenantadm:8080-/api/internal/v1/tenantadm/users]" file="test_api_endpoints.py" line="207" time="0.003" /><testcase classname="test_api_endpoints.TestAPIEndpointsEnterprise" name="test_api_endpoints[internal-False-get-http-mender-tenantadm:8080-/api/internal/v1/tenantadm/users]" file="test_api_endpoints.py" line="207" time="0.004" /><testcase classname="test_api_endpoints.TestAPIEndpointsEnterprise" name="test_api_endpoints[internal-False-put-http-mender-tenantadm:8080-/api/internal/v1/tenantadm/tenants/{tenant_id}/users/{user_id}]" file="test_api_endpoints.py" line="207" time="0.003" /><testcase classname="test_api_endpoints.TestAPIEndpointsEnterprise" name="test_api_endpoints[internal-False-delete-http-mender-tenantadm:8080-/api/internal/v1/tenantadm/tenants/{tenant_id}/users/{user_id}]" file="test_api_endpoints.py" line="207" time="0.004" /><testcase classname="test_api_endpoints.TestAPIEndpointsEnterprise" name="test_api_endpoints[internal-False-put-http-mender-tenantadm:8080-/api/internal/v1/tenantadm/tenants/{id}/status]" file="test_api_endpoints.py" line="207" time="0.003" /><testcase classname="test_api_endpoints.TestAPIEndpointsEnterprise" name="test_api_endpoints[management-True-get-https-hosted.mender.io-/api/management/v1/tenantadm/user/tenant]" file="test_api_endpoints.py" line="207" time="0.006" /><testcase classname="test_api_endpoints.TestAPIEndpointsEnterprise" name="test_api_endpoints[management-False-post-https-hosted.mender.io-/api/management/v1/tenantadm/tenants]" file="test_api_endpoints.py" line="207" time="0.006" /><testcase classname="test_api_endpoints.TestAPIEndpointsEnterprise" name="test_api_endpoints[management-True-get-https-hosted.mender.io-/api/management/v2/useradm/roles]" file="test_api_endpoints.py" line="207" time="0.006" /><testcase classname="test_api_endpoints.TestAPIEndpointsEnterprise" name="test_api_endpoints[management-True-post-https-hosted.mender.io-/api/management/v2/useradm/roles]" file="test_api_endpoints.py" line="207" time="0.006" /><testcase classname="test_api_endpoints.TestAPIEndpointsEnterprise" name="test_api_endpoints[management-True-get-https-hosted.mender.io-/api/management/v2/useradm/roles/{id}]" file="test_api_endpoints.py" line="207" time="0.006" /><testcase classname="test_api_endpoints.TestAPIEndpointsEnterprise" name="test_api_endpoints[management-True-put-https-hosted.mender.io-/api/management/v2/useradm/roles/{id}]" file="test_api_endpoints.py" line="207" time="0.006" /><testcase classname="test_api_endpoints.TestAPIEndpointsEnterprise" name="test_api_endpoints[management-True-delete-https-hosted.mender.io-/api/management/v2/useradm/roles/{id}]" file="test_api_endpoints.py" line="207" time="0.006" /><testcase classname="test_api_endpoints.TestAPIEndpointsEnterprise" name="test_api_endpoints[management-True-get-https-hosted.mender.io-/api/management/v2/useradm/permission_sets]" file="test_api_endpoints.py" line="207" time="0.006" /><testcase classname="test_api_endpoints.TestAPIEndpointsEnterprise" name="test_api_endpoints[management-True-post-https-hosted.mender.io-/api/management/v2/useradm/permission_sets]" file="test_api_endpoints.py" line="207" time="0.006" /><testcase classname="test_api_endpoints.TestAPIEndpointsEnterprise" name="test_api_endpoints[management-True-get-https-hosted.mender.io-/api/management/v2/useradm/permission_sets/{id}]" file="test_api_endpoints.py" line="207" time="0.006" /><testcase classname="test_api_endpoints.TestAPIEndpointsEnterprise" name="test_api_endpoints[management-True-put-https-hosted.mender.io-/api/management/v2/useradm/permission_sets/{id}]" file="test_api_endpoints.py" line="207" time="0.006" /><testcase classname="test_api_endpoints.TestAPIEndpointsEnterprise" name="test_api_endpoints[management-True-delete-https-hosted.mender.io-/api/management/v2/useradm/permission_sets/{id}]" file="test_api_endpoints.py" line="207" time="0.006" /><testcase classname="test_api_endpoints.TestAPIEndpointsEnterprise" name="test_api_endpoints[internal-False-get-http-mender-useradm:8080-/api/internal/v1/useradm/health]" file="test_api_endpoints.py" line="207" time="0.008" /><testcase classname="test_api_endpoints.TestAPIEndpointsEnterprise" name="test_api_endpoints[internal-False-get-http-mender-useradm:8080-/api/internal/v1/useradm/alive]" file="test_api_endpoints.py" line="207" time="0.004" /><testcase classname="test_api_endpoints.TestAPIEndpointsEnterprise" name="test_api_endpoints[internal-True-post-http-mender-useradm:8080-/api/internal/v1/useradm/auth/verify]" file="test_api_endpoints.py" line="207" time="0.004" /><testcase classname="test_api_endpoints.TestAPIEndpointsEnterprise" name="test_api_endpoints[internal-False-post-http-mender-useradm:8080-/api/internal/v1/useradm/tenants]" file="test_api_endpoints.py" line="207" time="0.004" /><testcase classname="test_api_endpoints.TestAPIEndpointsEnterprise" name="test_api_endpoints[internal-False-post-http-mender-useradm:8080-/api/internal/v1/useradm/tenants/{tenant_id}/users]" file="test_api_endpoints.py" line="207" time="0.003" /><testcase classname="test_api_endpoints.TestAPIEndpointsEnterprise" name="test_api_endpoints[internal-False-get-http-mender-useradm:8080-/api/internal/v1/useradm/tenants/{tenant_id}/users]" file="test_api_endpoints.py" line="207" time="0.004" /><testcase classname="test_api_endpoints.TestAPIEndpointsEnterprise" name="test_api_endpoints[internal-False-get-http-mender-useradm:8080-/api/internal/v1/useradm/tenants/{tenant_id}/devices/{device_id}/users]" file="test_api_endpoints.py" line="207" time="0.006" /><testcase classname="test_api_endpoints.TestAPIEndpointsEnterprise" name="test_api_endpoints[internal-False-delete-http-mender-useradm:8080-/api/internal/v1/useradm/tenants/{tenant_id}/users/{user_id}]" file="test_api_endpoints.py" line="207" time="0.005" /><testcase classname="test_api_endpoints.TestAPIEndpointsEnterprise" name="test_api_endpoints[internal-False-delete-http-mender-useradm:8080-/api/internal/v1/useradm/tokens]" file="test_api_endpoints.py" line="207" time="0.003" /><testcase classname="test_api_endpoints.TestAPIEndpointsEnterprise" name="test_api_endpoints[management-True-post-https-hosted.mender.io-/api/management/v1/useradm/auth/login]" file="test_api_endpoints.py" line="207" time="0.006" /><testcase classname="test_api_endpoints.TestAPIEndpointsEnterprise" name="test_api_endpoints[management-True-post-https-hosted.mender.io-/api/management/v1/useradm/auth/logout]" file="test_api_endpoints.py" line="207" time="0.007" /><testcase classname="test_api_endpoints.TestAPIEndpointsEnterprise" name="test_api_endpoints[management-False-post-https-hosted.mender.io-/api/management/v1/useradm/auth/password-reset/start]" file="test_api_endpoints.py" line="207" time="0.006" /><testcase classname="test_api_endpoints.TestAPIEndpointsEnterprise" name="test_api_endpoints[management-False-post-https-hosted.mender.io-/api/management/v1/useradm/auth/password-reset/complete]" file="test_api_endpoints.py" line="207" time="0.007" /><testcase classname="test_api_endpoints.TestAPIEndpointsEnterprise" name="test_api_endpoints[management-False-post-https-hosted.mender.io-/api/management/v1/useradm/auth/verify-email/start]" file="test_api_endpoints.py" line="207" time="0.006" /><testcase classname="test_api_endpoints.TestAPIEndpointsEnterprise" name="test_api_endpoints[management-False-post-https-hosted.mender.io-/api/management/v1/useradm/auth/verify-email/complete]" file="test_api_endpoints.py" line="207" time="0.006" /><testcase classname="test_api_endpoints.TestAPIEndpointsEnterprise" name="test_api_endpoints[management-True-post-https-hosted.mender.io-/api/management/v1/useradm/auth/plan-verify]" file="test_api_endpoints.py" line="207" time="0.006" /><testcase classname="test_api_endpoints.TestAPIEndpointsEnterprise" name="test_api_endpoints[management-False-get-https-hosted.mender.io-/api/management/v1/useradm/oauth2/{provider}]" file="test_api_endpoints.py" line="207" time="0.006" /><testcase classname="test_api_endpoints.TestAPIEndpointsEnterprise" name="test_api_endpoints[management-True-get-https-hosted.mender.io-/api/management/v1/useradm/users]" file="test_api_endpoints.py" line="207" time="0.005" /><testcase classname="test_api_endpoints.TestAPIEndpointsEnterprise" name="test_api_endpoints[management-True-post-https-hosted.mender.io-/api/management/v1/useradm/users]" file="test_api_endpoints.py" line="207" time="0.005" /><testcase classname="test_api_endpoints.TestAPIEndpointsEnterprise" name="test_api_endpoints[management-True-get-https-hosted.mender.io-/api/management/v1/useradm/users/{id}]" file="test_api_endpoints.py" line="207" time="0.005" /><testcase classname="test_api_endpoints.TestAPIEndpointsEnterprise" name="test_api_endpoints[management-True-put-https-hosted.mender.io-/api/management/v1/useradm/users/{id}]" file="test_api_endpoints.py" line="207" time="0.005" /><testcase classname="test_api_endpoints.TestAPIEndpointsEnterprise" name="test_api_endpoints[management-True-delete-https-hosted.mender.io-/api/management/v1/useradm/users/{id}]" file="test_api_endpoints.py" line="207" time="0.005" /><testcase classname="test_api_endpoints.TestAPIEndpointsEnterprise" name="test_api_endpoints[management-True-post-https-hosted.mender.io-/api/management/v1/useradm/users/{id}/2fa/enable]" file="test_api_endpoints.py" line="207" time="0.005" /><testcase classname="test_api_endpoints.TestAPIEndpointsEnterprise" name="test_api_endpoints[management-True-post-https-hosted.mender.io-/api/management/v1/useradm/users/{id}/2fa/disable]" file="test_api_endpoints.py" line="207" time="0.005" /><testcase classname="test_api_endpoints.TestAPIEndpointsEnterprise" name="test_api_endpoints[management-True-get-https-hosted.mender.io-/api/management/v1/useradm/roles]" file="test_api_endpoints.py" line="207" time="0.005" /><testcase classname="test_api_endpoints.TestAPIEndpointsEnterprise" name="test_api_endpoints[management-True-post-https-hosted.mender.io-/api/management/v1/useradm/roles]" file="test_api_endpoints.py" line="207" time="0.006" /><testcase classname="test_api_endpoints.TestAPIEndpointsEnterprise" name="test_api_endpoints[management-True-get-https-hosted.mender.io-/api/management/v1/useradm/roles/{id}]" file="test_api_endpoints.py" line="207" time="0.006" /><testcase classname="test_api_endpoints.TestAPIEndpointsEnterprise" name="test_api_endpoints[management-True-put-https-hosted.mender.io-/api/management/v1/useradm/roles/{id}]" file="test_api_endpoints.py" line="207" time="0.006" /><testcase classname="test_api_endpoints.TestAPIEndpointsEnterprise" name="test_api_endpoints[management-True-delete-https-hosted.mender.io-/api/management/v1/useradm/roles/{id}]" file="test_api_endpoints.py" line="207" time="0.005" /><testcase classname="test_api_endpoints.TestAPIEndpointsEnterprise" name="test_api_endpoints[management-True-get-https-hosted.mender.io-/api/management/v1/useradm/settings]" file="test_api_endpoints.py" line="207" time="0.005" /><testcase classname="test_api_endpoints.TestAPIEndpointsEnterprise" name="test_api_endpoints[management-True-post-https-hosted.mender.io-/api/management/v1/useradm/settings]" file="test_api_endpoints.py" line="207" time="0.006" /><testcase classname="test_api_endpoints.TestAPIEndpointsEnterprise" name="test_api_endpoints[management-True-get-https-hosted.mender.io-/api/management/v1/useradm/2faqr]" file="test_api_endpoints.py" line="207" time="0.005" /><testcase classname="test_api_endpoints.TestAPIEndpointsEnterprise" name="test_api_endpoints[management-True-put-https-hosted.mender.io-/api/management/v1/useradm/2faverify]" file="test_api_endpoints.py" line="207" time="0.005" /><testcase classname="test_api_endpoints.TestAPIEndpointsEnterprise" name="test_api_endpoints[internal-False-get-http-mender-workflows-server:8080-/status]" file="test_api_endpoints.py" line="207" time="0.003" /><testcase classname="test_api_endpoints.TestAPIEndpointsEnterprise" name="test_api_endpoints[internal-False-get-http-mender-workflows-server:8080-/health]" file="test_api_endpoints.py" line="207" time="0.003" /><testcase classname="test_api_endpoints.TestAPIEndpointsEnterprise" name="test_api_endpoints[internal-False-post-http-mender-workflows-server:8080-/api/v1/workflow/{name}]" file="test_api_endpoints.py" line="207" time="0.003" /><testcase classname="test_api_endpoints.TestAPIEndpointsEnterprise" name="test_api_endpoints[internal-False-post-http-mender-workflows-server:8080-/api/v1/workflow/{name}/batch]" file="test_api_endpoints.py" line="207" time="0.003" /><testcase classname="test_api_endpoints.TestAPIEndpointsEnterprise" name="test_api_endpoints[internal-False-get-http-mender-workflows-server:8080-/api/v1/workflow/{name}/{id}]" file="test_api_endpoints.py" line="207" time="0.004" /><testcase classname="test_api_endpoints.TestAPIEndpointsEnterprise" name="test_api_endpoints[internal-False-get-http-mender-workflows-server:8080-/api/v1/metadata/workflows]" file="test_api_endpoints.py" line="207" time="0.003" /><testcase classname="test_api_endpoints.TestAPIEndpointsEnterprise" name="test_api_endpoints[internal-False-post-http-mender-workflows-server:8080-/api/v1/metadata/workflows]" file="test_api_endpoints.py" line="207" time="0.003" /><testcase classname="test_artifact.TestUploadArtifactEnterprise" name="test_upload_artifact_depends_conflicting" file="test_artifact.py" line="218" time="1.944" /><testcase classname="test_artifact.TestUploadArtifactEnterprise" name="test_upload_artifact_selection_no_match" file="test_artifact.py" line="290" time="1.922" /><testcase classname="test_artifact.TestUploadArtifactEnterprise" name="test_upload_artifact_selection_no_match_wrong_depends" file="test_artifact.py" line="310" time="1.965" /><testcase classname="test_artifact.TestUploadArtifactEnterprise" name="test_upload_artifact_selection_match_depends" file="test_artifact.py" line="340" time="1.925" /><testcase classname="test_artifact.TestUploadArtifactEnterprise" name="test_upload_artifact_selection_already_installed" file="test_artifact.py" line="364" time="1.908" /><testcase classname="test_artifact.TestUploadArtifactEnterprise" name="test_upload_artifact_selection_match_depends_multiple_artifacts" file="test_artifact.py" line="367" time="1.954" /><testcase classname="test_artifact.TestUploadArtifactEnterprise" name="test_upload_artifact_selection_match_depends_multiple_artifacts_smallest_size" file="test_artifact.py" line="372" time="2.013" /><testcase classname="test_artifact.TestUploadArtifactEnterprise" name="test_upload_artifact_selection_match_depends_multiple_artifacts_smallest_size_wrong_depends" file="test_artifact.py" line="377" time="2.005" /><testcase classname="test_artifact.TestUploadArtifactEnterprise" name="test_upload_artifact_depends_provides_valid[os]" file="test_artifact.py" line="424" time="1.848" /><testcase classname="test_artifact.TestUploadArtifactEnterprise" name="test_upload_artifact_depends_provides_valid[professional]" file="test_artifact.py" line="424" time="1.782" /><testcase classname="test_artifact.TestUploadArtifactEnterprise" name="test_upload_artifact_depends_provides_valid[enterprise]" file="test_artifact.py" line="424" time="1.774" /><testcase classname="test_artifact.TestUploadArtifactEnterprise" name="test_artifacts_exclusive_to_user" file="test_artifact.py" line="490" time="3.666" /><testcase classname="test_artifact.TestUploadArtifactEnterprise" name="test_provides_depends_ignored_in_lower_plans[os]" file="test_artifact.py" line="561" time="2.062" /><testcase classname="test_artifact.TestUploadArtifactEnterprise" name="test_provides_depends_ignored_in_lower_plans[professional]" file="test_artifact.py" line="561" time="1.974" /><testcase classname="test_auditlogs.TestAuditLogsEnterprise" name="test_device_audit_log_events[decommission]" file="test_auditlogs.py" line="98" time="4.106" /><testcase classname="test_auditlogs.TestAuditLogsEnterprise" name="test_device_audit_log_events[reject]" file="test_auditlogs.py" line="98" time="4.772" /><testcase classname="test_auditlogs.TestAuditLogsEnterprise" name="test_deployment_create" file="test_auditlogs.py" line="132" time="3.922" /><testcase classname="test_auditlogs.TestAuditLogsEnterprise" name="test_user_create" file="test_auditlogs.py" line="154" time="4.291" /><testcase classname="test_auditlogs.TestAuditLogsEnterprise" name="test_user_delete" file="test_auditlogs.py" line="175" time="4.305" /><testcase classname="test_auditlogs.TestAuditLogsEnterprise" name="test_user_change_role" file="test_auditlogs.py" line="196" time="4.336" /><testcase classname="test_auditlogs.TestAuditLogsEnterprise" name="test_get_params" file="test_auditlogs.py" line="219" time="10.465" /><testcase classname="test_azure.TestAzureIntegrationsEnterprise" name="test_get_and_set[expected_integration0]" file="test_azure.py" line="165" time="2.355" /><testcase classname="test_azure.TestAzureIntegrationsEnterprise" name="test_get_and_set[expected_integration1]" file="test_azure.py" line="165" time="2.290" /><testcase classname="test_azure.TestAzureDeviceLifecycleEnterprise" name="test_device_accept_and_reject_or_dismiss[rejected]" file="test_azure.py" line="405" time="10.266" /><testcase classname="test_azure.TestAzureDeviceLifecycleEnterprise" name="test_device_accept_and_reject_or_dismiss[noauth]" file="test_azure.py" line="405" time="10.191" /><testcase classname="test_azure.TestAzureDeviceLifecycleEnterprise" name="test_device_provision_and_decomission" file="test_azure.py" line="459" time="16.321" /><testcase classname="test_azure.TestAzureDeviceLifecycleEnterprise" name="test_device_twin" file="test_azure.py" line="512" time="13.866" /><testcase classname="test_create_artifact.TestCreateArtifactEnterprise" name="test_create_artifact" file="test_create_artifact.py" line="101" time="2.803" /><testcase classname="test_create_org.TestCreateOrganizationEnterprise" name="test_success" file="test_create_org.py" line="42" time="5.740" /><testcase classname="test_create_org.TestCreateOrganizationEnterprise" name="test_success_with_plan" file="test_create_org.py" line="107" time="5.362" /><testcase classname="test_create_org.TestCreateOrganizationEnterprise" name="test_duplicate_organization_name" file="test_create_org.py" line="168" time="8.326" /><testcase classname="test_create_org.TestCreateOrganizationEnterprise" name="test_duplicate_email" file="test_create_org.py" line="202" time="4.514" /><testcase classname="test_create_org.TestCreateOrganizationEnterprise" name="test_plan_invalid" file="test_create_org.py" line="236" time="0.414" /><testcase classname="test_decommission.TestDeviceDecomissioningEnterprise" name="test_ok" file="test_decommission.py" line="225" time="5.837" /><testcase classname="test_deployments.TestDeploymentsEndpointEnterprise" name="test_phased_deployments_success[test_case0]" file="test_deployments.py" line="503" time="3.738" /><testcase classname="test_deployments.TestDeploymentsEndpointEnterprise" name="test_phased_deployments_success[test_case1]" file="test_deployments.py" line="503" time="3.627" /><testcase classname="test_deployments.TestDeploymentsEndpointEnterprise" name="test_phased_deployments_success[test_case2]" file="test_deployments.py" line="503" time="3.645" /><testcase classname="test_deployments.TestDeploymentsEndpointEnterprise" name="test_phased_deployments_success[test_case3]" file="test_deployments.py" line="503" time="3.657" /><testcase classname="test_deployments.TestDeploymentsEndpointEnterprise" name="test_phased_deployments_success[test_case4]" file="test_deployments.py" line="503" time="3.626" /><testcase classname="test_deployments.TestDeploymentsEndpointEnterprise" name="test_phased_deployments_success[test_case5]" file="test_deployments.py" line="503" time="3.607" /><testcase classname="test_deployments.TestDeploymentsEndpointEnterprise" name="test_phased_deployments_success[test_case6]" file="test_deployments.py" line="503" time="3.677" /><testcase classname="test_deployments.TestDeploymentsEndpointEnterprise" name="test_phased_deployments_success[test_case7]" file="test_deployments.py" line="503" time="3.624" /><testcase classname="test_deployments.TestDeploymentsEndpointEnterprise" name="test_phased_deployments_success[test_case8]" file="test_deployments.py" line="503" time="3.659" /><testcase classname="test_deployments.TestDeploymentsEndpointEnterprise" name="test_phased_deployments_success[test_case9]" file="test_deployments.py" line="503" time="3.639" /><testcase classname="test_deployments.TestDeploymentEnterprise" name="test_regular_deployment" file="test_deployments.py" line="749" time="5.618" /><testcase classname="test_deployments.TestPhasedRolloutDeploymentsEnterprise" name="test_phased_regular_deployment" file="test_deployments.py" line="861" time="19.979" /><testcase classname="test_deployments.TestPhasedRolloutDeploymentsEnterprise" name="test_delayed_deployment" file="test_deployments.py" line="875" time="33.385" /><testcase classname="test_deployments.TestPhasedRolloutDeploymentsEnterprise" name="test_two_phases_full_spec" file="test_deployments.py" line="895" time="48.770" /><testcase classname="test_deployments.TestPhasedRolloutDeploymentsEnterprise" name="test_three_phased_deployments" file="test_deployments.py" line="922" time="63.159" /><testcase classname="test_deployments.TestPhasedRolloutDeploymentsEnterprise" name="test_disallow_empty_phase" file="test_deployments.py" line="957" time="16.412" /><testcase classname="test_deployments.TestPhasedRolloutDeploymentsEnterprise" name="test_no_artifact_for_devices" file="test_deployments.py" line="1002" time="47.331" /><testcase classname="test_deployments.TestPhasedRolloutConcurrencyEnterprise" name="test_two_phases_concurrent_devices" file="test_deployments.py" line="1161" time="30.909" /><testcase classname="test_deployments.TestDeploymentsStatusUpdateEnterprise" name="test_deployment_status_update" file="test_deployments.py" line="1497" time="9.652" /><testcase classname="test_deployments.TestDeploymentsToGroupStatusUpdateEnterprise" name="test_deployment_status_update" file="test_deployments.py" line="1513" time="9.698" /><testcase classname="test_deployments.TestDynamicDeploymentsEnterprise" name="test_assignment_based_on_filters[tc0]" file="test_deployments.py" line="1686" time="6.712" /><testcase classname="test_deployments.TestDynamicDeploymentsEnterprise" name="test_assignment_based_on_filters[tc1]" file="test_deployments.py" line="1686" time="6.654" /><testcase classname="test_deployments.TestDynamicDeploymentsEnterprise" name="test_assignment_based_on_filters[tc2]" file="test_deployments.py" line="1686" time="6.668" /><testcase classname="test_deployments.TestDynamicDeploymentsEnterprise" name="test_assignment_based_on_filters[tc3]" file="test_deployments.py" line="1686" time="6.617" /><testcase classname="test_deployments.TestDynamicDeploymentsEnterprise" name="test_assignment_based_on_filters[tc4]" file="test_deployments.py" line="1686" time="6.439" /><testcase classname="test_deployments.TestDynamicDeploymentsEnterprise" name="test_assignment_based_on_filters[tc5]" file="test_deployments.py" line="1686" time="6.488" /><testcase classname="test_deployments.TestDynamicDeploymentsEnterprise" name="test_assignment_based_on_filters[tc6]" file="test_deployments.py" line="1686" time="6.613" /><testcase classname="test_deployments.TestDynamicDeploymentsEnterprise" name="test_unbounded_deployment_lifecycle" file="test_deployments.py" line="1844" time="17.415" /><testcase classname="test_deployments.TestDynamicDeploymentsEnterprise" name="test_bounded_deployment_lifecycle" file="test_deployments.py" line="1901" time="17.573" /><testcase classname="test_deployments.TestDynamicDeploymentsEnterprise" name="test_deployment_ordering" file="test_deployments.py" line="1970" time="24.375" /><testcase classname="test_deployments.TestDynamicDeploymentsEnterprise" name="test_phased_rollout[tc0]" file="test_deployments.py" line="2041" time="28.858" /><testcase classname="test_deployments.TestDynamicDeploymentsEnterprise" name="test_phased_rollout[tc1]" file="test_deployments.py" line="2041" time="23.402" /><testcase classname="test_devauth.TestPreauthEnterprise" name="test_ok" file="test_devauth.py" line="294" time="6.048" /><testcase classname="test_devauth.TestPreauthEnterprise" name="test_fail_duplicate" file="test_devauth.py" line="304" time="5.879" /><testcase classname="test_devauth.TestDeviceMgmtEnterprise" name="test_ok_get_devices" file="test_devauth.py" line="847" time="12.126" /><testcase classname="test_devauth.TestDeviceMgmtEnterprise" name="test_get_device" file="test_devauth.py" line="854" time="12.376" /><testcase classname="test_devauth.TestDeviceMgmtEnterprise" name="test_delete_device_ok" file="test_devauth.py" line="858" time="11.925" /><testcase classname="test_devauth.TestDeviceMgmtEnterprise" name="test_delete_device_not_found" file="test_devauth.py" line="864" time="12.091" /><testcase classname="test_devauth.TestDeviceMgmtEnterprise" name="test_device_count" file="test_devauth.py" line="868" time="12.095" /><testcase classname="test_devauth.TestDeviceMgmtEnterprise" name="test_limits_max_devices" file="test_devauth.py" line="875" time="12.000" /><testcase classname="test_devauth.TestAuthsetMgmtEnterprise" name="test_get_authset_status" file="test_devauth.py" line="1361" time="13.108" /><testcase classname="test_devauth.TestAuthsetMgmtEnterprise" name="test_put_status_accept" file="test_devauth.py" line="1365" time="114.546" /><testcase classname="test_devauth.TestAuthsetMgmtEnterprise" name="test_put_status_reject" file="test_devauth.py" line="1369" time="58.244" /><testcase classname="test_devauth.TestAuthsetMgmtEnterprise" name="test_put_status_failed" file="test_devauth.py" line="1373" time="12.041" /><testcase classname="test_devauth.TestAuthsetMgmtEnterprise" name="test_delete_status" file="test_devauth.py" line="1377" time="22.352" /><testcase classname="test_devauth.TestAuthsetMgmtEnterprise" name="test_delete_status_failed" file="test_devauth.py" line="1381" time="11.948" /><testcase classname="test_devauth.TestDefaultTenantTokenEnterprise" name="test_default_tenant_token" file="test_devauth.py" line="1418" time="3.104" /><testcase classname="test_devauth.TestDefaultTenantTokenEnterprise" name="test_valid_tenant_not_duplicated_for_default_tenant" file="test_devauth.py" line="1460" time="4.579" /><testcase classname="test_devauth.TestDefaultTenantTokenEnterprise" name="test_invalid_tenant_token_added_to_default_account" file="test_devauth.py" line="1520" time="4.667" /><testcase classname="test_devauth.TestAuthReqEnterprise" name="test_submit_accept" file="test_devauth.py" line="1727" time="6.388" /><testcase classname="test_devauth.TestDevAuthCliEnterprise" name="test_propagate_statuses" file="test_devauth.py" line="1779" time="7.038" /><testcase classname="test_health.TestHealthCheckEnterprise" name="test_health_check[http://mender-auditlogs:8080/api/internal/v1/auditlogs/health]" file="test_health.py" line="47" time="0.005" /><testcase classname="test_health.TestHealthCheckEnterprise" name="test_health_check[http://mender-deployments:8080/api/internal/v1/deployments/health]" file="test_health.py" line="47" time="0.008" /><testcase classname="test_health.TestHealthCheckEnterprise" name="test_health_check[http://mender-device-auth:8080/api/internal/v1/devauth/health]" file="test_health.py" line="47" time="0.008" /><testcase classname="test_health.TestHealthCheckEnterprise" name="test_health_check[http://mender-deviceconfig:8080/api/internal/v1/deviceconfig/health]" file="test_health.py" line="47" time="0.003" /><testcase classname="test_health.TestHealthCheckEnterprise" name="test_health_check[http://mender-deviceconnect:8080/api/internal/v1/deviceconnect/health]" file="test_health.py" line="47" time="0.003" /><testcase classname="test_health.TestHealthCheckEnterprise" name="test_health_check[http://mender-devicemonitor:8080/api/internal/v1/devicemonitor/health]" file="test_health.py" line="47" time="0.004" /><testcase classname="test_health.TestHealthCheckEnterprise" name="test_health_check[http://mender-inventory:8080/api/internal/v1/inventory/health]" file="test_health.py" line="47" time="0.003" /><testcase classname="test_health.TestHealthCheckEnterprise" name="test_health_check[http://mender-iot-manager:8080/api/internal/v1/iot-manager/health]" file="test_health.py" line="47" time="0.003" /><testcase classname="test_health.TestHealthCheckEnterprise" name="test_health_check[http://mender-tenantadm:8080/api/internal/v1/tenantadm/health]" file="test_health.py" line="47" time="0.004" /><testcase classname="test_health.TestHealthCheckEnterprise" name="test_health_check[http://mender-useradm:8080/api/internal/v1/useradm/health]" file="test_health.py" line="47" time="0.006" /><testcase classname="test_health.TestHealthCheckEnterprise" name="test_health_check[http://mender-workflows-server:8080/api/v1/health]" file="test_health.py" line="47" time="0.003" /><testcase classname="test_inventory.TestGetDevicesEnterprise" name="test_get_devices_ok" file="test_inventory.py" line="174" time="19.456" /><testcase classname="test_inventory.TestGetDevicesEnterprise" name="test_filter_devices_ok" file="test_inventory.py" line="178" time="20.401" /><testcase classname="test_inventory.TestDeviceFilteringEnterprise" name="test_search_v2" file="test_inventory.py" line="395" time="7.562" /><testcase classname="test_inventory.TestDeviceFilteringEnterprise" name="test_search_v2_internal" file="test_inventory.py" line="617" time="7.607" /><testcase classname="test_inventory.TestDeviceFilteringEnterprise" name="test_saved_filters" file="test_inventory.py" line="865" time="7.786" /><testcase classname="test_inventory.TestDeviceFilteringEnterprise" name="test_saved_filters_dynamic[test_case0]" file="test_inventory.py" line="1122" time="11.162" /><testcase classname="test_inventory.TestDeviceFilteringEnterprise" name="test_saved_filters_dynamic[test_case1]" file="test_inventory.py" line="1122" time="11.284" /><testcase classname="test_inventory.TestDeviceFilteringEnterprise" name="test_saved_filters_dynamic[test_case2]" file="test_inventory.py" line="1122" time="11.924" /><testcase classname="test_inventory.TestDeviceFilteringEnterprise" name="test_saved_filters_dynamic[test_case3]" file="test_inventory.py" line="1122" time="11.991" /><testcase classname="test_monitoring.TestMonitoringAlertsEnterprise" name="test_alerting_email[CRITICAL alert]" file="test_monitoring.py" line="169" time="35.965" /><testcase classname="test_monitoring.TestMonitoringAlertsEnterprise" name="test_alerting_email[CRITICAL and OK alerts]" file="test_monitoring.py" line="169" time="35.918" /><testcase classname="test_password_reset.TestPasswordResetEnterprise" name="test_password_reset" file="test_password_reset.py" line="34" time="33.101" /><testcase classname="test_password_reset.TestPasswordResetEnterprise" name="test_password_reset_non_existent_email" file="test_password_reset.py" line="75" time="0.109" /><testcase classname="test_password_reset.TestPasswordResetEnterprise" name="test_password_reset_empty_email" file="test_password_reset.py" line="82" time="0.012" /><testcase classname="test_password_reset.TestPasswordResetEnterprise" name="test_password_reset_invalid_body" file="test_password_reset.py" line="86" time="0.011" /><testcase classname="test_password_reset.TestPasswordResetEnterprise" name="test_password_reset_complete_invalid_secret" file="test_password_reset.py" line="92" time="0.011" /><testcase classname="test_password_reset.TestPasswordResetEnterprise" name="test_password_reset_complete_invalid_body" file="test_password_reset.py" line="99" time="0.011" /><testcase classname="test_rbac.TestRBACDeploymentsEnterprise" name="test_deploy_to_devices[test_case0]" file="test_rbac.py" line="125" time="6.991" /><testcase classname="test_rbac.TestRBACDeploymentsEnterprise" name="test_deploy_to_devices[test_case1]" file="test_rbac.py" line="125" time="12.996" /><testcase classname="test_rbac.TestRBACDeploymentsToGroupEnterprise" name="test_deploy_to_group[test_case0]" file="test_rbac.py" line="209" time="7.347" /><testcase classname="test_rbac.TestRBACDeploymentsToGroupEnterprise" name="test_deploy_to_group[test_case1]" file="test_rbac.py" line="209" time="12.851" /><testcase classname="test_rbac.TestRBACDeploymentsToGroupEnterprise" name="test_set_and_deploy_configuration[test_case0]" file="test_rbac.py" line="281" time="6.681" /><testcase classname="test_rbac.TestRBACDeploymentsToGroupEnterprise" name="test_set_and_deploy_configuration[test_case1]" file="test_rbac.py" line="281" time="6.687" /><testcase classname="test_rbac.TestRBACDeploymentsToGroupEnterprise" name="test_get_configuration[test_case0]" file="test_rbac.py" line="357" time="6.731" /><testcase classname="test_rbac.TestRBACDeploymentsToGroupEnterprise" name="test_get_configuration[test_case1]" file="test_rbac.py" line="357" time="6.739" /><testcase classname="test_rbac.TestRBACGetEmailsByGroupEnterprise" name="test_get_emails_by_group[test_case0]" file="test_rbac.py" line="433" time="7.118" /><testcase classname="test_rbac_v2.TestRBACv2DeploymentsEnterprise" name="test_deploy_to_devices[test_case0]" file="test_rbac_v2.py" line="67" time="6.951" /><testcase classname="test_rbac_v2.TestRBACv2DeploymentsEnterprise" name="test_deploy_to_devices[test_case1]" file="test_rbac_v2.py" line="67" time="6.643" /><testcase classname="test_rbac_v2.TestRBACv2DeploymentsEnterprise" name="test_deploy_to_devices[test_case2]" file="test_rbac_v2.py" line="67" time="12.703" /><testcase classname="test_rbac_v2.TestRBACv2DeploymentsToGroupEnterprise" name="test_deploy_to_group[test_case0]" file="test_rbac_v2.py" line="197" time="7.197" /><testcase classname="test_rbac_v2.TestRBACv2DeploymentsToGroupEnterprise" name="test_deploy_to_group[test_case1]" file="test_rbac_v2.py" line="197" time="12.714" /><testcase classname="test_rbac_v2.TestRBACv2DeploymentsToGroupEnterprise" name="test_set_and_deploy_configuration[test_case0]" file="test_rbac_v2.py" line="293" time="6.618" /><testcase classname="test_rbac_v2.TestRBACv2DeploymentsToGroupEnterprise" name="test_set_and_deploy_configuration[test_case1]" file="test_rbac_v2.py" line="293" time="6.672" /><testcase classname="test_rbac_v2.TestRBACv2DeploymentsToGroupEnterprise" name="test_get_configuration[test_case0]" file="test_rbac_v2.py" line="394" time="6.640" /><testcase classname="test_rbac_v2.TestRBACv2DeploymentsToGroupEnterprise" name="test_get_configuration[test_case1]" file="test_rbac_v2.py" line="394" time="6.641" /><testcase classname="test_rbac_v2.TestRBACv2DeploymentsToGroupEnterprise" name="test_access_to_devices[test_case0]" file="test_rbac_v2.py" line="489" time="7.522" /><testcase classname="test_rbac_v2.TestRBACv2DeploymentsToGroupEnterprise" name="test_access_to_devices[test_case1]" file="test_rbac_v2.py" line="489" time="7.548" /><testcase classname="test_rbac_v2.TestRBACv2DeploymentsToGroupEnterprise" name="test_access_to_devices[test_case2]" file="test_rbac_v2.py" line="489" time="7.541" /><testcase classname="test_rbac_v2.TestRBACv2DeploymentsToGroupEnterprise" name="test_access_to_devices[test_case3]" file="test_rbac_v2.py" line="489" time="7.552" /><testcase classname="test_rbac_v2.TestRBACv2DeploymentsToGroupEnterprise" name="test_access_to_devices[test_case4]" file="test_rbac_v2.py" line="489" time="7.502" /><testcase classname="test_rbac_v2.TestRBACGetEmailsByGroupEnterprise" name="test_get_emails_by_group[test_case0]" file="test_rbac_v2.py" line="744" time="7.096" /><testcase classname="test_reporting.TestReportingSearchEnterprise" name="test_reporting_search[test_case0]" file="test_reporting.py" line="250" time="0.000"><skipped type="pytest.skip" message="reporting is not part of the release">/tests/test_reporting.py:251: reporting is not part of the release</skipped></testcase><testcase classname="test_reporting.TestReportingSearchEnterprise" name="test_reporting_search[test_case1]" file="test_reporting.py" line="250" time="0.000"><skipped type="pytest.skip" message="reporting is not part of the release">/tests/test_reporting.py:251: reporting is not part of the release</skipped></testcase><testcase classname="test_reporting.TestReportingSearchEnterprise" name="test_reporting_search[test_case2]" file="test_reporting.py" line="250" time="0.000"><skipped type="pytest.skip" message="reporting is not part of the release">/tests/test_reporting.py:251: reporting is not part of the release</skipped></testcase><testcase classname="test_reporting.TestReportingSearchEnterprise" name="test_reporting_search[test_case3]" file="test_reporting.py" line="250" time="0.000"><skipped type="pytest.skip" message="reporting is not part of the release">/tests/test_reporting.py:251: reporting is not part of the release</skipped></testcase><testcase classname="test_reporting.TestReportingSearchEnterprise" name="test_reporting_search[test_case4]" file="test_reporting.py" line="250" time="0.000"><skipped type="pytest.skip" message="reporting is not part of the release">/tests/test_reporting.py:251: reporting is not part of the release</skipped></testcase><testcase classname="test_reporting.TestReportingSearchEnterprise" name="test_reporting_search[test_case5]" file="test_reporting.py" line="250" time="0.000"><skipped type="pytest.skip" message="reporting is not part of the release">/tests/test_reporting.py:251: reporting is not part of the release</skipped></testcase><testcase classname="test_reporting.TestReportingSearchEnterprise" name="test_reporting_search[test_case6]" file="test_reporting.py" line="250" time="0.000"><skipped type="pytest.skip" message="reporting is not part of the release">/tests/test_reporting.py:251: reporting is not part of the release</skipped></testcase><testcase classname="test_reporting.TestReportingSearchEnterprise" name="test_reporting_search_internal[test_case0]" file="test_reporting.py" line="476" time="0.000"><skipped type="pytest.skip" message="reporting is not part of the release">/tests/test_reporting.py:477: reporting is not part of the release</skipped></testcase><testcase classname="test_reporting.TestReportingSearchEnterprise" name="test_reporting_search_internal[test_case1]" file="test_reporting.py" line="476" time="0.000"><skipped type="pytest.skip" message="reporting is not part of the release">/tests/test_reporting.py:477: reporting is not part of the release</skipped></testcase><testcase classname="test_reporting.TestReportingSearchEnterprise" name="test_reporting_search_internal[test_case2]" file="test_reporting.py" line="476" time="0.000"><skipped type="pytest.skip" message="reporting is not part of the release">/tests/test_reporting.py:477: reporting is not part of the release</skipped></testcase><testcase classname="test_reporting.TestReportingSearchEnterprise" name="test_reporting_search_internal[test_case3]" file="test_reporting.py" line="476" time="0.000"><skipped type="pytest.skip" message="reporting is not part of the release">/tests/test_reporting.py:477: reporting is not part of the release</skipped></testcase><testcase classname="test_reporting.TestReportingSearchEnterprise" name="test_reporting_search_internal[test_case4]" file="test_reporting.py" line="476" time="0.000"><skipped type="pytest.skip" message="reporting is not part of the release">/tests/test_reporting.py:477: reporting is not part of the release</skipped></testcase><testcase classname="test_reporting.TestReportingSearchEnterprise" name="test_reporting_search_internal[test_case5]" file="test_reporting.py" line="476" time="0.000"><skipped type="pytest.skip" message="reporting is not part of the release">/tests/test_reporting.py:477: reporting is not part of the release</skipped></testcase><testcase classname="test_reporting.TestReportingSearchEnterprise" name="test_reporting_search_internal[test_case6]" file="test_reporting.py" line="476" time="0.000"><skipped type="pytest.skip" message="reporting is not part of the release">/tests/test_reporting.py:477: reporting is not part of the release</skipped></testcase><testcase classname="test_reporting.TestReportingSearchEnterprise" name="test_reporting_search_internal[test_case7]" file="test_reporting.py" line="476" time="0.000"><skipped type="pytest.skip" message="reporting is not part of the release">/tests/test_reporting.py:477: reporting is not part of the release</skipped></testcase><testcase classname="test_tenantadm.TestCreateOrganizationCLIEnterprise" name="test_success" file="test_tenantadm.py" line="42" time="1.860" /><testcase classname="test_tenantadm.TestCreateOrganizationCLIEnterprise" name="test_duplicate_username" file="test_tenantadm.py" line="74" time="1.891" /><testcase classname="test_tenantadm.TestCreateOrganizationCLIEnterprise" name="test_duplicate_organization" file="test_tenantadm.py" line="116" time="3.185" /><testcase classname="test_tenantadm_support.TestContactSupportEnterprise" name="test_contact_support_bad_request" file="test_tenantadm_support.py" line="36" time="1.678" /><testcase classname="test_tenantadm_support.TestContactSupportEnterprise" name="test_contact_support" file="test_tenantadm_support.py" line="53" time="32.778" /><testcase classname="test_tenantadm_v2.TestCreateOrganizationV2EnterpriseNew" name="test_ok_non_sca_cards[pm_card_visa]" file="test_tenantadm_v2.py" line="48" time="5.666" /><testcase classname="test_tenantadm_v2.TestCreateOrganizationV2EnterpriseNew" name="test_ok_non_sca_cards[pm_card_visa_debit]" file="test_tenantadm_v2.py" line="48" time="5.321" /><testcase classname="test_tenantadm_v2.TestCreateOrganizationV2EnterpriseNew" name="test_ok_non_sca_cards[pm_card_mastercard]" file="test_tenantadm_v2.py" line="48" time="5.587" /><testcase classname="test_tenantadm_v2.TestCreateOrganizationV2EnterpriseNew" name="test_ok_non_sca_cards[pm_card_mastercard_debit]" file="test_tenantadm_v2.py" line="48" time="5.201" /><testcase classname="test_tenantadm_v2.TestCreateOrganizationV2EnterpriseNew" name="test_ok_non_sca_cards[pm_card_mastercard_prepaid]" file="test_tenantadm_v2.py" line="48" time="5.277" /><testcase classname="test_tenantadm_v2.TestCreateOrganizationV2EnterpriseNew" name="test_ok_non_sca_cards[pm_card_amex]" file="test_tenantadm_v2.py" line="48" time="5.033" /><testcase classname="test_tenantadm_v2.TestCreateOrganizationV2EnterpriseNew" name="test_ok_non_sca_cards[pm_card_br]" file="test_tenantadm_v2.py" line="48" time="5.354" /><testcase classname="test_tenantadm_v2.TestCreateOrganizationV2EnterpriseNew" name="test_ok_non_sca_cards[pm_card_ca]" file="test_tenantadm_v2.py" line="48" time="5.167" /><testcase classname="test_tenantadm_v2.TestCreateOrganizationV2EnterpriseNew" name="test_ok_non_sca_cards[pm_card_mx]" file="test_tenantadm_v2.py" line="48" time="5.040" /><testcase classname="test_tenantadm_v2.TestCreateOrganizationV2EnterpriseNew" name="test_ok_sca_cards[pm_card_authenticationRequiredOnSetup]" file="test_tenantadm_v2.py" line="127" time="2.341" /><testcase classname="test_tenantadm_v2.TestCreateOrganizationV2EnterpriseNew" name="test_ok_sca_cards[pm_card_authenticationRequired]" file="test_tenantadm_v2.py" line="127" time="2.188" /><testcase classname="test_tenantadm_v2.TestCreateOrganizationV2EnterpriseNew" name="test_ok_sca_cards[pm_card_threeDSecure2Required]" file="test_tenantadm_v2.py" line="127" time="2.206" /><testcase classname="test_tenantadm_v2.TestCreateOrganizationV2EnterpriseExisting" name="test_ok" file="test_tenantadm_v2.py" line="204" time="8.378" /><testcase classname="test_useradm_enterprise.Test2FAEnterprise" name="test_enable_disable" file="test_useradm_enterprise.py" line="124" time="37.335" /><testcase classname="test_verify_email.TestVerifyEmailEnterprise" name="test_verify_email" file="test_verify_email.py" line="30" time="32.984" /><testcase classname="test_verify_email.TestVerifyEmailEnterprise" name="test_verify_email_non_existent_email" file="test_verify_email.py" line="85" time="0.108" /><testcase classname="test_verify_email.TestVerifyEmailEnterprise" name="test_verify_email_empty_email" file="test_verify_email.py" line="92" time="0.013" /><testcase classname="test_verify_email.TestVerifyEmailEnterprise" name="test_verify_email_invalid_body" file="test_verify_email.py" line="96" time="0.013" /><testcase classname="test_verify_email.TestVerifyEmailEnterprise" name="test_verify_email_complete_invalid_secret" file="test_verify_email.py" line="102" time="0.013" /><testcase classname="test_verify_email.TestVerifyEmailEnterprise" name="test_verify_email_complete_invalid_body" file="test_verify_email.py" line="108" time="0.013" /><testcase classname="test_workflows.TestWorkflowMinVersionEnterprise" name="test_workflow_min_version" file="test_workflows.py" line="57" time="0.064" /></testsuite></testsuites>